[1] "en_US.UTF-8/en_US.UTF-8/en_US.UTF-8/C/en_US.UTF-8/en_GB.UTF-8"
* installing *source* package ‘CNSimGenome2’ ...
** using staged installation
** R
** inst
** byte-compile and prepare package for lazy loading
[1] "en_US.UTF-8/en_US.UTF-8/en_US.UTF-8/C/en_US.UTF-8/en_GB.UTF-8"
Warning messages:
1: package ‘BiocGenerics’ was built under R version 4.0.5 
2: package ‘GenomeInfoDb’ was built under R version 4.0.5 
** help
*** installing help indices
** building package indices
[1] "en_US.UTF-8/en_US.UTF-8/en_US.UTF-8/C/en_US.UTF-8/en_GB.UTF-8"
** testing if installed package can be loaded from temporary location
[1] "en_US.UTF-8/en_US.UTF-8/en_US.UTF-8/C/en_US.UTF-8/en_GB.UTF-8"
Warning: package ‘BiocGenerics’ was built under R version 4.0.5
Warning: package ‘GenomeInfoDb’ was built under R version 4.0.5
Warning: previous export '‘CNSimGenome2’' is being replaced
** testing if installed package can be loaded from final location
[1] "en_US.UTF-8/en_US.UTF-8/en_US.UTF-8/C/en_US.UTF-8/en_GB.UTF-8"
Warning: package ‘BiocGenerics’ was built under R version 4.0.5
Warning: package ‘GenomeInfoDb’ was built under R version 4.0.5
Warning: previous export '‘CNSimGenome2’' is being replaced
** testing if installed package keeps a record of temporary installation path
* DONE (CNSimGenome2)
