Building DAG of jobs...
Using shell: /usr/bin/bash
Provided cores: 1 (use --cores to define parallelism)
Rules claiming more threads will be scaled down.
Select jobs to execute...

[Fri Oct 29 11:49:16 2021]
rule segment:
    input: output/output_genome2/alignments/aligned_sim_transloc_readsa161a6c7-2fbd-4901-a163-9c3455d1ee59_nreads12000_sizedels200.bam
    output: output/output_genome2/plots_segmented/plotCN_a161a6c7-2fbd-4901-a163-9c3455d1ee59_nreads12000_sizedels200_ACE08cellularity.pdf
    jobid: 0
    wildcards: genome=genome2, name=a161a6c7-2fbd-4901-a163-9c3455d1ee59, nreads=12000, size_deletion=200
    resources: mem_mb=1000, disk_mb=1000, tmpdir=/tmp

mkdir -p output/output_genome2/plots_segmented/; Rscript 4_segment.R --name a161a6c7-2fbd-4901-a163-9c3455d1ee59 --genome genome2 --size_deletion 200 --nreads 12000
Loading required package: BiocGenerics
Loading required package: parallel

Attaching package: ‘BiocGenerics’

The following objects are masked from ‘package:parallel’:

    clusterApply, clusterApplyLB, clusterCall, clusterEvalQ,
    clusterExport, clusterMap, parApply, parCapply, parLapply,
    parLapplyLB, parRapply, parSapply, parSapplyLB

The following objects are masked from ‘package:stats’:

    IQR, mad, sd, var, xtabs

The following objects are masked from ‘package:base’:

    anyDuplicated, append, as.data.frame, basename, cbind, colnames,
    dirname, do.call, duplicated, eval, evalq, Filter, Find, get, grep,
    grepl, intersect, is.unsorted, lapply, Map, mapply, match, mget,
    order, paste, pmax, pmax.int, pmin, pmin.int, Position, rank,
    rbind, Reduce, rownames, sapply, setdiff, sort, table, tapply,
    union, unique, unsplit, which.max, which.min

Welcome to Bioconductor

    Vignettes contain introductory material; view with
    'browseVignettes()'. To cite Bioconductor, see
    'citation("Biobase")', and for packages 'citation("pkgname")'.

    aligned_sim_transloc_readsa161a6c7-2fbd-4901-a163-9c3455d1ee59_nreads12000_sizedels200 (1 of 1): extracting reads ... binning ...
            aligned_sim_transloc_readsa161a6c7-2fbd-4901-a163-9c3455d1ee59_nreads12000_sizedels200
1:1-200                                                                                        102
1:201-400                                                                                       46
1:401-600                                                                                       57
1:601-800                                                                                       57
1:801-1000                                                                                      75
1:1001-1200                                                                                     62
1:1201-1400                                                                                     56
1:1401-1600                                                                                     59
1:1601-1800                                                                                     51
1:1801-2000                                                                                     62
1:2001-2200                                                                                     61
1:2201-2400                                                                                     75
1:2401-2600                                                                                     68
1:2601-2800                                                                                     59
1:2801-3000                                                                                     53
1:3001-3200                                                                                     56
1:3201-3400                                                                                     53
1:3401-3600                                                                                     62
1:3601-3800                                                                                     56
1:3801-4000                                                                                     59
1:4001-4200                                                                                     67
1:4201-4400                                                                                     60
1:4401-4600                                                                                     60
1:4601-4800                                                                                     54
1:4801-5000                                                                                     54
1:5001-5200                                                                                     58
1:5201-5400                                                                                     55
1:5401-5600                                                                                     59
1:5601-5800                                                                                     67
1:5801-6000                                                                                     75
1:6001-6200                                                                                     55
1:6201-6400                                                                                     64
1:6401-6600                                                                                     64
1:6601-6800                                                                                     77
1:6801-7000                                                                                     51
2:1-200                                                                                         96
2:201-400                                                                                       67
2:401-600                                                                                       64
2:601-800                                                                                       58
2:801-1000                                                                                      63
2:1001-1200                                                                                     59
2:1201-1400                                                                                     66
2:1401-1600                                                                                     69
2:1601-1800                                                                                     52
2:1801-2000                                                                                     69
2:2001-2200                                                                                     64
2:2201-2400                                                                                     51
2:2401-2600                                                                                     63
2:2601-2800                                                                                     57
2:2801-3000                                                                                     54
2:3001-3200                                                                                     75
2:3201-3400                                                                                     58
2:3401-3600                                                                                     53
2:3601-3800                                                                                     53
2:3801-4000                                                                                     65
2:4001-4200                                                                                     63
2:4201-4400                                                                                     50
2:4401-4600                                                                                     66
2:4601-4800                                                                                     60
2:4801-5000                                                                                     68
2:5001-5200                                                                                     59
2:5201-5400                                                                                     55
2:5401-5600                                                                                     58
2:5601-5800                                                                                     52
2:5801-6000                                                                                     42
3:1-200                                                                                         83
3:201-400                                                                                       49
3:401-600                                                                                       59
3:601-800                                                                                       60
3:801-1000                                                                                      52
3:1001-1200                                                                                     57
3:1201-1400                                                                                     63
3:1401-1600                                                                                     70
3:1601-1800                                                                                     63
3:1801-2000                                                                                     70
3:2001-2200                                                                                     57
3:2201-2400                                                                                     61
3:2401-2600                                                                                     60
3:2601-2800                                                                                     55
3:2801-3000                                                                                     68
3:3001-3200                                                                                     59
3:3201-3400                                                                                     56
3:3401-3600                                                                                     54
3:3601-3800                                                                                     71
3:3801-4000                                                                                     66
3:4001-4200                                                                                     50
3:4201-4400                                                                                     65
3:4401-4500                                                                                     24
4:1-200                                                                                         82
4:201-400                                                                                       62
4:401-600                                                                                       71
4:601-800                                                                                       49
4:801-1000                                                                                      74
4:1001-1200                                                                                     57
4:1201-1400                                                                                     72
4:1401-1600                                                                                     49
4:1601-1800                                                                                     66
4:1801-2000                                                                                     47
[1] 5979
Calculating correction for GC content and mappability
    Calculating fit for sample aligned_sim_transloc_readsa161a6c7-2fbd-4901-a163-9c3455d1ee59_nreads12000_sizedels200 (1 of 1) ...
Done.
Applying median normalization ...
Smoothing outliers ...
Performing segmentation:
NA
[1] "chromosome" "start"      "end"        "bases"      "gc"        
[6] "6"          "7"         
[1] "chromosome"  "start"       "end"         "bases"       "gc"         
[6] "mappability" "use"        
[1] "chromosome"  "start"       "end"         "bases"       "gc"         
[6] "mappability" "use"        
[1] "chromosome"  "start"       "end"         "bases"       "gc"         
[6] "mappability" "use"        
EM algorithm started ... 

[1] "Total number of segments present in the data: 4"
[1] "Number of segments used for fitting the model: 4"
40974076926264218.952.9817098014786712436.4112.981709809194169436.470.2
Calling iteration1:

optim results
time: 0
minimum: 47.0462674511023
147.0461940499103-0.79646931693509-0.285858598192111-0.0004792409762259320.2879053386660350.4921774272899520.9846753160142410.03367706091653671.81628389410985e-050.01118034882767953.56274790380317e-050.01117505604344180.0677459842473087
EM algorithm done ...

Computing posterior probabilities for all segments ...

Total time:0minutes

Adjusting segmented data for cellularity ... 

Cellularity sample1: 1

Adjusting normalized data for cellularity ... 

Cellularity sample1: 1

1
41015176935348219.153817098014786712436.4112.981709809194169436.470.2
41015366935849219.153817098014786712436.4112.981709809194169436.470.2
41015336935843219.153817098014786712436.4112.981709809194169436.470.2
41015616936631219.153817098014786712436.4112.981709809194169436.470.2
41019886937586219.153817098014786712436.4112.981709809194169436.470.2
41019976937590219.153817098014786712436.4112.981709809194169436.470.2
41020066937594219.153817098014786712436.4112.981709809194169436.470.2
41020156937598219.153817098014786712436.4112.981709809194169436.470.2
41020246937602219.153817098014786712436.4112.981709809194169436.470.2
41020306937605219.153817098014786712436.4112.981709809194169436.470.2
41020496937837219.153817098014786712436.4112.981709809194169436.470.2
41024656938160219.153817098014786712436.4112.981709809194169436.470.2
FINISHED!

Total time:0minutes

There were 16 warnings (use warnings() to see them)
pdf 
  2 
[1] 1
            aligned_sim_transloc_readsa161a6c7-2fbd-4901-a163-9c3455d1ee59_nreads12000_sizedels200
1:1-200                                                                                        102
1:201-400                                                                                       46
1:401-600                                                                                       57
1:601-800                                                                                       57
1:801-1000                                                                                      75
1:1001-1200                                                                                     62
1:1201-1400                                                                                     56
1:1401-1600                                                                                     59
1:1601-1800                                                                                     51
1:1801-2000                                                                                     62
1:2001-2200                                                                                     61
1:2201-2400                                                                                     75
1:2401-2600                                                                                     68
1:2601-2800                                                                                     59
1:2801-3000                                                                                     53
1:3001-3200                                                                                     56
1:3201-3400                                                                                     53
1:3401-3600                                                                                     62
1:3601-3800                                                                                     56
1:3801-4000                                                                                     59
1:4001-4200                                                                                     67
1:4201-4400                                                                                     60
1:4401-4600                                                                                     60
1:4601-4800                                                                                     54
1:4801-5000                                                                                     54
1:5001-5200                                                                                     58
1:5201-5400                                                                                     55
1:5401-5600                                                                                     59
1:5601-5800                                                                                     67
1:5801-6000                                                                                     75
1:6001-6200                                                                                     55
1:6201-6400                                                                                     64
1:6401-6600                                                                                     64
1:6601-6800                                                                                     77
1:6801-7000                                                                                     51
2:1-200                                                                                         96
2:201-400                                                                                       67
2:401-600                                                                                       64
2:601-800                                                                                       58
2:801-1000                                                                                      63
2:1001-1200                                                                                     59
2:1201-1400                                                                                     66
2:1401-1600                                                                                     69
2:1601-1800                                                                                     52
2:1801-2000                                                                                     69
2:2001-2200                                                                                     64
2:2201-2400                                                                                     51
2:2401-2600                                                                                     63
2:2601-2800                                                                                     57
2:2801-3000                                                                                     54
2:3001-3200                                                                                     75
2:3201-3400                                                                                     58
2:3401-3600                                                                                     53
2:3601-3800                                                                                     53
2:3801-4000                                                                                     65
2:4001-4200                                                                                     63
2:4201-4400                                                                                     50
2:4401-4600                                                                                     66
2:4601-4800                                                                                     60
2:4801-5000                                                                                     68
2:5001-5200                                                                                     59
2:5201-5400                                                                                     55
2:5401-5600                                                                                     58
2:5601-5800                                                                                     52
2:5801-6000                                                                                     42
3:1-200                                                                                         83
3:201-400                                                                                       49
3:401-600                                                                                       59
3:601-800                                                                                       60
3:801-1000                                                                                      52
3:1001-1200                                                                                     57
3:1201-1400                                                                                     63
3:1401-1600                                                                                     70
3:1601-1800                                                                                     63
3:1801-2000                                                                                     70
3:2001-2200                                                                                     57
3:2201-2400                                                                                     61
3:2401-2600                                                                                     60
3:2601-2800                                                                                     55
3:2801-3000                                                                                     68
3:3001-3200                                                                                     59
3:3201-3400                                                                                     56
3:3401-3600                                                                                     54
3:3601-3800                                                                                     71
3:3801-4000                                                                                     66
3:4001-4200                                                                                     50
3:4201-4400                                                                                     65
3:4401-4500                                                                                     48
4:1-200                                                                                         82
4:201-400                                                                                       62
4:401-600                                                                                       71
4:601-800                                                                                       49
4:801-1000                                                                                      74
4:1001-1200                                                                                     57
4:1201-1400                                                                                     72
4:1401-1600                                                                                     49
4:1601-1800                                                                                     66
4:1801-2000                                                                                     47
Smoothing outliers ...
Performing segmentation:
NA
[Fri Oct 29 11:49:31 2021]
Finished job 0.
1 of 1 steps (100%) done
