Building DAG of jobs...
Using shell: /usr/bin/bash
Provided cores: 1 (use --cores to define parallelism)
Rules claiming more threads will be scaled down.
Select jobs to execute...

[Fri Oct 29 11:49:15 2021]
rule segment:
    input: output/output_genome2/alignments/aligned_sim_transloc_reads332c10de-130b-4df7-83cf-9c80004546b2_nreads8000_sizedels500.bam
    output: output/output_genome2/plots_segmented/plotCN_332c10de-130b-4df7-83cf-9c80004546b2_nreads8000_sizedels500_ACE08cellularity.pdf
    jobid: 0
    wildcards: genome=genome2, name=332c10de-130b-4df7-83cf-9c80004546b2, nreads=8000, size_deletion=500
    resources: mem_mb=1000, disk_mb=1000, tmpdir=/tmp

mkdir -p output/output_genome2/plots_segmented/; Rscript 4_segment.R --name 332c10de-130b-4df7-83cf-9c80004546b2 --genome genome2 --size_deletion 500 --nreads 8000
Loading required package: BiocGenerics
Loading required package: parallel

Attaching package: ‘BiocGenerics’

The following objects are masked from ‘package:parallel’:

    clusterApply, clusterApplyLB, clusterCall, clusterEvalQ,
    clusterExport, clusterMap, parApply, parCapply, parLapply,
    parLapplyLB, parRapply, parSapply, parSapplyLB

The following objects are masked from ‘package:stats’:

    IQR, mad, sd, var, xtabs

The following objects are masked from ‘package:base’:

    anyDuplicated, append, as.data.frame, basename, cbind, colnames,
    dirname, do.call, duplicated, eval, evalq, Filter, Find, get, grep,
    grepl, intersect, is.unsorted, lapply, Map, mapply, match, mget,
    order, paste, pmax, pmax.int, pmin, pmin.int, Position, rank,
    rbind, Reduce, rownames, sapply, setdiff, sort, table, tapply,
    union, unique, unsplit, which.max, which.min

Welcome to Bioconductor

    Vignettes contain introductory material; view with
    'browseVignettes()'. To cite Bioconductor, see
    'citation("Biobase")', and for packages 'citation("pkgname")'.

    aligned_sim_transloc_reads332c10de-130b-4df7-83cf-9c80004546b2_nreads8000_sizedels500 (1 of 1): extracting reads ... binning ...
            aligned_sim_transloc_reads332c10de-130b-4df7-83cf-9c80004546b2_nreads8000_sizedels500
1:1-200                                                                                        65
1:201-400                                                                                      49
1:401-600                                                                                      42
1:601-800                                                                                      37
1:801-1000                                                                                     44
1:1001-1200                                                                                    36
1:1201-1400                                                                                    45
1:1401-1600                                                                                    44
1:1601-1800                                                                                    41
1:1801-2000                                                                                    49
1:2001-2200                                                                                    34
1:2201-2400                                                                                    54
1:2401-2600                                                                                    45
1:2601-2800                                                                                    31
1:2801-3000                                                                                    27
1:3001-3200                                                                                    31
1:3201-3400                                                                                    44
1:3401-3600                                                                                    31
1:3601-3800                                                                                    43
1:3801-4000                                                                                    31
1:4001-4200                                                                                    30
1:4201-4400                                                                                    21
1:4401-4600                                                                                    27
1:4601-4800                                                                                    35
1:4801-5000                                                                                    44
1:5001-5200                                                                                    40
1:5201-5400                                                                                    44
1:5401-5600                                                                                    49
1:5601-5800                                                                                    37
1:5801-6000                                                                                    47
1:6001-6200                                                                                    56
1:6201-6400                                                                                    46
1:6401-6600                                                                                    37
1:6601-6800                                                                                    35
1:6801-7000                                                                                    38
2:1-200                                                                                        70
2:201-400                                                                                      44
2:401-600                                                                                      35
2:601-800                                                                                      36
2:801-1000                                                                                     49
2:1001-1200                                                                                    31
2:1201-1400                                                                                    43
2:1401-1600                                                                                    45
2:1601-1800                                                                                    32
2:1801-2000                                                                                    36
2:2001-2200                                                                                    39
2:2201-2400                                                                                    26
2:2401-2600                                                                                    36
2:2601-2800                                                                                    37
2:2801-3000                                                                                    42
2:3001-3200                                                                                    51
2:3201-3400                                                                                    40
2:3401-3600                                                                                    36
2:3601-3800                                                                                    47
2:3801-4000                                                                                    36
2:4001-4200                                                                                    27
2:4201-4400                                                                                    47
2:4401-4600                                                                                    42
2:4601-4800                                                                                    47
2:4801-5000                                                                                    39
2:5001-5200                                                                                    35
2:5201-5400                                                                                    45
2:5401-5600                                                                                    33
2:5601-5800                                                                                    41
2:5801-6000                                                                                    21
3:1-200                                                                                        57
3:201-400                                                                                      42
3:401-600                                                                                      42
3:601-800                                                                                      53
3:801-1000                                                                                     50
3:1001-1200                                                                                    40
3:1201-1400                                                                                    43
3:1401-1600                                                                                    33
3:1601-1800                                                                                    47
3:1801-2000                                                                                    36
3:2001-2200                                                                                    67
3:2201-2400                                                                                    40
3:2401-2600                                                                                    38
3:2601-2800                                                                                    50
3:2801-3000                                                                                    47
3:3001-3200                                                                                    36
3:3201-3400                                                                                    36
3:3401-3600                                                                                    41
3:3601-3800                                                                                    38
3:3801-4000                                                                                    44
3:4001-4200                                                                                    39
3:4201-4400                                                                                    37
3:4401-4500                                                                                    13
4:1-200                                                                                        65
4:201-400                                                                                      34
4:401-600                                                                                      38
4:601-800                                                                                      39
4:801-1000                                                                                     32
4:1001-1200                                                                                    36
4:1201-1400                                                                                    35
4:1401-1600                                                                                    27
4:1601-1800                                                                                    40
4:1801-2000                                                                                    28
[1] 3940
Calculating correction for GC content and mappability
    Calculating fit for sample aligned_sim_transloc_reads332c10de-130b-4df7-83cf-9c80004546b2_nreads8000_sizedels500 (1 of 1) ...
Done.
Applying median normalization ...
Smoothing outliers ...
Performing segmentation:
NA
[1] "chromosome" "start"      "end"        "bases"      "gc"        
[6] "6"          "7"         
[1] "chromosome"  "start"       "end"         "bases"       "gc"         
[6] "mappability" "use"        
[1] "chromosome"  "start"       "end"         "bases"       "gc"         
[6] "mappability" "use"        
[1] "chromosome"  "start"       "end"         "bases"       "gc"         
[6] "mappability" "use"        
EM algorithm started ... 

[1] "Total number of segments present in the data: 4"
[1] "Number of segments used for fitting the model: 4"
40974076926264218.952.9817098014786712436.4112.981709809194143436.470.2
Calling iteration1:

optim results
time: 0
minimum: 48.6882979140277
148.6379619633825-1.02520994832756-0.2755750267040730.006970374386608840.2905267754392430.4966588030533150.9258536645079030.4185145031855030.002290735552355150.01121523792114570.0009897620749636050.01355259863907450.0288642260730932
4098912692968521952.9817098014786712436.4112.981709809194143436.470.2
Calling iteration2:

optim results
time: 0
minimum: 48.6418529306222
148.6349832386538-0.616991118375274-0.1211863073099540.006796420625230670.5640680610977780.9642807195373731.937322397675870.432359348804665-9.03150451011151e-050.01118039685691122.47768795208928e-050.8010268227857810.806335454915582
4098912692968521952.9817098014786712436.4112.981709809194143436.470.2
Calling iteration3:

optim results
time: 0
minimum: 48.6460083277412
148.6344580869093-0.431246525423326-0.100105417344070.006832718713021473.351610520953785.7296160297828210.39048603928833.163390043501083.13879721069651e-050.01118034922145582.58831880877924e-050.7150759698150321.06491829049114
4098912692968521952.9817098014786712436.4112.981709809194143436.470.2
Calling iteration4:

optim results
time: 0
minimum: 48.6430739344212
148.6342479985259-0.431183297472277-0.1000421893930220.006832718713021473.351610520953785.7296160297828210.39048603928833.163390043501083.13879721069651e-050.01118034922145582.58831880877924e-050.7150759698150321.06491829049114
EM algorithm done ...

Computing posterior probabilities for all segments ...

Total time:0minutes

Adjusting segmented data for cellularity ... 

Cellularity sample1: 1

Adjusting normalized data for cellularity ... 

Cellularity sample1: 1

1
41015176935348219.153817098014786712436.4112.981709809194143436.470.2
41015366935849219.153817098014786712436.4112.981709809194143436.470.2
41015336935843219.153817098014786712436.4112.981709809194143436.470.2
41015616936631219.153817098014786712436.4112.981709809194143436.470.2
41019886937586219.153817098014786712436.4112.981709809194143436.470.2
41019976937590219.153817098014786712436.4112.981709809194143436.470.2
41020066937594219.153817098014786712436.4112.981709809194143436.470.2
41020156937598219.153817098014786712436.4112.981709809194143436.470.2
41020246937602219.153817098014786712436.4112.981709809194143436.470.2
41020306937605219.153817098014786712436.4112.981709809194143436.470.2
41020496937837219.153817098014786712436.4112.981709809194143436.470.2
41024656938160219.153817098014786712436.4112.981709809194143436.470.2
FINISHED!

Total time:0minutes

There were 40 warnings (use warnings() to see them)
pdf 
  2 
[1] 1
            aligned_sim_transloc_reads332c10de-130b-4df7-83cf-9c80004546b2_nreads8000_sizedels500
1:1-200                                                                                        65
1:201-400                                                                                      49
1:401-600                                                                                      42
1:601-800                                                                                      37
1:801-1000                                                                                     44
1:1001-1200                                                                                    36
1:1201-1400                                                                                    45
1:1401-1600                                                                                    44
1:1601-1800                                                                                    41
1:1801-2000                                                                                    49
1:2001-2200                                                                                    34
1:2201-2400                                                                                    54
1:2401-2600                                                                                    45
1:2601-2800                                                                                    31
1:2801-3000                                                                                    27
1:3001-3200                                                                                    31
1:3201-3400                                                                                    44
1:3401-3600                                                                                    31
1:3601-3800                                                                                    43
1:3801-4000                                                                                    31
1:4001-4200                                                                                    30
1:4201-4400                                                                                    21
1:4401-4600                                                                                    27
1:4601-4800                                                                                    35
1:4801-5000                                                                                    44
1:5001-5200                                                                                    40
1:5201-5400                                                                                    44
1:5401-5600                                                                                    49
1:5601-5800                                                                                    37
1:5801-6000                                                                                    47
1:6001-6200                                                                                    56
1:6201-6400                                                                                    46
1:6401-6600                                                                                    37
1:6601-6800                                                                                    35
1:6801-7000                                                                                    38
2:1-200                                                                                        70
2:201-400                                                                                      44
2:401-600                                                                                      35
2:601-800                                                                                      36
2:801-1000                                                                                     49
2:1001-1200                                                                                    31
2:1201-1400                                                                                    43
2:1401-1600                                                                                    45
2:1601-1800                                                                                    32
2:1801-2000                                                                                    36
2:2001-2200                                                                                    39
2:2201-2400                                                                                    26
2:2401-2600                                                                                    36
2:2601-2800                                                                                    37
2:2801-3000                                                                                    42
2:3001-3200                                                                                    51
2:3201-3400                                                                                    40
2:3401-3600                                                                                    36
2:3601-3800                                                                                    47
2:3801-4000                                                                                    36
2:4001-4200                                                                                    27
2:4201-4400                                                                                    47
2:4401-4600                                                                                    42
2:4601-4800                                                                                    47
2:4801-5000                                                                                    39
2:5001-5200                                                                                    35
2:5201-5400                                                                                    45
2:5401-5600                                                                                    33
2:5601-5800                                                                                    41
2:5801-6000                                                                                    21
3:1-200                                                                                        57
3:201-400                                                                                      42
3:401-600                                                                                      42
3:601-800                                                                                      53
3:801-1000                                                                                     50
3:1001-1200                                                                                    40
3:1201-1400                                                                                    43
3:1401-1600                                                                                    33
3:1601-1800                                                                                    47
3:1801-2000                                                                                    36
3:2001-2200                                                                                    67
3:2201-2400                                                                                    40
3:2401-2600                                                                                    38
3:2601-2800                                                                                    50
3:2801-3000                                                                                    47
3:3001-3200                                                                                    36
3:3201-3400                                                                                    36
3:3401-3600                                                                                    41
3:3601-3800                                                                                    38
3:3801-4000                                                                                    44
3:4001-4200                                                                                    39
3:4201-4400                                                                                    37
3:4401-4500                                                                                    26
4:1-200                                                                                        65
4:201-400                                                                                      34
4:401-600                                                                                      38
4:601-800                                                                                      39
4:801-1000                                                                                     32
4:1001-1200                                                                                    36
4:1201-1400                                                                                    35
4:1401-1600                                                                                    27
4:1601-1800                                                                                    40
4:1801-2000                                                                                    28
Smoothing outliers ...
Performing segmentation:
NA
[Fri Oct 29 11:49:41 2021]
Finished job 0.
1 of 1 steps (100%) done
