Building DAG of jobs...
Using shell: /usr/bin/bash
Provided cores: 1 (use --cores to define parallelism)
Rules claiming more threads will be scaled down.
Select jobs to execute...

[Fri Oct 29 11:49:15 2021]
rule segment:
    input: output/output_genome2/alignments/aligned_sim_transloc_readsffac781d-60f0-4119-b50e-641cb192eb3a_nreads12000_sizedels200.bam
    output: output/output_genome2/plots_segmented/plotCN_ffac781d-60f0-4119-b50e-641cb192eb3a_nreads12000_sizedels200_ACE08cellularity.pdf
    jobid: 0
    wildcards: genome=genome2, name=ffac781d-60f0-4119-b50e-641cb192eb3a, nreads=12000, size_deletion=200
    resources: mem_mb=1000, disk_mb=1000, tmpdir=/tmp

mkdir -p output/output_genome2/plots_segmented/; Rscript 4_segment.R --name ffac781d-60f0-4119-b50e-641cb192eb3a --genome genome2 --size_deletion 200 --nreads 12000
Loading required package: BiocGenerics
Loading required package: parallel

Attaching package: ‘BiocGenerics’

The following objects are masked from ‘package:parallel’:

    clusterApply, clusterApplyLB, clusterCall, clusterEvalQ,
    clusterExport, clusterMap, parApply, parCapply, parLapply,
    parLapplyLB, parRapply, parSapply, parSapplyLB

The following objects are masked from ‘package:stats’:

    IQR, mad, sd, var, xtabs

The following objects are masked from ‘package:base’:

    anyDuplicated, append, as.data.frame, basename, cbind, colnames,
    dirname, do.call, duplicated, eval, evalq, Filter, Find, get, grep,
    grepl, intersect, is.unsorted, lapply, Map, mapply, match, mget,
    order, paste, pmax, pmax.int, pmin, pmin.int, Position, rank,
    rbind, Reduce, rownames, sapply, setdiff, sort, table, tapply,
    union, unique, unsplit, which.max, which.min

Welcome to Bioconductor

    Vignettes contain introductory material; view with
    'browseVignettes()'. To cite Bioconductor, see
    'citation("Biobase")', and for packages 'citation("pkgname")'.

    aligned_sim_transloc_readsffac781d-60f0-4119-b50e-641cb192eb3a_nreads12000_sizedels200 (1 of 1): extracting reads ... binning ...
            aligned_sim_transloc_readsffac781d-60f0-4119-b50e-641cb192eb3a_nreads12000_sizedels200
1:1-200                                                                                        100
1:201-400                                                                                       59
1:401-600                                                                                       48
1:601-800                                                                                       70
1:801-1000                                                                                      65
1:1001-1200                                                                                     58
1:1201-1400                                                                                     59
1:1401-1600                                                                                     60
1:1601-1800                                                                                     71
1:1801-2000                                                                                     71
1:2001-2200                                                                                     58
1:2201-2400                                                                                     54
1:2401-2600                                                                                     73
1:2601-2800                                                                                     62
1:2801-3000                                                                                     51
1:3001-3200                                                                                     62
1:3201-3400                                                                                     54
1:3401-3600                                                                                     71
1:3601-3800                                                                                     70
1:3801-4000                                                                                     56
1:4001-4200                                                                                     65
1:4201-4400                                                                                     37
1:4401-4600                                                                                     71
1:4601-4800                                                                                     67
1:4801-5000                                                                                     70
1:5001-5200                                                                                     65
1:5201-5400                                                                                     53
1:5401-5600                                                                                     61
1:5601-5800                                                                                     56
1:5801-6000                                                                                     56
1:6001-6200                                                                                     69
1:6201-6400                                                                                     51
1:6401-6600                                                                                     61
1:6601-6800                                                                                     68
1:6801-7000                                                                                     52
2:1-200                                                                                         94
2:201-400                                                                                       66
2:401-600                                                                                       46
2:601-800                                                                                       59
2:801-1000                                                                                      44
2:1001-1200                                                                                     59
2:1201-1400                                                                                     59
2:1401-1600                                                                                     70
2:1601-1800                                                                                     64
2:1801-2000                                                                                     64
2:2001-2200                                                                                     47
2:2201-2400                                                                                     57
2:2401-2600                                                                                     54
2:2601-2800                                                                                     73
2:2801-3000                                                                                     63
2:3001-3200                                                                                     66
2:3201-3400                                                                                     53
2:3401-3600                                                                                     68
2:3601-3800                                                                                     54
2:3801-4000                                                                                     74
2:4001-4200                                                                                     52
2:4201-4400                                                                                     77
2:4401-4600                                                                                     68
2:4601-4800                                                                                     57
2:4801-5000                                                                                     61
2:5001-5200                                                                                     59
2:5201-5400                                                                                     64
2:5401-5600                                                                                     72
2:5601-5800                                                                                     58
2:5801-6000                                                                                     45
3:1-200                                                                                         86
3:201-400                                                                                       57
3:401-600                                                                                       51
3:601-800                                                                                       53
3:801-1000                                                                                      53
3:1001-1200                                                                                     53
3:1201-1400                                                                                     51
3:1401-1600                                                                                     50
3:1601-1800                                                                                     70
3:1801-2000                                                                                     54
3:2001-2200                                                                                     55
3:2201-2400                                                                                     65
3:2401-2600                                                                                     58
3:2601-2800                                                                                     59
3:2801-3000                                                                                     51
3:3001-3200                                                                                     44
3:3201-3400                                                                                     76
3:3401-3600                                                                                     59
3:3601-3800                                                                                     63
3:3801-4000                                                                                     52
3:4001-4200                                                                                     68
3:4201-4400                                                                                     55
3:4401-4500                                                                                     31
4:1-200                                                                                         83
4:201-400                                                                                       52
4:401-600                                                                                       69
4:601-800                                                                                       55
4:801-1000                                                                                      66
4:1001-1200                                                                                     66
4:1201-1400                                                                                     54
4:1401-1600                                                                                     65
4:1601-1800                                                                                     60
4:1801-2000                                                                                     42
[1] 5947
Calculating correction for GC content and mappability
    Calculating fit for sample aligned_sim_transloc_readsffac781d-60f0-4119-b50e-641cb192eb3a_nreads12000_sizedels200 (1 of 1) ...
Done.
Applying median normalization ...
Smoothing outliers ...
Performing segmentation:
NA
[1] "chromosome" "start"      "end"        "bases"      "gc"        
[6] "6"          "7"         
[1] "chromosome"  "start"       "end"         "bases"       "gc"         
[6] "mappability" "use"        
[1] "chromosome"  "start"       "end"         "bases"       "gc"         
[6] "mappability" "use"        
[1] "chromosome"  "start"       "end"         "bases"       "gc"         
[6] "mappability" "use"        
EM algorithm started ... 

[1] "Total number of segments present in the data: 4"
[1] "Number of segments used for fitting the model: 4"
40974076926264218.952.9817098014786712436.4112.981709809194163436.470.2
Calling iteration1:

optim results
time: 0
minimum: 47.9034765155287
147.9032072400824-0.813174492766954-0.296767754213322-0.02451346954649740.2941943328574820.5029285338714741.004726151789120.050594533636536-1.65284449114846e-050.0111803467121257-1.05530427598741e-050.07017949636469840.136145553001373
4098912692968521952.9817098014786712436.4112.981709809194163436.470.2
Calling iteration2:

optim results
time: 0
minimum: 47.9032072414697
147.9032071184151-0.783430240059736-0.267023501506104-0.02451346954649740.2941943328574820.5029285338714741.004726151789120.050594533636536-1.65284449114846e-050.0111803467121257-1.05530427598741e-050.07017949636469840.136145553001373
4098912692968521952.9817098014786712436.4112.981709809194163436.470.2
Calling iteration3:

optim results
time: 0
minimum: 47.9032071184322
147.9032071181485-0.756061369817863-0.239654631264232-0.02451346954649740.2941943328574820.5029285338714741.004726151789120.050594533636536-1.65284449114846e-050.0111803467121257-1.05530427598741e-050.07017949636469840.136145553001373
4098912692968521952.9817098014786712436.4112.981709809194163436.470.2
Calling iteration4:

optim results
time: 0
minimum: 47.9032071181491
147.9032071181462-0.731106067411006-0.214699328857374-0.02451346954649740.2941943328574820.5029285338714741.004726151789120.050594533636536-1.65284449114846e-050.0111803467121257-1.05530427598741e-050.07017949636469840.136145553001373
4098912692968521952.9817098014786712436.4112.981709809194163436.470.2
Calling iteration5:

optim results
time: 0
minimum: 47.9032071181463
147.9032071181462-0.731106067411006-0.214699328857374-0.02451346954649740.2941943328574820.5029285338714741.004726151789120.050594533636536-1.65284449114846e-050.0111803467121257-1.05530427598741e-050.07017949636469840.136145553001373
EM algorithm done ...

Computing posterior probabilities for all segments ...

Total time:0minutes

Adjusting segmented data for cellularity ... 

Cellularity sample1: 1

Adjusting normalized data for cellularity ... 

Cellularity sample1: 1

1
41015176935348219.153817098014786712436.4112.981709809194163436.470.2
41015366935849219.153817098014786712436.4112.981709809194163436.470.2
41015336935843219.153817098014786712436.4112.981709809194163436.470.2
41015616936631219.153817098014786712436.4112.981709809194163436.470.2
41019886937586219.153817098014786712436.4112.981709809194163436.470.2
41019976937590219.153817098014786712436.4112.981709809194163436.470.2
41020066937594219.153817098014786712436.4112.981709809194163436.470.2
41020156937598219.153817098014786712436.4112.981709809194163436.470.2
41020246937602219.153817098014786712436.4112.981709809194163436.470.2
41020306937605219.153817098014786712436.4112.981709809194163436.470.2
41020496937837219.153817098014786712436.4112.981709809194163436.470.2
41024656938160219.153817098014786712436.4112.981709809194163436.470.2
FINISHED!

Total time:0minutes

There were 48 warnings (use warnings() to see them)
pdf 
  2 
[1] 1
            aligned_sim_transloc_readsffac781d-60f0-4119-b50e-641cb192eb3a_nreads12000_sizedels200
1:1-200                                                                                        100
1:201-400                                                                                       59
1:401-600                                                                                       48
1:601-800                                                                                       70
1:801-1000                                                                                      65
1:1001-1200                                                                                     58
1:1201-1400                                                                                     59
1:1401-1600                                                                                     60
1:1601-1800                                                                                     71
1:1801-2000                                                                                     71
1:2001-2200                                                                                     58
1:2201-2400                                                                                     54
1:2401-2600                                                                                     73
1:2601-2800                                                                                     62
1:2801-3000                                                                                     51
1:3001-3200                                                                                     62
1:3201-3400                                                                                     54
1:3401-3600                                                                                     71
1:3601-3800                                                                                     70
1:3801-4000                                                                                     56
1:4001-4200                                                                                     65
1:4201-4400                                                                                     37
1:4401-4600                                                                                     71
1:4601-4800                                                                                     67
1:4801-5000                                                                                     70
1:5001-5200                                                                                     65
1:5201-5400                                                                                     53
1:5401-5600                                                                                     61
1:5601-5800                                                                                     56
1:5801-6000                                                                                     56
1:6001-6200                                                                                     69
1:6201-6400                                                                                     51
1:6401-6600                                                                                     61
1:6601-6800                                                                                     68
1:6801-7000                                                                                     52
2:1-200                                                                                         94
2:201-400                                                                                       66
2:401-600                                                                                       46
2:601-800                                                                                       59
2:801-1000                                                                                      44
2:1001-1200                                                                                     59
2:1201-1400                                                                                     59
2:1401-1600                                                                                     70
2:1601-1800                                                                                     64
2:1801-2000                                                                                     64
2:2001-2200                                                                                     47
2:2201-2400                                                                                     57
2:2401-2600                                                                                     54
2:2601-2800                                                                                     73
2:2801-3000                                                                                     63
2:3001-3200                                                                                     66
2:3201-3400                                                                                     53
2:3401-3600                                                                                     68
2:3601-3800                                                                                     54
2:3801-4000                                                                                     74
2:4001-4200                                                                                     52
2:4201-4400                                                                                     77
2:4401-4600                                                                                     68
2:4601-4800                                                                                     57
2:4801-5000                                                                                     61
2:5001-5200                                                                                     59
2:5201-5400                                                                                     64
2:5401-5600                                                                                     72
2:5601-5800                                                                                     58
2:5801-6000                                                                                     45
3:1-200                                                                                         86
3:201-400                                                                                       57
3:401-600                                                                                       51
3:601-800                                                                                       53
3:801-1000                                                                                      53
3:1001-1200                                                                                     53
3:1201-1400                                                                                     51
3:1401-1600                                                                                     50
3:1601-1800                                                                                     70
3:1801-2000                                                                                     54
3:2001-2200                                                                                     55
3:2201-2400                                                                                     65
3:2401-2600                                                                                     58
3:2601-2800                                                                                     59
3:2801-3000                                                                                     51
3:3001-3200                                                                                     44
3:3201-3400                                                                                     76
3:3401-3600                                                                                     59
3:3601-3800                                                                                     63
3:3801-4000                                                                                     52
3:4001-4200                                                                                     68
3:4201-4400                                                                                     55
3:4401-4500                                                                                     62
4:1-200                                                                                         83
4:201-400                                                                                       52
4:401-600                                                                                       69
4:601-800                                                                                       55
4:801-1000                                                                                      66
4:1001-1200                                                                                     66
4:1201-1400                                                                                     54
4:1401-1600                                                                                     65
4:1601-1800                                                                                     60
4:1801-2000                                                                                     42
Smoothing outliers ...
Performing segmentation:
NA
[Fri Oct 29 11:49:34 2021]
Finished job 0.
1 of 1 steps (100%) done
