Building DAG of jobs...
Using shell: /usr/bin/bash
Provided cores: 1 (use --cores to define parallelism)
Rules claiming more threads will be scaled down.
Select jobs to execute...

[Fri Oct 29 11:49:14 2021]
rule segment:
    input: output/output_genome2/alignments/aligned_sim_transloc_readsd727e4ce-de2c-4b2c-9f88-9dbc3027542d_nreads8000_sizedels500.bam
    output: output/output_genome2/plots_segmented/plotCN_d727e4ce-de2c-4b2c-9f88-9dbc3027542d_nreads8000_sizedels500_ACE08cellularity.pdf
    jobid: 0
    wildcards: genome=genome2, name=d727e4ce-de2c-4b2c-9f88-9dbc3027542d, nreads=8000, size_deletion=500
    resources: mem_mb=1000, disk_mb=1000, tmpdir=/tmp

mkdir -p output/output_genome2/plots_segmented/; Rscript 4_segment.R --name d727e4ce-de2c-4b2c-9f88-9dbc3027542d --genome genome2 --size_deletion 500 --nreads 8000
Loading required package: BiocGenerics
Loading required package: parallel

Attaching package: ‘BiocGenerics’

The following objects are masked from ‘package:parallel’:

    clusterApply, clusterApplyLB, clusterCall, clusterEvalQ,
    clusterExport, clusterMap, parApply, parCapply, parLapply,
    parLapplyLB, parRapply, parSapply, parSapplyLB

The following objects are masked from ‘package:stats’:

    IQR, mad, sd, var, xtabs

The following objects are masked from ‘package:base’:

    anyDuplicated, append, as.data.frame, basename, cbind, colnames,
    dirname, do.call, duplicated, eval, evalq, Filter, Find, get, grep,
    grepl, intersect, is.unsorted, lapply, Map, mapply, match, mget,
    order, paste, pmax, pmax.int, pmin, pmin.int, Position, rank,
    rbind, Reduce, rownames, sapply, setdiff, sort, table, tapply,
    union, unique, unsplit, which.max, which.min

Welcome to Bioconductor

    Vignettes contain introductory material; view with
    'browseVignettes()'. To cite Bioconductor, see
    'citation("Biobase")', and for packages 'citation("pkgname")'.

    aligned_sim_transloc_readsd727e4ce-de2c-4b2c-9f88-9dbc3027542d_nreads8000_sizedels500 (1 of 1): extracting reads ... binning ...
            aligned_sim_transloc_readsd727e4ce-de2c-4b2c-9f88-9dbc3027542d_nreads8000_sizedels500
1:1-200                                                                                        60
1:201-400                                                                                      45
1:401-600                                                                                      44
1:601-800                                                                                      35
1:801-1000                                                                                     39
1:1001-1200                                                                                    40
1:1201-1400                                                                                    44
1:1401-1600                                                                                    41
1:1601-1800                                                                                    49
1:1801-2000                                                                                    44
1:2001-2200                                                                                    39
1:2201-2400                                                                                    55
1:2401-2600                                                                                    34
1:2601-2800                                                                                    46
1:2801-3000                                                                                    41
1:3001-3200                                                                                    31
1:3201-3400                                                                                    22
1:3401-3600                                                                                    23
1:3601-3800                                                                                    44
1:3801-4000                                                                                    39
1:4001-4200                                                                                    35
1:4201-4400                                                                                    41
1:4401-4600                                                                                    44
1:4601-4800                                                                                    41
1:4801-5000                                                                                    40
1:5001-5200                                                                                    50
1:5201-5400                                                                                    48
1:5401-5600                                                                                    30
1:5601-5800                                                                                    40
1:5801-6000                                                                                    35
1:6001-6200                                                                                    37
1:6201-6400                                                                                    43
1:6401-6600                                                                                    36
1:6601-6800                                                                                    42
1:6801-7000                                                                                    35
2:1-200                                                                                        58
2:201-400                                                                                      30
2:401-600                                                                                      45
2:601-800                                                                                      44
2:801-1000                                                                                     40
2:1001-1200                                                                                    49
2:1201-1400                                                                                    37
2:1401-1600                                                                                    37
2:1601-1800                                                                                    34
2:1801-2000                                                                                    39
2:2001-2200                                                                                    42
2:2201-2400                                                                                    36
2:2401-2600                                                                                    32
2:2601-2800                                                                                    43
2:2801-3000                                                                                    50
2:3001-3200                                                                                    48
2:3201-3400                                                                                    36
2:3401-3600                                                                                    37
2:3601-3800                                                                                    32
2:3801-4000                                                                                    43
2:4001-4200                                                                                    44
2:4201-4400                                                                                    39
2:4401-4600                                                                                    37
2:4601-4800                                                                                    40
2:4801-5000                                                                                    44
2:5001-5200                                                                                    32
2:5201-5400                                                                                    38
2:5401-5600                                                                                    42
2:5601-5800                                                                                    38
2:5801-6000                                                                                    39
3:1-200                                                                                        70
3:201-400                                                                                      33
3:401-600                                                                                      47
3:601-800                                                                                      43
3:801-1000                                                                                     37
3:1001-1200                                                                                    44
3:1201-1400                                                                                    41
3:1401-1600                                                                                    33
3:1601-1800                                                                                    37
3:1801-2000                                                                                    46
3:2001-2200                                                                                    49
3:2201-2400                                                                                    41
3:2401-2600                                                                                    56
3:2601-2800                                                                                    46
3:2801-3000                                                                                    43
3:3001-3200                                                                                    45
3:3201-3400                                                                                    31
3:3401-3600                                                                                    36
3:3601-3800                                                                                    39
3:3801-4000                                                                                    36
3:4001-4200                                                                                    35
3:4201-4400                                                                                    40
3:4401-4500                                                                                    11
4:1-200                                                                                        69
4:201-400                                                                                      43
4:401-600                                                                                      42
4:601-800                                                                                      42
4:801-1000                                                                                     35
4:1001-1200                                                                                    30
4:1201-1400                                                                                    34
4:1401-1600                                                                                    49
4:1601-1800                                                                                    34
4:1801-2000                                                                                    35
[1] 3969
Calculating correction for GC content and mappability
    Calculating fit for sample aligned_sim_transloc_readsd727e4ce-de2c-4b2c-9f88-9dbc3027542d_nreads8000_sizedels500 (1 of 1) ...
Done.
Applying median normalization ...
Smoothing outliers ...
Performing segmentation:
NA
[1] "chromosome" "start"      "end"        "bases"      "gc"        
[6] "6"          "7"         
[1] "chromosome"  "start"       "end"         "bases"       "gc"         
[6] "mappability" "use"        
[1] "chromosome"  "start"       "end"         "bases"       "gc"         
[6] "mappability" "use"        
[1] "chromosome"  "start"       "end"         "bases"       "gc"         
[6] "mappability" "use"        
EM algorithm started ... 

[1] "Total number of segments present in the data: 4"
[1] "Number of segments used for fitting the model: 4"
40974076926264218.952.9817098014786712436.4112.981709809194177436.470.2
Calling iteration1:

optim results
time: 0
minimum: 46.9546886639011
146.9534537505702-0.784925071413498-0.2829329755493350.009759124866424680.2792502926811190.4773815284515710.9715566002030370.06194738657026151.02542334776235e-060.01118035421386752.09171904764911e-050.02571712798478310.111321885952363
4098912692968521952.9817098014786712436.4112.981709809194177436.470.2
Calling iteration2:

optim results
time: 0
minimum: 46.9534540830114
146.9534494023034-0.784925071413498-0.2829329755493350.009759124866424680.2509405265946320.4289856636712030.9231607354226690.06194738657026151.02542334776235e-060.01118035421386752.09171904764911e-050.02571712798478310.111321885952363
4098912692968521952.9817098014786712436.4112.981709809194177436.470.2
Calling iteration3:

optim results
time: 0
minimum: 46.953449411932
146.9534493606684-0.784925071413498-0.2829329755493350.009759124866424680.2249356690570520.3845300660807240.8787051378321890.06194738657026151.02542334776235e-060.01118035421386752.09171904764911e-050.02571712798478310.111321885952363
4098912692968521952.9817098014786712436.4112.981709809194177436.470.2
Calling iteration4:

optim results
time: 0
minimum: 46.9534493255392
146.9534493241889-0.775037155032286-0.2782338117381660.009771903970246170.221726334200970.3790436719065250.8682307940143260.0365076069931414-6.41153305871897e-060.01118034514355881.04725193428326e-050.0507125726726220.143587770085267
EM algorithm done ...

Computing posterior probabilities for all segments ...

Total time:0minutes

Adjusting segmented data for cellularity ... 

Cellularity sample1: 1

Adjusting normalized data for cellularity ... 

Cellularity sample1: 1

1
41015176935348219.153817098014786712436.4112.981709809194177436.470.2
41015366935849219.153817098014786712436.4112.981709809194177436.470.2
41015336935843219.153817098014786712436.4112.981709809194177436.470.2
41015616936631219.153817098014786712436.4112.981709809194177436.470.2
41019886937586219.153817098014786712436.4112.981709809194177436.470.2
41019976937590219.153817098014786712436.4112.981709809194177436.470.2
41020066937594219.153817098014786712436.4112.981709809194177436.470.2
41020156937598219.153817098014786712436.4112.981709809194177436.470.2
41020246937602219.153817098014786712436.4112.981709809194177436.470.2
41020306937605219.153817098014786712436.4112.981709809194177436.470.2
41020496937837219.153817098014786712436.4112.981709809194177436.470.2
41024656938160219.153817098014786712436.4112.981709809194177436.470.2
FINISHED!

Total time:0minutes

There were 40 warnings (use warnings() to see them)
pdf 
  2 
[1] 1
            aligned_sim_transloc_readsd727e4ce-de2c-4b2c-9f88-9dbc3027542d_nreads8000_sizedels500
1:1-200                                                                                        60
1:201-400                                                                                      45
1:401-600                                                                                      44
1:601-800                                                                                      35
1:801-1000                                                                                     39
1:1001-1200                                                                                    40
1:1201-1400                                                                                    44
1:1401-1600                                                                                    41
1:1601-1800                                                                                    49
1:1801-2000                                                                                    44
1:2001-2200                                                                                    39
1:2201-2400                                                                                    55
1:2401-2600                                                                                    34
1:2601-2800                                                                                    46
1:2801-3000                                                                                    41
1:3001-3200                                                                                    31
1:3201-3400                                                                                    22
1:3401-3600                                                                                    23
1:3601-3800                                                                                    44
1:3801-4000                                                                                    39
1:4001-4200                                                                                    35
1:4201-4400                                                                                    41
1:4401-4600                                                                                    44
1:4601-4800                                                                                    41
1:4801-5000                                                                                    40
1:5001-5200                                                                                    50
1:5201-5400                                                                                    48
1:5401-5600                                                                                    30
1:5601-5800                                                                                    40
1:5801-6000                                                                                    35
1:6001-6200                                                                                    37
1:6201-6400                                                                                    43
1:6401-6600                                                                                    36
1:6601-6800                                                                                    42
1:6801-7000                                                                                    35
2:1-200                                                                                        58
2:201-400                                                                                      30
2:401-600                                                                                      45
2:601-800                                                                                      44
2:801-1000                                                                                     40
2:1001-1200                                                                                    49
2:1201-1400                                                                                    37
2:1401-1600                                                                                    37
2:1601-1800                                                                                    34
2:1801-2000                                                                                    39
2:2001-2200                                                                                    42
2:2201-2400                                                                                    36
2:2401-2600                                                                                    32
2:2601-2800                                                                                    43
2:2801-3000                                                                                    50
2:3001-3200                                                                                    48
2:3201-3400                                                                                    36
2:3401-3600                                                                                    37
2:3601-3800                                                                                    32
2:3801-4000                                                                                    43
2:4001-4200                                                                                    44
2:4201-4400                                                                                    39
2:4401-4600                                                                                    37
2:4601-4800                                                                                    40
2:4801-5000                                                                                    44
2:5001-5200                                                                                    32
2:5201-5400                                                                                    38
2:5401-5600                                                                                    42
2:5601-5800                                                                                    38
2:5801-6000                                                                                    39
3:1-200                                                                                        70
3:201-400                                                                                      33
3:401-600                                                                                      47
3:601-800                                                                                      43
3:801-1000                                                                                     37
3:1001-1200                                                                                    44
3:1201-1400                                                                                    41
3:1401-1600                                                                                    33
3:1601-1800                                                                                    37
3:1801-2000                                                                                    46
3:2001-2200                                                                                    49
3:2201-2400                                                                                    41
3:2401-2600                                                                                    56
3:2601-2800                                                                                    46
3:2801-3000                                                                                    43
3:3001-3200                                                                                    45
3:3201-3400                                                                                    31
3:3401-3600                                                                                    36
3:3601-3800                                                                                    39
3:3801-4000                                                                                    36
3:4001-4200                                                                                    35
3:4201-4400                                                                                    40
3:4401-4500                                                                                    22
4:1-200                                                                                        69
4:201-400                                                                                      43
4:401-600                                                                                      42
4:601-800                                                                                      42
4:801-1000                                                                                     35
4:1001-1200                                                                                    30
4:1201-1400                                                                                    34
4:1401-1600                                                                                    49
4:1601-1800                                                                                    34
4:1801-2000                                                                                    35
Smoothing outliers ...
Performing segmentation:
NA
[Fri Oct 29 11:49:30 2021]
Finished job 0.
1 of 1 steps (100%) done
