Building DAG of jobs...
Using shell: /usr/bin/bash
Provided cores: 1 (use --cores to define parallelism)
Rules claiming more threads will be scaled down.
Select jobs to execute...

[Fri Oct 29 11:49:14 2021]
rule segment:
    input: output/output_genome2/alignments/aligned_sim_transloc_reads332c10de-130b-4df7-83cf-9c80004546b2_nreads8000_sizedels1000.bam
    output: output/output_genome2/plots_segmented/plotCN_332c10de-130b-4df7-83cf-9c80004546b2_nreads8000_sizedels1000_ACE08cellularity.pdf
    jobid: 0
    wildcards: genome=genome2, name=332c10de-130b-4df7-83cf-9c80004546b2, nreads=8000, size_deletion=1000
    resources: mem_mb=1000, disk_mb=1000, tmpdir=/tmp

mkdir -p output/output_genome2/plots_segmented/; Rscript 4_segment.R --name 332c10de-130b-4df7-83cf-9c80004546b2 --genome genome2 --size_deletion 1000 --nreads 8000
Loading required package: BiocGenerics
Loading required package: parallel

Attaching package: ‘BiocGenerics’

The following objects are masked from ‘package:parallel’:

    clusterApply, clusterApplyLB, clusterCall, clusterEvalQ,
    clusterExport, clusterMap, parApply, parCapply, parLapply,
    parLapplyLB, parRapply, parSapply, parSapplyLB

The following objects are masked from ‘package:stats’:

    IQR, mad, sd, var, xtabs

The following objects are masked from ‘package:base’:

    anyDuplicated, append, as.data.frame, basename, cbind, colnames,
    dirname, do.call, duplicated, eval, evalq, Filter, Find, get, grep,
    grepl, intersect, is.unsorted, lapply, Map, mapply, match, mget,
    order, paste, pmax, pmax.int, pmin, pmin.int, Position, rank,
    rbind, Reduce, rownames, sapply, setdiff, sort, table, tapply,
    union, unique, unsplit, which.max, which.min

Welcome to Bioconductor

    Vignettes contain introductory material; view with
    'browseVignettes()'. To cite Bioconductor, see
    'citation("Biobase")', and for packages 'citation("pkgname")'.

    aligned_sim_transloc_reads332c10de-130b-4df7-83cf-9c80004546b2_nreads8000_sizedels1000 (1 of 1): extracting reads ... binning ...
            aligned_sim_transloc_reads332c10de-130b-4df7-83cf-9c80004546b2_nreads8000_sizedels1000
1:1-200                                                                                         57
1:201-400                                                                                       36
1:401-600                                                                                       43
1:601-800                                                                                       40
1:801-1000                                                                                      44
1:1001-1200                                                                                     40
1:1201-1400                                                                                     42
1:1401-1600                                                                                     41
1:1601-1800                                                                                     38
1:1801-2000                                                                                     37
1:2001-2200                                                                                     31
1:2201-2400                                                                                     17
1:2401-2600                                                                                     21
1:2601-2800                                                                                     22
1:2801-3000                                                                                     17
1:3001-3200                                                                                     40
1:3201-3400                                                                                     34
1:3401-3600                                                                                     37
1:3601-3800                                                                                     47
1:3801-4000                                                                                     45
1:4001-4200                                                                                     39
1:4201-4400                                                                                     50
1:4401-4600                                                                                     43
1:4601-4800                                                                                     45
1:4801-5000                                                                                     43
1:5001-5200                                                                                     40
1:5201-5400                                                                                     36
1:5401-5600                                                                                     40
1:5601-5800                                                                                     40
1:5801-6000                                                                                     41
1:6001-6200                                                                                     37
1:6201-6400                                                                                     37
1:6401-6600                                                                                     39
1:6601-6800                                                                                     52
1:6801-7000                                                                                     32
2:1-200                                                                                         60
2:201-400                                                                                       43
2:401-600                                                                                       43
2:601-800                                                                                       38
2:801-1000                                                                                      43
2:1001-1200                                                                                     41
2:1201-1400                                                                                     34
2:1401-1600                                                                                     34
2:1601-1800                                                                                     40
2:1801-2000                                                                                     48
2:2001-2200                                                                                     42
2:2201-2400                                                                                     50
2:2401-2600                                                                                     50
2:2601-2800                                                                                     57
2:2801-3000                                                                                     44
2:3001-3200                                                                                     41
2:3201-3400                                                                                     46
2:3401-3600                                                                                     49
2:3601-3800                                                                                     46
2:3801-4000                                                                                     44
2:4001-4200                                                                                     40
2:4201-4400                                                                                     53
2:4401-4600                                                                                     44
2:4601-4800                                                                                     41
2:4801-5000                                                                                     38
2:5001-5200                                                                                     45
2:5201-5400                                                                                     36
2:5401-5600                                                                                     37
2:5601-5800                                                                                     47
2:5801-6000                                                                                     31
3:1-200                                                                                         66
3:201-400                                                                                       43
3:401-600                                                                                       27
3:601-800                                                                                       41
3:801-1000                                                                                      42
3:1001-1200                                                                                     37
3:1201-1400                                                                                     37
3:1401-1600                                                                                     38
3:1601-1800                                                                                     44
3:1801-2000                                                                                     47
3:2001-2200                                                                                     45
3:2201-2400                                                                                     36
3:2401-2600                                                                                     43
3:2601-2800                                                                                     35
3:2801-3000                                                                                     46
3:3001-3200                                                                                     43
3:3201-3400                                                                                     41
3:3401-3600                                                                                     46
3:3601-3800                                                                                     36
3:3801-4000                                                                                     45
3:4001-4200                                                                                     41
3:4201-4400                                                                                     47
3:4401-4500                                                                                     11
4:1-200                                                                                         61
4:201-400                                                                                       38
4:401-600                                                                                       31
4:601-800                                                                                       35
4:801-1000                                                                                      26
4:1001-1200                                                                                     38
4:1201-1400                                                                                     26
4:1401-1600                                                                                     33
4:1601-1800                                                                                     31
4:1801-2000                                                                                     32
[1] 3936
Calculating correction for GC content and mappability
    Calculating fit for sample aligned_sim_transloc_reads332c10de-130b-4df7-83cf-9c80004546b2_nreads8000_sizedels1000 (1 of 1) ...
Done.
Applying median normalization ...
Smoothing outliers ...
Performing segmentation:
NA
[1] "chromosome" "start"      "end"        "bases"      "gc"        
[6] "6"          "7"         
[1] "chromosome"  "start"       "end"         "bases"       "gc"         
[6] "mappability" "use"        
[1] "chromosome"  "start"       "end"         "bases"       "gc"         
[6] "mappability" "use"        
[1] "chromosome"  "start"       "end"         "bases"       "gc"         
[6] "mappability" "use"        
EM algorithm started ... 

[1] "Total number of segments present in the data: 4"
[1] "Number of segments used for fitting the model: 4"
40974076926264218.952.9817098014786712436.4112.981709809194139436.470.2
Calling iteration1:

optim results
time: 0
minimum: 52.4722942006264
150.8929115458672-0.790420245770689-0.224508593771367-0.04999443542595220.3383996735885350.5784980629892480.9069706699058543.088949574953720.0002238272827028550.04433967662340180.118711318437550.6772077085821970.691862885518658
4098912692968521952.9817098014786712436.4112.981709809194139436.470.2
Calling iteration2:

optim results
time: 0
minimum: 51.7298715845496
150.7419584141006-0.834295962634375-0.226916323248395-0.04602755541295980.2956499691411930.5054169605345780.8236112485824552.404293146826526.86687665776086e-050.01200523078828910.005552535055291670.7484700569496550.748518165367679
4098912692968521952.9817098014786712436.4112.981709809194139436.470.2
Calling iteration3:

optim results
time: 0
minimum: 51.3493532605606
150.7186809079589-0.763165868524706-0.22659702678283-0.03750199471667730.3177014958186870.5431142943812930.86041812962172.19163738181771-2.89885403012304e-050.0111803465764987.28670838071388e-060.6788518786651590.707122249375065
4098912692968521952.9817098014786712436.4112.981709809194139436.470.2
Calling iteration4:

optim results
time: 0
minimum: 51.3234686863357
150.717310083723-0.732556668487839-0.225399041032964-0.03587033348889720.3157080634173730.53970649918270.8562702288614081.99500941927723-8.7847292163097e-070.0111804024496898-9.88216489381001e-050.6635072558003270.718417283963462
EM algorithm done ...

Computing posterior probabilities for all segments ...

Total time:0minutes

Adjusting segmented data for cellularity ... 

Cellularity sample1: 1

Adjusting normalized data for cellularity ... 

Cellularity sample1: 1

1
41015176935348219.153817098014786712436.4112.981709809194139436.470.2
41015366935849219.153817098014786712436.4112.981709809194139436.470.2
41015336935843219.153817098014786712436.4112.981709809194139436.470.2
41015616936631219.153817098014786712436.4112.981709809194139436.470.2
41019886937586219.153817098014786712436.4112.981709809194139436.470.2
41019976937590219.153817098014786712436.4112.981709809194139436.470.2
41020066937594219.153817098014786712436.4112.981709809194139436.470.2
41020156937598219.153817098014786712436.4112.981709809194139436.470.2
41020246937602219.153817098014786712436.4112.981709809194139436.470.2
41020306937605219.153817098014786712436.4112.981709809194139436.470.2
41020496937837219.153817098014786712436.4112.981709809194139436.470.2
41024656938160219.153817098014786712436.4112.981709809194139436.470.2
FINISHED!

Total time:0minutes

There were 40 warnings (use warnings() to see them)
pdf 
  2 
[1] 1
            aligned_sim_transloc_reads332c10de-130b-4df7-83cf-9c80004546b2_nreads8000_sizedels1000
1:1-200                                                                                         57
1:201-400                                                                                       36
1:401-600                                                                                       43
1:601-800                                                                                       40
1:801-1000                                                                                      44
1:1001-1200                                                                                     40
1:1201-1400                                                                                     42
1:1401-1600                                                                                     41
1:1601-1800                                                                                     38
1:1801-2000                                                                                     37
1:2001-2200                                                                                     31
1:2201-2400                                                                                     17
1:2401-2600                                                                                     21
1:2601-2800                                                                                     22
1:2801-3000                                                                                     17
1:3001-3200                                                                                     40
1:3201-3400                                                                                     34
1:3401-3600                                                                                     37
1:3601-3800                                                                                     47
1:3801-4000                                                                                     45
1:4001-4200                                                                                     39
1:4201-4400                                                                                     50
1:4401-4600                                                                                     43
1:4601-4800                                                                                     45
1:4801-5000                                                                                     43
1:5001-5200                                                                                     40
1:5201-5400                                                                                     36
1:5401-5600                                                                                     40
1:5601-5800                                                                                     40
1:5801-6000                                                                                     41
1:6001-6200                                                                                     37
1:6201-6400                                                                                     37
1:6401-6600                                                                                     39
1:6601-6800                                                                                     52
1:6801-7000                                                                                     32
2:1-200                                                                                         60
2:201-400                                                                                       43
2:401-600                                                                                       43
2:601-800                                                                                       38
2:801-1000                                                                                      43
2:1001-1200                                                                                     41
2:1201-1400                                                                                     34
2:1401-1600                                                                                     34
2:1601-1800                                                                                     40
2:1801-2000                                                                                     48
2:2001-2200                                                                                     42
2:2201-2400                                                                                     50
2:2401-2600                                                                                     50
2:2601-2800                                                                                     57
2:2801-3000                                                                                     44
2:3001-3200                                                                                     41
2:3201-3400                                                                                     46
2:3401-3600                                                                                     49
2:3601-3800                                                                                     46
2:3801-4000                                                                                     44
2:4001-4200                                                                                     40
2:4201-4400                                                                                     53
2:4401-4600                                                                                     44
2:4601-4800                                                                                     41
2:4801-5000                                                                                     38
2:5001-5200                                                                                     45
2:5201-5400                                                                                     36
2:5401-5600                                                                                     37
2:5601-5800                                                                                     47
2:5801-6000                                                                                     31
3:1-200                                                                                         66
3:201-400                                                                                       43
3:401-600                                                                                       27
3:601-800                                                                                       41
3:801-1000                                                                                      42
3:1001-1200                                                                                     37
3:1201-1400                                                                                     37
3:1401-1600                                                                                     38
3:1601-1800                                                                                     44
3:1801-2000                                                                                     47
3:2001-2200                                                                                     45
3:2201-2400                                                                                     36
3:2401-2600                                                                                     43
3:2601-2800                                                                                     35
3:2801-3000                                                                                     46
3:3001-3200                                                                                     43
3:3201-3400                                                                                     41
3:3401-3600                                                                                     46
3:3601-3800                                                                                     36
3:3801-4000                                                                                     45
3:4001-4200                                                                                     41
3:4201-4400                                                                                     47
3:4401-4500                                                                                     22
4:1-200                                                                                         61
4:201-400                                                                                       38
4:401-600                                                                                       31
4:601-800                                                                                       35
4:801-1000                                                                                      26
4:1001-1200                                                                                     38
4:1201-1400                                                                                     26
4:1401-1600                                                                                     33
4:1601-1800                                                                                     31
4:1801-2000                                                                                     32
Smoothing outliers ...
Performing segmentation:
NA
[Fri Oct 29 11:49:30 2021]
Finished job 0.
1 of 1 steps (100%) done
