Building DAG of jobs...
Using shell: /usr/bin/bash
Provided cores: 1 (use --cores to define parallelism)
Rules claiming more threads will be scaled down.
Select jobs to execute...

[Fri Oct 29 11:49:14 2021]
rule segment:
    input: output/output_genome2/alignments/aligned_sim_transloc_readsc27768e7-f0bf-4a7b-96d8-22063bea52b0_nreads12000_sizedels1000.bam
    output: output/output_genome2/plots_segmented/plotCN_c27768e7-f0bf-4a7b-96d8-22063bea52b0_nreads12000_sizedels1000_ACE08cellularity.pdf
    jobid: 0
    wildcards: genome=genome2, name=c27768e7-f0bf-4a7b-96d8-22063bea52b0, nreads=12000, size_deletion=1000
    resources: mem_mb=1000, disk_mb=1000, tmpdir=/tmp

mkdir -p output/output_genome2/plots_segmented/; Rscript 4_segment.R --name c27768e7-f0bf-4a7b-96d8-22063bea52b0 --genome genome2 --size_deletion 1000 --nreads 12000
Loading required package: BiocGenerics
Loading required package: parallel

Attaching package: ‘BiocGenerics’

The following objects are masked from ‘package:parallel’:

    clusterApply, clusterApplyLB, clusterCall, clusterEvalQ,
    clusterExport, clusterMap, parApply, parCapply, parLapply,
    parLapplyLB, parRapply, parSapply, parSapplyLB

The following objects are masked from ‘package:stats’:

    IQR, mad, sd, var, xtabs

The following objects are masked from ‘package:base’:

    anyDuplicated, append, as.data.frame, basename, cbind, colnames,
    dirname, do.call, duplicated, eval, evalq, Filter, Find, get, grep,
    grepl, intersect, is.unsorted, lapply, Map, mapply, match, mget,
    order, paste, pmax, pmax.int, pmin, pmin.int, Position, rank,
    rbind, Reduce, rownames, sapply, setdiff, sort, table, tapply,
    union, unique, unsplit, which.max, which.min

Welcome to Bioconductor

    Vignettes contain introductory material; view with
    'browseVignettes()'. To cite Bioconductor, see
    'citation("Biobase")', and for packages 'citation("pkgname")'.

    aligned_sim_transloc_readsc27768e7-f0bf-4a7b-96d8-22063bea52b0_nreads12000_sizedels1000 (1 of 1): extracting reads ... binning ...
            aligned_sim_transloc_readsc27768e7-f0bf-4a7b-96d8-22063bea52b0_nreads12000_sizedels1000
1:1-200                                                                                         103
1:201-400                                                                                        66
1:401-600                                                                                        59
1:601-800                                                                                        39
1:801-1000                                                                                       69
1:1001-1200                                                                                      66
1:1201-1400                                                                                      64
1:1401-1600                                                                                      59
1:1601-1800                                                                                      69
1:1801-2000                                                                                      57
1:2001-2200                                                                                      73
1:2201-2400                                                                                      62
1:2401-2600                                                                                      40
1:2601-2800                                                                                      70
1:2801-3000                                                                                      67
1:3001-3200                                                                                      56
1:3201-3400                                                                                      55
1:3401-3600                                                                                      63
1:3601-3800                                                                                      60
1:3801-4000                                                                                      55
1:4001-4200                                                                                      53
1:4201-4400                                                                                      56
1:4401-4600                                                                                      54
1:4601-4800                                                                                      49
1:4801-5000                                                                                      72
1:5001-5200                                                                                      50
1:5201-5400                                                                                      77
1:5401-5600                                                                                      58
1:5601-5800                                                                                      66
1:5801-6000                                                                                      59
1:6001-6200                                                                                      69
1:6201-6400                                                                                      60
1:6401-6600                                                                                      64
1:6601-6800                                                                                      54
1:6801-7000                                                                                      59
2:1-200                                                                                         114
2:201-400                                                                                        72
2:401-600                                                                                        53
2:601-800                                                                                        49
2:801-1000                                                                                       55
2:1001-1200                                                                                      59
2:1201-1400                                                                                      64
2:1401-1600                                                                                      64
2:1601-1800                                                                                      51
2:1801-2000                                                                                      63
2:2001-2200                                                                                      54
2:2201-2400                                                                                      42
2:2401-2600                                                                                      69
2:2601-2800                                                                                      61
2:2801-3000                                                                                      71
2:3001-3200                                                                                      62
2:3201-3400                                                                                      56
2:3401-3600                                                                                      67
2:3601-3800                                                                                      48
2:3801-4000                                                                                      61
2:4001-4200                                                                                      52
2:4201-4400                                                                                      61
2:4401-4600                                                                                      69
2:4601-4800                                                                                      73
2:4801-5000                                                                                      68
2:5001-5200                                                                                      55
2:5201-5400                                                                                      47
2:5401-5600                                                                                      52
2:5601-5800                                                                                      55
2:5801-6000                                                                                      66
3:1-200                                                                                         102
3:201-400                                                                                        56
3:401-600                                                                                        59
3:601-800                                                                                        46
3:801-1000                                                                                       60
3:1001-1200                                                                                      52
3:1201-1400                                                                                      49
3:1401-1600                                                                                      68
3:1601-1800                                                                                      55
3:1801-2000                                                                                      50
3:2001-2200                                                                                      63
3:2201-2400                                                                                      67
3:2401-2600                                                                                      51
3:2601-2800                                                                                      35
3:2801-3000                                                                                      37
3:3001-3200                                                                                      34
3:3201-3400                                                                                      36
3:3401-3600                                                                                      51
3:3601-3800                                                                                      51
3:3801-4000                                                                                      49
3:4001-4200                                                                                      65
3:4201-4400                                                                                      55
3:4401-4500                                                                                      20
4:1-200                                                                                         113
4:201-400                                                                                        50
4:401-600                                                                                        66
4:601-800                                                                                        50
4:801-1000                                                                                       59
4:1001-1200                                                                                      68
4:1201-1400                                                                                      55
4:1401-1600                                                                                      54
4:1601-1800                                                                                      54
4:1801-2000                                                                                      53
[1] 5818
Calculating correction for GC content and mappability
    Calculating fit for sample aligned_sim_transloc_readsc27768e7-f0bf-4a7b-96d8-22063bea52b0_nreads12000_sizedels1000 (1 of 1) ...
Done.
Applying median normalization ...
Smoothing outliers ...
Performing segmentation:
NA
[1] "chromosome" "start"      "end"        "bases"      "gc"        
[6] "6"          "7"         
[1] "chromosome"  "start"       "end"         "bases"       "gc"         
[6] "mappability" "use"        
[1] "chromosome"  "start"       "end"         "bases"       "gc"         
[6] "mappability" "use"        
[1] "chromosome"  "start"       "end"         "bases"       "gc"         
[6] "mappability" "use"        
EM algorithm started ... 

[1] "Total number of segments present in the data: 4"
[1] "Number of segments used for fitting the model: 4"
40974076926265218.952.9817098014786712436.4112.981709809194166436.470.2
Calling iteration1:

optim results
time: 0
minimum: 49.2410436301635
149.0819980536001-0.720549211814939-0.219913673010564-0.004879707416113020.2830470312151080.4838720958457350.98849131876890.01298238863395049.33256829617025e-060.01118038664918027.85614784241482e-050.07254143523712760.0822111511893105
4098912692968621952.9817098014786712436.4112.981709809194166436.470.2
Calling iteration2:

optim results
time: 0
minimum: 49.2476306891927
149.0819917169323-0.718725542283162-0.219776775520511-0.00493651603950710.2658713339682630.454510047465420.9547150432267630.0430285067513301-1.59967622949396e-050.01118034484988079.57082491841191e-060.1162020958170310.148035357910434
4098912692968621952.9817098014786712436.4112.981709809194166436.470.2
Calling iteration3:

optim results
time: 0
minimum: 49.2481601437018
149.0819917041461-0.718725542283162-0.219776775520511-0.00493651603950710.2341555360974550.4002915328910520.9004965286523950.0430285067513301-1.59967622949396e-050.01118034484988079.57082491841191e-060.1162020958170310.148035357910434
4098912692968621952.9817098014786712436.4112.981709809194166436.470.2
Calling iteration4:

optim results
time: 0
minimum: 49.2481641888271
149.0819917039989-0.718725542283162-0.219776775520511-0.00493651603950710.2085040280018430.356439990161410.8566449859227540.0430285067513301-1.59967622949396e-050.01118034484988079.57082491841191e-060.1162020958170310.148035357910434
4098912692968621952.9817098014786712436.4112.981709809194166436.470.2
Calling iteration5:

optim results
time: 0
minimum: 49.2481643631219
149.0819917039952-0.718725542283162-0.219776775520511-0.00493651603950710.1868941315140750.3194976281106350.8197026238719780.0430285067513301-1.59967622949396e-050.01118034484988079.57082491841191e-060.1162020958170310.148035357910434
4098912692968621952.9817098014786712436.4112.981709809194166436.470.2
Calling iteration6:

optim results
time: 0
minimum: 49.248164370616
149.0819917039951-0.718725542283162-0.219776775520511-0.00493651603950710.1868941315140750.3194976281106350.8197026238719780.0430285067513301-1.59967622949396e-050.01118034484988079.57082491841191e-060.1162020958170310.148035357910434
EM algorithm done ...

Computing posterior probabilities for all segments ...

Total time:0minutes

Adjusting segmented data for cellularity ... 

Cellularity sample1: 1

Adjusting normalized data for cellularity ... 

Cellularity sample1: 1

1
41015176935348219.153817098014786712436.4112.981709809194166436.470.2
41015366935849219.153817098014786712436.4112.981709809194166436.470.2
41015336935843219.153817098014786712436.4112.981709809194166436.470.2
41015616936631219.153817098014786712436.4112.981709809194166436.470.2
41019886937586219.153817098014786712436.4112.981709809194166436.470.2
41019976937590219.153817098014786712436.4112.981709809194166436.470.2
41020066937594219.153817098014786712436.4112.981709809194166436.470.2
41020156937598219.153817098014786712436.4112.981709809194166436.470.2
41020246937602219.153817098014786712436.4112.981709809194166436.470.2
41020306937605219.153817098014786712436.4112.981709809194166436.470.2
41020496937837219.153817098014786712436.4112.981709809194166436.470.2
41024656938160219.153817098014786712436.4112.981709809194166436.470.2
FINISHED!

Total time:0minutes

There were 50 or more warnings (use warnings() to see the first 50)
pdf 
  2 
[1] 1
            aligned_sim_transloc_readsc27768e7-f0bf-4a7b-96d8-22063bea52b0_nreads12000_sizedels1000
1:1-200                                                                                         103
1:201-400                                                                                        66
1:401-600                                                                                        59
1:601-800                                                                                        39
1:801-1000                                                                                       69
1:1001-1200                                                                                      66
1:1201-1400                                                                                      64
1:1401-1600                                                                                      59
1:1601-1800                                                                                      69
1:1801-2000                                                                                      57
1:2001-2200                                                                                      73
1:2201-2400                                                                                      62
1:2401-2600                                                                                      40
1:2601-2800                                                                                      70
1:2801-3000                                                                                      67
1:3001-3200                                                                                      56
1:3201-3400                                                                                      55
1:3401-3600                                                                                      63
1:3601-3800                                                                                      60
1:3801-4000                                                                                      55
1:4001-4200                                                                                      53
1:4201-4400                                                                                      56
1:4401-4600                                                                                      54
1:4601-4800                                                                                      49
1:4801-5000                                                                                      72
1:5001-5200                                                                                      50
1:5201-5400                                                                                      77
1:5401-5600                                                                                      58
1:5601-5800                                                                                      66
1:5801-6000                                                                                      59
1:6001-6200                                                                                      69
1:6201-6400                                                                                      60
1:6401-6600                                                                                      64
1:6601-6800                                                                                      54
1:6801-7000                                                                                      59
2:1-200                                                                                         114
2:201-400                                                                                        72
2:401-600                                                                                        53
2:601-800                                                                                        49
2:801-1000                                                                                       55
2:1001-1200                                                                                      59
2:1201-1400                                                                                      64
2:1401-1600                                                                                      64
2:1601-1800                                                                                      51
2:1801-2000                                                                                      63
2:2001-2200                                                                                      54
2:2201-2400                                                                                      42
2:2401-2600                                                                                      69
2:2601-2800                                                                                      61
2:2801-3000                                                                                      71
2:3001-3200                                                                                      62
2:3201-3400                                                                                      56
2:3401-3600                                                                                      67
2:3601-3800                                                                                      48
2:3801-4000                                                                                      61
2:4001-4200                                                                                      52
2:4201-4400                                                                                      61
2:4401-4600                                                                                      69
2:4601-4800                                                                                      73
2:4801-5000                                                                                      68
2:5001-5200                                                                                      55
2:5201-5400                                                                                      47
2:5401-5600                                                                                      52
2:5601-5800                                                                                      55
2:5801-6000                                                                                      66
3:1-200                                                                                         102
3:201-400                                                                                        56
3:401-600                                                                                        59
3:601-800                                                                                        46
3:801-1000                                                                                       60
3:1001-1200                                                                                      52
3:1201-1400                                                                                      49
3:1401-1600                                                                                      68
3:1601-1800                                                                                      55
3:1801-2000                                                                                      50
3:2001-2200                                                                                      63
3:2201-2400                                                                                      67
3:2401-2600                                                                                      51
3:2601-2800                                                                                      35
3:2801-3000                                                                                      37
3:3001-3200                                                                                      34
3:3201-3400                                                                                      36
3:3401-3600                                                                                      51
3:3601-3800                                                                                      51
3:3801-4000                                                                                      49
3:4001-4200                                                                                      65
3:4201-4400                                                                                      55
3:4401-4500                                                                                      40
4:1-200                                                                                         113
4:201-400                                                                                        50
4:401-600                                                                                        66
4:601-800                                                                                        50
4:801-1000                                                                                       59
4:1001-1200                                                                                      68
4:1201-1400                                                                                      55
4:1401-1600                                                                                      54
4:1601-1800                                                                                      54
4:1801-2000                                                                                      53
Smoothing outliers ...
Performing segmentation:
NA
[Fri Oct 29 11:49:31 2021]
Finished job 0.
1 of 1 steps (100%) done
