Building DAG of jobs...
Using shell: /usr/bin/bash
Provided cores: 1 (use --cores to define parallelism)
Rules claiming more threads will be scaled down.
Select jobs to execute...

[Fri Oct 29 11:49:14 2021]
rule segment:
    input: output/output_genome2/alignments/aligned_sim_transloc_readsd727e4ce-de2c-4b2c-9f88-9dbc3027542d_nreads12000_sizedels500.bam
    output: output/output_genome2/plots_segmented/plotCN_d727e4ce-de2c-4b2c-9f88-9dbc3027542d_nreads12000_sizedels500_ACE08cellularity.pdf
    jobid: 0
    wildcards: genome=genome2, name=d727e4ce-de2c-4b2c-9f88-9dbc3027542d, nreads=12000, size_deletion=500
    resources: mem_mb=1000, disk_mb=1000, tmpdir=/tmp

mkdir -p output/output_genome2/plots_segmented/; Rscript 4_segment.R --name d727e4ce-de2c-4b2c-9f88-9dbc3027542d --genome genome2 --size_deletion 500 --nreads 12000
Loading required package: BiocGenerics
Loading required package: parallel

Attaching package: ‘BiocGenerics’

The following objects are masked from ‘package:parallel’:

    clusterApply, clusterApplyLB, clusterCall, clusterEvalQ,
    clusterExport, clusterMap, parApply, parCapply, parLapply,
    parLapplyLB, parRapply, parSapply, parSapplyLB

The following objects are masked from ‘package:stats’:

    IQR, mad, sd, var, xtabs

The following objects are masked from ‘package:base’:

    anyDuplicated, append, as.data.frame, basename, cbind, colnames,
    dirname, do.call, duplicated, eval, evalq, Filter, Find, get, grep,
    grepl, intersect, is.unsorted, lapply, Map, mapply, match, mget,
    order, paste, pmax, pmax.int, pmin, pmin.int, Position, rank,
    rbind, Reduce, rownames, sapply, setdiff, sort, table, tapply,
    union, unique, unsplit, which.max, which.min

Welcome to Bioconductor

    Vignettes contain introductory material; view with
    'browseVignettes()'. To cite Bioconductor, see
    'citation("Biobase")', and for packages 'citation("pkgname")'.

    aligned_sim_transloc_readsd727e4ce-de2c-4b2c-9f88-9dbc3027542d_nreads12000_sizedels500 (1 of 1): extracting reads ... binning ...
            aligned_sim_transloc_readsd727e4ce-de2c-4b2c-9f88-9dbc3027542d_nreads12000_sizedels500
1:1-200                                                                                        109
1:201-400                                                                                       68
1:401-600                                                                                       64
1:601-800                                                                                       63
1:801-1000                                                                                      60
1:1001-1200                                                                                     67
1:1201-1400                                                                                     70
1:1401-1600                                                                                     61
1:1601-1800                                                                                     65
1:1801-2000                                                                                     56
1:2001-2200                                                                                     62
1:2201-2400                                                                                     57
1:2401-2600                                                                                     55
1:2601-2800                                                                                     66
1:2801-3000                                                                                     58
1:3001-3200                                                                                     73
1:3201-3400                                                                                     69
1:3401-3600                                                                                     59
1:3601-3800                                                                                     55
1:3801-4000                                                                                     50
1:4001-4200                                                                                     63
1:4201-4400                                                                                     61
1:4401-4600                                                                                     58
1:4601-4800                                                                                     65
1:4801-5000                                                                                     52
1:5001-5200                                                                                     57
1:5201-5400                                                                                     66
1:5401-5600                                                                                     59
1:5601-5800                                                                                     51
1:5801-6000                                                                                     64
1:6001-6200                                                                                     58
1:6201-6400                                                                                     69
1:6401-6600                                                                                     52
1:6601-6800                                                                                     59
1:6801-7000                                                                                     42
2:1-200                                                                                        106
2:201-400                                                                                       71
2:401-600                                                                                       55
2:601-800                                                                                       48
2:801-1000                                                                                      62
2:1001-1200                                                                                     73
2:1201-1400                                                                                     56
2:1401-1600                                                                                     51
2:1601-1800                                                                                     65
2:1801-2000                                                                                     60
2:2001-2200                                                                                     62
2:2201-2400                                                                                     51
2:2401-2600                                                                                     56
2:2601-2800                                                                                     55
2:2801-3000                                                                                     68
2:3001-3200                                                                                     57
2:3201-3400                                                                                     57
2:3401-3600                                                                                     65
2:3601-3800                                                                                     62
2:3801-4000                                                                                     62
2:4001-4200                                                                                     58
2:4201-4400                                                                                     59
2:4401-4600                                                                                     64
2:4601-4800                                                                                     61
2:4801-5000                                                                                     60
2:5001-5200                                                                                     65
2:5201-5400                                                                                     87
2:5401-5600                                                                                     63
2:5601-5800                                                                                     56
2:5801-6000                                                                                     41
3:1-200                                                                                         85
3:201-400                                                                                       52
3:401-600                                                                                       48
3:601-800                                                                                       44
3:801-1000                                                                                      46
3:1001-1200                                                                                     78
3:1201-1400                                                                                     54
3:1401-1600                                                                                     53
3:1601-1800                                                                                     63
3:1801-2000                                                                                     81
3:2001-2200                                                                                     65
3:2201-2400                                                                                     61
3:2401-2600                                                                                     56
3:2601-2800                                                                                     52
3:2801-3000                                                                                     74
3:3001-3200                                                                                     58
3:3201-3400                                                                                     57
3:3401-3600                                                                                     71
3:3601-3800                                                                                     69
3:3801-4000                                                                                     52
3:4001-4200                                                                                     68
3:4201-4400                                                                                     63
3:4401-4500                                                                                     18
4:1-200                                                                                        101
4:201-400                                                                                       57
4:401-600                                                                                       69
4:601-800                                                                                       47
4:801-1000                                                                                      42
4:1001-1200                                                                                     36
4:1201-1400                                                                                     63
4:1401-1600                                                                                     51
4:1601-1800                                                                                     69
4:1801-2000                                                                                     62
[1] 5984
Calculating correction for GC content and mappability
    Calculating fit for sample aligned_sim_transloc_readsd727e4ce-de2c-4b2c-9f88-9dbc3027542d_nreads12000_sizedels500 (1 of 1) ...
Done.
Applying median normalization ...
Smoothing outliers ...
Performing segmentation:
NA
[1] "chromosome" "start"      "end"        "bases"      "gc"        
[6] "6"          "7"         
[1] "chromosome"  "start"       "end"         "bases"       "gc"         
[6] "mappability" "use"        
[1] "chromosome"  "start"       "end"         "bases"       "gc"         
[6] "mappability" "use"        
[1] "chromosome"  "start"       "end"         "bases"       "gc"         
[6] "mappability" "use"        
EM algorithm started ... 

[1] "Total number of segments present in the data: 4"
[1] "Number of segments used for fitting the model: 4"
40974076926264218.952.9817098014786712436.4112.981709809194151436.470.2
Calling iteration1:

optim results
time: 0
minimum: 47.1603699850205
147.1487639704887-0.757855397307783-0.288806348821358-0.01989200764463880.2950478430378420.5043876191620830.9980037452969760.04434003603633481.32725704588981e-050.01118035774035195.37828362053154e-050.2695925401993760.270197169750047
4098912692968521952.9817098014786712436.4112.981709809194151436.470.2
Calling iteration2:

optim results
time: 0
minimum: 47.148823970498
147.148587895022-0.658874623237676-0.137921344766855-0.01989229039918050.2369618710962760.4050889942588530.8274511566926370.4998937764380393.14488576497339e-050.0111803565333423.65035182195746e-051.113677255426091.15918344458624
4098912692968521952.9817098014786712436.4112.981709809194151436.470.2
Calling iteration3:

optim results
time: 0
minimum: 47.1489841214014
147.1485536566844-0.657518181853555-0.10033341599443-0.01990430373953550.3583523155261460.6126073296738850.9575903037783482.117624300993571.18916417938314e-060.0111803441285881.31407407022639e-063.128623242460243.12862461992483
4098912692968521952.9817098014786712436.4112.981709809194151436.470.2
Calling iteration4:

optim results
time: 0
minimum: 47.1489363046829
147.1485445794306-0.657334487670495-0.100149721811371-0.01990430373953550.3583523155261460.6126073296738850.9575903037783482.117624300993571.18916417938314e-060.0111803441285881.31407407022639e-063.128623242460243.12862461992483
EM algorithm done ...

Computing posterior probabilities for all segments ...

Total time:0minutes

Adjusting segmented data for cellularity ... 

Cellularity sample1: 1

Adjusting normalized data for cellularity ... 

Cellularity sample1: 1

1
41015176935348219.153817098014786712436.4112.981709809194151436.470.2
41015366935849219.153817098014786712436.4112.981709809194151436.470.2
41015336935843219.153817098014786712436.4112.981709809194151436.470.2
41015616936631219.153817098014786712436.4112.981709809194151436.470.2
41019886937586219.153817098014786712436.4112.981709809194151436.470.2
41019976937590219.153817098014786712436.4112.981709809194151436.470.2
41020066937594219.153817098014786712436.4112.981709809194151436.470.2
41020156937598219.153817098014786712436.4112.981709809194151436.470.2
41020246937602219.153817098014786712436.4112.981709809194151436.470.2
41020306937605219.153817098014786712436.4112.981709809194151436.470.2
41020496937837219.153817098014786712436.4112.981709809194151436.470.2
41024656938160219.153817098014786712436.4112.981709809194151436.470.2
FINISHED!

Total time:0minutes

There were 40 warnings (use warnings() to see them)
pdf 
  2 
[1] 1
            aligned_sim_transloc_readsd727e4ce-de2c-4b2c-9f88-9dbc3027542d_nreads12000_sizedels500
1:1-200                                                                                        109
1:201-400                                                                                       68
1:401-600                                                                                       64
1:601-800                                                                                       63
1:801-1000                                                                                      60
1:1001-1200                                                                                     67
1:1201-1400                                                                                     70
1:1401-1600                                                                                     61
1:1601-1800                                                                                     65
1:1801-2000                                                                                     56
1:2001-2200                                                                                     62
1:2201-2400                                                                                     57
1:2401-2600                                                                                     55
1:2601-2800                                                                                     66
1:2801-3000                                                                                     58
1:3001-3200                                                                                     73
1:3201-3400                                                                                     69
1:3401-3600                                                                                     59
1:3601-3800                                                                                     55
1:3801-4000                                                                                     50
1:4001-4200                                                                                     63
1:4201-4400                                                                                     61
1:4401-4600                                                                                     58
1:4601-4800                                                                                     65
1:4801-5000                                                                                     52
1:5001-5200                                                                                     57
1:5201-5400                                                                                     66
1:5401-5600                                                                                     59
1:5601-5800                                                                                     51
1:5801-6000                                                                                     64
1:6001-6200                                                                                     58
1:6201-6400                                                                                     69
1:6401-6600                                                                                     52
1:6601-6800                                                                                     59
1:6801-7000                                                                                     42
2:1-200                                                                                        106
2:201-400                                                                                       71
2:401-600                                                                                       55
2:601-800                                                                                       48
2:801-1000                                                                                      62
2:1001-1200                                                                                     73
2:1201-1400                                                                                     56
2:1401-1600                                                                                     51
2:1601-1800                                                                                     65
2:1801-2000                                                                                     60
2:2001-2200                                                                                     62
2:2201-2400                                                                                     51
2:2401-2600                                                                                     56
2:2601-2800                                                                                     55
2:2801-3000                                                                                     68
2:3001-3200                                                                                     57
2:3201-3400                                                                                     57
2:3401-3600                                                                                     65
2:3601-3800                                                                                     62
2:3801-4000                                                                                     62
2:4001-4200                                                                                     58
2:4201-4400                                                                                     59
2:4401-4600                                                                                     64
2:4601-4800                                                                                     61
2:4801-5000                                                                                     60
2:5001-5200                                                                                     65
2:5201-5400                                                                                     87
2:5401-5600                                                                                     63
2:5601-5800                                                                                     56
2:5801-6000                                                                                     41
3:1-200                                                                                         85
3:201-400                                                                                       52
3:401-600                                                                                       48
3:601-800                                                                                       44
3:801-1000                                                                                      46
3:1001-1200                                                                                     78
3:1201-1400                                                                                     54
3:1401-1600                                                                                     53
3:1601-1800                                                                                     63
3:1801-2000                                                                                     81
3:2001-2200                                                                                     65
3:2201-2400                                                                                     61
3:2401-2600                                                                                     56
3:2601-2800                                                                                     52
3:2801-3000                                                                                     74
3:3001-3200                                                                                     58
3:3201-3400                                                                                     57
3:3401-3600                                                                                     71
3:3601-3800                                                                                     69
3:3801-4000                                                                                     52
3:4001-4200                                                                                     68
3:4201-4400                                                                                     63
3:4401-4500                                                                                     36
4:1-200                                                                                        101
4:201-400                                                                                       57
4:401-600                                                                                       69
4:601-800                                                                                       47
4:801-1000                                                                                      42
4:1001-1200                                                                                     36
4:1201-1400                                                                                     63
4:1401-1600                                                                                     51
4:1601-1800                                                                                     69
4:1801-2000                                                                                     62
Smoothing outliers ...
Performing segmentation:
NA
[Fri Oct 29 11:49:30 2021]
Finished job 0.
1 of 1 steps (100%) done
