Building DAG of jobs...
Using shell: /usr/bin/bash
Provided cores: 1 (use --cores to define parallelism)
Rules claiming more threads will be scaled down.
Select jobs to execute...

[Fri Oct 29 11:49:13 2021]
rule segment:
    input: output/output_genome2/alignments/aligned_sim_transloc_readsffac781d-60f0-4119-b50e-641cb192eb3a_nreads8000_sizedels200.bam
    output: output/output_genome2/plots_segmented/plotCN_ffac781d-60f0-4119-b50e-641cb192eb3a_nreads8000_sizedels200_ACE08cellularity.pdf
    jobid: 0
    wildcards: genome=genome2, name=ffac781d-60f0-4119-b50e-641cb192eb3a, nreads=8000, size_deletion=200
    resources: mem_mb=1000, disk_mb=1000, tmpdir=/tmp

mkdir -p output/output_genome2/plots_segmented/; Rscript 4_segment.R --name ffac781d-60f0-4119-b50e-641cb192eb3a --genome genome2 --size_deletion 200 --nreads 8000
Loading required package: BiocGenerics
Loading required package: parallel

Attaching package: ‘BiocGenerics’

The following objects are masked from ‘package:parallel’:

    clusterApply, clusterApplyLB, clusterCall, clusterEvalQ,
    clusterExport, clusterMap, parApply, parCapply, parLapply,
    parLapplyLB, parRapply, parSapply, parSapplyLB

The following objects are masked from ‘package:stats’:

    IQR, mad, sd, var, xtabs

The following objects are masked from ‘package:base’:

    anyDuplicated, append, as.data.frame, basename, cbind, colnames,
    dirname, do.call, duplicated, eval, evalq, Filter, Find, get, grep,
    grepl, intersect, is.unsorted, lapply, Map, mapply, match, mget,
    order, paste, pmax, pmax.int, pmin, pmin.int, Position, rank,
    rbind, Reduce, rownames, sapply, setdiff, sort, table, tapply,
    union, unique, unsplit, which.max, which.min

Welcome to Bioconductor

    Vignettes contain introductory material; view with
    'browseVignettes()'. To cite Bioconductor, see
    'citation("Biobase")', and for packages 'citation("pkgname")'.

    aligned_sim_transloc_readsffac781d-60f0-4119-b50e-641cb192eb3a_nreads8000_sizedels200 (1 of 1): extracting reads ... binning ...
            aligned_sim_transloc_readsffac781d-60f0-4119-b50e-641cb192eb3a_nreads8000_sizedels200
1:1-200                                                                                        64
1:201-400                                                                                      41
1:401-600                                                                                      38
1:601-800                                                                                      43
1:801-1000                                                                                     43
1:1001-1200                                                                                    57
1:1201-1400                                                                                    54
1:1401-1600                                                                                    40
1:1601-1800                                                                                    37
1:1801-2000                                                                                    44
1:2001-2200                                                                                    48
1:2201-2400                                                                                    44
1:2401-2600                                                                                    41
1:2601-2800                                                                                    28
1:2801-3000                                                                                    41
1:3001-3200                                                                                    36
1:3201-3400                                                                                    44
1:3401-3600                                                                                    46
1:3601-3800                                                                                    39
1:3801-4000                                                                                    42
1:4001-4200                                                                                    32
1:4201-4400                                                                                    31
1:4401-4600                                                                                    41
1:4601-4800                                                                                    36
1:4801-5000                                                                                    40
1:5001-5200                                                                                    39
1:5201-5400                                                                                    42
1:5401-5600                                                                                    39
1:5601-5800                                                                                    43
1:5801-6000                                                                                    30
1:6001-6200                                                                                    40
1:6201-6400                                                                                    28
1:6401-6600                                                                                    50
1:6601-6800                                                                                    41
1:6801-7000                                                                                    31
2:1-200                                                                                        78
2:201-400                                                                                      39
2:401-600                                                                                      39
2:601-800                                                                                      36
2:801-1000                                                                                     40
2:1001-1200                                                                                    49
2:1201-1400                                                                                    48
2:1401-1600                                                                                    34
2:1601-1800                                                                                    44
2:1801-2000                                                                                    34
2:2001-2200                                                                                    35
2:2201-2400                                                                                    39
2:2401-2600                                                                                    35
2:2601-2800                                                                                    39
2:2801-3000                                                                                    40
2:3001-3200                                                                                    45
2:3201-3400                                                                                    27
2:3401-3600                                                                                    45
2:3601-3800                                                                                    31
2:3801-4000                                                                                    44
2:4001-4200                                                                                    32
2:4201-4400                                                                                    40
2:4401-4600                                                                                    34
2:4601-4800                                                                                    45
2:4801-5000                                                                                    45
2:5001-5200                                                                                    33
2:5201-5400                                                                                    41
2:5401-5600                                                                                    48
2:5601-5800                                                                                    39
2:5801-6000                                                                                    20
3:1-200                                                                                        56
3:201-400                                                                                      38
3:401-600                                                                                      40
3:601-800                                                                                      37
3:801-1000                                                                                     40
3:1001-1200                                                                                    40
3:1201-1400                                                                                    36
3:1401-1600                                                                                    35
3:1601-1800                                                                                    43
3:1801-2000                                                                                    34
3:2001-2200                                                                                    45
3:2201-2400                                                                                    32
3:2401-2600                                                                                    47
3:2601-2800                                                                                    29
3:2801-3000                                                                                    49
3:3001-3200                                                                                    44
3:3201-3400                                                                                    30
3:3401-3600                                                                                    37
3:3601-3800                                                                                    45
3:3801-4000                                                                                    41
3:4001-4200                                                                                    42
3:4201-4400                                                                                    32
3:4401-4500                                                                                     7
4:1-200                                                                                        61
4:201-400                                                                                      34
4:401-600                                                                                      42
4:601-800                                                                                      38
4:801-1000                                                                                     32
4:1001-1200                                                                                    27
4:1201-1400                                                                                    41
4:1401-1600                                                                                    49
4:1601-1800                                                                                    36
4:1801-2000                                                                                    40
[1] 3910
Calculating correction for GC content and mappability
    Calculating fit for sample aligned_sim_transloc_readsffac781d-60f0-4119-b50e-641cb192eb3a_nreads8000_sizedels200 (1 of 1) ...
Done.
Applying median normalization ...
Smoothing outliers ...
Performing segmentation:
NA
[1] "chromosome" "start"      "end"        "bases"      "gc"        
[6] "6"          "7"         
[1] "chromosome"  "start"       "end"         "bases"       "gc"         
[6] "mappability" "use"        
[1] "chromosome"  "start"       "end"         "bases"       "gc"         
[6] "mappability" "use"        
[1] "chromosome"  "start"       "end"         "bases"       "gc"         
[6] "mappability" "use"        
EM algorithm started ... 

[1] "Total number of segments present in the data: 4"
[1] "Number of segments used for fitting the model: 4"
40974076926264218.952.9817098014786712436.4112.981709809194157436.470.2
Calling iteration1:

optim results
time: 0
minimum: 47.7097378933836
147.705927143205-0.787387605936536-0.2867853657049510.001535134439618540.2904864114410560.496589800342650.9966552273700320.0751652674351745-2.47745843076285e-050.011180383221687.35374541439695e-050.06625573900335750.0673211246818086
EM algorithm done ...

Computing posterior probabilities for all segments ...

Total time:0minutes

Adjusting segmented data for cellularity ... 

Cellularity sample1: 1

Adjusting normalized data for cellularity ... 

Cellularity sample1: 1

1
41015176935348219.153817098014786712436.4112.981709809194157436.470.2
41015366935849219.153817098014786712436.4112.981709809194157436.470.2
41015336935843219.153817098014786712436.4112.981709809194157436.470.2
41015616936631219.153817098014786712436.4112.981709809194157436.470.2
41019886937586219.153817098014786712436.4112.981709809194157436.470.2
41019976937590219.153817098014786712436.4112.981709809194157436.470.2
41020066937594219.153817098014786712436.4112.981709809194157436.470.2
41020156937598219.153817098014786712436.4112.981709809194157436.470.2
41020246937602219.153817098014786712436.4112.981709809194157436.470.2
41020306937605219.153817098014786712436.4112.981709809194157436.470.2
41020496937837219.153817098014786712436.4112.981709809194157436.470.2
41024656938160219.153817098014786712436.4112.981709809194157436.470.2
FINISHED!

Total time:0minutes

There were 16 warnings (use warnings() to see them)
pdf 
  2 
[1] 1
            aligned_sim_transloc_readsffac781d-60f0-4119-b50e-641cb192eb3a_nreads8000_sizedels200
1:1-200                                                                                        64
1:201-400                                                                                      41
1:401-600                                                                                      38
1:601-800                                                                                      43
1:801-1000                                                                                     43
1:1001-1200                                                                                    57
1:1201-1400                                                                                    54
1:1401-1600                                                                                    40
1:1601-1800                                                                                    37
1:1801-2000                                                                                    44
1:2001-2200                                                                                    48
1:2201-2400                                                                                    44
1:2401-2600                                                                                    41
1:2601-2800                                                                                    28
1:2801-3000                                                                                    41
1:3001-3200                                                                                    36
1:3201-3400                                                                                    44
1:3401-3600                                                                                    46
1:3601-3800                                                                                    39
1:3801-4000                                                                                    42
1:4001-4200                                                                                    32
1:4201-4400                                                                                    31
1:4401-4600                                                                                    41
1:4601-4800                                                                                    36
1:4801-5000                                                                                    40
1:5001-5200                                                                                    39
1:5201-5400                                                                                    42
1:5401-5600                                                                                    39
1:5601-5800                                                                                    43
1:5801-6000                                                                                    30
1:6001-6200                                                                                    40
1:6201-6400                                                                                    28
1:6401-6600                                                                                    50
1:6601-6800                                                                                    41
1:6801-7000                                                                                    31
2:1-200                                                                                        78
2:201-400                                                                                      39
2:401-600                                                                                      39
2:601-800                                                                                      36
2:801-1000                                                                                     40
2:1001-1200                                                                                    49
2:1201-1400                                                                                    48
2:1401-1600                                                                                    34
2:1601-1800                                                                                    44
2:1801-2000                                                                                    34
2:2001-2200                                                                                    35
2:2201-2400                                                                                    39
2:2401-2600                                                                                    35
2:2601-2800                                                                                    39
2:2801-3000                                                                                    40
2:3001-3200                                                                                    45
2:3201-3400                                                                                    27
2:3401-3600                                                                                    45
2:3601-3800                                                                                    31
2:3801-4000                                                                                    44
2:4001-4200                                                                                    32
2:4201-4400                                                                                    40
2:4401-4600                                                                                    34
2:4601-4800                                                                                    45
2:4801-5000                                                                                    45
2:5001-5200                                                                                    33
2:5201-5400                                                                                    41
2:5401-5600                                                                                    48
2:5601-5800                                                                                    39
2:5801-6000                                                                                    20
3:1-200                                                                                        56
3:201-400                                                                                      38
3:401-600                                                                                      40
3:601-800                                                                                      37
3:801-1000                                                                                     40
3:1001-1200                                                                                    40
3:1201-1400                                                                                    36
3:1401-1600                                                                                    35
3:1601-1800                                                                                    43
3:1801-2000                                                                                    34
3:2001-2200                                                                                    45
3:2201-2400                                                                                    32
3:2401-2600                                                                                    47
3:2601-2800                                                                                    29
3:2801-3000                                                                                    49
3:3001-3200                                                                                    44
3:3201-3400                                                                                    30
3:3401-3600                                                                                    37
3:3601-3800                                                                                    45
3:3801-4000                                                                                    41
3:4001-4200                                                                                    42
3:4201-4400                                                                                    32
3:4401-4500                                                                                    14
4:1-200                                                                                        61
4:201-400                                                                                      34
4:401-600                                                                                      42
4:601-800                                                                                      38
4:801-1000                                                                                     32
4:1001-1200                                                                                    27
4:1201-1400                                                                                    41
4:1401-1600                                                                                    49
4:1601-1800                                                                                    36
4:1801-2000                                                                                    40
Smoothing outliers ...
Performing segmentation:
NA
[Fri Oct 29 11:49:27 2021]
Finished job 0.
1 of 1 steps (100%) done
