Building DAG of jobs...
Using shell: /usr/bin/bash
Provided cores: 1 (use --cores to define parallelism)
Rules claiming more threads will be scaled down.
Select jobs to execute...

[Fri Oct 29 11:49:15 2021]
rule segment:
    input: output/output_genome2/alignments/aligned_sim_transloc_reads316dbcd5-2e0c-4976-9fe2-c05bce116c0f_nreads8000_sizedels1000.bam
    output: output/output_genome2/plots_segmented/plotCN_316dbcd5-2e0c-4976-9fe2-c05bce116c0f_nreads8000_sizedels1000_ACE08cellularity.pdf
    jobid: 0
    wildcards: genome=genome2, name=316dbcd5-2e0c-4976-9fe2-c05bce116c0f, nreads=8000, size_deletion=1000
    resources: mem_mb=1000, disk_mb=1000, tmpdir=/tmp

mkdir -p output/output_genome2/plots_segmented/; Rscript 4_segment.R --name 316dbcd5-2e0c-4976-9fe2-c05bce116c0f --genome genome2 --size_deletion 1000 --nreads 8000
Loading required package: BiocGenerics
Loading required package: parallel

Attaching package: ‘BiocGenerics’

The following objects are masked from ‘package:parallel’:

    clusterApply, clusterApplyLB, clusterCall, clusterEvalQ,
    clusterExport, clusterMap, parApply, parCapply, parLapply,
    parLapplyLB, parRapply, parSapply, parSapplyLB

The following objects are masked from ‘package:stats’:

    IQR, mad, sd, var, xtabs

The following objects are masked from ‘package:base’:

    anyDuplicated, append, as.data.frame, basename, cbind, colnames,
    dirname, do.call, duplicated, eval, evalq, Filter, Find, get, grep,
    grepl, intersect, is.unsorted, lapply, Map, mapply, match, mget,
    order, paste, pmax, pmax.int, pmin, pmin.int, Position, rank,
    rbind, Reduce, rownames, sapply, setdiff, sort, table, tapply,
    union, unique, unsplit, which.max, which.min

Welcome to Bioconductor

    Vignettes contain introductory material; view with
    'browseVignettes()'. To cite Bioconductor, see
    'citation("Biobase")', and for packages 'citation("pkgname")'.

    aligned_sim_transloc_reads316dbcd5-2e0c-4976-9fe2-c05bce116c0f_nreads8000_sizedels1000 (1 of 1): extracting reads ... binning ...
            aligned_sim_transloc_reads316dbcd5-2e0c-4976-9fe2-c05bce116c0f_nreads8000_sizedels1000
1:1-200                                                                                         73
1:201-400                                                                                       45
1:401-600                                                                                       47
1:601-800                                                                                       30
1:801-1000                                                                                      46
1:1001-1200                                                                                     29
1:1201-1400                                                                                     43
1:1401-1600                                                                                     28
1:1601-1800                                                                                     35
1:1801-2000                                                                                     40
1:2001-2200                                                                                     40
1:2201-2400                                                                                     53
1:2401-2600                                                                                     38
1:2601-2800                                                                                     48
1:2801-3000                                                                                     40
1:3001-3200                                                                                     45
1:3201-3400                                                                                     30
1:3401-3600                                                                                     35
1:3601-3800                                                                                     45
1:3801-4000                                                                                     41
1:4001-4200                                                                                     52
1:4201-4400                                                                                     41
1:4401-4600                                                                                     36
1:4601-4800                                                                                     49
1:4801-5000                                                                                     43
1:5001-5200                                                                                     40
1:5201-5400                                                                                     42
1:5401-5600                                                                                     46
1:5601-5800                                                                                     28
1:5801-6000                                                                                     30
1:6001-6200                                                                                     43
1:6201-6400                                                                                     35
1:6401-6600                                                                                     46
1:6601-6800                                                                                     36
1:6801-7000                                                                                     36
2:1-200                                                                                         62
2:201-400                                                                                       37
2:401-600                                                                                       40
2:601-800                                                                                       27
2:801-1000                                                                                      22
2:1001-1200                                                                                     31
2:1201-1400                                                                                     18
2:1401-1600                                                                                     25
2:1601-1800                                                                                     36
2:1801-2000                                                                                     50
2:2001-2200                                                                                     34
2:2201-2400                                                                                     48
2:2401-2600                                                                                     28
2:2601-2800                                                                                     41
2:2801-3000                                                                                     35
2:3001-3200                                                                                     42
2:3201-3400                                                                                     41
2:3401-3600                                                                                     23
2:3601-3800                                                                                     45
2:3801-4000                                                                                     49
2:4001-4200                                                                                     48
2:4201-4400                                                                                     48
2:4401-4600                                                                                     42
2:4601-4800                                                                                     41
2:4801-5000                                                                                     44
2:5001-5200                                                                                     53
2:5201-5400                                                                                     35
2:5401-5600                                                                                     47
2:5601-5800                                                                                     35
2:5801-6000                                                                                     38
3:1-200                                                                                         69
3:201-400                                                                                       37
3:401-600                                                                                       45
3:601-800                                                                                       48
3:801-1000                                                                                      33
3:1001-1200                                                                                     35
3:1201-1400                                                                                     41
3:1401-1600                                                                                     37
3:1601-1800                                                                                     47
3:1801-2000                                                                                     38
3:2001-2200                                                                                     46
3:2201-2400                                                                                     42
3:2401-2600                                                                                     36
3:2601-2800                                                                                     31
3:2801-3000                                                                                     39
3:3001-3200                                                                                     37
3:3201-3400                                                                                     40
3:3401-3600                                                                                     50
3:3601-3800                                                                                     28
3:3801-4000                                                                                     47
3:4001-4200                                                                                     46
3:4201-4400                                                                                     27
3:4401-4500                                                                                     11
4:1-200                                                                                         76
4:201-400                                                                                       37
4:401-600                                                                                       42
4:601-800                                                                                       40
4:801-1000                                                                                      38
4:1001-1200                                                                                     42
4:1201-1400                                                                                     37
4:1401-1600                                                                                     49
4:1601-1800                                                                                     26
4:1801-2000                                                                                     34
[1] 3930
Calculating correction for GC content and mappability
    Calculating fit for sample aligned_sim_transloc_reads316dbcd5-2e0c-4976-9fe2-c05bce116c0f_nreads8000_sizedels1000 (1 of 1) ...
Done.
Applying median normalization ...
Smoothing outliers ...
Performing segmentation:
NA
[1] "chromosome" "start"      "end"        "bases"      "gc"        
[6] "6"          "7"         
[1] "chromosome"  "start"       "end"         "bases"       "gc"         
[6] "mappability" "use"        
[1] "chromosome"  "start"       "end"         "bases"       "gc"         
[6] "mappability" "use"        
[1] "chromosome"  "start"       "end"         "bases"       "gc"         
[6] "mappability" "use"        
EM algorithm started ... 

[1] "Total number of segments present in the data: 4"
[1] "Number of segments used for fitting the model: 4"
40974076926264218.952.9817098014786712436.4112.981709809194151436.470.2
Calling iteration1:

optim results
time: 0
minimum: 47.7076773670252
147.69550092148-0.763071221839778-0.294725796091487-0.03722551273693450.4215606099272810.7206626226596931.213907398463560.289431727443485-1.57509244747735e-050.0111804148463444-0.0001109236149078340.539458504129440.540883253198571
4098912692968521952.9817098014786712436.4112.981709809194151436.470.2
Calling iteration2:

optim results
time: 0
minimum: 47.6955124157966
147.6954329526095-0.74517148057145-0.273128050836209-0.03726937507487230.4014594515865370.6862994655069481.179602176890620.329183720208746-7.04600913102469e-050.0111803773386581.96885638302249e-050.5967714333624640.596853123566703
4098912692968521952.9817098014786712436.4112.981709809194151436.470.2
Calling iteration3:

optim results
time: 0
minimum: 47.6954336593679
147.6954314629567-0.71723160556376-0.245188175828519-0.03726937507487230.4014594515865370.6862994655069481.179602176890620.329183720208746-7.04600913102469e-050.0111803773386581.96885638302249e-050.5967714333624640.596853123566703
4098912692968521952.9817098014786712436.4112.981709809194151436.470.2
Calling iteration4:

optim results
time: 0
minimum: 47.6954315395613
147.69543134665-0.709655794574863-0.241720935621022-0.03725369511358440.3942602955567410.6739924269858111.162678874480890.3533441064633994.40273495938606e-050.0111803776484423-6.80985188447692e-050.6209389586666290.621871592472393
EM algorithm done ...

Computing posterior probabilities for all segments ...

Total time:0minutes

Adjusting segmented data for cellularity ... 

Cellularity sample1: 1

Adjusting normalized data for cellularity ... 

Cellularity sample1: 1

1
41015176935348219.153817098014786712436.4112.981709809194151436.470.2
41015366935849219.153817098014786712436.4112.981709809194151436.470.2
41015336935843219.153817098014786712436.4112.981709809194151436.470.2
41015616936631219.153817098014786712436.4112.981709809194151436.470.2
41019886937586219.153817098014786712436.4112.981709809194151436.470.2
41019976937590219.153817098014786712436.4112.981709809194151436.470.2
41020066937594219.153817098014786712436.4112.981709809194151436.470.2
41020156937598219.153817098014786712436.4112.981709809194151436.470.2
41020246937602219.153817098014786712436.4112.981709809194151436.470.2
41020306937605219.153817098014786712436.4112.981709809194151436.470.2
41020496937837219.153817098014786712436.4112.981709809194151436.470.2
41024656938160219.153817098014786712436.4112.981709809194151436.470.2
FINISHED!

Total time:0minutes

There were 40 warnings (use warnings() to see them)
pdf 
  2 
[1] 1
            aligned_sim_transloc_reads316dbcd5-2e0c-4976-9fe2-c05bce116c0f_nreads8000_sizedels1000
1:1-200                                                                                         73
1:201-400                                                                                       45
1:401-600                                                                                       47
1:601-800                                                                                       30
1:801-1000                                                                                      46
1:1001-1200                                                                                     29
1:1201-1400                                                                                     43
1:1401-1600                                                                                     28
1:1601-1800                                                                                     35
1:1801-2000                                                                                     40
1:2001-2200                                                                                     40
1:2201-2400                                                                                     53
1:2401-2600                                                                                     38
1:2601-2800                                                                                     48
1:2801-3000                                                                                     40
1:3001-3200                                                                                     45
1:3201-3400                                                                                     30
1:3401-3600                                                                                     35
1:3601-3800                                                                                     45
1:3801-4000                                                                                     41
1:4001-4200                                                                                     52
1:4201-4400                                                                                     41
1:4401-4600                                                                                     36
1:4601-4800                                                                                     49
1:4801-5000                                                                                     43
1:5001-5200                                                                                     40
1:5201-5400                                                                                     42
1:5401-5600                                                                                     46
1:5601-5800                                                                                     28
1:5801-6000                                                                                     30
1:6001-6200                                                                                     43
1:6201-6400                                                                                     35
1:6401-6600                                                                                     46
1:6601-6800                                                                                     36
1:6801-7000                                                                                     36
2:1-200                                                                                         62
2:201-400                                                                                       37
2:401-600                                                                                       40
2:601-800                                                                                       27
2:801-1000                                                                                      22
2:1001-1200                                                                                     31
2:1201-1400                                                                                     18
2:1401-1600                                                                                     25
2:1601-1800                                                                                     36
2:1801-2000                                                                                     50
2:2001-2200                                                                                     34
2:2201-2400                                                                                     48
2:2401-2600                                                                                     28
2:2601-2800                                                                                     41
2:2801-3000                                                                                     35
2:3001-3200                                                                                     42
2:3201-3400                                                                                     41
2:3401-3600                                                                                     23
2:3601-3800                                                                                     45
2:3801-4000                                                                                     49
2:4001-4200                                                                                     48
2:4201-4400                                                                                     48
2:4401-4600                                                                                     42
2:4601-4800                                                                                     41
2:4801-5000                                                                                     44
2:5001-5200                                                                                     53
2:5201-5400                                                                                     35
2:5401-5600                                                                                     47
2:5601-5800                                                                                     35
2:5801-6000                                                                                     38
3:1-200                                                                                         69
3:201-400                                                                                       37
3:401-600                                                                                       45
3:601-800                                                                                       48
3:801-1000                                                                                      33
3:1001-1200                                                                                     35
3:1201-1400                                                                                     41
3:1401-1600                                                                                     37
3:1601-1800                                                                                     47
3:1801-2000                                                                                     38
3:2001-2200                                                                                     46
3:2201-2400                                                                                     42
3:2401-2600                                                                                     36
3:2601-2800                                                                                     31
3:2801-3000                                                                                     39
3:3001-3200                                                                                     37
3:3201-3400                                                                                     40
3:3401-3600                                                                                     50
3:3601-3800                                                                                     28
3:3801-4000                                                                                     47
3:4001-4200                                                                                     46
3:4201-4400                                                                                     27
3:4401-4500                                                                                     22
4:1-200                                                                                         76
4:201-400                                                                                       37
4:401-600                                                                                       42
4:601-800                                                                                       40
4:801-1000                                                                                      38
4:1001-1200                                                                                     42
4:1201-1400                                                                                     37
4:1401-1600                                                                                     49
4:1601-1800                                                                                     26
4:1801-2000                                                                                     34
Smoothing outliers ...
Performing segmentation:
NA
[Fri Oct 29 11:49:40 2021]
Finished job 0.
1 of 1 steps (100%) done
