Building DAG of jobs...
Using shell: /usr/bin/bash
Provided cores: 1 (use --cores to define parallelism)
Rules claiming more threads will be scaled down.
Select jobs to execute...

[Fri Oct 29 11:49:15 2021]
rule segment:
    input: output/output_genome2/alignments/aligned_sim_transloc_reads8ccddfff-8c08-44f6-bec2-754368c5dfa0_nreads12000_sizedels200.bam
    output: output/output_genome2/plots_segmented/plotCN_8ccddfff-8c08-44f6-bec2-754368c5dfa0_nreads12000_sizedels200_ACE08cellularity.pdf
    jobid: 0
    wildcards: genome=genome2, name=8ccddfff-8c08-44f6-bec2-754368c5dfa0, nreads=12000, size_deletion=200
    resources: mem_mb=1000, disk_mb=1000, tmpdir=/tmp

mkdir -p output/output_genome2/plots_segmented/; Rscript 4_segment.R --name 8ccddfff-8c08-44f6-bec2-754368c5dfa0 --genome genome2 --size_deletion 200 --nreads 12000
Loading required package: BiocGenerics
Loading required package: parallel

Attaching package: ‘BiocGenerics’

The following objects are masked from ‘package:parallel’:

    clusterApply, clusterApplyLB, clusterCall, clusterEvalQ,
    clusterExport, clusterMap, parApply, parCapply, parLapply,
    parLapplyLB, parRapply, parSapply, parSapplyLB

The following objects are masked from ‘package:stats’:

    IQR, mad, sd, var, xtabs

The following objects are masked from ‘package:base’:

    anyDuplicated, append, as.data.frame, basename, cbind, colnames,
    dirname, do.call, duplicated, eval, evalq, Filter, Find, get, grep,
    grepl, intersect, is.unsorted, lapply, Map, mapply, match, mget,
    order, paste, pmax, pmax.int, pmin, pmin.int, Position, rank,
    rbind, Reduce, rownames, sapply, setdiff, sort, table, tapply,
    union, unique, unsplit, which.max, which.min

Welcome to Bioconductor

    Vignettes contain introductory material; view with
    'browseVignettes()'. To cite Bioconductor, see
    'citation("Biobase")', and for packages 'citation("pkgname")'.

    aligned_sim_transloc_reads8ccddfff-8c08-44f6-bec2-754368c5dfa0_nreads12000_sizedels200 (1 of 1): extracting reads ... binning ...
            aligned_sim_transloc_reads8ccddfff-8c08-44f6-bec2-754368c5dfa0_nreads12000_sizedels200
1:1-200                                                                                         95
1:201-400                                                                                       55
1:401-600                                                                                       57
1:601-800                                                                                       54
1:801-1000                                                                                      79
1:1001-1200                                                                                     48
1:1201-1400                                                                                     58
1:1401-1600                                                                                     63
1:1601-1800                                                                                     70
1:1801-2000                                                                                     63
1:2001-2200                                                                                     50
1:2201-2400                                                                                     71
1:2401-2600                                                                                     58
1:2601-2800                                                                                     54
1:2801-3000                                                                                     59
1:3001-3200                                                                                     59
1:3201-3400                                                                                     71
1:3401-3600                                                                                     58
1:3601-3800                                                                                     51
1:3801-4000                                                                                     56
1:4001-4200                                                                                     47
1:4201-4400                                                                                     58
1:4401-4600                                                                                     54
1:4601-4800                                                                                     61
1:4801-5000                                                                                     75
1:5001-5200                                                                                     46
1:5201-5400                                                                                     55
1:5401-5600                                                                                     52
1:5601-5800                                                                                     62
1:5801-6000                                                                                     65
1:6001-6200                                                                                     51
1:6201-6400                                                                                     67
1:6401-6600                                                                                     61
1:6601-6800                                                                                     65
1:6801-7000                                                                                     45
2:1-200                                                                                         89
2:201-400                                                                                       57
2:401-600                                                                                       56
2:601-800                                                                                       65
2:801-1000                                                                                      59
2:1001-1200                                                                                     60
2:1201-1400                                                                                     70
2:1401-1600                                                                                     64
2:1601-1800                                                                                     65
2:1801-2000                                                                                     59
2:2001-2200                                                                                     71
2:2201-2400                                                                                     68
2:2401-2600                                                                                     72
2:2601-2800                                                                                     65
2:2801-3000                                                                                     61
2:3001-3200                                                                                     74
2:3201-3400                                                                                     56
2:3401-3600                                                                                     58
2:3601-3800                                                                                     59
2:3801-4000                                                                                     54
2:4001-4200                                                                                     47
2:4201-4400                                                                                     54
2:4401-4600                                                                                     52
2:4601-4800                                                                                     60
2:4801-5000                                                                                     60
2:5001-5200                                                                                     62
2:5201-5400                                                                                     68
2:5401-5600                                                                                     57
2:5601-5800                                                                                     76
2:5801-6000                                                                                     56
3:1-200                                                                                         91
3:201-400                                                                                       66
3:401-600                                                                                       48
3:601-800                                                                                       67
3:801-1000                                                                                      46
3:1001-1200                                                                                     67
3:1201-1400                                                                                     59
3:1401-1600                                                                                     42
3:1601-1800                                                                                     46
3:1801-2000                                                                                     66
3:2001-2200                                                                                     64
3:2201-2400                                                                                     55
3:2401-2600                                                                                     62
3:2601-2800                                                                                     57
3:2801-3000                                                                                     62
3:3001-3200                                                                                     58
3:3201-3400                                                                                     68
3:3401-3600                                                                                     49
3:3601-3800                                                                                     71
3:3801-4000                                                                                     66
3:4001-4200                                                                                     54
3:4201-4400                                                                                     62
3:4401-4500                                                                                     23
4:1-200                                                                                        111
4:201-400                                                                                       47
4:401-600                                                                                       62
4:601-800                                                                                       65
4:801-1000                                                                                      59
4:1001-1200                                                                                     41
4:1201-1400                                                                                     61
4:1401-1600                                                                                     52
4:1601-1800                                                                                     54
4:1801-2000                                                                                     54
[1] 5922
Calculating correction for GC content and mappability
    Calculating fit for sample aligned_sim_transloc_reads8ccddfff-8c08-44f6-bec2-754368c5dfa0_nreads12000_sizedels200 (1 of 1) ...
Done.
Applying median normalization ...
Smoothing outliers ...
Performing segmentation:
NA
[1] "chromosome" "start"      "end"        "bases"      "gc"        
[6] "6"          "7"         
[1] "chromosome"  "start"       "end"         "bases"       "gc"         
[6] "mappability" "use"        
[1] "chromosome"  "start"       "end"         "bases"       "gc"         
[6] "mappability" "use"        
[1] "chromosome"  "start"       "end"         "bases"       "gc"         
[6] "mappability" "use"        
EM algorithm started ... 

[1] "Total number of segments present in the data: 4"
[1] "Number of segments used for fitting the model: 4"
40974076926264218.952.9817098014786712436.4112.981709809194165436.470.2
Calling iteration1:

optim results
time: 0
minimum: 47.5094979486422
147.5093127295315-0.774713497166748-0.2811292354133740.02117672625445190.2812023508504660.4807185939334460.9955134321502640.01129934563940147.79889805481291e-070.01118035769035885.60571418397837e-050.1408103859112940.181263836151044
4098912692968521952.9817098014786712436.4112.981709809194165436.470.2
Calling iteration2:

optim results
time: 0
minimum: 47.5093126649672
147.5093125574332-0.766785407544435-0.2772969506880140.02118699112161740.2773685191679180.4741646153829880.9844148809044830.02846018849730453.14828402706901e-060.0111803515333945-4.53828917548841e-050.1621482682714650.211329835309983
EM algorithm done ...

Computing posterior probabilities for all segments ...

Total time:0minutes

Adjusting segmented data for cellularity ... 

Cellularity sample1: 1

Adjusting normalized data for cellularity ... 

Cellularity sample1: 1

1
41015176935348219.153817098014786712436.4112.981709809194165436.470.2
41015366935849219.153817098014786712436.4112.981709809194165436.470.2
41015336935843219.153817098014786712436.4112.981709809194165436.470.2
41015616936631219.153817098014786712436.4112.981709809194165436.470.2
41019886937586219.153817098014786712436.4112.981709809194165436.470.2
41019976937590219.153817098014786712436.4112.981709809194165436.470.2
41020066937594219.153817098014786712436.4112.981709809194165436.470.2
41020156937598219.153817098014786712436.4112.981709809194165436.470.2
41020246937602219.153817098014786712436.4112.981709809194165436.470.2
41020306937605219.153817098014786712436.4112.981709809194165436.470.2
41020496937837219.153817098014786712436.4112.981709809194165436.470.2
41024656938160219.153817098014786712436.4112.981709809194165436.470.2
FINISHED!

Total time:0minutes

There were 24 warnings (use warnings() to see them)
pdf 
  2 
[1] 1
            aligned_sim_transloc_reads8ccddfff-8c08-44f6-bec2-754368c5dfa0_nreads12000_sizedels200
1:1-200                                                                                         95
1:201-400                                                                                       55
1:401-600                                                                                       57
1:601-800                                                                                       54
1:801-1000                                                                                      79
1:1001-1200                                                                                     48
1:1201-1400                                                                                     58
1:1401-1600                                                                                     63
1:1601-1800                                                                                     70
1:1801-2000                                                                                     63
1:2001-2200                                                                                     50
1:2201-2400                                                                                     71
1:2401-2600                                                                                     58
1:2601-2800                                                                                     54
1:2801-3000                                                                                     59
1:3001-3200                                                                                     59
1:3201-3400                                                                                     71
1:3401-3600                                                                                     58
1:3601-3800                                                                                     51
1:3801-4000                                                                                     56
1:4001-4200                                                                                     47
1:4201-4400                                                                                     58
1:4401-4600                                                                                     54
1:4601-4800                                                                                     61
1:4801-5000                                                                                     75
1:5001-5200                                                                                     46
1:5201-5400                                                                                     55
1:5401-5600                                                                                     52
1:5601-5800                                                                                     62
1:5801-6000                                                                                     65
1:6001-6200                                                                                     51
1:6201-6400                                                                                     67
1:6401-6600                                                                                     61
1:6601-6800                                                                                     65
1:6801-7000                                                                                     45
2:1-200                                                                                         89
2:201-400                                                                                       57
2:401-600                                                                                       56
2:601-800                                                                                       65
2:801-1000                                                                                      59
2:1001-1200                                                                                     60
2:1201-1400                                                                                     70
2:1401-1600                                                                                     64
2:1601-1800                                                                                     65
2:1801-2000                                                                                     59
2:2001-2200                                                                                     71
2:2201-2400                                                                                     68
2:2401-2600                                                                                     72
2:2601-2800                                                                                     65
2:2801-3000                                                                                     61
2:3001-3200                                                                                     74
2:3201-3400                                                                                     56
2:3401-3600                                                                                     58
2:3601-3800                                                                                     59
2:3801-4000                                                                                     54
2:4001-4200                                                                                     47
2:4201-4400                                                                                     54
2:4401-4600                                                                                     52
2:4601-4800                                                                                     60
2:4801-5000                                                                                     60
2:5001-5200                                                                                     62
2:5201-5400                                                                                     68
2:5401-5600                                                                                     57
2:5601-5800                                                                                     76
2:5801-6000                                                                                     56
3:1-200                                                                                         91
3:201-400                                                                                       66
3:401-600                                                                                       48
3:601-800                                                                                       67
3:801-1000                                                                                      46
3:1001-1200                                                                                     67
3:1201-1400                                                                                     59
3:1401-1600                                                                                     42
3:1601-1800                                                                                     46
3:1801-2000                                                                                     66
3:2001-2200                                                                                     64
3:2201-2400                                                                                     55
3:2401-2600                                                                                     62
3:2601-2800                                                                                     57
3:2801-3000                                                                                     62
3:3001-3200                                                                                     58
3:3201-3400                                                                                     68
3:3401-3600                                                                                     49
3:3601-3800                                                                                     71
3:3801-4000                                                                                     66
3:4001-4200                                                                                     54
3:4201-4400                                                                                     62
3:4401-4500                                                                                     46
4:1-200                                                                                        111
4:201-400                                                                                       47
4:401-600                                                                                       62
4:601-800                                                                                       65
4:801-1000                                                                                      59
4:1001-1200                                                                                     41
4:1201-1400                                                                                     61
4:1401-1600                                                                                     52
4:1601-1800                                                                                     54
4:1801-2000                                                                                     54
Smoothing outliers ...
Performing segmentation:
NA
[Fri Oct 29 11:49:35 2021]
Finished job 0.
1 of 1 steps (100%) done
