Building DAG of jobs...
Using shell: /usr/bin/bash
Provided cores: 1 (use --cores to define parallelism)
Rules claiming more threads will be scaled down.
Select jobs to execute...

[Fri Oct 29 12:00:18 2021]
rule segment:
    input: output/output_genome2/alignments/aligned_sim_transloc_readsa161a6c7-2fbd-4901-a163-9c3455d1ee59_nreads8000_sizedels1000.bam
    output: output/output_genome2/plots_segmented/plotCN_a161a6c7-2fbd-4901-a163-9c3455d1ee59_nreads8000_sizedels1000_ACE08cellularity.pdf
    jobid: 0
    wildcards: genome=genome2, name=a161a6c7-2fbd-4901-a163-9c3455d1ee59, nreads=8000, size_deletion=1000
    resources: mem_mb=1000, disk_mb=1000, tmpdir=/tmp

mkdir -p output/output_genome2/plots_segmented/; Rscript 4_segment.R --name a161a6c7-2fbd-4901-a163-9c3455d1ee59 --genome genome2 --size_deletion 1000 --nreads 8000
Loading required package: BiocGenerics
Loading required package: parallel

Attaching package: ‘BiocGenerics’

The following objects are masked from ‘package:parallel’:

    clusterApply, clusterApplyLB, clusterCall, clusterEvalQ,
    clusterExport, clusterMap, parApply, parCapply, parLapply,
    parLapplyLB, parRapply, parSapply, parSapplyLB

The following objects are masked from ‘package:stats’:

    IQR, mad, sd, var, xtabs

The following objects are masked from ‘package:base’:

    anyDuplicated, append, as.data.frame, basename, cbind, colnames,
    dirname, do.call, duplicated, eval, evalq, Filter, Find, get, grep,
    grepl, intersect, is.unsorted, lapply, Map, mapply, match, mget,
    order, paste, pmax, pmax.int, pmin, pmin.int, Position, rank,
    rbind, Reduce, rownames, sapply, setdiff, sort, table, tapply,
    union, unique, unsplit, which.max, which.min

Welcome to Bioconductor

    Vignettes contain introductory material; view with
    'browseVignettes()'. To cite Bioconductor, see
    'citation("Biobase")', and for packages 'citation("pkgname")'.

    aligned_sim_transloc_readsa161a6c7-2fbd-4901-a163-9c3455d1ee59_nreads8000_sizedels1000 (1 of 1): extracting reads ... binning ...
            aligned_sim_transloc_readsa161a6c7-2fbd-4901-a163-9c3455d1ee59_nreads8000_sizedels1000
1:1-200                                                                                         61
1:201-400                                                                                       46
1:401-600                                                                                       36
1:601-800                                                                                       61
1:801-1000                                                                                      40
1:1001-1200                                                                                     29
1:1201-1400                                                                                     50
1:1401-1600                                                                                     52
1:1601-1800                                                                                     43
1:1801-2000                                                                                     36
1:2001-2200                                                                                     18
1:2201-2400                                                                                     26
1:2401-2600                                                                                     24
1:2601-2800                                                                                     23
1:2801-3000                                                                                     24
1:3001-3200                                                                                     35
1:3201-3400                                                                                     48
1:3401-3600                                                                                     47
1:3601-3800                                                                                     43
1:3801-4000                                                                                     34
1:4001-4200                                                                                     49
1:4201-4400                                                                                     33
1:4401-4600                                                                                     38
1:4601-4800                                                                                     41
1:4801-5000                                                                                     39
1:5001-5200                                                                                     48
1:5201-5400                                                                                     35
1:5401-5600                                                                                     46
1:5601-5800                                                                                     33
1:5801-6000                                                                                     51
1:6001-6200                                                                                     45
1:6201-6400                                                                                     36
1:6401-6600                                                                                     49
1:6601-6800                                                                                     37
1:6801-7000                                                                                     32
2:1-200                                                                                         65
2:201-400                                                                                       44
2:401-600                                                                                       46
2:601-800                                                                                       41
2:801-1000                                                                                      38
2:1001-1200                                                                                     24
2:1201-1400                                                                                     45
2:1401-1600                                                                                     31
2:1601-1800                                                                                     43
2:1801-2000                                                                                     45
2:2001-2200                                                                                     43
2:2201-2400                                                                                     43
2:2401-2600                                                                                     47
2:2601-2800                                                                                     45
2:2801-3000                                                                                     40
2:3001-3200                                                                                     44
2:3201-3400                                                                                     32
2:3401-3600                                                                                     35
2:3601-3800                                                                                     31
2:3801-4000                                                                                     48
2:4001-4200                                                                                     46
2:4201-4400                                                                                     32
2:4401-4600                                                                                     47
2:4601-4800                                                                                     34
2:4801-5000                                                                                     44
2:5001-5200                                                                                     37
2:5201-5400                                                                                     34
2:5401-5600                                                                                     30
2:5601-5800                                                                                     41
2:5801-6000                                                                                     41
3:1-200                                                                                         67
3:201-400                                                                                       45
3:401-600                                                                                       32
3:601-800                                                                                       53
3:801-1000                                                                                      36
3:1001-1200                                                                                     37
3:1201-1400                                                                                     35
3:1401-1600                                                                                     36
3:1601-1800                                                                                     21
3:1801-2000                                                                                     28
3:2001-2200                                                                                     41
3:2201-2400                                                                                     40
3:2401-2600                                                                                     46
3:2601-2800                                                                                     39
3:2801-3000                                                                                     34
3:3001-3200                                                                                     37
3:3201-3400                                                                                     36
3:3401-3600                                                                                     38
3:3601-3800                                                                                     41
3:3801-4000                                                                                     46
3:4001-4200                                                                                     36
3:4201-4400                                                                                     39
3:4401-4500                                                                                     18
4:1-200                                                                                         76
4:201-400                                                                                       45
4:401-600                                                                                       37
4:601-800                                                                                       26
4:801-1000                                                                                      45
4:1001-1200                                                                                     46
4:1201-1400                                                                                     36
4:1401-1600                                                                                     37
4:1601-1800                                                                                     44
4:1801-2000                                                                                     33
[1] 3910
Calculating correction for GC content and mappability
    Calculating fit for sample aligned_sim_transloc_readsa161a6c7-2fbd-4901-a163-9c3455d1ee59_nreads8000_sizedels1000 (1 of 1) ...
Done.
Applying median normalization ...
Smoothing outliers ...
Performing segmentation:
NA
[1] "chromosome" "start"      "end"        "bases"      "gc"        
[6] "6"          "7"         
[1] "chromosome"  "start"       "end"         "bases"       "gc"         
[6] "mappability" "use"        
[1] "chromosome"  "start"       "end"         "bases"       "gc"         
[6] "mappability" "use"        
[1] "chromosome"  "start"       "end"         "bases"       "gc"         
[6] "mappability" "use"        
EM algorithm started ... 

[1] "Total number of segments present in the data: 4"
[1] "Number of segments used for fitting the model: 4"
40974076926264218.952.9817098014786712436.4112.981709809194165436.470.2
Calling iteration1:

optim results
time: 0
minimum: 47.517211181798
147.4784946756207-0.743883987397527-0.3073256026591720.02813354070590130.253165831306420.4327898472027030.9318973896815220.133090752024989-0.00221199308353030.0112092727462185-0.0001181860203399430.1039578552113090.112946926321697
4098912692968521952.9817098014786712436.4112.981709809194165436.470.2
Calling iteration2:

optim results
time: 0
minimum: 47.4815895430792
147.4759637818852-0.538242647675422-0.2352666473509880.02828009918064380.1031717099143610.1763732030466360.4995824130012311.11940109616821-2.55927103021622e-050.01118035975510464.16462866099672e-050.1106181910258771.1132269164117
4098912692968521952.9817098014786712436.4112.981709809194165436.470.2
Calling iteration3:

optim results
time: 0
minimum: 47.4903100908996
147.4757145418239-0.702771096837985-0.3921258334861610.02826092844405090.1000213984267620.1709877099873130.4791496397688383.855841253652554.02651201390811e-060.0111803575204506-5.44317731879586e-051.705037868195212.4653664341564
4098912692968521952.9817098014786712436.4112.981709809194165436.470.2
Calling iteration4:

optim results
time: 0
minimum: 47.4866366412982
147.4755711115644-0.702771096837985-0.3921258334861610.02826092844405090.1000073016334840.1709636113600320.4791255411415583.855841253652554.02651201390811e-060.0111803575204506-5.44317731879586e-051.705037868195212.4653664341564
EM algorithm done ...

Computing posterior probabilities for all segments ...

Total time:0minutes

Adjusting segmented data for cellularity ... 

Cellularity sample1: 1

Adjusting normalized data for cellularity ... 

Cellularity sample1: 1

1
41015176935348219.153817098014786712436.4112.981709809194165436.470.2
41015366935849219.153817098014786712436.4112.981709809194165436.470.2
41015336935843219.153817098014786712436.4112.981709809194165436.470.2
41015616936631219.153817098014786712436.4112.981709809194165436.470.2
41019886937586219.153817098014786712436.4112.981709809194165436.470.2
41019976937590219.153817098014786712436.4112.981709809194165436.470.2
41020066937594219.153817098014786712436.4112.981709809194165436.470.2
41020156937598219.153817098014786712436.4112.981709809194165436.470.2
41020246937602219.153817098014786712436.4112.981709809194165436.470.2
41020306937605219.153817098014786712436.4112.981709809194165436.470.2
41020496937837219.153817098014786712436.4112.981709809194165436.470.2
41024656938160219.153817098014786712436.4112.981709809194165436.470.2
FINISHED!

Total time:0minutes

There were 40 warnings (use warnings() to see them)
pdf 
  2 
[1] 1
            aligned_sim_transloc_readsa161a6c7-2fbd-4901-a163-9c3455d1ee59_nreads8000_sizedels1000
1:1-200                                                                                         61
1:201-400                                                                                       46
1:401-600                                                                                       36
1:601-800                                                                                       61
1:801-1000                                                                                      40
1:1001-1200                                                                                     29
1:1201-1400                                                                                     50
1:1401-1600                                                                                     52
1:1601-1800                                                                                     43
1:1801-2000                                                                                     36
1:2001-2200                                                                                     18
1:2201-2400                                                                                     26
1:2401-2600                                                                                     24
1:2601-2800                                                                                     23
1:2801-3000                                                                                     24
1:3001-3200                                                                                     35
1:3201-3400                                                                                     48
1:3401-3600                                                                                     47
1:3601-3800                                                                                     43
1:3801-4000                                                                                     34
1:4001-4200                                                                                     49
1:4201-4400                                                                                     33
1:4401-4600                                                                                     38
1:4601-4800                                                                                     41
1:4801-5000                                                                                     39
1:5001-5200                                                                                     48
1:5201-5400                                                                                     35
1:5401-5600                                                                                     46
1:5601-5800                                                                                     33
1:5801-6000                                                                                     51
1:6001-6200                                                                                     45
1:6201-6400                                                                                     36
1:6401-6600                                                                                     49
1:6601-6800                                                                                     37
1:6801-7000                                                                                     32
2:1-200                                                                                         65
2:201-400                                                                                       44
2:401-600                                                                                       46
2:601-800                                                                                       41
2:801-1000                                                                                      38
2:1001-1200                                                                                     24
2:1201-1400                                                                                     45
2:1401-1600                                                                                     31
2:1601-1800                                                                                     43
2:1801-2000                                                                                     45
2:2001-2200                                                                                     43
2:2201-2400                                                                                     43
2:2401-2600                                                                                     47
2:2601-2800                                                                                     45
2:2801-3000                                                                                     40
2:3001-3200                                                                                     44
2:3201-3400                                                                                     32
2:3401-3600                                                                                     35
2:3601-3800                                                                                     31
2:3801-4000                                                                                     48
2:4001-4200                                                                                     46
2:4201-4400                                                                                     32
2:4401-4600                                                                                     47
2:4601-4800                                                                                     34
2:4801-5000                                                                                     44
2:5001-5200                                                                                     37
2:5201-5400                                                                                     34
2:5401-5600                                                                                     30
2:5601-5800                                                                                     41
2:5801-6000                                                                                     41
3:1-200                                                                                         67
3:201-400                                                                                       45
3:401-600                                                                                       32
3:601-800                                                                                       53
3:801-1000                                                                                      36
3:1001-1200                                                                                     37
3:1201-1400                                                                                     35
3:1401-1600                                                                                     36
3:1601-1800                                                                                     21
3:1801-2000                                                                                     28
3:2001-2200                                                                                     41
3:2201-2400                                                                                     40
3:2401-2600                                                                                     46
3:2601-2800                                                                                     39
3:2801-3000                                                                                     34
3:3001-3200                                                                                     37
3:3201-3400                                                                                     36
3:3401-3600                                                                                     38
3:3601-3800                                                                                     41
3:3801-4000                                                                                     46
3:4001-4200                                                                                     36
3:4201-4400                                                                                     39
3:4401-4500                                                                                     36
4:1-200                                                                                         76
4:201-400                                                                                       45
4:401-600                                                                                       37
4:601-800                                                                                       26
4:801-1000                                                                                      45
4:1001-1200                                                                                     46
4:1201-1400                                                                                     36
4:1401-1600                                                                                     37
4:1601-1800                                                                                     44
4:1801-2000                                                                                     33
Smoothing outliers ...
Performing segmentation:
NA
[Fri Oct 29 12:00:39 2021]
Finished job 0.
1 of 1 steps (100%) done
