Building DAG of jobs...
Using shell: /usr/bin/bash
Provided cores: 1 (use --cores to define parallelism)
Rules claiming more threads will be scaled down.
Select jobs to execute...

[Fri Oct 29 12:00:18 2021]
rule segment:
    input: output/output_genome2/alignments/aligned_sim_transloc_reads61f41cee-25ec-46cd-bbfc-7e14c6fcce44_nreads8000_sizedels500.bam
    output: output/output_genome2/plots_segmented/plotCN_61f41cee-25ec-46cd-bbfc-7e14c6fcce44_nreads8000_sizedels500_ACE08cellularity.pdf
    jobid: 0
    wildcards: genome=genome2, name=61f41cee-25ec-46cd-bbfc-7e14c6fcce44, nreads=8000, size_deletion=500
    resources: mem_mb=1000, disk_mb=1000, tmpdir=/tmp

mkdir -p output/output_genome2/plots_segmented/; Rscript 4_segment.R --name 61f41cee-25ec-46cd-bbfc-7e14c6fcce44 --genome genome2 --size_deletion 500 --nreads 8000
Loading required package: BiocGenerics
Loading required package: parallel

Attaching package: ‘BiocGenerics’

The following objects are masked from ‘package:parallel’:

    clusterApply, clusterApplyLB, clusterCall, clusterEvalQ,
    clusterExport, clusterMap, parApply, parCapply, parLapply,
    parLapplyLB, parRapply, parSapply, parSapplyLB

The following objects are masked from ‘package:stats’:

    IQR, mad, sd, var, xtabs

The following objects are masked from ‘package:base’:

    anyDuplicated, append, as.data.frame, basename, cbind, colnames,
    dirname, do.call, duplicated, eval, evalq, Filter, Find, get, grep,
    grepl, intersect, is.unsorted, lapply, Map, mapply, match, mget,
    order, paste, pmax, pmax.int, pmin, pmin.int, Position, rank,
    rbind, Reduce, rownames, sapply, setdiff, sort, table, tapply,
    union, unique, unsplit, which.max, which.min

Welcome to Bioconductor

    Vignettes contain introductory material; view with
    'browseVignettes()'. To cite Bioconductor, see
    'citation("Biobase")', and for packages 'citation("pkgname")'.

    aligned_sim_transloc_reads61f41cee-25ec-46cd-bbfc-7e14c6fcce44_nreads8000_sizedels500 (1 of 1): extracting reads ... binning ...
            aligned_sim_transloc_reads61f41cee-25ec-46cd-bbfc-7e14c6fcce44_nreads8000_sizedels500
1:1-200                                                                                        66
1:201-400                                                                                      54
1:401-600                                                                                      42
1:601-800                                                                                      54
1:801-1000                                                                                     33
1:1001-1200                                                                                    49
1:1201-1400                                                                                    44
1:1401-1600                                                                                    45
1:1601-1800                                                                                    40
1:1801-2000                                                                                    41
1:2001-2200                                                                                    39
1:2201-2400                                                                                    44
1:2401-2600                                                                                    41
1:2601-2800                                                                                    43
1:2801-3000                                                                                    43
1:3001-3200                                                                                    41
1:3201-3400                                                                                    31
1:3401-3600                                                                                    28
1:3601-3800                                                                                    37
1:3801-4000                                                                                    42
1:4001-4200                                                                                    45
1:4201-4400                                                                                    52
1:4401-4600                                                                                    39
1:4601-4800                                                                                    47
1:4801-5000                                                                                    36
1:5001-5200                                                                                    33
1:5201-5400                                                                                    35
1:5401-5600                                                                                    55
1:5601-5800                                                                                    31
1:5801-6000                                                                                    45
1:6001-6200                                                                                    50
1:6201-6400                                                                                    44
1:6401-6600                                                                                    48
1:6601-6800                                                                                    29
1:6801-7000                                                                                    35
2:1-200                                                                                        58
2:201-400                                                                                      43
2:401-600                                                                                      52
2:601-800                                                                                      48
2:801-1000                                                                                     24
2:1001-1200                                                                                    25
2:1201-1400                                                                                    49
2:1401-1600                                                                                    45
2:1601-1800                                                                                    40
2:1801-2000                                                                                    33
2:2001-2200                                                                                    34
2:2201-2400                                                                                    31
2:2401-2600                                                                                    41
2:2601-2800                                                                                    49
2:2801-3000                                                                                    37
2:3001-3200                                                                                    41
2:3201-3400                                                                                    32
2:3401-3600                                                                                    34
2:3601-3800                                                                                    37
2:3801-4000                                                                                    46
2:4001-4200                                                                                    47
2:4201-4400                                                                                    42
2:4401-4600                                                                                    47
2:4601-4800                                                                                    43
2:4801-5000                                                                                    39
2:5001-5200                                                                                    42
2:5201-5400                                                                                    44
2:5401-5600                                                                                    30
2:5601-5800                                                                                    34
2:5801-6000                                                                                    47
3:1-200                                                                                        66
3:201-400                                                                                      40
3:401-600                                                                                      37
3:601-800                                                                                      38
3:801-1000                                                                                     43
3:1001-1200                                                                                    32
3:1201-1400                                                                                    35
3:1401-1600                                                                                    52
3:1601-1800                                                                                    55
3:1801-2000                                                                                    45
3:2001-2200                                                                                    35
3:2201-2400                                                                                    34
3:2401-2600                                                                                    39
3:2601-2800                                                                                    46
3:2801-3000                                                                                    38
3:3001-3200                                                                                    35
3:3201-3400                                                                                    39
3:3401-3600                                                                                    41
3:3601-3800                                                                                    44
3:3801-4000                                                                                    39
3:4001-4200                                                                                    39
3:4201-4400                                                                                    40
3:4401-4500                                                                                    14
4:1-200                                                                                        74
4:201-400                                                                                      39
4:401-600                                                                                      40
4:601-800                                                                                      22
4:801-1000                                                                                     27
4:1001-1200                                                                                    35
4:1201-1400                                                                                    29
4:1401-1600                                                                                    39
4:1601-1800                                                                                    36
4:1801-2000                                                                                    36
[1] 3998
Calculating correction for GC content and mappability
    Calculating fit for sample aligned_sim_transloc_reads61f41cee-25ec-46cd-bbfc-7e14c6fcce44_nreads8000_sizedels500 (1 of 1) ...
Done.
Applying median normalization ...
Smoothing outliers ...
Performing segmentation:
NA
[1] "chromosome" "start"      "end"        "bases"      "gc"        
[6] "6"          "7"         
[1] "chromosome"  "start"       "end"         "bases"       "gc"         
[6] "mappability" "use"        
[1] "chromosome"  "start"       "end"         "bases"       "gc"         
[6] "mappability" "use"        
[1] "chromosome"  "start"       "end"         "bases"       "gc"         
[6] "mappability" "use"        
EM algorithm started ... 

[1] "Total number of segments present in the data: 4"
[1] "Number of segments used for fitting the model: 4"
40974076926265218.952.9817098014786712436.4112.981709809194145436.470.2
Calling iteration1:

optim results
time: 0
minimum: 49.473052290573
148.5952985247422-0.769610581192131-0.19807300072228-0.04260699404311090.371039867532910.6342968430890571.155874340397030.226546158037887-8.40815367038365e-060.0111803571212924-5.28871899808706e-050.07882706186115860.214139870149353
4098912692968621952.9817098014786712436.4112.981709809194145436.470.2
Calling iteration2:

optim results
time: 0
minimum: 49.3216928851192
148.571070921277-0.756681428517382-0.194232123439963-0.04688493741709240.3681392231577370.6293381587775041.151559807934560.338266774760955-1.48900596852498e-050.0111803415790054-7.7959637646425e-060.1648885364865570.185265253507504
EM algorithm done ...

Computing posterior probabilities for all segments ...

Total time:0minutes

Adjusting segmented data for cellularity ... 

Cellularity sample1: 1

Adjusting normalized data for cellularity ... 

Cellularity sample1: 1

1
41015176935348219.153817098014786712436.4112.981709809194145436.470.2
41015366935849219.153817098014786712436.4112.981709809194145436.470.2
41015336935843219.153817098014786712436.4112.981709809194145436.470.2
41015616936631219.153817098014786712436.4112.981709809194145436.470.2
41019886937586219.153817098014786712436.4112.981709809194145436.470.2
41019976937590219.153817098014786712436.4112.981709809194145436.470.2
41020066937594219.153817098014786712436.4112.981709809194145436.470.2
41020156937598219.153817098014786712436.4112.981709809194145436.470.2
41020246937602219.153817098014786712436.4112.981709809194145436.470.2
41020306937605219.153817098014786712436.4112.981709809194145436.470.2
41020496937837219.153817098014786712436.4112.981709809194145436.470.2
41024656938160219.153817098014786712436.4112.981709809194145436.470.2
FINISHED!

Total time:0minutes

There were 24 warnings (use warnings() to see them)
pdf 
  2 
[1] 1
            aligned_sim_transloc_reads61f41cee-25ec-46cd-bbfc-7e14c6fcce44_nreads8000_sizedels500
1:1-200                                                                                        66
1:201-400                                                                                      54
1:401-600                                                                                      42
1:601-800                                                                                      54
1:801-1000                                                                                     33
1:1001-1200                                                                                    49
1:1201-1400                                                                                    44
1:1401-1600                                                                                    45
1:1601-1800                                                                                    40
1:1801-2000                                                                                    41
1:2001-2200                                                                                    39
1:2201-2400                                                                                    44
1:2401-2600                                                                                    41
1:2601-2800                                                                                    43
1:2801-3000                                                                                    43
1:3001-3200                                                                                    41
1:3201-3400                                                                                    31
1:3401-3600                                                                                    28
1:3601-3800                                                                                    37
1:3801-4000                                                                                    42
1:4001-4200                                                                                    45
1:4201-4400                                                                                    52
1:4401-4600                                                                                    39
1:4601-4800                                                                                    47
1:4801-5000                                                                                    36
1:5001-5200                                                                                    33
1:5201-5400                                                                                    35
1:5401-5600                                                                                    55
1:5601-5800                                                                                    31
1:5801-6000                                                                                    45
1:6001-6200                                                                                    50
1:6201-6400                                                                                    44
1:6401-6600                                                                                    48
1:6601-6800                                                                                    29
1:6801-7000                                                                                    35
2:1-200                                                                                        58
2:201-400                                                                                      43
2:401-600                                                                                      52
2:601-800                                                                                      48
2:801-1000                                                                                     24
2:1001-1200                                                                                    25
2:1201-1400                                                                                    49
2:1401-1600                                                                                    45
2:1601-1800                                                                                    40
2:1801-2000                                                                                    33
2:2001-2200                                                                                    34
2:2201-2400                                                                                    31
2:2401-2600                                                                                    41
2:2601-2800                                                                                    49
2:2801-3000                                                                                    37
2:3001-3200                                                                                    41
2:3201-3400                                                                                    32
2:3401-3600                                                                                    34
2:3601-3800                                                                                    37
2:3801-4000                                                                                    46
2:4001-4200                                                                                    47
2:4201-4400                                                                                    42
2:4401-4600                                                                                    47
2:4601-4800                                                                                    43
2:4801-5000                                                                                    39
2:5001-5200                                                                                    42
2:5201-5400                                                                                    44
2:5401-5600                                                                                    30
2:5601-5800                                                                                    34
2:5801-6000                                                                                    47
3:1-200                                                                                        66
3:201-400                                                                                      40
3:401-600                                                                                      37
3:601-800                                                                                      38
3:801-1000                                                                                     43
3:1001-1200                                                                                    32
3:1201-1400                                                                                    35
3:1401-1600                                                                                    52
3:1601-1800                                                                                    55
3:1801-2000                                                                                    45
3:2001-2200                                                                                    35
3:2201-2400                                                                                    34
3:2401-2600                                                                                    39
3:2601-2800                                                                                    46
3:2801-3000                                                                                    38
3:3001-3200                                                                                    35
3:3201-3400                                                                                    39
3:3401-3600                                                                                    41
3:3601-3800                                                                                    44
3:3801-4000                                                                                    39
3:4001-4200                                                                                    39
3:4201-4400                                                                                    40
3:4401-4500                                                                                    28
4:1-200                                                                                        74
4:201-400                                                                                      39
4:401-600                                                                                      40
4:601-800                                                                                      22
4:801-1000                                                                                     27
4:1001-1200                                                                                    35
4:1201-1400                                                                                    29
4:1401-1600                                                                                    39
4:1601-1800                                                                                    36
4:1801-2000                                                                                    36
Smoothing outliers ...
Performing segmentation:
NA
[Fri Oct 29 12:00:38 2021]
Finished job 0.
1 of 1 steps (100%) done
