Building DAG of jobs...
Using shell: /usr/bin/bash
Provided cores: 1 (use --cores to define parallelism)
Rules claiming more threads will be scaled down.
Select jobs to execute...

[Fri Oct 29 12:00:18 2021]
rule segment:
    input: output/output_genome2/alignments/aligned_sim_transloc_reads316dbcd5-2e0c-4976-9fe2-c05bce116c0f_nreads8000_sizedels200.bam
    output: output/output_genome2/plots_segmented/plotCN_316dbcd5-2e0c-4976-9fe2-c05bce116c0f_nreads8000_sizedels200_ACE08cellularity.pdf
    jobid: 0
    wildcards: genome=genome2, name=316dbcd5-2e0c-4976-9fe2-c05bce116c0f, nreads=8000, size_deletion=200
    resources: mem_mb=1000, disk_mb=1000, tmpdir=/tmp

mkdir -p output/output_genome2/plots_segmented/; Rscript 4_segment.R --name 316dbcd5-2e0c-4976-9fe2-c05bce116c0f --genome genome2 --size_deletion 200 --nreads 8000
Loading required package: BiocGenerics
Loading required package: parallel

Attaching package: ‘BiocGenerics’

The following objects are masked from ‘package:parallel’:

    clusterApply, clusterApplyLB, clusterCall, clusterEvalQ,
    clusterExport, clusterMap, parApply, parCapply, parLapply,
    parLapplyLB, parRapply, parSapply, parSapplyLB

The following objects are masked from ‘package:stats’:

    IQR, mad, sd, var, xtabs

The following objects are masked from ‘package:base’:

    anyDuplicated, append, as.data.frame, basename, cbind, colnames,
    dirname, do.call, duplicated, eval, evalq, Filter, Find, get, grep,
    grepl, intersect, is.unsorted, lapply, Map, mapply, match, mget,
    order, paste, pmax, pmax.int, pmin, pmin.int, Position, rank,
    rbind, Reduce, rownames, sapply, setdiff, sort, table, tapply,
    union, unique, unsplit, which.max, which.min

Welcome to Bioconductor

    Vignettes contain introductory material; view with
    'browseVignettes()'. To cite Bioconductor, see
    'citation("Biobase")', and for packages 'citation("pkgname")'.

    aligned_sim_transloc_reads316dbcd5-2e0c-4976-9fe2-c05bce116c0f_nreads8000_sizedels200 (1 of 1): extracting reads ... binning ...
            aligned_sim_transloc_reads316dbcd5-2e0c-4976-9fe2-c05bce116c0f_nreads8000_sizedels200
1:1-200                                                                                        65
1:201-400                                                                                      47
1:401-600                                                                                      33
1:601-800                                                                                      35
1:801-1000                                                                                     39
1:1001-1200                                                                                    37
1:1201-1400                                                                                    47
1:1401-1600                                                                                    48
1:1601-1800                                                                                    39
1:1801-2000                                                                                    39
1:2001-2200                                                                                    49
1:2201-2400                                                                                    40
1:2401-2600                                                                                    35
1:2601-2800                                                                                    42
1:2801-3000                                                                                    35
1:3001-3200                                                                                    37
1:3201-3400                                                                                    39
1:3401-3600                                                                                    45
1:3601-3800                                                                                    45
1:3801-4000                                                                                    45
1:4001-4200                                                                                    32
1:4201-4400                                                                                    32
1:4401-4600                                                                                    28
1:4601-4800                                                                                    47
1:4801-5000                                                                                    33
1:5001-5200                                                                                    43
1:5201-5400                                                                                    37
1:5401-5600                                                                                    35
1:5601-5800                                                                                    42
1:5801-6000                                                                                    41
1:6001-6200                                                                                    35
1:6201-6400                                                                                    42
1:6401-6600                                                                                    37
1:6601-6800                                                                                    43
1:6801-7000                                                                                    32
2:1-200                                                                                        49
2:201-400                                                                                      45
2:401-600                                                                                      44
2:601-800                                                                                      47
2:801-1000                                                                                     42
2:1001-1200                                                                                    39
2:1201-1400                                                                                    40
2:1401-1600                                                                                    51
2:1601-1800                                                                                    47
2:1801-2000                                                                                    37
2:2001-2200                                                                                    33
2:2201-2400                                                                                    45
2:2401-2600                                                                                    35
2:2601-2800                                                                                    40
2:2801-3000                                                                                    49
2:3001-3200                                                                                    36
2:3201-3400                                                                                    43
2:3401-3600                                                                                    38
2:3601-3800                                                                                    44
2:3801-4000                                                                                    56
2:4001-4200                                                                                    35
2:4201-4400                                                                                    45
2:4401-4600                                                                                    35
2:4601-4800                                                                                    35
2:4801-5000                                                                                    42
2:5001-5200                                                                                    46
2:5201-5400                                                                                    38
2:5401-5600                                                                                    45
2:5601-5800                                                                                    41
2:5801-6000                                                                                    36
3:1-200                                                                                        53
3:201-400                                                                                      42
3:401-600                                                                                      30
3:601-800                                                                                      36
3:801-1000                                                                                     39
3:1001-1200                                                                                    32
3:1201-1400                                                                                    41
3:1401-1600                                                                                    47
3:1601-1800                                                                                    45
3:1801-2000                                                                                    51
3:2001-2200                                                                                    36
3:2201-2400                                                                                    41
3:2401-2600                                                                                    54
3:2601-2800                                                                                    34
3:2801-3000                                                                                    44
3:3001-3200                                                                                    28
3:3201-3400                                                                                    37
3:3401-3600                                                                                    40
3:3601-3800                                                                                    36
3:3801-4000                                                                                    37
3:4001-4200                                                                                    36
3:4201-4400                                                                                    44
3:4401-4500                                                                                    15
4:1-200                                                                                        55
4:201-400                                                                                      31
4:401-600                                                                                      37
4:601-800                                                                                      35
4:801-1000                                                                                     53
4:1001-1200                                                                                    44
4:1201-1400                                                                                    34
4:1401-1600                                                                                    36
4:1601-1800                                                                                    32
4:1801-2000                                                                                    33
[1] 3946
Calculating correction for GC content and mappability
    Calculating fit for sample aligned_sim_transloc_reads316dbcd5-2e0c-4976-9fe2-c05bce116c0f_nreads8000_sizedels200 (1 of 1) ...
Done.
Applying median normalization ...
Smoothing outliers ...
Performing segmentation:
NA
[1] "chromosome" "start"      "end"        "bases"      "gc"        
[6] "6"          "7"         
[1] "chromosome"  "start"       "end"         "bases"       "gc"         
[6] "mappability" "use"        
[1] "chromosome"  "start"       "end"         "bases"       "gc"         
[6] "mappability" "use"        
[1] "chromosome"  "start"       "end"         "bases"       "gc"         
[6] "mappability" "use"        
EM algorithm started ... 

[1] "Total number of segments present in the data: 4"
[1] "Number of segments used for fitting the model: 4"
40974076926264218.952.9817098014786712436.4112.981709809194158436.470.2
Calling iteration1:

optim results
time: 0
minimum: 48.3593764893725
148.3589007381801-0.784983361960724-0.2877723416271660.01778599552975240.2665541672190060.4556773586176740.9504720065138610.02039227481243983.769333567239e-050.01118036073931112.15531442404962e-050.07316738331210690.0811386292310288
4098912692968521952.9817098014786712436.4112.981709809194158436.470.2
Calling iteration2:

optim results
time: 0
minimum: 48.3589007675145
148.3588999215274-0.754170363464805-0.2569593431312460.01778599552975240.2665541672190060.4556773586176740.9504720065138610.02039227481243983.769333567239e-050.01118036073931112.15531442404962e-050.07316738331210690.0811386292310288
4098912692968521952.9817098014786712436.4112.981709809194158436.470.2
Calling iteration3:

optim results
time: 0
minimum: 48.3588999222867
148.3588999165637-0.727637535247572-0.2304265149140130.01778599552975240.2665541672190060.4556773586176740.9504720065138610.02039227481243983.769333567239e-050.01118036073931112.15531442404962e-050.07316738331210690.0811386292310288
4098912692968521952.9817098014786712436.4112.981709809194158436.470.2
Calling iteration4:

optim results
time: 0
minimum: 48.3588999165987
148.3588999164874-0.703601429407269-0.206390409073710.01778599552975240.2665541672190060.4556773586176740.9504720065138610.02039227481243983.769333567239e-050.01118036073931112.15531442404962e-050.07316738331210690.0811386292310288
4098912692968521952.9817098014786712436.4112.981709809194158436.470.2
Calling iteration5:

optim results
time: 0
minimum: 48.3588999164901
148.358899916485-0.68224504341231-0.1850340230787520.01778599552975240.2665541672190060.4556773586176740.9504720065138610.02039227481243983.769333567239e-050.01118036073931112.15531442404962e-050.07316738331210690.0811386292310288
4098912692968521952.9817098014786712436.4112.981709809194158436.470.2
Calling iteration6:

optim results
time: 0
minimum: 48.3588999164853
148.3588999164848-0.663669744439076-0.1664587241055170.01778599552975240.2665541672190060.4556773586176740.9504720065138610.02039227481243983.769333567239e-050.01118036073931112.15531442404962e-050.07316738331210690.0811386292310288
4098912692968521952.9817098014786712436.4112.981709809194158436.470.2
Calling iteration7:

optim results
time: 0
minimum: 48.3588999164849
148.3588999164848-0.663669744439076-0.1664587241055170.01778599552975240.2665541672190060.4556773586176740.9504720065138610.02039227481243983.769333567239e-050.01118036073931112.15531442404962e-050.07316738331210690.0811386292310288
EM algorithm done ...

Computing posterior probabilities for all segments ...

Total time:0minutes

Adjusting segmented data for cellularity ... 

Cellularity sample1: 1

Adjusting normalized data for cellularity ... 

Cellularity sample1: 1

1
41015176935348219.153817098014786712436.4112.981709809194158436.470.2
41015366935849219.153817098014786712436.4112.981709809194158436.470.2
41015336935843219.153817098014786712436.4112.981709809194158436.470.2
41015616936631219.153817098014786712436.4112.981709809194158436.470.2
41019886937586219.153817098014786712436.4112.981709809194158436.470.2
41019976937590219.153817098014786712436.4112.981709809194158436.470.2
41020066937594219.153817098014786712436.4112.981709809194158436.470.2
41020156937598219.153817098014786712436.4112.981709809194158436.470.2
41020246937602219.153817098014786712436.4112.981709809194158436.470.2
41020306937605219.153817098014786712436.4112.981709809194158436.470.2
41020496937837219.153817098014786712436.4112.981709809194158436.470.2
41024656938160219.153817098014786712436.4112.981709809194158436.470.2
FINISHED!

Total time:0minutes

There were 50 or more warnings (use warnings() to see the first 50)
pdf 
  2 
[1] 1
            aligned_sim_transloc_reads316dbcd5-2e0c-4976-9fe2-c05bce116c0f_nreads8000_sizedels200
1:1-200                                                                                        65
1:201-400                                                                                      47
1:401-600                                                                                      33
1:601-800                                                                                      35
1:801-1000                                                                                     39
1:1001-1200                                                                                    37
1:1201-1400                                                                                    47
1:1401-1600                                                                                    48
1:1601-1800                                                                                    39
1:1801-2000                                                                                    39
1:2001-2200                                                                                    49
1:2201-2400                                                                                    40
1:2401-2600                                                                                    35
1:2601-2800                                                                                    42
1:2801-3000                                                                                    35
1:3001-3200                                                                                    37
1:3201-3400                                                                                    39
1:3401-3600                                                                                    45
1:3601-3800                                                                                    45
1:3801-4000                                                                                    45
1:4001-4200                                                                                    32
1:4201-4400                                                                                    32
1:4401-4600                                                                                    28
1:4601-4800                                                                                    47
1:4801-5000                                                                                    33
1:5001-5200                                                                                    43
1:5201-5400                                                                                    37
1:5401-5600                                                                                    35
1:5601-5800                                                                                    42
1:5801-6000                                                                                    41
1:6001-6200                                                                                    35
1:6201-6400                                                                                    42
1:6401-6600                                                                                    37
1:6601-6800                                                                                    43
1:6801-7000                                                                                    32
2:1-200                                                                                        49
2:201-400                                                                                      45
2:401-600                                                                                      44
2:601-800                                                                                      47
2:801-1000                                                                                     42
2:1001-1200                                                                                    39
2:1201-1400                                                                                    40
2:1401-1600                                                                                    51
2:1601-1800                                                                                    47
2:1801-2000                                                                                    37
2:2001-2200                                                                                    33
2:2201-2400                                                                                    45
2:2401-2600                                                                                    35
2:2601-2800                                                                                    40
2:2801-3000                                                                                    49
2:3001-3200                                                                                    36
2:3201-3400                                                                                    43
2:3401-3600                                                                                    38
2:3601-3800                                                                                    44
2:3801-4000                                                                                    56
2:4001-4200                                                                                    35
2:4201-4400                                                                                    45
2:4401-4600                                                                                    35
2:4601-4800                                                                                    35
2:4801-5000                                                                                    42
2:5001-5200                                                                                    46
2:5201-5400                                                                                    38
2:5401-5600                                                                                    45
2:5601-5800                                                                                    41
2:5801-6000                                                                                    36
3:1-200                                                                                        53
3:201-400                                                                                      42
3:401-600                                                                                      30
3:601-800                                                                                      36
3:801-1000                                                                                     39
3:1001-1200                                                                                    32
3:1201-1400                                                                                    41
3:1401-1600                                                                                    47
3:1601-1800                                                                                    45
3:1801-2000                                                                                    51
3:2001-2200                                                                                    36
3:2201-2400                                                                                    41
3:2401-2600                                                                                    54
3:2601-2800                                                                                    34
3:2801-3000                                                                                    44
3:3001-3200                                                                                    28
3:3201-3400                                                                                    37
3:3401-3600                                                                                    40
3:3601-3800                                                                                    36
3:3801-4000                                                                                    37
3:4001-4200                                                                                    36
3:4201-4400                                                                                    44
3:4401-4500                                                                                    30
4:1-200                                                                                        55
4:201-400                                                                                      31
4:401-600                                                                                      37
4:601-800                                                                                      35
4:801-1000                                                                                     53
4:1001-1200                                                                                    44
4:1201-1400                                                                                    34
4:1401-1600                                                                                    36
4:1601-1800                                                                                    32
4:1801-2000                                                                                    33
Smoothing outliers ...
Performing segmentation:
NA
[Fri Oct 29 12:00:39 2021]
Finished job 0.
1 of 1 steps (100%) done
