Building DAG of jobs...
Using shell: /usr/bin/bash
Provided cores: 1 (use --cores to define parallelism)
Rules claiming more threads will be scaled down.
Select jobs to execute...

[Fri Oct 29 12:00:18 2021]
rule segment:
    input: output/output_genome2/alignments/aligned_sim_transloc_readsc27768e7-f0bf-4a7b-96d8-22063bea52b0_nreads8000_sizedels1000.bam
    output: output/output_genome2/plots_segmented/plotCN_c27768e7-f0bf-4a7b-96d8-22063bea52b0_nreads8000_sizedels1000_ACE08cellularity.pdf
    jobid: 0
    wildcards: genome=genome2, name=c27768e7-f0bf-4a7b-96d8-22063bea52b0, nreads=8000, size_deletion=1000
    resources: mem_mb=1000, disk_mb=1000, tmpdir=/tmp

mkdir -p output/output_genome2/plots_segmented/; Rscript 4_segment.R --name c27768e7-f0bf-4a7b-96d8-22063bea52b0 --genome genome2 --size_deletion 1000 --nreads 8000
Loading required package: BiocGenerics
Loading required package: parallel

Attaching package: ‘BiocGenerics’

The following objects are masked from ‘package:parallel’:

    clusterApply, clusterApplyLB, clusterCall, clusterEvalQ,
    clusterExport, clusterMap, parApply, parCapply, parLapply,
    parLapplyLB, parRapply, parSapply, parSapplyLB

The following objects are masked from ‘package:stats’:

    IQR, mad, sd, var, xtabs

The following objects are masked from ‘package:base’:

    anyDuplicated, append, as.data.frame, basename, cbind, colnames,
    dirname, do.call, duplicated, eval, evalq, Filter, Find, get, grep,
    grepl, intersect, is.unsorted, lapply, Map, mapply, match, mget,
    order, paste, pmax, pmax.int, pmin, pmin.int, Position, rank,
    rbind, Reduce, rownames, sapply, setdiff, sort, table, tapply,
    union, unique, unsplit, which.max, which.min

Welcome to Bioconductor

    Vignettes contain introductory material; view with
    'browseVignettes()'. To cite Bioconductor, see
    'citation("Biobase")', and for packages 'citation("pkgname")'.

    aligned_sim_transloc_readsc27768e7-f0bf-4a7b-96d8-22063bea52b0_nreads8000_sizedels1000 (1 of 1): extracting reads ... binning ...
            aligned_sim_transloc_readsc27768e7-f0bf-4a7b-96d8-22063bea52b0_nreads8000_sizedels1000
1:1-200                                                                                         75
1:201-400                                                                                       45
1:401-600                                                                                       35
1:601-800                                                                                       43
1:801-1000                                                                                      34
1:1001-1200                                                                                     38
1:1201-1400                                                                                     53
1:1401-1600                                                                                     50
1:1601-1800                                                                                     48
1:1801-2000                                                                                     41
1:2001-2200                                                                                     32
1:2201-2400                                                                                     42
1:2401-2600                                                                                     48
1:2601-2800                                                                                     31
1:2801-3000                                                                                     36
1:3001-3200                                                                                     38
1:3201-3400                                                                                     44
1:3401-3600                                                                                     36
1:3601-3800                                                                                     28
1:3801-4000                                                                                     43
1:4001-4200                                                                                     42
1:4201-4400                                                                                     36
1:4401-4600                                                                                     42
1:4601-4800                                                                                     33
1:4801-5000                                                                                     45
1:5001-5200                                                                                     36
1:5201-5400                                                                                     37
1:5401-5600                                                                                     45
1:5601-5800                                                                                     16
1:5801-6000                                                                                     24
1:6001-6200                                                                                     30
1:6201-6400                                                                                     29
1:6401-6600                                                                                     45
1:6601-6800                                                                                     36
1:6801-7000                                                                                     40
2:1-200                                                                                         73
2:201-400                                                                                       42
2:401-600                                                                                       45
2:601-800                                                                                       38
2:801-1000                                                                                      37
2:1001-1200                                                                                     37
2:1201-1400                                                                                     35
2:1401-1600                                                                                     41
2:1601-1800                                                                                     44
2:1801-2000                                                                                     38
2:2001-2200                                                                                     41
2:2201-2400                                                                                     41
2:2401-2600                                                                                     40
2:2601-2800                                                                                     42
2:2801-3000                                                                                     41
2:3001-3200                                                                                     47
2:3201-3400                                                                                     38
2:3401-3600                                                                                     45
2:3601-3800                                                                                     41
2:3801-4000                                                                                     47
2:4001-4200                                                                                     38
2:4201-4400                                                                                     38
2:4401-4600                                                                                     46
2:4601-4800                                                                                     35
2:4801-5000                                                                                     45
2:5001-5200                                                                                     44
2:5201-5400                                                                                     36
2:5401-5600                                                                                     45
2:5601-5800                                                                                     37
2:5801-6000                                                                                     34
3:1-200                                                                                         57
3:201-400                                                                                       33
3:401-600                                                                                       38
3:601-800                                                                                       39
3:801-1000                                                                                      46
3:1001-1200                                                                                     41
3:1201-1400                                                                                     52
3:1401-1600                                                                                     51
3:1601-1800                                                                                     40
3:1801-2000                                                                                     42
3:2001-2200                                                                                     34
3:2201-2400                                                                                     44
3:2401-2600                                                                                     31
3:2601-2800                                                                                     30
3:2801-3000                                                                                     38
3:3001-3200                                                                                     39
3:3201-3400                                                                                     33
3:3401-3600                                                                                     45
3:3601-3800                                                                                     38
3:3801-4000                                                                                     36
3:4001-4200                                                                                     47
3:4201-4400                                                                                     50
3:4401-4500                                                                                     12
4:1-200                                                                                         72
4:201-400                                                                                       34
4:401-600                                                                                       26
4:601-800                                                                                       37
4:801-1000                                                                                      36
4:1001-1200                                                                                     38
4:1201-1400                                                                                     40
4:1401-1600                                                                                     45
4:1601-1800                                                                                     40
4:1801-2000                                                                                     29
[1] 3940
Calculating correction for GC content and mappability
    Calculating fit for sample aligned_sim_transloc_readsc27768e7-f0bf-4a7b-96d8-22063bea52b0_nreads8000_sizedels1000 (1 of 1) ...
Done.
Applying median normalization ...
Smoothing outliers ...
Performing segmentation:
NA
[1] "chromosome" "start"      "end"        "bases"      "gc"        
[6] "6"          "7"         
[1] "chromosome"  "start"       "end"         "bases"       "gc"         
[6] "mappability" "use"        
[1] "chromosome"  "start"       "end"         "bases"       "gc"         
[6] "mappability" "use"        
[1] "chromosome"  "start"       "end"         "bases"       "gc"         
[6] "mappability" "use"        
EM algorithm started ... 

[1] "Total number of segments present in the data: 4"
[1] "Number of segments used for fitting the model: 4"
40974076926264218.952.9817098014786712436.4112.981709809194164436.470.2
Calling iteration1:

optim results
time: 0
minimum: 48.0456809249214
148.0392988116568-0.948418819425216-0.2484594163932810.04888462581147310.258426513410.4417830426589840.857883024380660.1176663016341770.0006405841656935480.01118459351977850.0001427244216739160.4266348432478060.428528950243649
4098912692968521952.9817098014786712436.4112.981709809194164436.470.2
Calling iteration2:

optim results
time: 0
minimum: 48.0393498979372
148.0391235079722-8.92656630953823-0.1845752585895610.0489597894939930.109744513222070.1876094845169975.231058259197521.32266421413541-4.66071181311888e-050.0111803663661527-4.56736443242849e-059.793275779553679.88854285478471
4098912692968521952.9817098014786712436.4112.981709809194164436.470.2
Calling iteration3:

optim results
time: 0
minimum: 48.0405357021358
148.0391152645282-6.68208311345116-0.1578616361153570.0489786003187580.1006164613314080.17200497674186924.67909694518010.8619547922024232.67443723482064e-050.0111803662523719-6.17884442147985e-058.834058628071999.04456371018758
4098912692968521952.9817098014786712436.4112.981709809194164436.470.2
Calling iteration4:

optim results
time: 0
minimum: 48.0404671991633
148.0391137411277-6.68208311345116-0.1578616361153570.0489786003187580.1002548283805340.17138676112902524.67847872956730.8619547922024232.67443723482064e-050.0111803662523719-6.17884442147985e-058.834058628071999.04456371018758
EM algorithm done ...

Computing posterior probabilities for all segments ...

Total time:0minutes

Adjusting segmented data for cellularity ... 

Cellularity sample1: 1

Adjusting normalized data for cellularity ... 

Cellularity sample1: 1

1
41015176935348219.153817098014786712436.4112.981709809194164436.470.2
41015366935849219.153817098014786712436.4112.981709809194164436.470.2
41015336935843219.153817098014786712436.4112.981709809194164436.470.2
41015616936631219.153817098014786712436.4112.981709809194164436.470.2
41019886937586219.153817098014786712436.4112.981709809194164436.470.2
41019976937590219.153817098014786712436.4112.981709809194164436.470.2
41020066937594219.153817098014786712436.4112.981709809194164436.470.2
41020156937598219.153817098014786712436.4112.981709809194164436.470.2
41020246937602219.153817098014786712436.4112.981709809194164436.470.2
41020306937605219.153817098014786712436.4112.981709809194164436.470.2
41020496937837219.153817098014786712436.4112.981709809194164436.470.2
41024656938160219.153817098014786712436.4112.981709809194164436.470.2
FINISHED!

Total time:0minutes

There were 40 warnings (use warnings() to see them)
pdf 
  2 
[1] 1
            aligned_sim_transloc_readsc27768e7-f0bf-4a7b-96d8-22063bea52b0_nreads8000_sizedels1000
1:1-200                                                                                         75
1:201-400                                                                                       45
1:401-600                                                                                       35
1:601-800                                                                                       43
1:801-1000                                                                                      34
1:1001-1200                                                                                     38
1:1201-1400                                                                                     53
1:1401-1600                                                                                     50
1:1601-1800                                                                                     48
1:1801-2000                                                                                     41
1:2001-2200                                                                                     32
1:2201-2400                                                                                     42
1:2401-2600                                                                                     48
1:2601-2800                                                                                     31
1:2801-3000                                                                                     36
1:3001-3200                                                                                     38
1:3201-3400                                                                                     44
1:3401-3600                                                                                     36
1:3601-3800                                                                                     28
1:3801-4000                                                                                     43
1:4001-4200                                                                                     42
1:4201-4400                                                                                     36
1:4401-4600                                                                                     42
1:4601-4800                                                                                     33
1:4801-5000                                                                                     45
1:5001-5200                                                                                     36
1:5201-5400                                                                                     37
1:5401-5600                                                                                     45
1:5601-5800                                                                                     16
1:5801-6000                                                                                     24
1:6001-6200                                                                                     30
1:6201-6400                                                                                     29
1:6401-6600                                                                                     45
1:6601-6800                                                                                     36
1:6801-7000                                                                                     40
2:1-200                                                                                         73
2:201-400                                                                                       42
2:401-600                                                                                       45
2:601-800                                                                                       38
2:801-1000                                                                                      37
2:1001-1200                                                                                     37
2:1201-1400                                                                                     35
2:1401-1600                                                                                     41
2:1601-1800                                                                                     44
2:1801-2000                                                                                     38
2:2001-2200                                                                                     41
2:2201-2400                                                                                     41
2:2401-2600                                                                                     40
2:2601-2800                                                                                     42
2:2801-3000                                                                                     41
2:3001-3200                                                                                     47
2:3201-3400                                                                                     38
2:3401-3600                                                                                     45
2:3601-3800                                                                                     41
2:3801-4000                                                                                     47
2:4001-4200                                                                                     38
2:4201-4400                                                                                     38
2:4401-4600                                                                                     46
2:4601-4800                                                                                     35
2:4801-5000                                                                                     45
2:5001-5200                                                                                     44
2:5201-5400                                                                                     36
2:5401-5600                                                                                     45
2:5601-5800                                                                                     37
2:5801-6000                                                                                     34
3:1-200                                                                                         57
3:201-400                                                                                       33
3:401-600                                                                                       38
3:601-800                                                                                       39
3:801-1000                                                                                      46
3:1001-1200                                                                                     41
3:1201-1400                                                                                     52
3:1401-1600                                                                                     51
3:1601-1800                                                                                     40
3:1801-2000                                                                                     42
3:2001-2200                                                                                     34
3:2201-2400                                                                                     44
3:2401-2600                                                                                     31
3:2601-2800                                                                                     30
3:2801-3000                                                                                     38
3:3001-3200                                                                                     39
3:3201-3400                                                                                     33
3:3401-3600                                                                                     45
3:3601-3800                                                                                     38
3:3801-4000                                                                                     36
3:4001-4200                                                                                     47
3:4201-4400                                                                                     50
3:4401-4500                                                                                     24
4:1-200                                                                                         72
4:201-400                                                                                       34
4:401-600                                                                                       26
4:601-800                                                                                       37
4:801-1000                                                                                      36
4:1001-1200                                                                                     38
4:1201-1400                                                                                     40
4:1401-1600                                                                                     45
4:1601-1800                                                                                     40
4:1801-2000                                                                                     29
Smoothing outliers ...
Performing segmentation:
NA
[Fri Oct 29 12:00:38 2021]
Finished job 0.
1 of 1 steps (100%) done
