Building DAG of jobs...
Using shell: /usr/bin/bash
Provided cores: 1 (use --cores to define parallelism)
Rules claiming more threads will be scaled down.
Select jobs to execute...

[Fri Oct 29 11:49:15 2021]
rule segment:
    input: output/output_genome2/alignments/aligned_sim_transloc_reads316dbcd5-2e0c-4976-9fe2-c05bce116c0f_nreads8000_sizedels500.bam
    output: output/output_genome2/plots_segmented/plotCN_316dbcd5-2e0c-4976-9fe2-c05bce116c0f_nreads8000_sizedels500_ACE08cellularity.pdf
    jobid: 0
    wildcards: genome=genome2, name=316dbcd5-2e0c-4976-9fe2-c05bce116c0f, nreads=8000, size_deletion=500
    resources: mem_mb=1000, disk_mb=1000, tmpdir=/tmp

mkdir -p output/output_genome2/plots_segmented/; Rscript 4_segment.R --name 316dbcd5-2e0c-4976-9fe2-c05bce116c0f --genome genome2 --size_deletion 500 --nreads 8000
Loading required package: BiocGenerics
Loading required package: parallel

Attaching package: ‘BiocGenerics’

The following objects are masked from ‘package:parallel’:

    clusterApply, clusterApplyLB, clusterCall, clusterEvalQ,
    clusterExport, clusterMap, parApply, parCapply, parLapply,
    parLapplyLB, parRapply, parSapply, parSapplyLB

The following objects are masked from ‘package:stats’:

    IQR, mad, sd, var, xtabs

The following objects are masked from ‘package:base’:

    anyDuplicated, append, as.data.frame, basename, cbind, colnames,
    dirname, do.call, duplicated, eval, evalq, Filter, Find, get, grep,
    grepl, intersect, is.unsorted, lapply, Map, mapply, match, mget,
    order, paste, pmax, pmax.int, pmin, pmin.int, Position, rank,
    rbind, Reduce, rownames, sapply, setdiff, sort, table, tapply,
    union, unique, unsplit, which.max, which.min

Welcome to Bioconductor

    Vignettes contain introductory material; view with
    'browseVignettes()'. To cite Bioconductor, see
    'citation("Biobase")', and for packages 'citation("pkgname")'.

    aligned_sim_transloc_reads316dbcd5-2e0c-4976-9fe2-c05bce116c0f_nreads8000_sizedels500 (1 of 1): extracting reads ... binning ...
            aligned_sim_transloc_reads316dbcd5-2e0c-4976-9fe2-c05bce116c0f_nreads8000_sizedels500
1:1-200                                                                                        55
1:201-400                                                                                      44
1:401-600                                                                                      42
1:601-800                                                                                      33
1:801-1000                                                                                     43
1:1001-1200                                                                                    48
1:1201-1400                                                                                    37
1:1401-1600                                                                                    35
1:1601-1800                                                                                    34
1:1801-2000                                                                                    43
1:2001-2200                                                                                    33
1:2201-2400                                                                                    39
1:2401-2600                                                                                    34
1:2601-2800                                                                                    47
1:2801-3000                                                                                    35
1:3001-3200                                                                                    42
1:3201-3400                                                                                    51
1:3401-3600                                                                                    35
1:3601-3800                                                                                    50
1:3801-4000                                                                                    38
1:4001-4200                                                                                    40
1:4201-4400                                                                                    29
1:4401-4600                                                                                    43
1:4601-4800                                                                                    39
1:4801-5000                                                                                    43
1:5001-5200                                                                                    38
1:5201-5400                                                                                    44
1:5401-5600                                                                                    46
1:5601-5800                                                                                    35
1:5801-6000                                                                                    39
1:6001-6200                                                                                    40
1:6201-6400                                                                                    52
1:6401-6600                                                                                    40
1:6601-6800                                                                                    49
1:6801-7000                                                                                    29
2:1-200                                                                                        55
2:201-400                                                                                      37
2:401-600                                                                                      38
2:601-800                                                                                      44
2:801-1000                                                                                     54
2:1001-1200                                                                                    46
2:1201-1400                                                                                    37
2:1401-1600                                                                                    41
2:1601-1800                                                                                    46
2:1801-2000                                                                                    38
2:2001-2200                                                                                    43
2:2201-2400                                                                                    44
2:2401-2600                                                                                    50
2:2601-2800                                                                                    50
2:2801-3000                                                                                    48
2:3001-3200                                                                                    43
2:3201-3400                                                                                    52
2:3401-3600                                                                                    37
2:3601-3800                                                                                    57
2:3801-4000                                                                                    34
2:4001-4200                                                                                    38
2:4201-4400                                                                                    40
2:4401-4600                                                                                    48
2:4601-4800                                                                                    38
2:4801-5000                                                                                    44
2:5001-5200                                                                                    32
2:5201-5400                                                                                    41
2:5401-5600                                                                                    45
2:5601-5800                                                                                    39
2:5801-6000                                                                                    30
3:1-200                                                                                        63
3:201-400                                                                                      46
3:401-600                                                                                      23
3:601-800                                                                                      31
3:801-1000                                                                                     43
3:1001-1200                                                                                    36
3:1201-1400                                                                                    35
3:1401-1600                                                                                    49
3:1601-1800                                                                                    40
3:1801-2000                                                                                    45
3:2001-2200                                                                                    52
3:2201-2400                                                                                    50
3:2401-2600                                                                                    27
3:2601-2800                                                                                    36
3:2801-3000                                                                                    41
3:3001-3200                                                                                    38
3:3201-3400                                                                                    42
3:3401-3600                                                                                    39
3:3601-3800                                                                                    30
3:3801-4000                                                                                    47
3:4001-4200                                                                                    40
3:4201-4400                                                                                    32
3:4401-4500                                                                                     9
4:1-200                                                                                        48
4:201-400                                                                                      40
4:401-600                                                                                      46
4:601-800                                                                                      42
4:801-1000                                                                                     38
4:1001-1200                                                                                    49
4:1201-1400                                                                                    40
4:1401-1600                                                                                    40
4:1601-1800                                                                                    40
4:1801-2000                                                                                    24
[1] 4014
Calculating correction for GC content and mappability
    Calculating fit for sample aligned_sim_transloc_reads316dbcd5-2e0c-4976-9fe2-c05bce116c0f_nreads8000_sizedels500 (1 of 1) ...
Done.
Applying median normalization ...
Smoothing outliers ...
Performing segmentation:
NA
[1] "chromosome" "start"      "end"        "bases"      "gc"        
[6] "6"          "7"         
[1] "chromosome"  "start"       "end"         "bases"       "gc"         
[6] "mappability" "use"        
[1] "chromosome"  "start"       "end"         "bases"       "gc"         
[6] "mappability" "use"        
[1] "chromosome"  "start"       "end"         "bases"       "gc"         
[6] "mappability" "use"        
EM algorithm started ... 

[1] "Total number of segments present in the data: 4"
[1] "Number of segments used for fitting the model: 4"
40974076926264218.952.9817098014786712436.4112.981709809194151436.470.2
Calling iteration1:

optim results
time: 0
minimum: 48.965135604844
148.9634925584475-0.781644977400966-0.2815931526272370.006285983583822670.2784240123739540.4759689929366520.9891212877288750.0551829670432536-0.0173962238841420.0220133219427258-0.01953888988852470.05580445832243650.112524832826956
4098912692968521952.9817098014786712436.4112.981709809194151436.470.2
Calling iteration2:

optim results
time: 0
minimum: 48.9634932541449
148.963483532671-0.762721182709502-0.264813393957130.006311478625210230.2765117703334850.4726999935766730.9835678493312290.0652884499551607-0.01720840608276460.0219436850104543-0.01940241409183170.0658073865328860.126886436682906
4098912692968521952.9817098014786712436.4112.981709809194151436.470.2
Calling iteration3:

optim results
time: 0
minimum: 48.9634835573346
148.9634834411955-0.7355310208415-0.2376232320891280.006311478625210230.2765117703334850.4726999935766730.9835678493312290.0652884499551607-0.01720840608276460.0219436850104543-0.01940241409183170.0658073865328860.126886436682906
4098912692968521952.9817098014786712436.4112.981709809194151436.470.2
Calling iteration4:

optim results
time: 0
minimum: 48.9634834440664
148.9634834383048-0.710773215595233-0.2128654268428620.006311478625210230.2765117703334850.4726999935766730.9835678493312290.0652884499551607-0.01720840608276460.0219436850104543-0.01940241409183170.0658073865328860.126886436682906
4098912692968521952.9817098014786712436.4112.981709809194151436.470.2
Calling iteration5:

optim results
time: 0
minimum: 48.9634834389405
148.9634834380849-0.688651601146041-0.1907438123936690.006311478625210230.2765117703334850.4726999935766730.9835678493312290.0652884499551607-0.01720840608276460.0219436850104543-0.01940241409183170.0658073865328860.126886436682906
4098912692968521952.9817098014786712436.4112.981709809194151436.470.2
Calling iteration6:

optim results
time: 0
minimum: 48.9634834209515
148.9634834207015-0.674235726815907-0.1792822505102550.006312790552520490.2738768517010440.4681955704227220.9759156494536020.0797959514935452-0.01744421920042660.0219983211182738-0.01951303753930130.08017843651050330.147267478253238
EM algorithm done ...

Computing posterior probabilities for all segments ...

Total time:0minutes

Adjusting segmented data for cellularity ... 

Cellularity sample1: 1

Adjusting normalized data for cellularity ... 

Cellularity sample1: 1

1
41015176935348219.153817098014786712436.4112.981709809194151436.470.2
41015366935849219.153817098014786712436.4112.981709809194151436.470.2
41015336935843219.153817098014786712436.4112.981709809194151436.470.2
41015616936631219.153817098014786712436.4112.981709809194151436.470.2
41019886937586219.153817098014786712436.4112.981709809194151436.470.2
41019976937590219.153817098014786712436.4112.981709809194151436.470.2
41020066937594219.153817098014786712436.4112.981709809194151436.470.2
41020156937598219.153817098014786712436.4112.981709809194151436.470.2
41020246937602219.153817098014786712436.4112.981709809194151436.470.2
41020306937605219.153817098014786712436.4112.981709809194151436.470.2
41020496937837219.153817098014786712436.4112.981709809194151436.470.2
41024656938160219.153817098014786712436.4112.981709809194151436.470.2
FINISHED!

Total time:0minutes

There were 50 or more warnings (use warnings() to see the first 50)
pdf 
  2 
[1] 1
            aligned_sim_transloc_reads316dbcd5-2e0c-4976-9fe2-c05bce116c0f_nreads8000_sizedels500
1:1-200                                                                                        55
1:201-400                                                                                      44
1:401-600                                                                                      42
1:601-800                                                                                      33
1:801-1000                                                                                     43
1:1001-1200                                                                                    48
1:1201-1400                                                                                    37
1:1401-1600                                                                                    35
1:1601-1800                                                                                    34
1:1801-2000                                                                                    43
1:2001-2200                                                                                    33
1:2201-2400                                                                                    39
1:2401-2600                                                                                    34
1:2601-2800                                                                                    47
1:2801-3000                                                                                    35
1:3001-3200                                                                                    42
1:3201-3400                                                                                    51
1:3401-3600                                                                                    35
1:3601-3800                                                                                    50
1:3801-4000                                                                                    38
1:4001-4200                                                                                    40
1:4201-4400                                                                                    29
1:4401-4600                                                                                    43
1:4601-4800                                                                                    39
1:4801-5000                                                                                    43
1:5001-5200                                                                                    38
1:5201-5400                                                                                    44
1:5401-5600                                                                                    46
1:5601-5800                                                                                    35
1:5801-6000                                                                                    39
1:6001-6200                                                                                    40
1:6201-6400                                                                                    52
1:6401-6600                                                                                    40
1:6601-6800                                                                                    49
1:6801-7000                                                                                    29
2:1-200                                                                                        55
2:201-400                                                                                      37
2:401-600                                                                                      38
2:601-800                                                                                      44
2:801-1000                                                                                     54
2:1001-1200                                                                                    46
2:1201-1400                                                                                    37
2:1401-1600                                                                                    41
2:1601-1800                                                                                    46
2:1801-2000                                                                                    38
2:2001-2200                                                                                    43
2:2201-2400                                                                                    44
2:2401-2600                                                                                    50
2:2601-2800                                                                                    50
2:2801-3000                                                                                    48
2:3001-3200                                                                                    43
2:3201-3400                                                                                    52
2:3401-3600                                                                                    37
2:3601-3800                                                                                    57
2:3801-4000                                                                                    34
2:4001-4200                                                                                    38
2:4201-4400                                                                                    40
2:4401-4600                                                                                    48
2:4601-4800                                                                                    38
2:4801-5000                                                                                    44
2:5001-5200                                                                                    32
2:5201-5400                                                                                    41
2:5401-5600                                                                                    45
2:5601-5800                                                                                    39
2:5801-6000                                                                                    30
3:1-200                                                                                        63
3:201-400                                                                                      46
3:401-600                                                                                      23
3:601-800                                                                                      31
3:801-1000                                                                                     43
3:1001-1200                                                                                    36
3:1201-1400                                                                                    35
3:1401-1600                                                                                    49
3:1601-1800                                                                                    40
3:1801-2000                                                                                    45
3:2001-2200                                                                                    52
3:2201-2400                                                                                    50
3:2401-2600                                                                                    27
3:2601-2800                                                                                    36
3:2801-3000                                                                                    41
3:3001-3200                                                                                    38
3:3201-3400                                                                                    42
3:3401-3600                                                                                    39
3:3601-3800                                                                                    30
3:3801-4000                                                                                    47
3:4001-4200                                                                                    40
3:4201-4400                                                                                    32
3:4401-4500                                                                                    18
4:1-200                                                                                        48
4:201-400                                                                                      40
4:401-600                                                                                      46
4:601-800                                                                                      42
4:801-1000                                                                                     38
4:1001-1200                                                                                    49
4:1201-1400                                                                                    40
4:1401-1600                                                                                    40
4:1601-1800                                                                                    40
4:1801-2000                                                                                    24
Smoothing outliers ...
Performing segmentation:
NA
[Fri Oct 29 11:49:37 2021]
Finished job 0.
1 of 1 steps (100%) done
