Building DAG of jobs...
Using shell: /usr/bin/bash
Provided cores: 1 (use --cores to define parallelism)
Rules claiming more threads will be scaled down.
Select jobs to execute...

[Fri Oct 29 11:49:15 2021]
rule segment:
    input: output/output_genome2/alignments/aligned_sim_transloc_reads332c10de-130b-4df7-83cf-9c80004546b2_nreads8000_sizedels200.bam
    output: output/output_genome2/plots_segmented/plotCN_332c10de-130b-4df7-83cf-9c80004546b2_nreads8000_sizedels200_ACE08cellularity.pdf
    jobid: 0
    wildcards: genome=genome2, name=332c10de-130b-4df7-83cf-9c80004546b2, nreads=8000, size_deletion=200
    resources: mem_mb=1000, disk_mb=1000, tmpdir=/tmp

mkdir -p output/output_genome2/plots_segmented/; Rscript 4_segment.R --name 332c10de-130b-4df7-83cf-9c80004546b2 --genome genome2 --size_deletion 200 --nreads 8000
Loading required package: BiocGenerics
Loading required package: parallel

Attaching package: ‘BiocGenerics’

The following objects are masked from ‘package:parallel’:

    clusterApply, clusterApplyLB, clusterCall, clusterEvalQ,
    clusterExport, clusterMap, parApply, parCapply, parLapply,
    parLapplyLB, parRapply, parSapply, parSapplyLB

The following objects are masked from ‘package:stats’:

    IQR, mad, sd, var, xtabs

The following objects are masked from ‘package:base’:

    anyDuplicated, append, as.data.frame, basename, cbind, colnames,
    dirname, do.call, duplicated, eval, evalq, Filter, Find, get, grep,
    grepl, intersect, is.unsorted, lapply, Map, mapply, match, mget,
    order, paste, pmax, pmax.int, pmin, pmin.int, Position, rank,
    rbind, Reduce, rownames, sapply, setdiff, sort, table, tapply,
    union, unique, unsplit, which.max, which.min

Welcome to Bioconductor

    Vignettes contain introductory material; view with
    'browseVignettes()'. To cite Bioconductor, see
    'citation("Biobase")', and for packages 'citation("pkgname")'.

    aligned_sim_transloc_reads332c10de-130b-4df7-83cf-9c80004546b2_nreads8000_sizedels200 (1 of 1): extracting reads ... binning ...
            aligned_sim_transloc_reads332c10de-130b-4df7-83cf-9c80004546b2_nreads8000_sizedels200
1:1-200                                                                                        62
1:201-400                                                                                      35
1:401-600                                                                                      38
1:601-800                                                                                      42
1:801-1000                                                                                     27
1:1001-1200                                                                                    35
1:1201-1400                                                                                    46
1:1401-1600                                                                                    50
1:1601-1800                                                                                    33
1:1801-2000                                                                                    36
1:2001-2200                                                                                    45
1:2201-2400                                                                                    46
1:2401-2600                                                                                    36
1:2601-2800                                                                                    47
1:2801-3000                                                                                    38
1:3001-3200                                                                                    50
1:3201-3400                                                                                    57
1:3401-3600                                                                                    47
1:3601-3800                                                                                    51
1:3801-4000                                                                                    33
1:4001-4200                                                                                    35
1:4201-4400                                                                                    41
1:4401-4600                                                                                    53
1:4601-4800                                                                                    37
1:4801-5000                                                                                    39
1:5001-5200                                                                                    39
1:5201-5400                                                                                    37
1:5401-5600                                                                                    44
1:5601-5800                                                                                    50
1:5801-6000                                                                                    42
1:6001-6200                                                                                    31
1:6201-6400                                                                                    35
1:6401-6600                                                                                    43
1:6601-6800                                                                                    28
1:6801-7000                                                                                    29
2:1-200                                                                                        69
2:201-400                                                                                      47
2:401-600                                                                                      40
2:601-800                                                                                      57
2:801-1000                                                                                     55
2:1001-1200                                                                                    34
2:1201-1400                                                                                    38
2:1401-1600                                                                                    36
2:1601-1800                                                                                    40
2:1801-2000                                                                                    46
2:2001-2200                                                                                    41
2:2201-2400                                                                                    37
2:2401-2600                                                                                    30
2:2601-2800                                                                                    39
2:2801-3000                                                                                    42
2:3001-3200                                                                                    35
2:3201-3400                                                                                    41
2:3401-3600                                                                                    40
2:3601-3800                                                                                    50
2:3801-4000                                                                                    36
2:4001-4200                                                                                    32
2:4201-4400                                                                                    47
2:4401-4600                                                                                    46
2:4601-4800                                                                                    36
2:4801-5000                                                                                    41
2:5001-5200                                                                                    31
2:5201-5400                                                                                    49
2:5401-5600                                                                                    37
2:5601-5800                                                                                    42
2:5801-6000                                                                                    40
3:1-200                                                                                        71
3:201-400                                                                                      42
3:401-600                                                                                      45
3:601-800                                                                                      29
3:801-1000                                                                                     41
3:1001-1200                                                                                    33
3:1201-1400                                                                                    43
3:1401-1600                                                                                    53
3:1601-1800                                                                                    42
3:1801-2000                                                                                    38
3:2001-2200                                                                                    32
3:2201-2400                                                                                    32
3:2401-2600                                                                                    44
3:2601-2800                                                                                    36
3:2801-3000                                                                                    43
3:3001-3200                                                                                    28
3:3201-3400                                                                                    30
3:3401-3600                                                                                    36
3:3601-3800                                                                                    31
3:3801-4000                                                                                    40
3:4001-4200                                                                                    35
3:4201-4400                                                                                    32
3:4401-4500                                                                                    17
4:1-200                                                                                        67
4:201-400                                                                                      34
4:401-600                                                                                      38
4:601-800                                                                                      38
4:801-1000                                                                                     40
4:1001-1200                                                                                    53
4:1201-1400                                                                                    29
4:1401-1600                                                                                    30
4:1601-1800                                                                                    29
4:1801-2000                                                                                    30
[1] 3952
Calculating correction for GC content and mappability
    Calculating fit for sample aligned_sim_transloc_reads332c10de-130b-4df7-83cf-9c80004546b2_nreads8000_sizedels200 (1 of 1) ...
Done.
Applying median normalization ...
Smoothing outliers ...
Performing segmentation:
NA
[1] "chromosome" "start"      "end"        "bases"      "gc"        
[6] "6"          "7"         
[1] "chromosome"  "start"       "end"         "bases"       "gc"         
[6] "mappability" "use"        
[1] "chromosome"  "start"       "end"         "bases"       "gc"         
[6] "mappability" "use"        
[1] "chromosome"  "start"       "end"         "bases"       "gc"         
[6] "mappability" "use"        
EM algorithm started ... 

[1] "Total number of segments present in the data: 4"
[1] "Number of segments used for fitting the model: 4"
40974076926264218.952.9817098014786712436.4112.981709809194150436.470.2
Calling iteration1:

optim results
time: 0
minimum: 48.3368474258607
148.3058719891171-0.686234877443869-0.168697385278874-0.02302790476091320.4243304007884150.7253976114114841.282529158973450.03994950401115450.001514224643657110.011253819519862-0.002993764352086630.1517774537116630.322223461632388
4098912692968521952.9817098014786712436.4112.981709809194150436.470.2
Calling iteration2:

optim results
time: 0
minimum: 48.3514915729707
148.3000246015519-0.478573979521311-0.10011272191834-0.022820932402365517.990359566005830.754722813559631.060958966399910.14881435573337.30266398880074e-050.0111803848002891-2.47630010448676e-060.4371621578292630.743905116288695
4098912692968521952.9817098014786712436.4112.981709809194150436.470.2
Calling iteration3:

optim results
time: 0
minimum: 48.3716694922631
148.2998031722163-0.436817476966262-0.100008337040504-0.022793921531873916.458808714417928.136519339491128.444671912599410.8904484080625-5.67908404469754e-050.0111803839944107-5.24166614887471e-050.2141376841150271.11272543691435
4098912692968521952.9817098014786712436.4112.981709809194150436.470.2
Calling iteration4:

optim results
time: 0
minimum: 48.3635343764621
148.2996153065394-0.436811728812805-0.100002588887047-0.022793921531873916.458808714417928.136519339491128.444671912599410.8904484080625-5.67908404469754e-050.0111803839944107-5.24166614887471e-050.2141376841150271.11272543691435
EM algorithm done ...

Computing posterior probabilities for all segments ...

Total time:0minutes

Adjusting segmented data for cellularity ... 

Cellularity sample1: 1

Adjusting normalized data for cellularity ... 

Cellularity sample1: 1

1
41015176935348219.153817098014786712436.4112.981709809194150436.470.2
41015366935849219.153817098014786712436.4112.981709809194150436.470.2
41015336935843219.153817098014786712436.4112.981709809194150436.470.2
41015616936631219.153817098014786712436.4112.981709809194150436.470.2
41019886937586219.153817098014786712436.4112.981709809194150436.470.2
41019976937590219.153817098014786712436.4112.981709809194150436.470.2
41020066937594219.153817098014786712436.4112.981709809194150436.470.2
41020156937598219.153817098014786712436.4112.981709809194150436.470.2
41020246937602219.153817098014786712436.4112.981709809194150436.470.2
41020306937605219.153817098014786712436.4112.981709809194150436.470.2
41020496937837219.153817098014786712436.4112.981709809194150436.470.2
41024656938160219.153817098014786712436.4112.981709809194150436.470.2
FINISHED!

Total time:0minutes

There were 40 warnings (use warnings() to see them)
pdf 
  2 
[1] 1
            aligned_sim_transloc_reads332c10de-130b-4df7-83cf-9c80004546b2_nreads8000_sizedels200
1:1-200                                                                                        62
1:201-400                                                                                      35
1:401-600                                                                                      38
1:601-800                                                                                      42
1:801-1000                                                                                     27
1:1001-1200                                                                                    35
1:1201-1400                                                                                    46
1:1401-1600                                                                                    50
1:1601-1800                                                                                    33
1:1801-2000                                                                                    36
1:2001-2200                                                                                    45
1:2201-2400                                                                                    46
1:2401-2600                                                                                    36
1:2601-2800                                                                                    47
1:2801-3000                                                                                    38
1:3001-3200                                                                                    50
1:3201-3400                                                                                    57
1:3401-3600                                                                                    47
1:3601-3800                                                                                    51
1:3801-4000                                                                                    33
1:4001-4200                                                                                    35
1:4201-4400                                                                                    41
1:4401-4600                                                                                    53
1:4601-4800                                                                                    37
1:4801-5000                                                                                    39
1:5001-5200                                                                                    39
1:5201-5400                                                                                    37
1:5401-5600                                                                                    44
1:5601-5800                                                                                    50
1:5801-6000                                                                                    42
1:6001-6200                                                                                    31
1:6201-6400                                                                                    35
1:6401-6600                                                                                    43
1:6601-6800                                                                                    28
1:6801-7000                                                                                    29
2:1-200                                                                                        69
2:201-400                                                                                      47
2:401-600                                                                                      40
2:601-800                                                                                      57
2:801-1000                                                                                     55
2:1001-1200                                                                                    34
2:1201-1400                                                                                    38
2:1401-1600                                                                                    36
2:1601-1800                                                                                    40
2:1801-2000                                                                                    46
2:2001-2200                                                                                    41
2:2201-2400                                                                                    37
2:2401-2600                                                                                    30
2:2601-2800                                                                                    39
2:2801-3000                                                                                    42
2:3001-3200                                                                                    35
2:3201-3400                                                                                    41
2:3401-3600                                                                                    40
2:3601-3800                                                                                    50
2:3801-4000                                                                                    36
2:4001-4200                                                                                    32
2:4201-4400                                                                                    47
2:4401-4600                                                                                    46
2:4601-4800                                                                                    36
2:4801-5000                                                                                    41
2:5001-5200                                                                                    31
2:5201-5400                                                                                    49
2:5401-5600                                                                                    37
2:5601-5800                                                                                    42
2:5801-6000                                                                                    40
3:1-200                                                                                        71
3:201-400                                                                                      42
3:401-600                                                                                      45
3:601-800                                                                                      29
3:801-1000                                                                                     41
3:1001-1200                                                                                    33
3:1201-1400                                                                                    43
3:1401-1600                                                                                    53
3:1601-1800                                                                                    42
3:1801-2000                                                                                    38
3:2001-2200                                                                                    32
3:2201-2400                                                                                    32
3:2401-2600                                                                                    44
3:2601-2800                                                                                    36
3:2801-3000                                                                                    43
3:3001-3200                                                                                    28
3:3201-3400                                                                                    30
3:3401-3600                                                                                    36
3:3601-3800                                                                                    31
3:3801-4000                                                                                    40
3:4001-4200                                                                                    35
3:4201-4400                                                                                    32
3:4401-4500                                                                                    34
4:1-200                                                                                        67
4:201-400                                                                                      34
4:401-600                                                                                      38
4:601-800                                                                                      38
4:801-1000                                                                                     40
4:1001-1200                                                                                    53
4:1201-1400                                                                                    29
4:1401-1600                                                                                    30
4:1601-1800                                                                                    29
4:1801-2000                                                                                    30
Smoothing outliers ...
Performing segmentation:
NA
[Fri Oct 29 11:49:34 2021]
Finished job 0.
1 of 1 steps (100%) done
