Building DAG of jobs...
Using shell: /usr/bin/bash
Provided cores: 1 (use --cores to define parallelism)
Rules claiming more threads will be scaled down.
Select jobs to execute...

[Fri Oct 29 11:49:14 2021]
rule segment:
    input: output/output_genome2/alignments/aligned_sim_transloc_reads4f469e5b-9b6a-4ddd-bb99-d65d8b40e28f_nreads8000_sizedels200.bam
    output: output/output_genome2/plots_segmented/plotCN_4f469e5b-9b6a-4ddd-bb99-d65d8b40e28f_nreads8000_sizedels200_ACE08cellularity.pdf
    jobid: 0
    wildcards: genome=genome2, name=4f469e5b-9b6a-4ddd-bb99-d65d8b40e28f, nreads=8000, size_deletion=200
    resources: mem_mb=1000, disk_mb=1000, tmpdir=/tmp

mkdir -p output/output_genome2/plots_segmented/; Rscript 4_segment.R --name 4f469e5b-9b6a-4ddd-bb99-d65d8b40e28f --genome genome2 --size_deletion 200 --nreads 8000
Loading required package: BiocGenerics
Loading required package: parallel

Attaching package: ‘BiocGenerics’

The following objects are masked from ‘package:parallel’:

    clusterApply, clusterApplyLB, clusterCall, clusterEvalQ,
    clusterExport, clusterMap, parApply, parCapply, parLapply,
    parLapplyLB, parRapply, parSapply, parSapplyLB

The following objects are masked from ‘package:stats’:

    IQR, mad, sd, var, xtabs

The following objects are masked from ‘package:base’:

    anyDuplicated, append, as.data.frame, basename, cbind, colnames,
    dirname, do.call, duplicated, eval, evalq, Filter, Find, get, grep,
    grepl, intersect, is.unsorted, lapply, Map, mapply, match, mget,
    order, paste, pmax, pmax.int, pmin, pmin.int, Position, rank,
    rbind, Reduce, rownames, sapply, setdiff, sort, table, tapply,
    union, unique, unsplit, which.max, which.min

Welcome to Bioconductor

    Vignettes contain introductory material; view with
    'browseVignettes()'. To cite Bioconductor, see
    'citation("Biobase")', and for packages 'citation("pkgname")'.

    aligned_sim_transloc_reads4f469e5b-9b6a-4ddd-bb99-d65d8b40e28f_nreads8000_sizedels200 (1 of 1): extracting reads ... binning ...
            aligned_sim_transloc_reads4f469e5b-9b6a-4ddd-bb99-d65d8b40e28f_nreads8000_sizedels200
1:1-200                                                                                        70
1:201-400                                                                                      40
1:401-600                                                                                      28
1:601-800                                                                                      36
1:801-1000                                                                                     44
1:1001-1200                                                                                    36
1:1201-1400                                                                                    34
1:1401-1600                                                                                    44
1:1601-1800                                                                                    44
1:1801-2000                                                                                    36
1:2001-2200                                                                                    39
1:2201-2400                                                                                    44
1:2401-2600                                                                                    44
1:2601-2800                                                                                    50
1:2801-3000                                                                                    46
1:3001-3200                                                                                    41
1:3201-3400                                                                                    40
1:3401-3600                                                                                    36
1:3601-3800                                                                                    46
1:3801-4000                                                                                    41
1:4001-4200                                                                                    41
1:4201-4400                                                                                    32
1:4401-4600                                                                                    38
1:4601-4800                                                                                    42
1:4801-5000                                                                                    40
1:5001-5200                                                                                    33
1:5201-5400                                                                                    35
1:5401-5600                                                                                    36
1:5601-5800                                                                                    36
1:5801-6000                                                                                    38
1:6001-6200                                                                                    43
1:6201-6400                                                                                    42
1:6401-6600                                                                                    38
1:6601-6800                                                                                    36
1:6801-7000                                                                                    31
2:1-200                                                                                        55
2:201-400                                                                                      47
2:401-600                                                                                      30
2:601-800                                                                                      48
2:801-1000                                                                                     33
2:1001-1200                                                                                    40
2:1201-1400                                                                                    32
2:1401-1600                                                                                    33
2:1601-1800                                                                                    27
2:1801-2000                                                                                    36
2:2001-2200                                                                                    39
2:2201-2400                                                                                    56
2:2401-2600                                                                                    29
2:2601-2800                                                                                    40
2:2801-3000                                                                                    46
2:3001-3200                                                                                    38
2:3201-3400                                                                                    38
2:3401-3600                                                                                    56
2:3601-3800                                                                                    36
2:3801-4000                                                                                    31
2:4001-4200                                                                                    41
2:4201-4400                                                                                    47
2:4401-4600                                                                                    38
2:4601-4800                                                                                    43
2:4801-5000                                                                                    37
2:5001-5200                                                                                    35
2:5201-5400                                                                                    41
2:5401-5600                                                                                    49
2:5601-5800                                                                                    37
2:5801-6000                                                                                    42
3:1-200                                                                                        56
3:201-400                                                                                      28
3:401-600                                                                                      51
3:601-800                                                                                      43
3:801-1000                                                                                     38
3:1001-1200                                                                                    43
3:1201-1400                                                                                    28
3:1401-1600                                                                                    44
3:1601-1800                                                                                    30
3:1801-2000                                                                                    42
3:2001-2200                                                                                    37
3:2201-2400                                                                                    47
3:2401-2600                                                                                    32
3:2601-2800                                                                                    35
3:2801-3000                                                                                    45
3:3001-3200                                                                                    38
3:3201-3400                                                                                    48
3:3401-3600                                                                                    42
3:3601-3800                                                                                    57
3:3801-4000                                                                                    34
3:4001-4200                                                                                    28
3:4201-4400                                                                                    39
3:4401-4500                                                                                    16
4:1-200                                                                                        59
4:201-400                                                                                      44
4:401-600                                                                                      28
4:601-800                                                                                      39
4:801-1000                                                                                     29
4:1001-1200                                                                                    34
4:1201-1400                                                                                    35
4:1401-1600                                                                                    45
4:1601-1800                                                                                    45
4:1801-2000                                                                                    38
[1] 3897
Calculating correction for GC content and mappability
    Calculating fit for sample aligned_sim_transloc_reads4f469e5b-9b6a-4ddd-bb99-d65d8b40e28f_nreads8000_sizedels200 (1 of 1) ...
Done.
Applying median normalization ...
Smoothing outliers ...
Performing segmentation:
NA
[1] "chromosome" "start"      "end"        "bases"      "gc"        
[6] "6"          "7"         
[1] "chromosome"  "start"       "end"         "bases"       "gc"         
[6] "mappability" "use"        
[1] "chromosome"  "start"       "end"         "bases"       "gc"         
[6] "mappability" "use"        
[1] "chromosome"  "start"       "end"         "bases"       "gc"         
[6] "mappability" "use"        
EM algorithm started ... 

[1] "Total number of segments present in the data: 4"
[1] "Number of segments used for fitting the model: 4"
40974076926264218.952.9817098014786712436.4112.981709809194177436.470.2
Calling iteration1:

optim results
time: 0
minimum: 46.9468790324165
146.9457920454154-0.787240019301249-0.285952815169567-0.007535483301659530.2873431932040630.4912164332753280.9938194588049290.0285796454104132-4.726174108199e-050.01118035368470841.20865424977714e-050.01899829040595390.0587657952694915
EM algorithm done ...

Computing posterior probabilities for all segments ...

Total time:0minutes

Adjusting segmented data for cellularity ... 

Cellularity sample1: 1

Adjusting normalized data for cellularity ... 

Cellularity sample1: 1

1
41015176935348219.153817098014786712436.4112.981709809194177436.470.2
41015366935849219.153817098014786712436.4112.981709809194177436.470.2
41015336935843219.153817098014786712436.4112.981709809194177436.470.2
41015616936631219.153817098014786712436.4112.981709809194177436.470.2
41019886937586219.153817098014786712436.4112.981709809194177436.470.2
41019976937590219.153817098014786712436.4112.981709809194177436.470.2
41020066937594219.153817098014786712436.4112.981709809194177436.470.2
41020156937598219.153817098014786712436.4112.981709809194177436.470.2
41020246937602219.153817098014786712436.4112.981709809194177436.470.2
41020306937605219.153817098014786712436.4112.981709809194177436.470.2
41020496937837219.153817098014786712436.4112.981709809194177436.470.2
41024656938160219.153817098014786712436.4112.981709809194177436.470.2
FINISHED!

Total time:0minutes

There were 16 warnings (use warnings() to see them)
pdf 
  2 
[1] 1
            aligned_sim_transloc_reads4f469e5b-9b6a-4ddd-bb99-d65d8b40e28f_nreads8000_sizedels200
1:1-200                                                                                        70
1:201-400                                                                                      40
1:401-600                                                                                      28
1:601-800                                                                                      36
1:801-1000                                                                                     44
1:1001-1200                                                                                    36
1:1201-1400                                                                                    34
1:1401-1600                                                                                    44
1:1601-1800                                                                                    44
1:1801-2000                                                                                    36
1:2001-2200                                                                                    39
1:2201-2400                                                                                    44
1:2401-2600                                                                                    44
1:2601-2800                                                                                    50
1:2801-3000                                                                                    46
1:3001-3200                                                                                    41
1:3201-3400                                                                                    40
1:3401-3600                                                                                    36
1:3601-3800                                                                                    46
1:3801-4000                                                                                    41
1:4001-4200                                                                                    41
1:4201-4400                                                                                    32
1:4401-4600                                                                                    38
1:4601-4800                                                                                    42
1:4801-5000                                                                                    40
1:5001-5200                                                                                    33
1:5201-5400                                                                                    35
1:5401-5600                                                                                    36
1:5601-5800                                                                                    36
1:5801-6000                                                                                    38
1:6001-6200                                                                                    43
1:6201-6400                                                                                    42
1:6401-6600                                                                                    38
1:6601-6800                                                                                    36
1:6801-7000                                                                                    31
2:1-200                                                                                        55
2:201-400                                                                                      47
2:401-600                                                                                      30
2:601-800                                                                                      48
2:801-1000                                                                                     33
2:1001-1200                                                                                    40
2:1201-1400                                                                                    32
2:1401-1600                                                                                    33
2:1601-1800                                                                                    27
2:1801-2000                                                                                    36
2:2001-2200                                                                                    39
2:2201-2400                                                                                    56
2:2401-2600                                                                                    29
2:2601-2800                                                                                    40
2:2801-3000                                                                                    46
2:3001-3200                                                                                    38
2:3201-3400                                                                                    38
2:3401-3600                                                                                    56
2:3601-3800                                                                                    36
2:3801-4000                                                                                    31
2:4001-4200                                                                                    41
2:4201-4400                                                                                    47
2:4401-4600                                                                                    38
2:4601-4800                                                                                    43
2:4801-5000                                                                                    37
2:5001-5200                                                                                    35
2:5201-5400                                                                                    41
2:5401-5600                                                                                    49
2:5601-5800                                                                                    37
2:5801-6000                                                                                    42
3:1-200                                                                                        56
3:201-400                                                                                      28
3:401-600                                                                                      51
3:601-800                                                                                      43
3:801-1000                                                                                     38
3:1001-1200                                                                                    43
3:1201-1400                                                                                    28
3:1401-1600                                                                                    44
3:1601-1800                                                                                    30
3:1801-2000                                                                                    42
3:2001-2200                                                                                    37
3:2201-2400                                                                                    47
3:2401-2600                                                                                    32
3:2601-2800                                                                                    35
3:2801-3000                                                                                    45
3:3001-3200                                                                                    38
3:3201-3400                                                                                    48
3:3401-3600                                                                                    42
3:3601-3800                                                                                    57
3:3801-4000                                                                                    34
3:4001-4200                                                                                    28
3:4201-4400                                                                                    39
3:4401-4500                                                                                    32
4:1-200                                                                                        59
4:201-400                                                                                      44
4:401-600                                                                                      28
4:601-800                                                                                      39
4:801-1000                                                                                     29
4:1001-1200                                                                                    34
4:1201-1400                                                                                    35
4:1401-1600                                                                                    45
4:1601-1800                                                                                    45
4:1801-2000                                                                                    38
Smoothing outliers ...
Performing segmentation:
NA
[Fri Oct 29 11:49:30 2021]
Finished job 0.
1 of 1 steps (100%) done
