Building DAG of jobs...
Using shell: /usr/bin/bash
Provided cores: 1 (use --cores to define parallelism)
Rules claiming more threads will be scaled down.
Select jobs to execute...

[Fri Oct 29 12:00:18 2021]
rule segment:
    input: output/output_genome2/alignments/aligned_sim_transloc_readsc27768e7-f0bf-4a7b-96d8-22063bea52b0_nreads8000_sizedels500.bam
    output: output/output_genome2/plots_segmented/plotCN_c27768e7-f0bf-4a7b-96d8-22063bea52b0_nreads8000_sizedels500_ACE08cellularity.pdf
    jobid: 0
    wildcards: genome=genome2, name=c27768e7-f0bf-4a7b-96d8-22063bea52b0, nreads=8000, size_deletion=500
    resources: mem_mb=1000, disk_mb=1000, tmpdir=/tmp

mkdir -p output/output_genome2/plots_segmented/; Rscript 4_segment.R --name c27768e7-f0bf-4a7b-96d8-22063bea52b0 --genome genome2 --size_deletion 500 --nreads 8000
Loading required package: BiocGenerics
Loading required package: parallel

Attaching package: ‘BiocGenerics’

The following objects are masked from ‘package:parallel’:

    clusterApply, clusterApplyLB, clusterCall, clusterEvalQ,
    clusterExport, clusterMap, parApply, parCapply, parLapply,
    parLapplyLB, parRapply, parSapply, parSapplyLB

The following objects are masked from ‘package:stats’:

    IQR, mad, sd, var, xtabs

The following objects are masked from ‘package:base’:

    anyDuplicated, append, as.data.frame, basename, cbind, colnames,
    dirname, do.call, duplicated, eval, evalq, Filter, Find, get, grep,
    grepl, intersect, is.unsorted, lapply, Map, mapply, match, mget,
    order, paste, pmax, pmax.int, pmin, pmin.int, Position, rank,
    rbind, Reduce, rownames, sapply, setdiff, sort, table, tapply,
    union, unique, unsplit, which.max, which.min

Welcome to Bioconductor

    Vignettes contain introductory material; view with
    'browseVignettes()'. To cite Bioconductor, see
    'citation("Biobase")', and for packages 'citation("pkgname")'.

    aligned_sim_transloc_readsc27768e7-f0bf-4a7b-96d8-22063bea52b0_nreads8000_sizedels500 (1 of 1): extracting reads ... binning ...
            aligned_sim_transloc_readsc27768e7-f0bf-4a7b-96d8-22063bea52b0_nreads8000_sizedels500
1:1-200                                                                                        65
1:201-400                                                                                      51
1:401-600                                                                                      35
1:601-800                                                                                      38
1:801-1000                                                                                     39
1:1001-1200                                                                                    55
1:1201-1400                                                                                    33
1:1401-1600                                                                                    45
1:1601-1800                                                                                    48
1:1801-2000                                                                                    42
1:2001-2200                                                                                    40
1:2201-2400                                                                                    42
1:2401-2600                                                                                    44
1:2601-2800                                                                                    46
1:2801-3000                                                                                    35
1:3001-3200                                                                                    41
1:3201-3400                                                                                    45
1:3401-3600                                                                                    33
1:3601-3800                                                                                    34
1:3801-4000                                                                                    43
1:4001-4200                                                                                    45
1:4201-4400                                                                                    52
1:4401-4600                                                                                    42
1:4601-4800                                                                                    52
1:4801-5000                                                                                    43
1:5001-5200                                                                                    34
1:5201-5400                                                                                    43
1:5401-5600                                                                                    35
1:5601-5800                                                                                    50
1:5801-6000                                                                                    37
1:6001-6200                                                                                    35
1:6201-6400                                                                                    47
1:6401-6600                                                                                    41
1:6601-6800                                                                                    36
1:6801-7000                                                                                    31
2:1-200                                                                                        65
2:201-400                                                                                      50
2:401-600                                                                                      36
2:601-800                                                                                      44
2:801-1000                                                                                     35
2:1001-1200                                                                                    33
2:1201-1400                                                                                    42
2:1401-1600                                                                                    47
2:1601-1800                                                                                    41
2:1801-2000                                                                                    42
2:2001-2200                                                                                    53
2:2201-2400                                                                                    45
2:2401-2600                                                                                    33
2:2601-2800                                                                                    37
2:2801-3000                                                                                    35
2:3001-3200                                                                                    43
2:3201-3400                                                                                    44
2:3401-3600                                                                                    47
2:3601-3800                                                                                    34
2:3801-4000                                                                                    31
2:4001-4200                                                                                    47
2:4201-4400                                                                                    36
2:4401-4600                                                                                    35
2:4601-4800                                                                                    36
2:4801-5000                                                                                    30
2:5001-5200                                                                                    37
2:5201-5400                                                                                    44
2:5401-5600                                                                                    59
2:5601-5800                                                                                    47
2:5801-6000                                                                                    34
3:1-200                                                                                        56
3:201-400                                                                                      26
3:401-600                                                                                      28
3:601-800                                                                                      41
3:801-1000                                                                                     39
3:1001-1200                                                                                    43
3:1201-1400                                                                                    29
3:1401-1600                                                                                    52
3:1601-1800                                                                                    39
3:1801-2000                                                                                    30
3:2001-2200                                                                                    46
3:2201-2400                                                                                    37
3:2401-2600                                                                                    51
3:2601-2800                                                                                    33
3:2801-3000                                                                                    25
3:3001-3200                                                                                    53
3:3201-3400                                                                                    45
3:3401-3600                                                                                    48
3:3601-3800                                                                                    40
3:3801-4000                                                                                    48
3:4001-4200                                                                                    45
3:4201-4400                                                                                    40
3:4401-4500                                                                                    20
4:1-200                                                                                        67
4:201-400                                                                                      38
4:401-600                                                                                      37
4:601-800                                                                                      38
4:801-1000                                                                                     38
4:1001-1200                                                                                    39
4:1201-1400                                                                                    36
4:1401-1600                                                                                    36
4:1601-1800                                                                                    35
4:1801-2000                                                                                    37
[1] 4034
Calculating correction for GC content and mappability
    Calculating fit for sample aligned_sim_transloc_readsc27768e7-f0bf-4a7b-96d8-22063bea52b0_nreads8000_sizedels500 (1 of 1) ...
Done.
Applying median normalization ...
Smoothing outliers ...
Performing segmentation:
NA
[1] "chromosome" "start"      "end"        "bases"      "gc"        
[6] "6"          "7"         
[1] "chromosome"  "start"       "end"         "bases"       "gc"         
[6] "mappability" "use"        
[1] "chromosome"  "start"       "end"         "bases"       "gc"         
[6] "mappability" "use"        
[1] "chromosome"  "start"       "end"         "bases"       "gc"         
[6] "mappability" "use"        
EM algorithm started ... 

[1] "Total number of segments present in the data: 4"
[1] "Number of segments used for fitting the model: 4"
40974076926264218.952.9817098014786712436.4112.981709809194148436.470.2
Calling iteration1:

optim results
time: 0
minimum: 47.6021999449876
147.5945353599181-0.74191652187132-0.190990933758715-0.03239112831906570.4232165814187180.723493524622461.392494462000470.0354865451524106-0.0001479849244251180.0111810055554073-0.0001723361036467660.01079413370380750.212942756148574
4098912692968521952.9817098014786712436.4112.981709809194148436.470.2
Calling iteration2:

optim results
time: 0
minimum: 47.5963948301782
147.5937243143006-8.86574538712348-0.100450304699846-0.03256398488248730.1171076279682430.2001968123150989.931982612922654.310045383473482.91252691349735e-050.0111803666885839-9.37631198216921e-060.1316279254386690.513060820733588
4098912692968521952.9817098014786712436.4112.981709809194148436.470.2
Calling iteration3:

optim results
time: 0
minimum: 47.5992462294062
147.5936300888682-10.1725074911178-0.100062330099679-0.03256994939215940.1138125399266520.19456382210199914.39074207207584.811978314947732.9311539028302e-050.01118034978450071.98232223799503e-050.5503524633390181.09530262644013
EM algorithm done ...

Computing posterior probabilities for all segments ...

Total time:0minutes

Adjusting segmented data for cellularity ... 

Cellularity sample1: 1

Adjusting normalized data for cellularity ... 

Cellularity sample1: 1

1
41015176935348219.153817098014786712436.4112.981709809194148436.470.2
41015366935849219.153817098014786712436.4112.981709809194148436.470.2
41015336935843219.153817098014786712436.4112.981709809194148436.470.2
41015616936631219.153817098014786712436.4112.981709809194148436.470.2
41019886937586219.153817098014786712436.4112.981709809194148436.470.2
41019976937590219.153817098014786712436.4112.981709809194148436.470.2
41020066937594219.153817098014786712436.4112.981709809194148436.470.2
41020156937598219.153817098014786712436.4112.981709809194148436.470.2
41020246937602219.153817098014786712436.4112.981709809194148436.470.2
41020306937605219.153817098014786712436.4112.981709809194148436.470.2
41020496937837219.153817098014786712436.4112.981709809194148436.470.2
41024656938160219.153817098014786712436.4112.981709809194148436.470.2
FINISHED!

Total time:0minutes

There were 32 warnings (use warnings() to see them)
pdf 
  2 
[1] 1
            aligned_sim_transloc_readsc27768e7-f0bf-4a7b-96d8-22063bea52b0_nreads8000_sizedels500
1:1-200                                                                                        65
1:201-400                                                                                      51
1:401-600                                                                                      35
1:601-800                                                                                      38
1:801-1000                                                                                     39
1:1001-1200                                                                                    55
1:1201-1400                                                                                    33
1:1401-1600                                                                                    45
1:1601-1800                                                                                    48
1:1801-2000                                                                                    42
1:2001-2200                                                                                    40
1:2201-2400                                                                                    42
1:2401-2600                                                                                    44
1:2601-2800                                                                                    46
1:2801-3000                                                                                    35
1:3001-3200                                                                                    41
1:3201-3400                                                                                    45
1:3401-3600                                                                                    33
1:3601-3800                                                                                    34
1:3801-4000                                                                                    43
1:4001-4200                                                                                    45
1:4201-4400                                                                                    52
1:4401-4600                                                                                    42
1:4601-4800                                                                                    52
1:4801-5000                                                                                    43
1:5001-5200                                                                                    34
1:5201-5400                                                                                    43
1:5401-5600                                                                                    35
1:5601-5800                                                                                    50
1:5801-6000                                                                                    37
1:6001-6200                                                                                    35
1:6201-6400                                                                                    47
1:6401-6600                                                                                    41
1:6601-6800                                                                                    36
1:6801-7000                                                                                    31
2:1-200                                                                                        65
2:201-400                                                                                      50
2:401-600                                                                                      36
2:601-800                                                                                      44
2:801-1000                                                                                     35
2:1001-1200                                                                                    33
2:1201-1400                                                                                    42
2:1401-1600                                                                                    47
2:1601-1800                                                                                    41
2:1801-2000                                                                                    42
2:2001-2200                                                                                    53
2:2201-2400                                                                                    45
2:2401-2600                                                                                    33
2:2601-2800                                                                                    37
2:2801-3000                                                                                    35
2:3001-3200                                                                                    43
2:3201-3400                                                                                    44
2:3401-3600                                                                                    47
2:3601-3800                                                                                    34
2:3801-4000                                                                                    31
2:4001-4200                                                                                    47
2:4201-4400                                                                                    36
2:4401-4600                                                                                    35
2:4601-4800                                                                                    36
2:4801-5000                                                                                    30
2:5001-5200                                                                                    37
2:5201-5400                                                                                    44
2:5401-5600                                                                                    59
2:5601-5800                                                                                    47
2:5801-6000                                                                                    34
3:1-200                                                                                        56
3:201-400                                                                                      26
3:401-600                                                                                      28
3:601-800                                                                                      41
3:801-1000                                                                                     39
3:1001-1200                                                                                    43
3:1201-1400                                                                                    29
3:1401-1600                                                                                    52
3:1601-1800                                                                                    39
3:1801-2000                                                                                    30
3:2001-2200                                                                                    46
3:2201-2400                                                                                    37
3:2401-2600                                                                                    51
3:2601-2800                                                                                    33
3:2801-3000                                                                                    25
3:3001-3200                                                                                    53
3:3201-3400                                                                                    45
3:3401-3600                                                                                    48
3:3601-3800                                                                                    40
3:3801-4000                                                                                    48
3:4001-4200                                                                                    45
3:4201-4400                                                                                    40
3:4401-4500                                                                                    40
4:1-200                                                                                        67
4:201-400                                                                                      38
4:401-600                                                                                      37
4:601-800                                                                                      38
4:801-1000                                                                                     38
4:1001-1200                                                                                    39
4:1201-1400                                                                                    36
4:1401-1600                                                                                    36
4:1601-1800                                                                                    35
4:1801-2000                                                                                    37
Smoothing outliers ...
Performing segmentation:
NA
[Fri Oct 29 12:00:37 2021]
Finished job 0.
1 of 1 steps (100%) done
