Building DAG of jobs...
Using shell: /usr/bin/bash
Provided cores: 1 (use --cores to define parallelism)
Rules claiming more threads will be scaled down.
Select jobs to execute...

[Fri Oct 29 11:49:15 2021]
rule segment:
    input: output/output_genome2/alignments/aligned_sim_transloc_reads8ccddfff-8c08-44f6-bec2-754368c5dfa0_nreads12000_sizedels1000.bam
    output: output/output_genome2/plots_segmented/plotCN_8ccddfff-8c08-44f6-bec2-754368c5dfa0_nreads12000_sizedels1000_ACE08cellularity.pdf
    jobid: 0
    wildcards: genome=genome2, name=8ccddfff-8c08-44f6-bec2-754368c5dfa0, nreads=12000, size_deletion=1000
    resources: mem_mb=1000, disk_mb=1000, tmpdir=/tmp

mkdir -p output/output_genome2/plots_segmented/; Rscript 4_segment.R --name 8ccddfff-8c08-44f6-bec2-754368c5dfa0 --genome genome2 --size_deletion 1000 --nreads 12000
Loading required package: BiocGenerics
Loading required package: parallel

Attaching package: ‘BiocGenerics’

The following objects are masked from ‘package:parallel’:

    clusterApply, clusterApplyLB, clusterCall, clusterEvalQ,
    clusterExport, clusterMap, parApply, parCapply, parLapply,
    parLapplyLB, parRapply, parSapply, parSapplyLB

The following objects are masked from ‘package:stats’:

    IQR, mad, sd, var, xtabs

The following objects are masked from ‘package:base’:

    anyDuplicated, append, as.data.frame, basename, cbind, colnames,
    dirname, do.call, duplicated, eval, evalq, Filter, Find, get, grep,
    grepl, intersect, is.unsorted, lapply, Map, mapply, match, mget,
    order, paste, pmax, pmax.int, pmin, pmin.int, Position, rank,
    rbind, Reduce, rownames, sapply, setdiff, sort, table, tapply,
    union, unique, unsplit, which.max, which.min

Welcome to Bioconductor

    Vignettes contain introductory material; view with
    'browseVignettes()'. To cite Bioconductor, see
    'citation("Biobase")', and for packages 'citation("pkgname")'.

    aligned_sim_transloc_reads8ccddfff-8c08-44f6-bec2-754368c5dfa0_nreads12000_sizedels1000 (1 of 1): extracting reads ... binning ...
            aligned_sim_transloc_reads8ccddfff-8c08-44f6-bec2-754368c5dfa0_nreads12000_sizedels1000
1:1-200                                                                                          57
1:201-400                                                                                        33
1:401-600                                                                                        30
1:601-800                                                                                        35
1:801-1000                                                                                       38
1:1001-1200                                                                                      80
1:1201-1400                                                                                      69
1:1401-1600                                                                                      59
1:1601-1800                                                                                      60
1:1801-2000                                                                                      50
1:2001-2200                                                                                      71
1:2201-2400                                                                                      48
1:2401-2600                                                                                      64
1:2601-2800                                                                                      56
1:2801-3000                                                                                      69
1:3001-3200                                                                                      47
1:3201-3400                                                                                      60
1:3401-3600                                                                                      69
1:3601-3800                                                                                      61
1:3801-4000                                                                                      66
1:4001-4200                                                                                      49
1:4201-4400                                                                                      48
1:4401-4600                                                                                      57
1:4601-4800                                                                                      61
1:4801-5000                                                                                      56
1:5001-5200                                                                                      58
1:5201-5400                                                                                      56
1:5401-5600                                                                                      67
1:5601-5800                                                                                      59
1:5801-6000                                                                                      74
1:6001-6200                                                                                      58
1:6201-6400                                                                                      65
1:6401-6600                                                                                      56
1:6601-6800                                                                                      55
1:6801-7000                                                                                      50
2:1-200                                                                                          79
2:201-400                                                                                        86
2:401-600                                                                                        58
2:601-800                                                                                        60
2:801-1000                                                                                       56
2:1001-1200                                                                                      57
2:1201-1400                                                                                      65
2:1401-1600                                                                                      73
2:1601-1800                                                                                      81
2:1801-2000                                                                                      63
2:2001-2200                                                                                      80
2:2201-2400                                                                                      67
2:2401-2600                                                                                      59
2:2601-2800                                                                                      61
2:2801-3000                                                                                      66
2:3001-3200                                                                                      48
2:3201-3400                                                                                      60
2:3401-3600                                                                                      47
2:3601-3800                                                                                      57
2:3801-4000                                                                                      65
2:4001-4200                                                                                      50
2:4201-4400                                                                                      75
2:4401-4600                                                                                      54
2:4601-4800                                                                                      62
2:4801-5000                                                                                      65
2:5001-5200                                                                                      65
2:5201-5400                                                                                      49
2:5401-5600                                                                                      60
2:5601-5800                                                                                      64
2:5801-6000                                                                                      41
3:1-200                                                                                         106
3:201-400                                                                                        71
3:401-600                                                                                        56
3:601-800                                                                                        72
3:801-1000                                                                                       69
3:1001-1200                                                                                      68
3:1201-1400                                                                                      44
3:1401-1600                                                                                      81
3:1601-1800                                                                                      65
3:1801-2000                                                                                      47
3:2001-2200                                                                                      59
3:2201-2400                                                                                      67
3:2401-2600                                                                                      69
3:2601-2800                                                                                      60
3:2801-3000                                                                                      66
3:3001-3200                                                                                      65
3:3201-3400                                                                                      56
3:3401-3600                                                                                      56
3:3601-3800                                                                                      63
3:3801-4000                                                                                      54
3:4001-4200                                                                                      49
3:4201-4400                                                                                      66
3:4401-4500                                                                                      15
4:1-200                                                                                          99
4:201-400                                                                                        66
4:401-600                                                                                        63
4:601-800                                                                                        61
4:801-1000                                                                                       61
4:1001-1200                                                                                      72
4:1201-1400                                                                                      50
4:1401-1600                                                                                      42
4:1601-1800                                                                                      56
4:1801-2000                                                                                      55
[1] 5913
Calculating correction for GC content and mappability
    Calculating fit for sample aligned_sim_transloc_reads8ccddfff-8c08-44f6-bec2-754368c5dfa0_nreads12000_sizedels1000 (1 of 1) ...
Done.
Applying median normalization ...
Smoothing outliers ...
Performing segmentation:
NA
[1] "chromosome" "start"      "end"        "bases"      "gc"        
[6] "6"          "7"         
[1] "chromosome"  "start"       "end"         "bases"       "gc"         
[6] "mappability" "use"        
[1] "chromosome"  "start"       "end"         "bases"       "gc"         
[6] "mappability" "use"        
[1] "chromosome"  "start"       "end"         "bases"       "gc"         
[6] "mappability" "use"        
EM algorithm started ... 

[1] "Total number of segments present in the data: 4"
[1] "Number of segments used for fitting the model: 4"
40974076926264218.952.9817098014786712436.4112.981709809194162436.470.2
Calling iteration1:

optim results
time: 0
minimum: 49.118507715935
149.1019259926252-0.654144045306443-0.130276953205342-0.03797594147991320.1498570604644060.2561823369526390.7076905048069831.85509850323962-0.04120194142159270.03554969064879850.04850901488327440.5704172930367930.694291751833729
4098912692968521952.9817098014786712436.4112.981709809194162436.470.2
Calling iteration2:

optim results
time: 0
minimum: 49.1749320220493
149.0995952629471-0.668325185842104-0.111526160288008-0.03783281063806580.1327988100296530.2270210652237280.7268675995271821.71331236255814-0.0001531526102442340.03517942910401470.06725398303586850.161403824823010.592426552895243
4098912692968521952.9817098014786712436.4112.981709809194162436.470.2
Calling iteration3:

optim results
time: 0
minimum: 49.1893773757226
149.099491671159-0.654250024790634-0.113194386288229-0.03776237893077920.1060611514661550.1813127360051280.7095661637984891.677105772906860.0005193828057758910.03513301062874860.06661559460108210.1998265630225011.58239920449901
4098912692968521952.9817098014786712436.4112.981709809194162436.470.2
Calling iteration4:

optim results
time: 0
minimum: 49.1939474496027
149.0994123832553-0.653417474521568-0.113639895422701-0.03773549176446560.1040123665788790.177810315106780.7415441510320061.519882995224694.81076402906608e-050.03513751067587020.06684162420961830.2680569893907641.43771575674906
EM algorithm done ...

Computing posterior probabilities for all segments ...

Total time:0minutes

Adjusting segmented data for cellularity ... 

Cellularity sample1: 1

Adjusting normalized data for cellularity ... 

Cellularity sample1: 1

1
41015176935348219.153817098014786712436.4112.981709809194162436.470.2
41015366935849219.153817098014786712436.4112.981709809194162436.470.2
41015336935843219.153817098014786712436.4112.981709809194162436.470.2
41015616936631219.153817098014786712436.4112.981709809194162436.470.2
41019886937586219.153817098014786712436.4112.981709809194162436.470.2
41019976937590219.153817098014786712436.4112.981709809194162436.470.2
41020066937594219.153817098014786712436.4112.981709809194162436.470.2
41020156937598219.153817098014786712436.4112.981709809194162436.470.2
41020246937602219.153817098014786712436.4112.981709809194162436.470.2
41020306937605219.153817098014786712436.4112.981709809194162436.470.2
41020496937837219.153817098014786712436.4112.981709809194162436.470.2
41024656938160219.153817098014786712436.4112.981709809194162436.470.2
FINISHED!

Total time:0minutes

There were 40 warnings (use warnings() to see them)
pdf 
  2 
[1] 1
            aligned_sim_transloc_reads8ccddfff-8c08-44f6-bec2-754368c5dfa0_nreads12000_sizedels1000
1:1-200                                                                                          57
1:201-400                                                                                        33
1:401-600                                                                                        30
1:601-800                                                                                        35
1:801-1000                                                                                       38
1:1001-1200                                                                                      80
1:1201-1400                                                                                      69
1:1401-1600                                                                                      59
1:1601-1800                                                                                      60
1:1801-2000                                                                                      50
1:2001-2200                                                                                      71
1:2201-2400                                                                                      48
1:2401-2600                                                                                      64
1:2601-2800                                                                                      56
1:2801-3000                                                                                      69
1:3001-3200                                                                                      47
1:3201-3400                                                                                      60
1:3401-3600                                                                                      69
1:3601-3800                                                                                      61
1:3801-4000                                                                                      66
1:4001-4200                                                                                      49
1:4201-4400                                                                                      48
1:4401-4600                                                                                      57
1:4601-4800                                                                                      61
1:4801-5000                                                                                      56
1:5001-5200                                                                                      58
1:5201-5400                                                                                      56
1:5401-5600                                                                                      67
1:5601-5800                                                                                      59
1:5801-6000                                                                                      74
1:6001-6200                                                                                      58
1:6201-6400                                                                                      65
1:6401-6600                                                                                      56
1:6601-6800                                                                                      55
1:6801-7000                                                                                      50
2:1-200                                                                                          79
2:201-400                                                                                        86
2:401-600                                                                                        58
2:601-800                                                                                        60
2:801-1000                                                                                       56
2:1001-1200                                                                                      57
2:1201-1400                                                                                      65
2:1401-1600                                                                                      73
2:1601-1800                                                                                      81
2:1801-2000                                                                                      63
2:2001-2200                                                                                      80
2:2201-2400                                                                                      67
2:2401-2600                                                                                      59
2:2601-2800                                                                                      61
2:2801-3000                                                                                      66
2:3001-3200                                                                                      48
2:3201-3400                                                                                      60
2:3401-3600                                                                                      47
2:3601-3800                                                                                      57
2:3801-4000                                                                                      65
2:4001-4200                                                                                      50
2:4201-4400                                                                                      75
2:4401-4600                                                                                      54
2:4601-4800                                                                                      62
2:4801-5000                                                                                      65
2:5001-5200                                                                                      65
2:5201-5400                                                                                      49
2:5401-5600                                                                                      60
2:5601-5800                                                                                      64
2:5801-6000                                                                                      41
3:1-200                                                                                         106
3:201-400                                                                                        71
3:401-600                                                                                        56
3:601-800                                                                                        72
3:801-1000                                                                                       69
3:1001-1200                                                                                      68
3:1201-1400                                                                                      44
3:1401-1600                                                                                      81
3:1601-1800                                                                                      65
3:1801-2000                                                                                      47
3:2001-2200                                                                                      59
3:2201-2400                                                                                      67
3:2401-2600                                                                                      69
3:2601-2800                                                                                      60
3:2801-3000                                                                                      66
3:3001-3200                                                                                      65
3:3201-3400                                                                                      56
3:3401-3600                                                                                      56
3:3601-3800                                                                                      63
3:3801-4000                                                                                      54
3:4001-4200                                                                                      49
3:4201-4400                                                                                      66
3:4401-4500                                                                                      30
4:1-200                                                                                          99
4:201-400                                                                                        66
4:401-600                                                                                        63
4:601-800                                                                                        61
4:801-1000                                                                                       61
4:1001-1200                                                                                      72
4:1201-1400                                                                                      50
4:1401-1600                                                                                      42
4:1601-1800                                                                                      56
4:1801-2000                                                                                      55
Smoothing outliers ...
Performing segmentation:
NA
[Fri Oct 29 11:49:34 2021]
Finished job 0.
1 of 1 steps (100%) done
