Building DAG of jobs...
Using shell: /usr/bin/bash
Provided cores: 1 (use --cores to define parallelism)
Rules claiming more threads will be scaled down.
Select jobs to execute...

[Fri Oct 29 12:00:18 2021]
rule segment:
    input: output/output_genome2/alignments/aligned_sim_transloc_readsc27768e7-f0bf-4a7b-96d8-22063bea52b0_nreads8000_sizedels200.bam
    output: output/output_genome2/plots_segmented/plotCN_c27768e7-f0bf-4a7b-96d8-22063bea52b0_nreads8000_sizedels200_ACE08cellularity.pdf
    jobid: 0
    wildcards: genome=genome2, name=c27768e7-f0bf-4a7b-96d8-22063bea52b0, nreads=8000, size_deletion=200
    resources: mem_mb=1000, disk_mb=1000, tmpdir=/tmp

mkdir -p output/output_genome2/plots_segmented/; Rscript 4_segment.R --name c27768e7-f0bf-4a7b-96d8-22063bea52b0 --genome genome2 --size_deletion 200 --nreads 8000
Loading required package: BiocGenerics
Loading required package: parallel

Attaching package: ‘BiocGenerics’

The following objects are masked from ‘package:parallel’:

    clusterApply, clusterApplyLB, clusterCall, clusterEvalQ,
    clusterExport, clusterMap, parApply, parCapply, parLapply,
    parLapplyLB, parRapply, parSapply, parSapplyLB

The following objects are masked from ‘package:stats’:

    IQR, mad, sd, var, xtabs

The following objects are masked from ‘package:base’:

    anyDuplicated, append, as.data.frame, basename, cbind, colnames,
    dirname, do.call, duplicated, eval, evalq, Filter, Find, get, grep,
    grepl, intersect, is.unsorted, lapply, Map, mapply, match, mget,
    order, paste, pmax, pmax.int, pmin, pmin.int, Position, rank,
    rbind, Reduce, rownames, sapply, setdiff, sort, table, tapply,
    union, unique, unsplit, which.max, which.min

Welcome to Bioconductor

    Vignettes contain introductory material; view with
    'browseVignettes()'. To cite Bioconductor, see
    'citation("Biobase")', and for packages 'citation("pkgname")'.

    aligned_sim_transloc_readsc27768e7-f0bf-4a7b-96d8-22063bea52b0_nreads8000_sizedels200 (1 of 1): extracting reads ... binning ...
            aligned_sim_transloc_readsc27768e7-f0bf-4a7b-96d8-22063bea52b0_nreads8000_sizedels200
1:1-200                                                                                        50
1:201-400                                                                                      36
1:401-600                                                                                      37
1:601-800                                                                                      41
1:801-1000                                                                                     44
1:1001-1200                                                                                    50
1:1201-1400                                                                                    45
1:1401-1600                                                                                    48
1:1601-1800                                                                                    43
1:1801-2000                                                                                    44
1:2001-2200                                                                                    48
1:2201-2400                                                                                    39
1:2401-2600                                                                                    35
1:2601-2800                                                                                    47
1:2801-3000                                                                                    32
1:3001-3200                                                                                    56
1:3201-3400                                                                                    39
1:3401-3600                                                                                    33
1:3601-3800                                                                                    46
1:3801-4000                                                                                    41
1:4001-4200                                                                                    37
1:4201-4400                                                                                    35
1:4401-4600                                                                                    28
1:4601-4800                                                                                    51
1:4801-5000                                                                                    42
1:5001-5200                                                                                    22
1:5201-5400                                                                                    39
1:5401-5600                                                                                    38
1:5601-5800                                                                                    45
1:5801-6000                                                                                    35
1:6001-6200                                                                                    40
1:6201-6400                                                                                    42
1:6401-6600                                                                                    38
1:6601-6800                                                                                    34
1:6801-7000                                                                                    38
2:1-200                                                                                        58
2:201-400                                                                                      37
2:401-600                                                                                      45
2:601-800                                                                                      39
2:801-1000                                                                                     47
2:1001-1200                                                                                    32
2:1201-1400                                                                                    63
2:1401-1600                                                                                    46
2:1601-1800                                                                                    57
2:1801-2000                                                                                    29
2:2001-2200                                                                                    42
2:2201-2400                                                                                    46
2:2401-2600                                                                                    36
2:2601-2800                                                                                    39
2:2801-3000                                                                                    37
2:3001-3200                                                                                    42
2:3201-3400                                                                                    24
2:3401-3600                                                                                    40
2:3601-3800                                                                                    46
2:3801-4000                                                                                    40
2:4001-4200                                                                                    34
2:4201-4400                                                                                    25
2:4401-4600                                                                                    51
2:4601-4800                                                                                    32
2:4801-5000                                                                                    41
2:5001-5200                                                                                    36
2:5201-5400                                                                                    42
2:5401-5600                                                                                    30
2:5601-5800                                                                                    37
2:5801-6000                                                                                    30
3:1-200                                                                                        74
3:201-400                                                                                      29
3:401-600                                                                                      46
3:601-800                                                                                      34
3:801-1000                                                                                     42
3:1001-1200                                                                                    36
3:1201-1400                                                                                    39
3:1401-1600                                                                                    57
3:1601-1800                                                                                    49
3:1801-2000                                                                                    39
3:2001-2200                                                                                    44
3:2201-2400                                                                                    45
3:2401-2600                                                                                    29
3:2601-2800                                                                                    50
3:2801-3000                                                                                    37
3:3001-3200                                                                                    40
3:3201-3400                                                                                    41
3:3401-3600                                                                                    40
3:3601-3800                                                                                    37
3:3801-4000                                                                                    44
3:4001-4200                                                                                    47
3:4201-4400                                                                                    26
3:4401-4500                                                                                    18
4:1-200                                                                                        66
4:201-400                                                                                      39
4:401-600                                                                                      50
4:601-800                                                                                      47
4:801-1000                                                                                     28
4:1001-1200                                                                                    43
4:1201-1400                                                                                    31
4:1401-1600                                                                                    38
4:1601-1800                                                                                    41
4:1801-2000                                                                                    22
[1] 3969
Calculating correction for GC content and mappability
    Calculating fit for sample aligned_sim_transloc_readsc27768e7-f0bf-4a7b-96d8-22063bea52b0_nreads8000_sizedels200 (1 of 1) ...
Done.
Applying median normalization ...
Smoothing outliers ...
Performing segmentation:
NA
[1] "chromosome" "start"      "end"        "bases"      "gc"        
[6] "6"          "7"         
[1] "chromosome"  "start"       "end"         "bases"       "gc"         
[6] "mappability" "use"        
[1] "chromosome"  "start"       "end"         "bases"       "gc"         
[6] "mappability" "use"        
[1] "chromosome"  "start"       "end"         "bases"       "gc"         
[6] "mappability" "use"        
EM algorithm started ... 

[1] "Total number of segments present in the data: 4"
[1] "Number of segments used for fitting the model: 4"
40974076926264218.952.9817098014786712436.4112.981709809194150436.470.2
Calling iteration1:

optim results
time: 0
minimum: 46.9973347165965
146.9913428697839-0.778522299207683-0.269000670298238-0.005031850079138290.2768477254299710.4732743126075031.02585353391590.0167098995803892-3.80092190405967e-050.0111803514795451-1.35947982817856e-050.0761664993063930.120256470447733
4098912692968521952.9817098014786712436.4112.981709809194150436.470.2
Calling iteration2:

optim results
time: 0
minimum: 46.9913715643434
146.991250508606-0.718258494038228-0.161785871746572-0.005048087484528490.2186327978300680.3737552365502610.8812297971184240.349941749007274-2.35170678765555e-050.0111803912612088-1.85895475978459e-060.1522201110992670.242781938928099
4098912692968521952.9817098014786712436.4112.981709809194150436.470.2
Calling iteration3:

optim results
time: 0
minimum: 46.9912899138527
146.9912387805912-0.703243777466836-0.146771155175181-0.005048087484528490.2186327978300680.3737552365502610.8812297971184240.349941749007274-2.35170678765555e-050.0111803912612088-1.85895475978459e-060.1522201110992670.242781938928099
4098912692968521952.9817098014786712436.4112.981709809194150436.470.2
Calling iteration4:

optim results
time: 0
minimum: 46.991250428629
146.991236387927-0.691843558212376-0.145012829156967-0.005023931607139110.21417288799340.3661309703260670.8658056825347420.3116401921664131.3103147456525e-050.0111803581966894-2.66470800813275e-050.1140115571081710.189061126328357
EM algorithm done ...

Computing posterior probabilities for all segments ...

Total time:0minutes

Adjusting segmented data for cellularity ... 

Cellularity sample1: 1

Adjusting normalized data for cellularity ... 

Cellularity sample1: 1

1
41015176935348219.153817098014786712436.4112.981709809194150436.470.2
41015366935849219.153817098014786712436.4112.981709809194150436.470.2
41015336935843219.153817098014786712436.4112.981709809194150436.470.2
41015616936631219.153817098014786712436.4112.981709809194150436.470.2
41019886937586219.153817098014786712436.4112.981709809194150436.470.2
41019976937590219.153817098014786712436.4112.981709809194150436.470.2
41020066937594219.153817098014786712436.4112.981709809194150436.470.2
41020156937598219.153817098014786712436.4112.981709809194150436.470.2
41020246937602219.153817098014786712436.4112.981709809194150436.470.2
41020306937605219.153817098014786712436.4112.981709809194150436.470.2
41020496937837219.153817098014786712436.4112.981709809194150436.470.2
41024656938160219.153817098014786712436.4112.981709809194150436.470.2
FINISHED!

Total time:0minutes

There were 40 warnings (use warnings() to see them)
pdf 
  2 
[1] 1
            aligned_sim_transloc_readsc27768e7-f0bf-4a7b-96d8-22063bea52b0_nreads8000_sizedels200
1:1-200                                                                                        50
1:201-400                                                                                      36
1:401-600                                                                                      37
1:601-800                                                                                      41
1:801-1000                                                                                     44
1:1001-1200                                                                                    50
1:1201-1400                                                                                    45
1:1401-1600                                                                                    48
1:1601-1800                                                                                    43
1:1801-2000                                                                                    44
1:2001-2200                                                                                    48
1:2201-2400                                                                                    39
1:2401-2600                                                                                    35
1:2601-2800                                                                                    47
1:2801-3000                                                                                    32
1:3001-3200                                                                                    56
1:3201-3400                                                                                    39
1:3401-3600                                                                                    33
1:3601-3800                                                                                    46
1:3801-4000                                                                                    41
1:4001-4200                                                                                    37
1:4201-4400                                                                                    35
1:4401-4600                                                                                    28
1:4601-4800                                                                                    51
1:4801-5000                                                                                    42
1:5001-5200                                                                                    22
1:5201-5400                                                                                    39
1:5401-5600                                                                                    38
1:5601-5800                                                                                    45
1:5801-6000                                                                                    35
1:6001-6200                                                                                    40
1:6201-6400                                                                                    42
1:6401-6600                                                                                    38
1:6601-6800                                                                                    34
1:6801-7000                                                                                    38
2:1-200                                                                                        58
2:201-400                                                                                      37
2:401-600                                                                                      45
2:601-800                                                                                      39
2:801-1000                                                                                     47
2:1001-1200                                                                                    32
2:1201-1400                                                                                    63
2:1401-1600                                                                                    46
2:1601-1800                                                                                    57
2:1801-2000                                                                                    29
2:2001-2200                                                                                    42
2:2201-2400                                                                                    46
2:2401-2600                                                                                    36
2:2601-2800                                                                                    39
2:2801-3000                                                                                    37
2:3001-3200                                                                                    42
2:3201-3400                                                                                    24
2:3401-3600                                                                                    40
2:3601-3800                                                                                    46
2:3801-4000                                                                                    40
2:4001-4200                                                                                    34
2:4201-4400                                                                                    25
2:4401-4600                                                                                    51
2:4601-4800                                                                                    32
2:4801-5000                                                                                    41
2:5001-5200                                                                                    36
2:5201-5400                                                                                    42
2:5401-5600                                                                                    30
2:5601-5800                                                                                    37
2:5801-6000                                                                                    30
3:1-200                                                                                        74
3:201-400                                                                                      29
3:401-600                                                                                      46
3:601-800                                                                                      34
3:801-1000                                                                                     42
3:1001-1200                                                                                    36
3:1201-1400                                                                                    39
3:1401-1600                                                                                    57
3:1601-1800                                                                                    49
3:1801-2000                                                                                    39
3:2001-2200                                                                                    44
3:2201-2400                                                                                    45
3:2401-2600                                                                                    29
3:2601-2800                                                                                    50
3:2801-3000                                                                                    37
3:3001-3200                                                                                    40
3:3201-3400                                                                                    41
3:3401-3600                                                                                    40
3:3601-3800                                                                                    37
3:3801-4000                                                                                    44
3:4001-4200                                                                                    47
3:4201-4400                                                                                    26
3:4401-4500                                                                                    36
4:1-200                                                                                        66
4:201-400                                                                                      39
4:401-600                                                                                      50
4:601-800                                                                                      47
4:801-1000                                                                                     28
4:1001-1200                                                                                    43
4:1201-1400                                                                                    31
4:1401-1600                                                                                    38
4:1601-1800                                                                                    41
4:1801-2000                                                                                    22
Smoothing outliers ...
Performing segmentation:
NA
[Fri Oct 29 12:00:39 2021]
Finished job 0.
1 of 1 steps (100%) done
