Building DAG of jobs...
Using shell: /usr/bin/bash
Provided cores: 1 (use --cores to define parallelism)
Rules claiming more threads will be scaled down.
Select jobs to execute...

[Fri Oct 29 11:49:15 2021]
rule segment:
    input: output/output_genome2/alignments/aligned_sim_transloc_reads4f469e5b-9b6a-4ddd-bb99-d65d8b40e28f_nreads12000_sizedels1000.bam
    output: output/output_genome2/plots_segmented/plotCN_4f469e5b-9b6a-4ddd-bb99-d65d8b40e28f_nreads12000_sizedels1000_ACE08cellularity.pdf
    jobid: 0
    wildcards: genome=genome2, name=4f469e5b-9b6a-4ddd-bb99-d65d8b40e28f, nreads=12000, size_deletion=1000
    resources: mem_mb=1000, disk_mb=1000, tmpdir=/tmp

mkdir -p output/output_genome2/plots_segmented/; Rscript 4_segment.R --name 4f469e5b-9b6a-4ddd-bb99-d65d8b40e28f --genome genome2 --size_deletion 1000 --nreads 12000
Loading required package: BiocGenerics
Loading required package: parallel

Attaching package: ‘BiocGenerics’

The following objects are masked from ‘package:parallel’:

    clusterApply, clusterApplyLB, clusterCall, clusterEvalQ,
    clusterExport, clusterMap, parApply, parCapply, parLapply,
    parLapplyLB, parRapply, parSapply, parSapplyLB

The following objects are masked from ‘package:stats’:

    IQR, mad, sd, var, xtabs

The following objects are masked from ‘package:base’:

    anyDuplicated, append, as.data.frame, basename, cbind, colnames,
    dirname, do.call, duplicated, eval, evalq, Filter, Find, get, grep,
    grepl, intersect, is.unsorted, lapply, Map, mapply, match, mget,
    order, paste, pmax, pmax.int, pmin, pmin.int, Position, rank,
    rbind, Reduce, rownames, sapply, setdiff, sort, table, tapply,
    union, unique, unsplit, which.max, which.min

Welcome to Bioconductor

    Vignettes contain introductory material; view with
    'browseVignettes()'. To cite Bioconductor, see
    'citation("Biobase")', and for packages 'citation("pkgname")'.

    aligned_sim_transloc_reads4f469e5b-9b6a-4ddd-bb99-d65d8b40e28f_nreads12000_sizedels1000 (1 of 1): extracting reads ... binning ...
            aligned_sim_transloc_reads4f469e5b-9b6a-4ddd-bb99-d65d8b40e28f_nreads12000_sizedels1000
1:1-200                                                                                          91
1:201-400                                                                                        59
1:401-600                                                                                        49
1:601-800                                                                                        64
1:801-1000                                                                                       48
1:1001-1200                                                                                      67
1:1201-1400                                                                                      63
1:1401-1600                                                                                      73
1:1601-1800                                                                                      57
1:1801-2000                                                                                      54
1:2001-2200                                                                                      63
1:2201-2400                                                                                      57
1:2401-2600                                                                                      55
1:2601-2800                                                                                      56
1:2801-3000                                                                                      75
1:3001-3200                                                                                      57
1:3201-3400                                                                                      53
1:3401-3600                                                                                      64
1:3601-3800                                                                                      60
1:3801-4000                                                                                      65
1:4001-4200                                                                                      73
1:4201-4400                                                                                      56
1:4401-4600                                                                                      54
1:4601-4800                                                                                      63
1:4801-5000                                                                                      71
1:5001-5200                                                                                      47
1:5201-5400                                                                                      68
1:5401-5600                                                                                      54
1:5601-5800                                                                                      69
1:5801-6000                                                                                      64
1:6001-6200                                                                                      49
1:6201-6400                                                                                      79
1:6401-6600                                                                                      72
1:6601-6800                                                                                      62
1:6801-7000                                                                                      44
2:1-200                                                                                         102
2:201-400                                                                                        53
2:401-600                                                                                        77
2:601-800                                                                                        62
2:801-1000                                                                                       63
2:1001-1200                                                                                      62
2:1201-1400                                                                                      52
2:1401-1600                                                                                      65
2:1601-1800                                                                                      50
2:1801-2000                                                                                      57
2:2001-2200                                                                                      61
2:2201-2400                                                                                      66
2:2401-2600                                                                                      58
2:2601-2800                                                                                      66
2:2801-3000                                                                                      56
2:3001-3200                                                                                      63
2:3201-3400                                                                                      68
2:3401-3600                                                                                      58
2:3601-3800                                                                                      66
2:3801-4000                                                                                      73
2:4001-4200                                                                                      66
2:4201-4400                                                                                      72
2:4401-4600                                                                                      54
2:4601-4800                                                                                      54
2:4801-5000                                                                                      50
2:5001-5200                                                                                      57
2:5201-5400                                                                                      62
2:5401-5600                                                                                      73
2:5601-5800                                                                                      70
2:5801-6000                                                                                      41
3:1-200                                                                                          90
3:201-400                                                                                        40
3:401-600                                                                                        28
3:601-800                                                                                        30
3:801-1000                                                                                       37
3:1001-1200                                                                                      30
3:1201-1400                                                                                      66
3:1401-1600                                                                                      78
3:1601-1800                                                                                      63
3:1801-2000                                                                                      69
3:2001-2200                                                                                      51
3:2201-2400                                                                                      50
3:2401-2600                                                                                      65
3:2601-2800                                                                                      72
3:2801-3000                                                                                      67
3:3001-3200                                                                                      53
3:3201-3400                                                                                      63
3:3401-3600                                                                                      68
3:3601-3800                                                                                      59
3:3801-4000                                                                                      68
3:4001-4200                                                                                      68
3:4201-4400                                                                                      59
3:4401-4500                                                                                      19
4:1-200                                                                                          88
4:201-400                                                                                        56
4:401-600                                                                                        57
4:601-800                                                                                        56
4:801-1000                                                                                       62
4:1001-1200                                                                                      56
4:1201-1400                                                                                      62
4:1401-1600                                                                                      64
4:1601-1800                                                                                      52
4:1801-2000                                                                                      52
[1] 5930
Calculating correction for GC content and mappability
    Calculating fit for sample aligned_sim_transloc_reads4f469e5b-9b6a-4ddd-bb99-d65d8b40e28f_nreads12000_sizedels1000 (1 of 1) ...
Done.
Applying median normalization ...
Smoothing outliers ...
Performing segmentation:
NA
[1] "chromosome" "start"      "end"        "bases"      "gc"        
[6] "6"          "7"         
[1] "chromosome"  "start"       "end"         "bases"       "gc"         
[6] "mappability" "use"        
[1] "chromosome"  "start"       "end"         "bases"       "gc"         
[6] "mappability" "use"        
[1] "chromosome"  "start"       "end"         "bases"       "gc"         
[6] "mappability" "use"        
EM algorithm started ... 

[1] "Total number of segments present in the data: 4"
[1] "Number of segments used for fitting the model: 4"
40974076926265218.952.9817098014786712436.4112.981709809194156436.470.2
Calling iteration1:

optim results
time: 0
minimum: 50.0396846115359
149.1221132321918-0.682231387859734-0.156264965072491-0.01026684777377410.2845852855969880.4865017590805290.9156624683434070.01152592687097272.09227894742026e-060.01118037831649058.28017103066252e-050.1606740649790510.161222409601866
4098912692968621952.9817098014786712436.4112.981709809194156436.470.2
Calling iteration2:

optim results
time: 0
minimum: 49.9751348468381
149.1063232700342-0.690761287528372-0.154525850922218-0.006802700788408120.2614483107306690.4469488392988430.8690011553950810.244815945334966-3.67554326361601e-060.01118035423413861.54680641233807e-050.4826163820033980.532279928131526
4098912692968621952.9817098014786712436.4112.981709809194156436.470.2
Calling iteration3:

optim results
time: 0
minimum: 49.9480945862583
149.1027855000627-0.916026509652165-0.153432724698215-0.004996570065563730.2403403010592040.4108644584275170.8318066782813750.3396050799043943.25539206825017e-050.01118036520043965.8854732536276e-050.2052670621656290.452477093104279
4098912692968621952.9817098014786712436.4112.981709809194156436.470.2
Calling iteration4:

optim results
time: 0
minimum: 49.94030916393
149.1021436816317-0.919689007799945-0.15280249936927-0.004248292113010370.2289710367921720.3914285727886680.8104785808931370.395063874560164-3.08285800930183e-050.01118034666762886.04731221260969e-060.2888825322333920.536418303153083
EM algorithm done ...

Computing posterior probabilities for all segments ...

Total time:0minutes

Adjusting segmented data for cellularity ... 

Cellularity sample1: 1

Adjusting normalized data for cellularity ... 

Cellularity sample1: 1

1
41015176935348219.153817098014786712436.4112.981709809194156436.470.2
41015366935849219.153817098014786712436.4112.981709809194156436.470.2
41015336935843219.153817098014786712436.4112.981709809194156436.470.2
41015616936631219.153817098014786712436.4112.981709809194156436.470.2
41019886937586219.153817098014786712436.4112.981709809194156436.470.2
41019976937590219.153817098014786712436.4112.981709809194156436.470.2
41020066937594219.153817098014786712436.4112.981709809194156436.470.2
41020156937598219.153817098014786712436.4112.981709809194156436.470.2
41020246937602219.153817098014786712436.4112.981709809194156436.470.2
41020306937605219.153817098014786712436.4112.981709809194156436.470.2
41020496937837219.153817098014786712436.4112.981709809194156436.470.2
41024656938160219.153817098014786712436.4112.981709809194156436.470.2
FINISHED!

Total time:0minutes

There were 40 warnings (use warnings() to see them)
pdf 
  2 
[1] 1
            aligned_sim_transloc_reads4f469e5b-9b6a-4ddd-bb99-d65d8b40e28f_nreads12000_sizedels1000
1:1-200                                                                                          91
1:201-400                                                                                        59
1:401-600                                                                                        49
1:601-800                                                                                        64
1:801-1000                                                                                       48
1:1001-1200                                                                                      67
1:1201-1400                                                                                      63
1:1401-1600                                                                                      73
1:1601-1800                                                                                      57
1:1801-2000                                                                                      54
1:2001-2200                                                                                      63
1:2201-2400                                                                                      57
1:2401-2600                                                                                      55
1:2601-2800                                                                                      56
1:2801-3000                                                                                      75
1:3001-3200                                                                                      57
1:3201-3400                                                                                      53
1:3401-3600                                                                                      64
1:3601-3800                                                                                      60
1:3801-4000                                                                                      65
1:4001-4200                                                                                      73
1:4201-4400                                                                                      56
1:4401-4600                                                                                      54
1:4601-4800                                                                                      63
1:4801-5000                                                                                      71
1:5001-5200                                                                                      47
1:5201-5400                                                                                      68
1:5401-5600                                                                                      54
1:5601-5800                                                                                      69
1:5801-6000                                                                                      64
1:6001-6200                                                                                      49
1:6201-6400                                                                                      79
1:6401-6600                                                                                      72
1:6601-6800                                                                                      62
1:6801-7000                                                                                      44
2:1-200                                                                                         102
2:201-400                                                                                        53
2:401-600                                                                                        77
2:601-800                                                                                        62
2:801-1000                                                                                       63
2:1001-1200                                                                                      62
2:1201-1400                                                                                      52
2:1401-1600                                                                                      65
2:1601-1800                                                                                      50
2:1801-2000                                                                                      57
2:2001-2200                                                                                      61
2:2201-2400                                                                                      66
2:2401-2600                                                                                      58
2:2601-2800                                                                                      66
2:2801-3000                                                                                      56
2:3001-3200                                                                                      63
2:3201-3400                                                                                      68
2:3401-3600                                                                                      58
2:3601-3800                                                                                      66
2:3801-4000                                                                                      73
2:4001-4200                                                                                      66
2:4201-4400                                                                                      72
2:4401-4600                                                                                      54
2:4601-4800                                                                                      54
2:4801-5000                                                                                      50
2:5001-5200                                                                                      57
2:5201-5400                                                                                      62
2:5401-5600                                                                                      73
2:5601-5800                                                                                      70
2:5801-6000                                                                                      41
3:1-200                                                                                          90
3:201-400                                                                                        40
3:401-600                                                                                        28
3:601-800                                                                                        30
3:801-1000                                                                                       37
3:1001-1200                                                                                      30
3:1201-1400                                                                                      66
3:1401-1600                                                                                      78
3:1601-1800                                                                                      63
3:1801-2000                                                                                      69
3:2001-2200                                                                                      51
3:2201-2400                                                                                      50
3:2401-2600                                                                                      65
3:2601-2800                                                                                      72
3:2801-3000                                                                                      67
3:3001-3200                                                                                      53
3:3201-3400                                                                                      63
3:3401-3600                                                                                      68
3:3601-3800                                                                                      59
3:3801-4000                                                                                      68
3:4001-4200                                                                                      68
3:4201-4400                                                                                      59
3:4401-4500                                                                                      38
4:1-200                                                                                          88
4:201-400                                                                                        56
4:401-600                                                                                        57
4:601-800                                                                                        56
4:801-1000                                                                                       62
4:1001-1200                                                                                      56
4:1201-1400                                                                                      62
4:1401-1600                                                                                      64
4:1601-1800                                                                                      52
4:1801-2000                                                                                      52
Smoothing outliers ...
Performing segmentation:
NA
[Fri Oct 29 11:49:36 2021]
Finished job 0.
1 of 1 steps (100%) done
