Building DAG of jobs...
Using shell: /usr/bin/bash
Provided cores: 1 (use --cores to define parallelism)
Rules claiming more threads will be scaled down.
Select jobs to execute...

[Fri Oct 29 12:00:18 2021]
rule segment:
    input: output/output_genome2/alignments/aligned_sim_transloc_readsc27768e7-f0bf-4a7b-96d8-22063bea52b0_nreads12000_sizedels200.bam
    output: output/output_genome2/plots_segmented/plotCN_c27768e7-f0bf-4a7b-96d8-22063bea52b0_nreads12000_sizedels200_ACE08cellularity.pdf
    jobid: 0
    wildcards: genome=genome2, name=c27768e7-f0bf-4a7b-96d8-22063bea52b0, nreads=12000, size_deletion=200
    resources: mem_mb=1000, disk_mb=1000, tmpdir=/tmp

mkdir -p output/output_genome2/plots_segmented/; Rscript 4_segment.R --name c27768e7-f0bf-4a7b-96d8-22063bea52b0 --genome genome2 --size_deletion 200 --nreads 12000
Loading required package: BiocGenerics
Loading required package: parallel

Attaching package: ‘BiocGenerics’

The following objects are masked from ‘package:parallel’:

    clusterApply, clusterApplyLB, clusterCall, clusterEvalQ,
    clusterExport, clusterMap, parApply, parCapply, parLapply,
    parLapplyLB, parRapply, parSapply, parSapplyLB

The following objects are masked from ‘package:stats’:

    IQR, mad, sd, var, xtabs

The following objects are masked from ‘package:base’:

    anyDuplicated, append, as.data.frame, basename, cbind, colnames,
    dirname, do.call, duplicated, eval, evalq, Filter, Find, get, grep,
    grepl, intersect, is.unsorted, lapply, Map, mapply, match, mget,
    order, paste, pmax, pmax.int, pmin, pmin.int, Position, rank,
    rbind, Reduce, rownames, sapply, setdiff, sort, table, tapply,
    union, unique, unsplit, which.max, which.min

Welcome to Bioconductor

    Vignettes contain introductory material; view with
    'browseVignettes()'. To cite Bioconductor, see
    'citation("Biobase")', and for packages 'citation("pkgname")'.

    aligned_sim_transloc_readsc27768e7-f0bf-4a7b-96d8-22063bea52b0_nreads12000_sizedels200 (1 of 1): extracting reads ... binning ...
            aligned_sim_transloc_readsc27768e7-f0bf-4a7b-96d8-22063bea52b0_nreads12000_sizedels200
1:1-200                                                                                         89
1:201-400                                                                                       59
1:401-600                                                                                       66
1:601-800                                                                                       54
1:801-1000                                                                                      57
1:1001-1200                                                                                     54
1:1201-1400                                                                                     52
1:1401-1600                                                                                     55
1:1601-1800                                                                                     60
1:1801-2000                                                                                     46
1:2001-2200                                                                                     66
1:2201-2400                                                                                     55
1:2401-2600                                                                                     53
1:2601-2800                                                                                     50
1:2801-3000                                                                                     61
1:3001-3200                                                                                     56
1:3201-3400                                                                                     66
1:3401-3600                                                                                     60
1:3601-3800                                                                                     60
1:3801-4000                                                                                     66
1:4001-4200                                                                                     56
1:4201-4400                                                                                     47
1:4401-4600                                                                                     60
1:4601-4800                                                                                     44
1:4801-5000                                                                                     83
1:5001-5200                                                                                     80
1:5201-5400                                                                                     55
1:5401-5600                                                                                     58
1:5601-5800                                                                                     66
1:5801-6000                                                                                     64
1:6001-6200                                                                                     68
1:6201-6400                                                                                     60
1:6401-6600                                                                                     57
1:6601-6800                                                                                     60
1:6801-7000                                                                                     54
2:1-200                                                                                        104
2:201-400                                                                                       60
2:401-600                                                                                       75
2:601-800                                                                                       59
2:801-1000                                                                                      61
2:1001-1200                                                                                     68
2:1201-1400                                                                                     59
2:1401-1600                                                                                     66
2:1601-1800                                                                                     52
2:1801-2000                                                                                     56
2:2001-2200                                                                                     68
2:2201-2400                                                                                     72
2:2401-2600                                                                                     68
2:2601-2800                                                                                     63
2:2801-3000                                                                                     43
2:3001-3200                                                                                     63
2:3201-3400                                                                                     55
2:3401-3600                                                                                     68
2:3601-3800                                                                                     71
2:3801-4000                                                                                     66
2:4001-4200                                                                                     65
2:4201-4400                                                                                     68
2:4401-4600                                                                                     69
2:4601-4800                                                                                     52
2:4801-5000                                                                                     75
2:5001-5200                                                                                     47
2:5201-5400                                                                                     60
2:5401-5600                                                                                     73
2:5601-5800                                                                                     56
2:5801-6000                                                                                     48
3:1-200                                                                                         95
3:201-400                                                                                       61
3:401-600                                                                                       66
3:601-800                                                                                       58
3:801-1000                                                                                      50
3:1001-1200                                                                                     59
3:1201-1400                                                                                     47
3:1401-1600                                                                                     55
3:1601-1800                                                                                     55
3:1801-2000                                                                                     57
3:2001-2200                                                                                     60
3:2201-2400                                                                                     60
3:2401-2600                                                                                     67
3:2601-2800                                                                                     57
3:2801-3000                                                                                     70
3:3001-3200                                                                                     51
3:3201-3400                                                                                     58
3:3401-3600                                                                                     48
3:3601-3800                                                                                     54
3:3801-4000                                                                                     60
3:4001-4200                                                                                     47
3:4201-4400                                                                                     54
3:4401-4500                                                                                     17
4:1-200                                                                                         76
4:201-400                                                                                       74
4:401-600                                                                                       57
4:601-800                                                                                       51
4:801-1000                                                                                      67
4:1001-1200                                                                                     64
4:1201-1400                                                                                     55
4:1401-1600                                                                                     61
4:1601-1800                                                                                     48
4:1801-2000                                                                                     55
[1] 5921
Calculating correction for GC content and mappability
    Calculating fit for sample aligned_sim_transloc_readsc27768e7-f0bf-4a7b-96d8-22063bea52b0_nreads12000_sizedels200 (1 of 1) ...
Done.
Applying median normalization ...
Smoothing outliers ...
Performing segmentation:
NA
[1] "chromosome" "start"      "end"        "bases"      "gc"        
[6] "6"          "7"         
[1] "chromosome"  "start"       "end"         "bases"       "gc"         
[6] "mappability" "use"        
[1] "chromosome"  "start"       "end"         "bases"       "gc"         
[6] "mappability" "use"        
[1] "chromosome"  "start"       "end"         "bases"       "gc"         
[6] "mappability" "use"        
EM algorithm started ... 

[1] "Total number of segments present in the data: 4"
[1] "Number of segments used for fitting the model: 4"
40974076926264218.952.9817098014786712436.4112.981709809194152436.470.2
Calling iteration1:

optim results
time: 0
minimum: 49.4925298607397
149.4923079839469-0.784637847884617-0.2887114969232320.007976574385998290.285155861621190.4874771652364770.9797715841614820.0444132618642270.005621392033316490.0304487244375650.008536051703782310.04798146377604170.0747283272746782
EM algorithm done ...

Computing posterior probabilities for all segments ...

Total time:0minutes

Adjusting segmented data for cellularity ... 

Cellularity sample1: 1

Adjusting normalized data for cellularity ... 

Cellularity sample1: 1

1
41015176935348219.153817098014786712436.4112.981709809194152436.470.2
41015366935849219.153817098014786712436.4112.981709809194152436.470.2
41015336935843219.153817098014786712436.4112.981709809194152436.470.2
41015616936631219.153817098014786712436.4112.981709809194152436.470.2
41019886937586219.153817098014786712436.4112.981709809194152436.470.2
41019976937590219.153817098014786712436.4112.981709809194152436.470.2
41020066937594219.153817098014786712436.4112.981709809194152436.470.2
41020156937598219.153817098014786712436.4112.981709809194152436.470.2
41020246937602219.153817098014786712436.4112.981709809194152436.470.2
41020306937605219.153817098014786712436.4112.981709809194152436.470.2
41020496937837219.153817098014786712436.4112.981709809194152436.470.2
41024656938160219.153817098014786712436.4112.981709809194152436.470.2
FINISHED!

Total time:0minutes

There were 16 warnings (use warnings() to see them)
pdf 
  2 
[1] 1
            aligned_sim_transloc_readsc27768e7-f0bf-4a7b-96d8-22063bea52b0_nreads12000_sizedels200
1:1-200                                                                                         89
1:201-400                                                                                       59
1:401-600                                                                                       66
1:601-800                                                                                       54
1:801-1000                                                                                      57
1:1001-1200                                                                                     54
1:1201-1400                                                                                     52
1:1401-1600                                                                                     55
1:1601-1800                                                                                     60
1:1801-2000                                                                                     46
1:2001-2200                                                                                     66
1:2201-2400                                                                                     55
1:2401-2600                                                                                     53
1:2601-2800                                                                                     50
1:2801-3000                                                                                     61
1:3001-3200                                                                                     56
1:3201-3400                                                                                     66
1:3401-3600                                                                                     60
1:3601-3800                                                                                     60
1:3801-4000                                                                                     66
1:4001-4200                                                                                     56
1:4201-4400                                                                                     47
1:4401-4600                                                                                     60
1:4601-4800                                                                                     44
1:4801-5000                                                                                     83
1:5001-5200                                                                                     80
1:5201-5400                                                                                     55
1:5401-5600                                                                                     58
1:5601-5800                                                                                     66
1:5801-6000                                                                                     64
1:6001-6200                                                                                     68
1:6201-6400                                                                                     60
1:6401-6600                                                                                     57
1:6601-6800                                                                                     60
1:6801-7000                                                                                     54
2:1-200                                                                                        104
2:201-400                                                                                       60
2:401-600                                                                                       75
2:601-800                                                                                       59
2:801-1000                                                                                      61
2:1001-1200                                                                                     68
2:1201-1400                                                                                     59
2:1401-1600                                                                                     66
2:1601-1800                                                                                     52
2:1801-2000                                                                                     56
2:2001-2200                                                                                     68
2:2201-2400                                                                                     72
2:2401-2600                                                                                     68
2:2601-2800                                                                                     63
2:2801-3000                                                                                     43
2:3001-3200                                                                                     63
2:3201-3400                                                                                     55
2:3401-3600                                                                                     68
2:3601-3800                                                                                     71
2:3801-4000                                                                                     66
2:4001-4200                                                                                     65
2:4201-4400                                                                                     68
2:4401-4600                                                                                     69
2:4601-4800                                                                                     52
2:4801-5000                                                                                     75
2:5001-5200                                                                                     47
2:5201-5400                                                                                     60
2:5401-5600                                                                                     73
2:5601-5800                                                                                     56
2:5801-6000                                                                                     48
3:1-200                                                                                         95
3:201-400                                                                                       61
3:401-600                                                                                       66
3:601-800                                                                                       58
3:801-1000                                                                                      50
3:1001-1200                                                                                     59
3:1201-1400                                                                                     47
3:1401-1600                                                                                     55
3:1601-1800                                                                                     55
3:1801-2000                                                                                     57
3:2001-2200                                                                                     60
3:2201-2400                                                                                     60
3:2401-2600                                                                                     67
3:2601-2800                                                                                     57
3:2801-3000                                                                                     70
3:3001-3200                                                                                     51
3:3201-3400                                                                                     58
3:3401-3600                                                                                     48
3:3601-3800                                                                                     54
3:3801-4000                                                                                     60
3:4001-4200                                                                                     47
3:4201-4400                                                                                     54
3:4401-4500                                                                                     34
4:1-200                                                                                         76
4:201-400                                                                                       74
4:401-600                                                                                       57
4:601-800                                                                                       51
4:801-1000                                                                                      67
4:1001-1200                                                                                     64
4:1201-1400                                                                                     55
4:1401-1600                                                                                     61
4:1601-1800                                                                                     48
4:1801-2000                                                                                     55
Smoothing outliers ...
Performing segmentation:
NA
[Fri Oct 29 12:00:37 2021]
Finished job 0.
1 of 1 steps (100%) done
