Building DAG of jobs...
Using shell: /usr/bin/bash
Provided cores: 1 (use --cores to define parallelism)
Rules claiming more threads will be scaled down.
Select jobs to execute...

[Fri Oct 29 11:49:14 2021]
rule segment:
    input: output/output_genome2/alignments/aligned_sim_transloc_readsa161a6c7-2fbd-4901-a163-9c3455d1ee59_nreads12000_sizedels1000.bam
    output: output/output_genome2/plots_segmented/plotCN_a161a6c7-2fbd-4901-a163-9c3455d1ee59_nreads12000_sizedels1000_ACE08cellularity.pdf
    jobid: 0
    wildcards: genome=genome2, name=a161a6c7-2fbd-4901-a163-9c3455d1ee59, nreads=12000, size_deletion=1000
    resources: mem_mb=1000, disk_mb=1000, tmpdir=/tmp

mkdir -p output/output_genome2/plots_segmented/; Rscript 4_segment.R --name a161a6c7-2fbd-4901-a163-9c3455d1ee59 --genome genome2 --size_deletion 1000 --nreads 12000
Loading required package: BiocGenerics
Loading required package: parallel

Attaching package: ‘BiocGenerics’

The following objects are masked from ‘package:parallel’:

    clusterApply, clusterApplyLB, clusterCall, clusterEvalQ,
    clusterExport, clusterMap, parApply, parCapply, parLapply,
    parLapplyLB, parRapply, parSapply, parSapplyLB

The following objects are masked from ‘package:stats’:

    IQR, mad, sd, var, xtabs

The following objects are masked from ‘package:base’:

    anyDuplicated, append, as.data.frame, basename, cbind, colnames,
    dirname, do.call, duplicated, eval, evalq, Filter, Find, get, grep,
    grepl, intersect, is.unsorted, lapply, Map, mapply, match, mget,
    order, paste, pmax, pmax.int, pmin, pmin.int, Position, rank,
    rbind, Reduce, rownames, sapply, setdiff, sort, table, tapply,
    union, unique, unsplit, which.max, which.min

Welcome to Bioconductor

    Vignettes contain introductory material; view with
    'browseVignettes()'. To cite Bioconductor, see
    'citation("Biobase")', and for packages 'citation("pkgname")'.

    aligned_sim_transloc_readsa161a6c7-2fbd-4901-a163-9c3455d1ee59_nreads12000_sizedels1000 (1 of 1): extracting reads ... binning ...
            aligned_sim_transloc_readsa161a6c7-2fbd-4901-a163-9c3455d1ee59_nreads12000_sizedels1000
1:1-200                                                                                          97
1:201-400                                                                                        67
1:401-600                                                                                        66
1:601-800                                                                                        68
1:801-1000                                                                                       63
1:1001-1200                                                                                      60
1:1201-1400                                                                                      57
1:1401-1600                                                                                      69
1:1601-1800                                                                                      70
1:1801-2000                                                                                      63
1:2001-2200                                                                                      66
1:2201-2400                                                                                      35
1:2401-2600                                                                                      28
1:2601-2800                                                                                      44
1:2801-3000                                                                                      43
1:3001-3200                                                                                      52
1:3201-3400                                                                                      59
1:3401-3600                                                                                      56
1:3601-3800                                                                                      60
1:3801-4000                                                                                      69
1:4001-4200                                                                                      60
1:4201-4400                                                                                      71
1:4401-4600                                                                                      47
1:4601-4800                                                                                      55
1:4801-5000                                                                                      63
1:5001-5200                                                                                      62
1:5201-5400                                                                                      54
1:5401-5600                                                                                      51
1:5601-5800                                                                                      58
1:5801-6000                                                                                      65
1:6001-6200                                                                                      60
1:6201-6400                                                                                      78
1:6401-6600                                                                                      53
1:6601-6800                                                                                      55
1:6801-7000                                                                                      57
2:1-200                                                                                          89
2:201-400                                                                                        60
2:401-600                                                                                        47
2:601-800                                                                                        54
2:801-1000                                                                                       52
2:1001-1200                                                                                      63
2:1201-1400                                                                                      57
2:1401-1600                                                                                      61
2:1601-1800                                                                                      63
2:1801-2000                                                                                      63
2:2001-2200                                                                                      72
2:2201-2400                                                                                      62
2:2401-2600                                                                                      65
2:2601-2800                                                                                      61
2:2801-3000                                                                                      57
2:3001-3200                                                                                      64
2:3201-3400                                                                                      47
2:3401-3600                                                                                      60
2:3601-3800                                                                                      67
2:3801-4000                                                                                      49
2:4001-4200                                                                                      70
2:4201-4400                                                                                      60
2:4401-4600                                                                                      58
2:4601-4800                                                                                      53
2:4801-5000                                                                                      52
2:5001-5200                                                                                      61
2:5201-5400                                                                                      70
2:5401-5600                                                                                      70
2:5601-5800                                                                                      62
2:5801-6000                                                                                      60
3:1-200                                                                                         104
3:201-400                                                                                        78
3:401-600                                                                                        54
3:601-800                                                                                        60
3:801-1000                                                                                       59
3:1001-1200                                                                                      45
3:1201-1400                                                                                      63
3:1401-1600                                                                                      70
3:1601-1800                                                                                      68
3:1801-2000                                                                                      68
3:2001-2200                                                                                      52
3:2201-2400                                                                                      75
3:2401-2600                                                                                      55
3:2601-2800                                                                                      57
3:2801-3000                                                                                      63
3:3001-3200                                                                                      60
3:3201-3400                                                                                      67
3:3401-3600                                                                                      62
3:3601-3800                                                                                      66
3:3801-4000                                                                                      67
3:4001-4200                                                                                      49
3:4201-4400                                                                                      64
3:4401-4500                                                                                      11
4:1-200                                                                                          87
4:201-400                                                                                        58
4:401-600                                                                                        61
4:601-800                                                                                        67
4:801-1000                                                                                       66
4:1001-1200                                                                                      50
4:1201-1400                                                                                      65
4:1401-1600                                                                                      57
4:1601-1800                                                                                      58
4:1801-2000                                                                                      48
[1] 5944
Calculating correction for GC content and mappability
    Calculating fit for sample aligned_sim_transloc_readsa161a6c7-2fbd-4901-a163-9c3455d1ee59_nreads12000_sizedels1000 (1 of 1) ...
Done.
Applying median normalization ...
Smoothing outliers ...
Performing segmentation:
NA
[1] "chromosome" "start"      "end"        "bases"      "gc"        
[6] "6"          "7"         
[1] "chromosome"  "start"       "end"         "bases"       "gc"         
[6] "mappability" "use"        
[1] "chromosome"  "start"       "end"         "bases"       "gc"         
[6] "mappability" "use"        
[1] "chromosome"  "start"       "end"         "bases"       "gc"         
[6] "mappability" "use"        
EM algorithm started ... 

[1] "Total number of segments present in the data: 4"
[1] "Number of segments used for fitting the model: 4"
40974076926264218.952.9817098014786712436.4112.981709809194158436.470.2
Calling iteration1:

optim results
time: 0
minimum: 48.0928045999469
148.0923521888755-0.80955085933795-0.279187945446632-0.01208506535052360.2679626665846530.4580852041871090.9494593532140620.1208970774531064.48348267231318e-050.01118035356978391.74457805256016e-050.07320249396657910.0743132400911441
4098912692968521952.9817098014786712436.4112.981709809194158436.470.2
Calling iteration2:

optim results
time: 0
minimum: 48.0923522220009
148.09235141241-0.80955085933795-0.279187945446632-0.01208506535052360.2405186720784570.411169385698980.9025435347259330.1208970774531064.48348267231318e-050.01118035356978391.74457805256016e-050.07320249396657910.0743132400911441
4098912692968521952.9817098014786712436.4112.981709809194158436.470.2
Calling iteration3:

optim results
time: 0
minimum: 48.0923514130437
148.0923514083085-0.80955085933795-0.279187945446632-0.01208506535052360.2154801769543290.3683657955658340.8597399445927870.1208970774531064.48348267231318e-050.01118035356978391.74457805256016e-050.07320249396657910.0743132400911441
4098912692968521952.9817098014786712436.4112.981709809194158436.470.2
Calling iteration4:

optim results
time: 0
minimum: 48.0923514083335
148.0923514082512-0.80955085933795-0.279187945446632-0.01208506535052360.1930589578761610.3300364683858410.8214106174127940.1208970774531064.48348267231318e-050.01118035356978391.74457805256016e-050.07320249396657910.0743132400911441
4098912692968521952.9817098014786712436.4112.981709809194158436.470.2
Calling iteration5:

optim results
time: 0
minimum: 48.0923514082529
148.0923514082495-0.80955085933795-0.279187945446632-0.01208506535052360.1733895125661770.2964113295338050.7877854785607570.1208970774531064.48348267231318e-050.01118035356978391.74457805256016e-050.07320249396657910.0743132400911441
4098912692968521952.9817098014786712436.4112.981709809194158436.470.2
Calling iteration6:

optim results
time: 0
minimum: 48.0923514082497
148.0923514082494-0.80955085933795-0.279187945446632-0.01208506535052360.1733895125661770.2964113295338050.7877854785607570.1208970774531064.48348267231318e-050.01118035356978391.74457805256016e-050.07320249396657910.0743132400911441
EM algorithm done ...

Computing posterior probabilities for all segments ...

Total time:0minutes

Adjusting segmented data for cellularity ... 

Cellularity sample1: 1

Adjusting normalized data for cellularity ... 

Cellularity sample1: 1

1
41015176935348219.153817098014786712436.4112.981709809194158436.470.2
41015366935849219.153817098014786712436.4112.981709809194158436.470.2
41015336935843219.153817098014786712436.4112.981709809194158436.470.2
41015616936631219.153817098014786712436.4112.981709809194158436.470.2
41019886937586219.153817098014786712436.4112.981709809194158436.470.2
41019976937590219.153817098014786712436.4112.981709809194158436.470.2
41020066937594219.153817098014786712436.4112.981709809194158436.470.2
41020156937598219.153817098014786712436.4112.981709809194158436.470.2
41020246937602219.153817098014786712436.4112.981709809194158436.470.2
41020306937605219.153817098014786712436.4112.981709809194158436.470.2
41020496937837219.153817098014786712436.4112.981709809194158436.470.2
41024656938160219.153817098014786712436.4112.981709809194158436.470.2
FINISHED!

Total time:0minutes

There were 50 or more warnings (use warnings() to see the first 50)
pdf 
  2 
[1] 1
            aligned_sim_transloc_readsa161a6c7-2fbd-4901-a163-9c3455d1ee59_nreads12000_sizedels1000
1:1-200                                                                                          97
1:201-400                                                                                        67
1:401-600                                                                                        66
1:601-800                                                                                        68
1:801-1000                                                                                       63
1:1001-1200                                                                                      60
1:1201-1400                                                                                      57
1:1401-1600                                                                                      69
1:1601-1800                                                                                      70
1:1801-2000                                                                                      63
1:2001-2200                                                                                      66
1:2201-2400                                                                                      35
1:2401-2600                                                                                      28
1:2601-2800                                                                                      44
1:2801-3000                                                                                      43
1:3001-3200                                                                                      52
1:3201-3400                                                                                      59
1:3401-3600                                                                                      56
1:3601-3800                                                                                      60
1:3801-4000                                                                                      69
1:4001-4200                                                                                      60
1:4201-4400                                                                                      71
1:4401-4600                                                                                      47
1:4601-4800                                                                                      55
1:4801-5000                                                                                      63
1:5001-5200                                                                                      62
1:5201-5400                                                                                      54
1:5401-5600                                                                                      51
1:5601-5800                                                                                      58
1:5801-6000                                                                                      65
1:6001-6200                                                                                      60
1:6201-6400                                                                                      78
1:6401-6600                                                                                      53
1:6601-6800                                                                                      55
1:6801-7000                                                                                      57
2:1-200                                                                                          89
2:201-400                                                                                        60
2:401-600                                                                                        47
2:601-800                                                                                        54
2:801-1000                                                                                       52
2:1001-1200                                                                                      63
2:1201-1400                                                                                      57
2:1401-1600                                                                                      61
2:1601-1800                                                                                      63
2:1801-2000                                                                                      63
2:2001-2200                                                                                      72
2:2201-2400                                                                                      62
2:2401-2600                                                                                      65
2:2601-2800                                                                                      61
2:2801-3000                                                                                      57
2:3001-3200                                                                                      64
2:3201-3400                                                                                      47
2:3401-3600                                                                                      60
2:3601-3800                                                                                      67
2:3801-4000                                                                                      49
2:4001-4200                                                                                      70
2:4201-4400                                                                                      60
2:4401-4600                                                                                      58
2:4601-4800                                                                                      53
2:4801-5000                                                                                      52
2:5001-5200                                                                                      61
2:5201-5400                                                                                      70
2:5401-5600                                                                                      70
2:5601-5800                                                                                      62
2:5801-6000                                                                                      60
3:1-200                                                                                         104
3:201-400                                                                                        78
3:401-600                                                                                        54
3:601-800                                                                                        60
3:801-1000                                                                                       59
3:1001-1200                                                                                      45
3:1201-1400                                                                                      63
3:1401-1600                                                                                      70
3:1601-1800                                                                                      68
3:1801-2000                                                                                      68
3:2001-2200                                                                                      52
3:2201-2400                                                                                      75
3:2401-2600                                                                                      55
3:2601-2800                                                                                      57
3:2801-3000                                                                                      63
3:3001-3200                                                                                      60
3:3201-3400                                                                                      67
3:3401-3600                                                                                      62
3:3601-3800                                                                                      66
3:3801-4000                                                                                      67
3:4001-4200                                                                                      49
3:4201-4400                                                                                      64
3:4401-4500                                                                                      22
4:1-200                                                                                          87
4:201-400                                                                                        58
4:401-600                                                                                        61
4:601-800                                                                                        67
4:801-1000                                                                                       66
4:1001-1200                                                                                      50
4:1201-1400                                                                                      65
4:1401-1600                                                                                      57
4:1601-1800                                                                                      58
4:1801-2000                                                                                      48
Smoothing outliers ...
Performing segmentation:
NA
[Fri Oct 29 11:49:29 2021]
Finished job 0.
1 of 1 steps (100%) done
