Building DAG of jobs...
Using shell: /usr/bin/bash
Provided cores: 1 (use --cores to define parallelism)
Rules claiming more threads will be scaled down.
Select jobs to execute...

[Fri Oct 29 12:20:15 2021]
rule segment:
    input: output/output_genome2/alignments/aligned_sim_transloc_reads61f41cee-25ec-46cd-bbfc-7e14c6fcce44_nreads12000_sizedels500.bam
    output: output/output_genome2/plots_segmented/plotCN_61f41cee-25ec-46cd-bbfc-7e14c6fcce44_nreads12000_sizedels500_ACE08cellularity.pdf
    jobid: 0
    wildcards: genome=genome2, name=61f41cee-25ec-46cd-bbfc-7e14c6fcce44, nreads=12000, size_deletion=500
    resources: mem_mb=1000, disk_mb=1000, tmpdir=/tmp

mkdir -p output/output_genome2/plots_segmented/; Rscript 4_segment.R --name 61f41cee-25ec-46cd-bbfc-7e14c6fcce44 --genome genome2 --size_deletion 500 --nreads 12000
Loading required package: BiocGenerics
Loading required package: parallel

Attaching package: ‘BiocGenerics’

The following objects are masked from ‘package:parallel’:

    clusterApply, clusterApplyLB, clusterCall, clusterEvalQ,
    clusterExport, clusterMap, parApply, parCapply, parLapply,
    parLapplyLB, parRapply, parSapply, parSapplyLB

The following objects are masked from ‘package:stats’:

    IQR, mad, sd, var, xtabs

The following objects are masked from ‘package:base’:

    anyDuplicated, append, as.data.frame, basename, cbind, colnames,
    dirname, do.call, duplicated, eval, evalq, Filter, Find, get, grep,
    grepl, intersect, is.unsorted, lapply, Map, mapply, match, mget,
    order, paste, pmax, pmax.int, pmin, pmin.int, Position, rank,
    rbind, Reduce, rownames, sapply, setdiff, sort, table, tapply,
    union, unique, unsplit, which.max, which.min

Welcome to Bioconductor

    Vignettes contain introductory material; view with
    'browseVignettes()'. To cite Bioconductor, see
    'citation("Biobase")', and for packages 'citation("pkgname")'.

    aligned_sim_transloc_reads61f41cee-25ec-46cd-bbfc-7e14c6fcce44_nreads12000_sizedels500 (1 of 1): extracting reads ... binning ...
            aligned_sim_transloc_reads61f41cee-25ec-46cd-bbfc-7e14c6fcce44_nreads12000_sizedels500
1:1-200                                                                                        101
1:201-400                                                                                       55
1:401-600                                                                                       61
1:601-800                                                                                       81
1:801-1000                                                                                      61
1:1001-1200                                                                                     64
1:1201-1400                                                                                     67
1:1401-1600                                                                                     52
1:1601-1800                                                                                     47
1:1801-2000                                                                                     48
1:2001-2200                                                                                     28
1:2201-2400                                                                                     45
1:2401-2600                                                                                     67
1:2601-2800                                                                                     61
1:2801-3000                                                                                     63
1:3001-3200                                                                                     60
1:3201-3400                                                                                     64
1:3401-3600                                                                                     56
1:3601-3800                                                                                     52
1:3801-4000                                                                                     61
1:4001-4200                                                                                     56
1:4201-4400                                                                                     63
1:4401-4600                                                                                     62
1:4601-4800                                                                                     70
1:4801-5000                                                                                     71
1:5001-5200                                                                                     60
1:5201-5400                                                                                     73
1:5401-5600                                                                                     58
1:5601-5800                                                                                     62
1:5801-6000                                                                                     61
1:6001-6200                                                                                     64
1:6201-6400                                                                                     59
1:6401-6600                                                                                     66
1:6601-6800                                                                                     59
1:6801-7000                                                                                     72
2:1-200                                                                                         95
2:201-400                                                                                       59
2:401-600                                                                                       60
2:601-800                                                                                       67
2:801-1000                                                                                      66
2:1001-1200                                                                                     66
2:1201-1400                                                                                     51
2:1401-1600                                                                                     63
2:1601-1800                                                                                     54
2:1801-2000                                                                                     64
2:2001-2200                                                                                     53
2:2201-2400                                                                                     60
2:2401-2600                                                                                     61
2:2601-2800                                                                                     57
2:2801-3000                                                                                     70
2:3001-3200                                                                                     61
2:3201-3400                                                                                     64
2:3401-3600                                                                                     61
2:3601-3800                                                                                     64
2:3801-4000                                                                                     54
2:4001-4200                                                                                     69
2:4201-4400                                                                                     56
2:4401-4600                                                                                     60
2:4601-4800                                                                                     64
2:4801-5000                                                                                     67
2:5001-5200                                                                                     62
2:5201-5400                                                                                     70
2:5401-5600                                                                                     61
2:5601-5800                                                                                     56
2:5801-6000                                                                                     44
3:1-200                                                                                         91
3:201-400                                                                                       58
3:401-600                                                                                       42
3:601-800                                                                                       64
3:801-1000                                                                                      60
3:1001-1200                                                                                     48
3:1201-1400                                                                                     59
3:1401-1600                                                                                     60
3:1601-1800                                                                                     71
3:1801-2000                                                                                     47
3:2001-2200                                                                                     46
3:2201-2400                                                                                     58
3:2401-2600                                                                                     61
3:2601-2800                                                                                     65
3:2801-3000                                                                                     50
3:3001-3200                                                                                     57
3:3201-3400                                                                                     78
3:3401-3600                                                                                     55
3:3601-3800                                                                                     65
3:3801-4000                                                                                     67
3:4001-4200                                                                                     52
3:4201-4400                                                                                     73
3:4401-4500                                                                                     27
4:1-200                                                                                        109
4:201-400                                                                                       62
4:401-600                                                                                       59
4:601-800                                                                                       63
4:801-1000                                                                                      49
4:1001-1200                                                                                     60
4:1201-1400                                                                                     67
4:1401-1600                                                                                     59
4:1601-1800                                                                                     53
4:1801-2000                                                                                     49
[1] 5993
Calculating correction for GC content and mappability
    Calculating fit for sample aligned_sim_transloc_reads61f41cee-25ec-46cd-bbfc-7e14c6fcce44_nreads12000_sizedels500 (1 of 1) ...
Done.
Applying median normalization ...
Smoothing outliers ...
Performing segmentation:
NA
[1] "chromosome" "start"      "end"        "bases"      "gc"        
[6] "6"          "7"         
[1] "chromosome"  "start"       "end"         "bases"       "gc"         
[6] "mappability" "use"        
[1] "chromosome"  "start"       "end"         "bases"       "gc"         
[6] "mappability" "use"        
[1] "chromosome"  "start"       "end"         "bases"       "gc"         
[6] "mappability" "use"        
EM algorithm started ... 

[1] "Total number of segments present in the data: 4"
[1] "Number of segments used for fitting the model: 4"
40974076926264218.952.9817098014786712436.4112.981709809194159436.470.2
Calling iteration1:

optim results
time: 0
minimum: 47.2382865670136
147.2379280737466-0.813700595558382-0.289116502876413-0.02008165862779120.2643526083081760.4519137688010360.9539663516867340.138518567468521-1.83356443626053e-050.0111803552137389-2.76323633295767e-050.01761462086565150.0481636602446319
4098912692968521952.9817098014786712436.4112.981709809194159436.470.2
Calling iteration2:

optim results
time: 0
minimum: 47.237927997695
147.2379275847555-0.804451542910548-0.284888448794651-0.02005699655029220.26067819753050.4456323220875340.9431676405631620.1159784724611586.85059906378408e-060.0111803405402634-4.93817075145896e-060.03843509817614330.0443940065213284
EM algorithm done ...

Computing posterior probabilities for all segments ...

Total time:0minutes

Adjusting segmented data for cellularity ... 

Cellularity sample1: 1

Adjusting normalized data for cellularity ... 

Cellularity sample1: 1

1
41015176935348219.153817098014786712436.4112.981709809194159436.470.2
41015366935849219.153817098014786712436.4112.981709809194159436.470.2
41015336935843219.153817098014786712436.4112.981709809194159436.470.2
41015616936631219.153817098014786712436.4112.981709809194159436.470.2
41019886937586219.153817098014786712436.4112.981709809194159436.470.2
41019976937590219.153817098014786712436.4112.981709809194159436.470.2
41020066937594219.153817098014786712436.4112.981709809194159436.470.2
41020156937598219.153817098014786712436.4112.981709809194159436.470.2
41020246937602219.153817098014786712436.4112.981709809194159436.470.2
41020306937605219.153817098014786712436.4112.981709809194159436.470.2
41020496937837219.153817098014786712436.4112.981709809194159436.470.2
41024656938160219.153817098014786712436.4112.981709809194159436.470.2
FINISHED!

Total time:0minutes

There were 24 warnings (use warnings() to see them)
pdf 
  2 
[1] 1
            aligned_sim_transloc_reads61f41cee-25ec-46cd-bbfc-7e14c6fcce44_nreads12000_sizedels500
1:1-200                                                                                        101
1:201-400                                                                                       55
1:401-600                                                                                       61
1:601-800                                                                                       81
1:801-1000                                                                                      61
1:1001-1200                                                                                     64
1:1201-1400                                                                                     67
1:1401-1600                                                                                     52
1:1601-1800                                                                                     47
1:1801-2000                                                                                     48
1:2001-2200                                                                                     28
1:2201-2400                                                                                     45
1:2401-2600                                                                                     67
1:2601-2800                                                                                     61
1:2801-3000                                                                                     63
1:3001-3200                                                                                     60
1:3201-3400                                                                                     64
1:3401-3600                                                                                     56
1:3601-3800                                                                                     52
1:3801-4000                                                                                     61
1:4001-4200                                                                                     56
1:4201-4400                                                                                     63
1:4401-4600                                                                                     62
1:4601-4800                                                                                     70
1:4801-5000                                                                                     71
1:5001-5200                                                                                     60
1:5201-5400                                                                                     73
1:5401-5600                                                                                     58
1:5601-5800                                                                                     62
1:5801-6000                                                                                     61
1:6001-6200                                                                                     64
1:6201-6400                                                                                     59
1:6401-6600                                                                                     66
1:6601-6800                                                                                     59
1:6801-7000                                                                                     72
2:1-200                                                                                         95
2:201-400                                                                                       59
2:401-600                                                                                       60
2:601-800                                                                                       67
2:801-1000                                                                                      66
2:1001-1200                                                                                     66
2:1201-1400                                                                                     51
2:1401-1600                                                                                     63
2:1601-1800                                                                                     54
2:1801-2000                                                                                     64
2:2001-2200                                                                                     53
2:2201-2400                                                                                     60
2:2401-2600                                                                                     61
2:2601-2800                                                                                     57
2:2801-3000                                                                                     70
2:3001-3200                                                                                     61
2:3201-3400                                                                                     64
2:3401-3600                                                                                     61
2:3601-3800                                                                                     64
2:3801-4000                                                                                     54
2:4001-4200                                                                                     69
2:4201-4400                                                                                     56
2:4401-4600                                                                                     60
2:4601-4800                                                                                     64
2:4801-5000                                                                                     67
2:5001-5200                                                                                     62
2:5201-5400                                                                                     70
2:5401-5600                                                                                     61
2:5601-5800                                                                                     56
2:5801-6000                                                                                     44
3:1-200                                                                                         91
3:201-400                                                                                       58
3:401-600                                                                                       42
3:601-800                                                                                       64
3:801-1000                                                                                      60
3:1001-1200                                                                                     48
3:1201-1400                                                                                     59
3:1401-1600                                                                                     60
3:1601-1800                                                                                     71
3:1801-2000                                                                                     47
3:2001-2200                                                                                     46
3:2201-2400                                                                                     58
3:2401-2600                                                                                     61
3:2601-2800                                                                                     65
3:2801-3000                                                                                     50
3:3001-3200                                                                                     57
3:3201-3400                                                                                     78
3:3401-3600                                                                                     55
3:3601-3800                                                                                     65
3:3801-4000                                                                                     67
3:4001-4200                                                                                     52
3:4201-4400                                                                                     73
3:4401-4500                                                                                     54
4:1-200                                                                                        109
4:201-400                                                                                       62
4:401-600                                                                                       59
4:601-800                                                                                       63
4:801-1000                                                                                      49
4:1001-1200                                                                                     60
4:1201-1400                                                                                     67
4:1401-1600                                                                                     59
4:1601-1800                                                                                     53
4:1801-2000                                                                                     49
Smoothing outliers ...
Performing segmentation:
NA
[Fri Oct 29 12:20:32 2021]
Finished job 0.
1 of 1 steps (100%) done
