Building DAG of jobs...
Using shell: /usr/bin/bash
Provided cores: 1 (use --cores to define parallelism)
Rules claiming more threads will be scaled down.
Select jobs to execute...

[Fri Oct 29 11:49:15 2021]
rule segment:
    input: output/output_genome2/alignments/aligned_sim_transloc_reads8ccddfff-8c08-44f6-bec2-754368c5dfa0_nreads8000_sizedels1000.bam
    output: output/output_genome2/plots_segmented/plotCN_8ccddfff-8c08-44f6-bec2-754368c5dfa0_nreads8000_sizedels1000_ACE08cellularity.pdf
    jobid: 0
    wildcards: genome=genome2, name=8ccddfff-8c08-44f6-bec2-754368c5dfa0, nreads=8000, size_deletion=1000
    resources: mem_mb=1000, disk_mb=1000, tmpdir=/tmp

mkdir -p output/output_genome2/plots_segmented/; Rscript 4_segment.R --name 8ccddfff-8c08-44f6-bec2-754368c5dfa0 --genome genome2 --size_deletion 1000 --nreads 8000
Loading required package: BiocGenerics
Loading required package: parallel

Attaching package: ‘BiocGenerics’

The following objects are masked from ‘package:parallel’:

    clusterApply, clusterApplyLB, clusterCall, clusterEvalQ,
    clusterExport, clusterMap, parApply, parCapply, parLapply,
    parLapplyLB, parRapply, parSapply, parSapplyLB

The following objects are masked from ‘package:stats’:

    IQR, mad, sd, var, xtabs

The following objects are masked from ‘package:base’:

    anyDuplicated, append, as.data.frame, basename, cbind, colnames,
    dirname, do.call, duplicated, eval, evalq, Filter, Find, get, grep,
    grepl, intersect, is.unsorted, lapply, Map, mapply, match, mget,
    order, paste, pmax, pmax.int, pmin, pmin.int, Position, rank,
    rbind, Reduce, rownames, sapply, setdiff, sort, table, tapply,
    union, unique, unsplit, which.max, which.min

Welcome to Bioconductor

    Vignettes contain introductory material; view with
    'browseVignettes()'. To cite Bioconductor, see
    'citation("Biobase")', and for packages 'citation("pkgname")'.

    aligned_sim_transloc_reads8ccddfff-8c08-44f6-bec2-754368c5dfa0_nreads8000_sizedels1000 (1 of 1): extracting reads ... binning ...
            aligned_sim_transloc_reads8ccddfff-8c08-44f6-bec2-754368c5dfa0_nreads8000_sizedels1000
1:1-200                                                                                         78
1:201-400                                                                                       43
1:401-600                                                                                       37
1:601-800                                                                                       49
1:801-1000                                                                                      47
1:1001-1200                                                                                     49
1:1201-1400                                                                                     38
1:1401-1600                                                                                     32
1:1601-1800                                                                                     44
1:1801-2000                                                                                     33
1:2001-2200                                                                                     40
1:2201-2400                                                                                     30
1:2401-2600                                                                                     37
1:2601-2800                                                                                     40
1:2801-3000                                                                                     33
1:3001-3200                                                                                     39
1:3201-3400                                                                                     50
1:3401-3600                                                                                     35
1:3601-3800                                                                                     43
1:3801-4000                                                                                     42
1:4001-4200                                                                                     36
1:4201-4400                                                                                     20
1:4401-4600                                                                                     25
1:4601-4800                                                                                     23
1:4801-5000                                                                                     24
1:5001-5200                                                                                     28
1:5201-5400                                                                                     47
1:5401-5600                                                                                     39
1:5601-5800                                                                                     41
1:5801-6000                                                                                     41
1:6001-6200                                                                                     48
1:6201-6400                                                                                     39
1:6401-6600                                                                                     36
1:6601-6800                                                                                     30
1:6801-7000                                                                                     26
2:1-200                                                                                         69
2:201-400                                                                                       38
2:401-600                                                                                       43
2:601-800                                                                                       31
2:801-1000                                                                                      51
2:1001-1200                                                                                     36
2:1201-1400                                                                                     41
2:1401-1600                                                                                     35
2:1601-1800                                                                                     43
2:1801-2000                                                                                     50
2:2001-2200                                                                                     50
2:2201-2400                                                                                     46
2:2401-2600                                                                                     46
2:2601-2800                                                                                     38
2:2801-3000                                                                                     43
2:3001-3200                                                                                     40
2:3201-3400                                                                                     39
2:3401-3600                                                                                     37
2:3601-3800                                                                                     42
2:3801-4000                                                                                     52
2:4001-4200                                                                                     30
2:4201-4400                                                                                     42
2:4401-4600                                                                                     31
2:4601-4800                                                                                     46
2:4801-5000                                                                                     30
2:5001-5200                                                                                     32
2:5201-5400                                                                                     41
2:5401-5600                                                                                     41
2:5601-5800                                                                                     46
2:5801-6000                                                                                     39
3:1-200                                                                                         61
3:201-400                                                                                       41
3:401-600                                                                                       37
3:601-800                                                                                       40
3:801-1000                                                                                      38
3:1001-1200                                                                                     39
3:1201-1400                                                                                     39
3:1401-1600                                                                                     44
3:1601-1800                                                                                     31
3:1801-2000                                                                                     38
3:2001-2200                                                                                     48
3:2201-2400                                                                                     40
3:2401-2600                                                                                     48
3:2601-2800                                                                                     36
3:2801-3000                                                                                     50
3:3001-3200                                                                                     39
3:3201-3400                                                                                     34
3:3401-3600                                                                                     42
3:3601-3800                                                                                     37
3:3801-4000                                                                                     38
3:4001-4200                                                                                     37
3:4201-4400                                                                                     37
3:4401-4500                                                                                     22
4:1-200                                                                                         66
4:201-400                                                                                       30
4:401-600                                                                                       45
4:601-800                                                                                       35
4:801-1000                                                                                      37
4:1001-1200                                                                                     44
4:1201-1400                                                                                     36
4:1401-1600                                                                                     44
4:1601-1800                                                                                     27
4:1801-2000                                                                                     35
[1] 3905
Calculating correction for GC content and mappability
    Calculating fit for sample aligned_sim_transloc_reads8ccddfff-8c08-44f6-bec2-754368c5dfa0_nreads8000_sizedels1000 (1 of 1) ...
Done.
Applying median normalization ...
Smoothing outliers ...
Performing segmentation:
NA
[1] "chromosome" "start"      "end"        "bases"      "gc"        
[6] "6"          "7"         
[1] "chromosome"  "start"       "end"         "bases"       "gc"         
[6] "mappability" "use"        
[1] "chromosome"  "start"       "end"         "bases"       "gc"         
[6] "mappability" "use"        
[1] "chromosome"  "start"       "end"         "bases"       "gc"         
[6] "mappability" "use"        
EM algorithm started ... 

[1] "Total number of segments present in the data: 4"
[1] "Number of segments used for fitting the model: 4"
40974076926264218.952.9817098014786712436.4112.981709809194151436.470.2
Calling iteration1:

optim results
time: 0
minimum: 49.0235283752667
148.9890173628446-0.914297723840068-0.290331868599169-0.04976809004841470.2968394088049420.5074503210701391.112287908224270.29077910705212-0.0218648160432720.0290399869269338-0.07231689466014050.1287475522717880.432046535769923
4098912692968521952.9817098014786712436.4112.981709809194151436.470.2
Calling iteration2:

optim results
time: 0
minimum: 48.9870181355837
148.9850357235856-0.504010207469508-0.168508070820426-0.04999999999187630.3305055356448490.565002945039033.649125645763251.45104023167375-0.07935977411584390.03084284108737770.005946891936584831.295951492502221.29612758002559
4098912692968521952.9817098014786712436.4112.981709809194151436.470.2
Calling iteration3:

optim results
time: 0
minimum: 48.9927857451576
148.9848376099765-0.466381310475079-0.111008019095934-0.04999999999995650.4630432716781010.7915777013180324.206389665538291.87504403960452-0.07919930202035790.03079107153174280.005589655600609981.569312473995931.57250270672399
4098912692968521952.9817098014786712436.4112.981709809194151436.470.2
Calling iteration4:

optim results
time: 0
minimum: 48.9935858303262
148.9846890653564-11381362.0260051-0.1-0.04999999994396922816600.126407664815009.719315844818454.6691351914.2985311097319-0.04788875333581650.03099793251301580.025148741630286136.312500748645136.3350105033203
4098912692968521952.9817098014786712436.4112.981709809194151436.470.2
Calling iteration5:

optim results
time: 0
minimum: 48.9952172052778
148.9846794820022-19494722.7893604-0.1-0.051765803.790146313018661.517566313020600.1791119813.6284661403689-0.0473729983473260.0308892069990420.024710116713571437.06624504368737.0663996321471
4098912692968521952.9817098014786712436.4112.981709809194151436.470.2
Calling iteration6:

optim results
time: 0
minimum: 48.9957564059085
148.9846748207284-15679059.5665265-0.1-0.051420186.547455392427824.938700422429384.208597713.4106486666049-0.04706074290707570.03080046170866030.024641025993950337.284062713213537.2842272488111
4098912692968521952.9817098014786712436.4112.981709809194151436.470.2
Calling iteration7:

optim results
time: 0
minimum: 48.996259213949
148.9845712155263-2.60148451555437e+39-0.1-0.049999999975221866975972837543260161144961818150285312011449618181502853120115.895557830882-0.01601838431091550.03085064415156270.0052482025472768117.40010768058195.0945044240566
4098912692968521952.9817098014786712436.4112.981709809194151436.470.2
Calling iteration8:

optim results
time: 0
minimum: 48.9981078767133
148.9845490519333-1.36654257625029e+39-0.1-0.05351820346886748569660144085553008230406014408555300823040116.539356117749-0.01549180507883340.03080939223222460.0053242735385275316.756309478840295.6125807279329
4098912692968521952.9817098014786712436.4112.981709809194151436.470.2
Calling iteration9:

optim results
time: 0
minimum: 48.9995735551002
148.9845236958071-7.15280058011723e+38-0.1-0.05184150924021238784031480808392711152643148080839271115264117.186721064434-0.01509517400960160.03088362607800920.00550649546424116.10894468750196.1394064912105
4098912692968521952.9817098014786712436.4112.981709809194151436.470.2
Calling iteration10:

optim results
time: 0
minimum: 49.001188754104
148.9844950762602-3.73065426839586e+38-0.1-0.0596046775390125120016419304702731591681641930470273159168117.837641283714-0.01415086113737410.03077331052175660.0056787478046613715.458024575959496.6749726184645
EM algorithm done ...

Computing posterior probabilities for all segments ...

Total time:0minutes

Adjusting segmented data for cellularity ... 

Cellularity sample1: 1

Adjusting normalized data for cellularity ... 

Cellularity sample1: 1

1
41015176935348219.153817098014786712436.4112.981709809194151436.470.2
41015366935849219.153817098014786712436.4112.981709809194151436.470.2
41015336935843219.153817098014786712436.4112.981709809194151436.470.2
41015616936631219.153817098014786712436.4112.981709809194151436.470.2
41019886937586219.153817098014786712436.4112.981709809194151436.470.2
41019976937590219.153817098014786712436.4112.981709809194151436.470.2
41020066937594219.153817098014786712436.4112.981709809194151436.470.2
41020156937598219.153817098014786712436.4112.981709809194151436.470.2
41020246937602219.153817098014786712436.4112.981709809194151436.470.2
41020306937605219.153817098014786712436.4112.981709809194151436.470.2
41020496937837219.153817098014786712436.4112.981709809194151436.470.2
41024656938160219.153817098014786712436.4112.981709809194151436.470.2
FINISHED!

Total time:0minutes

There were 50 or more warnings (use warnings() to see the first 50)
pdf 
  2 
[1] 1
            aligned_sim_transloc_reads8ccddfff-8c08-44f6-bec2-754368c5dfa0_nreads8000_sizedels1000
1:1-200                                                                                         78
1:201-400                                                                                       43
1:401-600                                                                                       37
1:601-800                                                                                       49
1:801-1000                                                                                      47
1:1001-1200                                                                                     49
1:1201-1400                                                                                     38
1:1401-1600                                                                                     32
1:1601-1800                                                                                     44
1:1801-2000                                                                                     33
1:2001-2200                                                                                     40
1:2201-2400                                                                                     30
1:2401-2600                                                                                     37
1:2601-2800                                                                                     40
1:2801-3000                                                                                     33
1:3001-3200                                                                                     39
1:3201-3400                                                                                     50
1:3401-3600                                                                                     35
1:3601-3800                                                                                     43
1:3801-4000                                                                                     42
1:4001-4200                                                                                     36
1:4201-4400                                                                                     20
1:4401-4600                                                                                     25
1:4601-4800                                                                                     23
1:4801-5000                                                                                     24
1:5001-5200                                                                                     28
1:5201-5400                                                                                     47
1:5401-5600                                                                                     39
1:5601-5800                                                                                     41
1:5801-6000                                                                                     41
1:6001-6200                                                                                     48
1:6201-6400                                                                                     39
1:6401-6600                                                                                     36
1:6601-6800                                                                                     30
1:6801-7000                                                                                     26
2:1-200                                                                                         69
2:201-400                                                                                       38
2:401-600                                                                                       43
2:601-800                                                                                       31
2:801-1000                                                                                      51
2:1001-1200                                                                                     36
2:1201-1400                                                                                     41
2:1401-1600                                                                                     35
2:1601-1800                                                                                     43
2:1801-2000                                                                                     50
2:2001-2200                                                                                     50
2:2201-2400                                                                                     46
2:2401-2600                                                                                     46
2:2601-2800                                                                                     38
2:2801-3000                                                                                     43
2:3001-3200                                                                                     40
2:3201-3400                                                                                     39
2:3401-3600                                                                                     37
2:3601-3800                                                                                     42
2:3801-4000                                                                                     52
2:4001-4200                                                                                     30
2:4201-4400                                                                                     42
2:4401-4600                                                                                     31
2:4601-4800                                                                                     46
2:4801-5000                                                                                     30
2:5001-5200                                                                                     32
2:5201-5400                                                                                     41
2:5401-5600                                                                                     41
2:5601-5800                                                                                     46
2:5801-6000                                                                                     39
3:1-200                                                                                         61
3:201-400                                                                                       41
3:401-600                                                                                       37
3:601-800                                                                                       40
3:801-1000                                                                                      38
3:1001-1200                                                                                     39
3:1201-1400                                                                                     39
3:1401-1600                                                                                     44
3:1601-1800                                                                                     31
3:1801-2000                                                                                     38
3:2001-2200                                                                                     48
3:2201-2400                                                                                     40
3:2401-2600                                                                                     48
3:2601-2800                                                                                     36
3:2801-3000                                                                                     50
3:3001-3200                                                                                     39
3:3201-3400                                                                                     34
3:3401-3600                                                                                     42
3:3601-3800                                                                                     37
3:3801-4000                                                                                     38
3:4001-4200                                                                                     37
3:4201-4400                                                                                     37
3:4401-4500                                                                                     44
4:1-200                                                                                         66
4:201-400                                                                                       30
4:401-600                                                                                       45
4:601-800                                                                                       35
4:801-1000                                                                                      37
4:1001-1200                                                                                     44
4:1201-1400                                                                                     36
4:1401-1600                                                                                     44
4:1601-1800                                                                                     27
4:1801-2000                                                                                     35
Smoothing outliers ...
Performing segmentation:
NA
[Fri Oct 29 11:49:39 2021]
Finished job 0.
1 of 1 steps (100%) done
