Building DAG of jobs...
Using shell: /usr/bin/bash
Provided cores: 1 (use --cores to define parallelism)
Rules claiming more threads will be scaled down.
Select jobs to execute...

[Fri Oct 29 11:49:15 2021]
rule segment:
    input: output/output_genome2/alignments/aligned_sim_transloc_readsc27768e7-f0bf-4a7b-96d8-22063bea52b0_nreads12000_sizedels500.bam
    output: output/output_genome2/plots_segmented/plotCN_c27768e7-f0bf-4a7b-96d8-22063bea52b0_nreads12000_sizedels500_ACE08cellularity.pdf
    jobid: 0
    wildcards: genome=genome2, name=c27768e7-f0bf-4a7b-96d8-22063bea52b0, nreads=12000, size_deletion=500
    resources: mem_mb=1000, disk_mb=1000, tmpdir=/tmp

mkdir -p output/output_genome2/plots_segmented/; Rscript 4_segment.R --name c27768e7-f0bf-4a7b-96d8-22063bea52b0 --genome genome2 --size_deletion 500 --nreads 12000
Loading required package: BiocGenerics
Loading required package: parallel

Attaching package: ‘BiocGenerics’

The following objects are masked from ‘package:parallel’:

    clusterApply, clusterApplyLB, clusterCall, clusterEvalQ,
    clusterExport, clusterMap, parApply, parCapply, parLapply,
    parLapplyLB, parRapply, parSapply, parSapplyLB

The following objects are masked from ‘package:stats’:

    IQR, mad, sd, var, xtabs

The following objects are masked from ‘package:base’:

    anyDuplicated, append, as.data.frame, basename, cbind, colnames,
    dirname, do.call, duplicated, eval, evalq, Filter, Find, get, grep,
    grepl, intersect, is.unsorted, lapply, Map, mapply, match, mget,
    order, paste, pmax, pmax.int, pmin, pmin.int, Position, rank,
    rbind, Reduce, rownames, sapply, setdiff, sort, table, tapply,
    union, unique, unsplit, which.max, which.min

Welcome to Bioconductor

    Vignettes contain introductory material; view with
    'browseVignettes()'. To cite Bioconductor, see
    'citation("Biobase")', and for packages 'citation("pkgname")'.

    aligned_sim_transloc_readsc27768e7-f0bf-4a7b-96d8-22063bea52b0_nreads12000_sizedels500 (1 of 1): extracting reads ... binning ...
            aligned_sim_transloc_readsc27768e7-f0bf-4a7b-96d8-22063bea52b0_nreads12000_sizedels500
1:1-200                                                                                         81
1:201-400                                                                                       51
1:401-600                                                                                       64
1:601-800                                                                                       63
1:801-1000                                                                                      68
1:1001-1200                                                                                     54
1:1201-1400                                                                                     58
1:1401-1600                                                                                     64
1:1601-1800                                                                                     63
1:1801-2000                                                                                     49
1:2001-2200                                                                                     60
1:2201-2400                                                                                     65
1:2401-2600                                                                                     54
1:2601-2800                                                                                     55
1:2801-3000                                                                                     61
1:3001-3200                                                                                     63
1:3201-3400                                                                                     64
1:3401-3600                                                                                     49
1:3601-3800                                                                                     52
1:3801-4000                                                                                     59
1:4001-4200                                                                                     48
1:4201-4400                                                                                     54
1:4401-4600                                                                                     62
1:4601-4800                                                                                     72
1:4801-5000                                                                                     67
1:5001-5200                                                                                     63
1:5201-5400                                                                                     58
1:5401-5600                                                                                     54
1:5601-5800                                                                                     67
1:5801-6000                                                                                     79
1:6001-6200                                                                                     55
1:6201-6400                                                                                     70
1:6401-6600                                                                                     67
1:6601-6800                                                                                     65
1:6801-7000                                                                                     54
2:1-200                                                                                        111
2:201-400                                                                                       59
2:401-600                                                                                       60
2:601-800                                                                                       56
2:801-1000                                                                                      62
2:1001-1200                                                                                     66
2:1201-1400                                                                                     55
2:1401-1600                                                                                     59
2:1601-1800                                                                                     71
2:1801-2000                                                                                     76
2:2001-2200                                                                                     56
2:2201-2400                                                                                     58
2:2401-2600                                                                                     85
2:2601-2800                                                                                     63
2:2801-3000                                                                                     59
2:3001-3200                                                                                     53
2:3201-3400                                                                                     60
2:3401-3600                                                                                     50
2:3601-3800                                                                                     50
2:3801-4000                                                                                     68
2:4001-4200                                                                                     66
2:4201-4400                                                                                     59
2:4401-4600                                                                                     62
2:4601-4800                                                                                     60
2:4801-5000                                                                                     52
2:5001-5200                                                                                     68
2:5201-5400                                                                                     58
2:5401-5600                                                                                     65
2:5601-5800                                                                                     53
2:5801-6000                                                                                     58
3:1-200                                                                                         92
3:201-400                                                                                       45
3:401-600                                                                                       32
3:601-800                                                                                       42
3:801-1000                                                                                      83
3:1001-1200                                                                                     79
3:1201-1400                                                                                     62
3:1401-1600                                                                                     62
3:1601-1800                                                                                     58
3:1801-2000                                                                                     66
3:2001-2200                                                                                     53
3:2201-2400                                                                                     55
3:2401-2600                                                                                     58
3:2601-2800                                                                                     73
3:2801-3000                                                                                     57
3:3001-3200                                                                                     60
3:3201-3400                                                                                     57
3:3401-3600                                                                                     63
3:3601-3800                                                                                     64
3:3801-4000                                                                                     63
3:4001-4200                                                                                     67
3:4201-4400                                                                                     40
3:4401-4500                                                                                     17
4:1-200                                                                                         86
4:201-400                                                                                       59
4:401-600                                                                                       65
4:601-800                                                                                       61
4:801-1000                                                                                      57
4:1001-1200                                                                                     61
4:1201-1400                                                                                     69
4:1401-1600                                                                                     56
4:1601-1800                                                                                     67
4:1801-2000                                                                                     49
[1] 5988
Calculating correction for GC content and mappability
    Calculating fit for sample aligned_sim_transloc_readsc27768e7-f0bf-4a7b-96d8-22063bea52b0_nreads12000_sizedels500 (1 of 1) ...
Done.
Applying median normalization ...
Smoothing outliers ...
Performing segmentation:
NA
[1] "chromosome" "start"      "end"        "bases"      "gc"        
[6] "6"          "7"         
[1] "chromosome"  "start"       "end"         "bases"       "gc"         
[6] "mappability" "use"        
[1] "chromosome"  "start"       "end"         "bases"       "gc"         
[6] "mappability" "use"        
[1] "chromosome"  "start"       "end"         "bases"       "gc"         
[6] "mappability" "use"        
EM algorithm started ... 

[1] "Total number of segments present in the data: 4"
[1] "Number of segments used for fitting the model: 4"
40974076926264218.952.9817098014786712436.4112.981709809194166436.470.2
Calling iteration1:

optim results
time: 0
minimum: 48.1914533801043
148.1903396208354-0.740600091303529-0.261396374120383-0.03081546137339030.2369853960798970.4051292104839810.9771907467626460.1909330044631841.88567924871392e-050.0111803559306534.08485635239979e-050.07394266416570210.407736839248548
4098912692968521952.9817098014786712436.4112.981709809194166436.470.2
Calling iteration2:

optim results
time: 0
minimum: 48.1903408949836
148.1903306002906-0.73222490529429-0.257427717948561-0.03080269519631740.2336169936571980.3993708885085610.9647425675896750.166075422611704-1.40536289300374e-050.0111803524133653-3.3052488415404e-050.0493894289707980.379308427346506
EM algorithm done ...

Computing posterior probabilities for all segments ...

Total time:0minutes

Adjusting segmented data for cellularity ... 

Cellularity sample1: 1

Adjusting normalized data for cellularity ... 

Cellularity sample1: 1

1
41015176935348219.153817098014786712436.4112.981709809194166436.470.2
41015366935849219.153817098014786712436.4112.981709809194166436.470.2
41015336935843219.153817098014786712436.4112.981709809194166436.470.2
41015616936631219.153817098014786712436.4112.981709809194166436.470.2
41019886937586219.153817098014786712436.4112.981709809194166436.470.2
41019976937590219.153817098014786712436.4112.981709809194166436.470.2
41020066937594219.153817098014786712436.4112.981709809194166436.470.2
41020156937598219.153817098014786712436.4112.981709809194166436.470.2
41020246937602219.153817098014786712436.4112.981709809194166436.470.2
41020306937605219.153817098014786712436.4112.981709809194166436.470.2
41020496937837219.153817098014786712436.4112.981709809194166436.470.2
41024656938160219.153817098014786712436.4112.981709809194166436.470.2
FINISHED!

Total time:0minutes

There were 24 warnings (use warnings() to see them)
pdf 
  2 
[1] 1
            aligned_sim_transloc_readsc27768e7-f0bf-4a7b-96d8-22063bea52b0_nreads12000_sizedels500
1:1-200                                                                                         81
1:201-400                                                                                       51
1:401-600                                                                                       64
1:601-800                                                                                       63
1:801-1000                                                                                      68
1:1001-1200                                                                                     54
1:1201-1400                                                                                     58
1:1401-1600                                                                                     64
1:1601-1800                                                                                     63
1:1801-2000                                                                                     49
1:2001-2200                                                                                     60
1:2201-2400                                                                                     65
1:2401-2600                                                                                     54
1:2601-2800                                                                                     55
1:2801-3000                                                                                     61
1:3001-3200                                                                                     63
1:3201-3400                                                                                     64
1:3401-3600                                                                                     49
1:3601-3800                                                                                     52
1:3801-4000                                                                                     59
1:4001-4200                                                                                     48
1:4201-4400                                                                                     54
1:4401-4600                                                                                     62
1:4601-4800                                                                                     72
1:4801-5000                                                                                     67
1:5001-5200                                                                                     63
1:5201-5400                                                                                     58
1:5401-5600                                                                                     54
1:5601-5800                                                                                     67
1:5801-6000                                                                                     79
1:6001-6200                                                                                     55
1:6201-6400                                                                                     70
1:6401-6600                                                                                     67
1:6601-6800                                                                                     65
1:6801-7000                                                                                     54
2:1-200                                                                                        111
2:201-400                                                                                       59
2:401-600                                                                                       60
2:601-800                                                                                       56
2:801-1000                                                                                      62
2:1001-1200                                                                                     66
2:1201-1400                                                                                     55
2:1401-1600                                                                                     59
2:1601-1800                                                                                     71
2:1801-2000                                                                                     76
2:2001-2200                                                                                     56
2:2201-2400                                                                                     58
2:2401-2600                                                                                     85
2:2601-2800                                                                                     63
2:2801-3000                                                                                     59
2:3001-3200                                                                                     53
2:3201-3400                                                                                     60
2:3401-3600                                                                                     50
2:3601-3800                                                                                     50
2:3801-4000                                                                                     68
2:4001-4200                                                                                     66
2:4201-4400                                                                                     59
2:4401-4600                                                                                     62
2:4601-4800                                                                                     60
2:4801-5000                                                                                     52
2:5001-5200                                                                                     68
2:5201-5400                                                                                     58
2:5401-5600                                                                                     65
2:5601-5800                                                                                     53
2:5801-6000                                                                                     58
3:1-200                                                                                         92
3:201-400                                                                                       45
3:401-600                                                                                       32
3:601-800                                                                                       42
3:801-1000                                                                                      83
3:1001-1200                                                                                     79
3:1201-1400                                                                                     62
3:1401-1600                                                                                     62
3:1601-1800                                                                                     58
3:1801-2000                                                                                     66
3:2001-2200                                                                                     53
3:2201-2400                                                                                     55
3:2401-2600                                                                                     58
3:2601-2800                                                                                     73
3:2801-3000                                                                                     57
3:3001-3200                                                                                     60
3:3201-3400                                                                                     57
3:3401-3600                                                                                     63
3:3601-3800                                                                                     64
3:3801-4000                                                                                     63
3:4001-4200                                                                                     67
3:4201-4400                                                                                     40
3:4401-4500                                                                                     34
4:1-200                                                                                         86
4:201-400                                                                                       59
4:401-600                                                                                       65
4:601-800                                                                                       61
4:801-1000                                                                                      57
4:1001-1200                                                                                     61
4:1201-1400                                                                                     69
4:1401-1600                                                                                     56
4:1601-1800                                                                                     67
4:1801-2000                                                                                     49
Smoothing outliers ...
Performing segmentation:
NA
[Fri Oct 29 11:49:36 2021]
Finished job 0.
1 of 1 steps (100%) done
