Building DAG of jobs...
Using shell: /usr/bin/bash
Provided cores: 1 (use --cores to define parallelism)
Rules claiming more threads will be scaled down.
Select jobs to execute...

[Fri Oct 29 11:49:14 2021]
rule segment:
    input: output/output_genome2/alignments/aligned_sim_transloc_reads61f41cee-25ec-46cd-bbfc-7e14c6fcce44_nreads12000_sizedels200.bam
    output: output/output_genome2/plots_segmented/plotCN_61f41cee-25ec-46cd-bbfc-7e14c6fcce44_nreads12000_sizedels200_ACE08cellularity.pdf
    jobid: 0
    wildcards: genome=genome2, name=61f41cee-25ec-46cd-bbfc-7e14c6fcce44, nreads=12000, size_deletion=200
    resources: mem_mb=1000, disk_mb=1000, tmpdir=/tmp

mkdir -p output/output_genome2/plots_segmented/; Rscript 4_segment.R --name 61f41cee-25ec-46cd-bbfc-7e14c6fcce44 --genome genome2 --size_deletion 200 --nreads 12000
Loading required package: BiocGenerics
Loading required package: parallel

Attaching package: ‘BiocGenerics’

The following objects are masked from ‘package:parallel’:

    clusterApply, clusterApplyLB, clusterCall, clusterEvalQ,
    clusterExport, clusterMap, parApply, parCapply, parLapply,
    parLapplyLB, parRapply, parSapply, parSapplyLB

The following objects are masked from ‘package:stats’:

    IQR, mad, sd, var, xtabs

The following objects are masked from ‘package:base’:

    anyDuplicated, append, as.data.frame, basename, cbind, colnames,
    dirname, do.call, duplicated, eval, evalq, Filter, Find, get, grep,
    grepl, intersect, is.unsorted, lapply, Map, mapply, match, mget,
    order, paste, pmax, pmax.int, pmin, pmin.int, Position, rank,
    rbind, Reduce, rownames, sapply, setdiff, sort, table, tapply,
    union, unique, unsplit, which.max, which.min

Welcome to Bioconductor

    Vignettes contain introductory material; view with
    'browseVignettes()'. To cite Bioconductor, see
    'citation("Biobase")', and for packages 'citation("pkgname")'.

    aligned_sim_transloc_reads61f41cee-25ec-46cd-bbfc-7e14c6fcce44_nreads12000_sizedels200 (1 of 1): extracting reads ... binning ...
            aligned_sim_transloc_reads61f41cee-25ec-46cd-bbfc-7e14c6fcce44_nreads12000_sizedels200
1:1-200                                                                                        104
1:201-400                                                                                       61
1:401-600                                                                                       57
1:601-800                                                                                       57
1:801-1000                                                                                      56
1:1001-1200                                                                                     50
1:1201-1400                                                                                     52
1:1401-1600                                                                                     68
1:1601-1800                                                                                     62
1:1801-2000                                                                                     55
1:2001-2200                                                                                     58
1:2201-2400                                                                                     55
1:2401-2600                                                                                     73
1:2601-2800                                                                                     51
1:2801-3000                                                                                     63
1:3001-3200                                                                                     63
1:3201-3400                                                                                     55
1:3401-3600                                                                                     56
1:3601-3800                                                                                     75
1:3801-4000                                                                                     62
1:4001-4200                                                                                     64
1:4201-4400                                                                                     54
1:4401-4600                                                                                     71
1:4601-4800                                                                                     53
1:4801-5000                                                                                     57
1:5001-5200                                                                                     62
1:5201-5400                                                                                     53
1:5401-5600                                                                                     54
1:5601-5800                                                                                     56
1:5801-6000                                                                                     57
1:6001-6200                                                                                     51
1:6201-6400                                                                                     62
1:6401-6600                                                                                     59
1:6601-6800                                                                                     56
1:6801-7000                                                                                     56
2:1-200                                                                                         99
2:201-400                                                                                       57
2:401-600                                                                                       59
2:601-800                                                                                       62
2:801-1000                                                                                      55
2:1001-1200                                                                                     56
2:1201-1400                                                                                     67
2:1401-1600                                                                                     54
2:1601-1800                                                                                     79
2:1801-2000                                                                                     55
2:2001-2200                                                                                     55
2:2201-2400                                                                                     60
2:2401-2600                                                                                     55
2:2601-2800                                                                                     58
2:2801-3000                                                                                     44
2:3001-3200                                                                                     66
2:3201-3400                                                                                     63
2:3401-3600                                                                                     53
2:3601-3800                                                                                     60
2:3801-4000                                                                                     66
2:4001-4200                                                                                     50
2:4201-4400                                                                                     70
2:4401-4600                                                                                     77
2:4601-4800                                                                                     53
2:4801-5000                                                                                     58
2:5001-5200                                                                                     56
2:5201-5400                                                                                     67
2:5401-5600                                                                                     28
2:5601-5800                                                                                     57
2:5801-6000                                                                                     49
3:1-200                                                                                         98
3:201-400                                                                                       58
3:401-600                                                                                       61
3:601-800                                                                                       62
3:801-1000                                                                                      60
3:1001-1200                                                                                     59
3:1201-1400                                                                                     58
3:1401-1600                                                                                     55
3:1601-1800                                                                                     63
3:1801-2000                                                                                     66
3:2001-2200                                                                                     58
3:2201-2400                                                                                     65
3:2401-2600                                                                                     61
3:2601-2800                                                                                     72
3:2801-3000                                                                                     63
3:3001-3200                                                                                     56
3:3201-3400                                                                                     60
3:3401-3600                                                                                     61
3:3601-3800                                                                                     70
3:3801-4000                                                                                     59
3:4001-4200                                                                                     73
3:4201-4400                                                                                     54
3:4401-4500                                                                                     21
4:1-200                                                                                         84
4:201-400                                                                                       47
4:401-600                                                                                       62
4:601-800                                                                                       67
4:801-1000                                                                                      54
4:1001-1200                                                                                     61
4:1201-1400                                                                                     59
4:1401-1600                                                                                     59
4:1601-1800                                                                                     68
4:1801-2000                                                                                     43
[1] 5903
Calculating correction for GC content and mappability
    Calculating fit for sample aligned_sim_transloc_reads61f41cee-25ec-46cd-bbfc-7e14c6fcce44_nreads12000_sizedels200 (1 of 1) ...
Done.
Applying median normalization ...
Smoothing outliers ...
Performing segmentation:
NA
[1] "chromosome" "start"      "end"        "bases"      "gc"        
[6] "6"          "7"         
[1] "chromosome"  "start"       "end"         "bases"       "gc"         
[6] "mappability" "use"        
[1] "chromosome"  "start"       "end"         "bases"       "gc"         
[6] "mappability" "use"        
[1] "chromosome"  "start"       "end"         "bases"       "gc"         
[6] "mappability" "use"        
EM algorithm started ... 

[1] "Total number of segments present in the data: 4"
[1] "Number of segments used for fitting the model: 4"
40974076926264218.952.9817098014786712436.4112.981709809194159436.470.2
Calling iteration1:

optim results
time: 0
minimum: 47.6634308287165
147.6632504316875-0.795042969961478-0.2802755295919490.005556194804283950.2787998981261210.476611573874240.9667310375989760.051721018324892.54029176664783e-050.0111803482142695-2.85098636231866e-050.05875696903571220.10161131396583
4098912692968521952.9817098014786712436.4112.981709809194159436.470.2
Calling iteration2:

optim results
time: 0
minimum: 47.6632504328079
147.6632503426615-0.795042969961478-0.2802755295919490.005556194804283950.2505233910504250.4282725657483570.9183920294730930.051721018324892.54029176664783e-050.0111803482142695-2.85098636231866e-050.05875696903571220.10161131396583
4098912692968521952.9817098014786712436.4112.981709809194159436.470.2
Calling iteration3:

optim results
time: 0
minimum: 47.6632503426686
147.6632503425358-0.795042969961478-0.2802755295919490.005556194804283950.2245559255081960.3838808901961360.8740003539208720.051721018324892.54029176664783e-050.0111803482142695-2.85098636231866e-050.05875696903571220.10161131396583
4098912692968521952.9817098014786712436.4112.981709809194159436.470.2
Calling iteration4:

optim results
time: 0
minimum: 47.6632503425359
147.663250342535-0.795042969961478-0.2802755295919490.005556194804283950.2011348494709150.3438422962548040.833961759979540.051721018324892.54029176664783e-050.0111803482142695-2.85098636231866e-050.05875696903571220.10161131396583
4098912692968521952.9817098014786712436.4112.981709809194159436.470.2
Calling iteration5:

optim results
time: 0
minimum: 47.663250342535
147.663250342535-0.795042969961478-0.2802755295919490.005556194804283950.2011348494709150.3438422962548040.833961759979540.051721018324892.54029176664783e-050.0111803482142695-2.85098636231866e-050.05875696903571220.10161131396583
EM algorithm done ...

Computing posterior probabilities for all segments ...

Total time:0minutes

Adjusting segmented data for cellularity ... 

Cellularity sample1: 1

Adjusting normalized data for cellularity ... 

Cellularity sample1: 1

1
41015176935348219.153817098014786712436.4112.981709809194159436.470.2
41015366935849219.153817098014786712436.4112.981709809194159436.470.2
41015336935843219.153817098014786712436.4112.981709809194159436.470.2
41015616936631219.153817098014786712436.4112.981709809194159436.470.2
41019886937586219.153817098014786712436.4112.981709809194159436.470.2
41019976937590219.153817098014786712436.4112.981709809194159436.470.2
41020066937594219.153817098014786712436.4112.981709809194159436.470.2
41020156937598219.153817098014786712436.4112.981709809194159436.470.2
41020246937602219.153817098014786712436.4112.981709809194159436.470.2
41020306937605219.153817098014786712436.4112.981709809194159436.470.2
41020496937837219.153817098014786712436.4112.981709809194159436.470.2
41024656938160219.153817098014786712436.4112.981709809194159436.470.2
FINISHED!

Total time:0minutes

There were 48 warnings (use warnings() to see them)
pdf 
  2 
[1] 1
            aligned_sim_transloc_reads61f41cee-25ec-46cd-bbfc-7e14c6fcce44_nreads12000_sizedels200
1:1-200                                                                                        104
1:201-400                                                                                       61
1:401-600                                                                                       57
1:601-800                                                                                       57
1:801-1000                                                                                      56
1:1001-1200                                                                                     50
1:1201-1400                                                                                     52
1:1401-1600                                                                                     68
1:1601-1800                                                                                     62
1:1801-2000                                                                                     55
1:2001-2200                                                                                     58
1:2201-2400                                                                                     55
1:2401-2600                                                                                     73
1:2601-2800                                                                                     51
1:2801-3000                                                                                     63
1:3001-3200                                                                                     63
1:3201-3400                                                                                     55
1:3401-3600                                                                                     56
1:3601-3800                                                                                     75
1:3801-4000                                                                                     62
1:4001-4200                                                                                     64
1:4201-4400                                                                                     54
1:4401-4600                                                                                     71
1:4601-4800                                                                                     53
1:4801-5000                                                                                     57
1:5001-5200                                                                                     62
1:5201-5400                                                                                     53
1:5401-5600                                                                                     54
1:5601-5800                                                                                     56
1:5801-6000                                                                                     57
1:6001-6200                                                                                     51
1:6201-6400                                                                                     62
1:6401-6600                                                                                     59
1:6601-6800                                                                                     56
1:6801-7000                                                                                     56
2:1-200                                                                                         99
2:201-400                                                                                       57
2:401-600                                                                                       59
2:601-800                                                                                       62
2:801-1000                                                                                      55
2:1001-1200                                                                                     56
2:1201-1400                                                                                     67
2:1401-1600                                                                                     54
2:1601-1800                                                                                     79
2:1801-2000                                                                                     55
2:2001-2200                                                                                     55
2:2201-2400                                                                                     60
2:2401-2600                                                                                     55
2:2601-2800                                                                                     58
2:2801-3000                                                                                     44
2:3001-3200                                                                                     66
2:3201-3400                                                                                     63
2:3401-3600                                                                                     53
2:3601-3800                                                                                     60
2:3801-4000                                                                                     66
2:4001-4200                                                                                     50
2:4201-4400                                                                                     70
2:4401-4600                                                                                     77
2:4601-4800                                                                                     53
2:4801-5000                                                                                     58
2:5001-5200                                                                                     56
2:5201-5400                                                                                     67
2:5401-5600                                                                                     28
2:5601-5800                                                                                     57
2:5801-6000                                                                                     49
3:1-200                                                                                         98
3:201-400                                                                                       58
3:401-600                                                                                       61
3:601-800                                                                                       62
3:801-1000                                                                                      60
3:1001-1200                                                                                     59
3:1201-1400                                                                                     58
3:1401-1600                                                                                     55
3:1601-1800                                                                                     63
3:1801-2000                                                                                     66
3:2001-2200                                                                                     58
3:2201-2400                                                                                     65
3:2401-2600                                                                                     61
3:2601-2800                                                                                     72
3:2801-3000                                                                                     63
3:3001-3200                                                                                     56
3:3201-3400                                                                                     60
3:3401-3600                                                                                     61
3:3601-3800                                                                                     70
3:3801-4000                                                                                     59
3:4001-4200                                                                                     73
3:4201-4400                                                                                     54
3:4401-4500                                                                                     42
4:1-200                                                                                         84
4:201-400                                                                                       47
4:401-600                                                                                       62
4:601-800                                                                                       67
4:801-1000                                                                                      54
4:1001-1200                                                                                     61
4:1201-1400                                                                                     59
4:1401-1600                                                                                     59
4:1601-1800                                                                                     68
4:1801-2000                                                                                     43
Smoothing outliers ...
Performing segmentation:
NA
[Fri Oct 29 11:49:31 2021]
Finished job 0.
1 of 1 steps (100%) done
