Building DAG of jobs...
Using shell: /usr/bin/bash
Provided cores: 1 (use --cores to define parallelism)
Rules claiming more threads will be scaled down.
Select jobs to execute...

[Fri Oct 29 11:49:15 2021]
rule segment:
    input: output/output_genome2/alignments/aligned_sim_transloc_readsffac781d-60f0-4119-b50e-641cb192eb3a_nreads8000_sizedels1000.bam
    output: output/output_genome2/plots_segmented/plotCN_ffac781d-60f0-4119-b50e-641cb192eb3a_nreads8000_sizedels1000_ACE08cellularity.pdf
    jobid: 0
    wildcards: genome=genome2, name=ffac781d-60f0-4119-b50e-641cb192eb3a, nreads=8000, size_deletion=1000
    resources: mem_mb=1000, disk_mb=1000, tmpdir=/tmp

mkdir -p output/output_genome2/plots_segmented/; Rscript 4_segment.R --name ffac781d-60f0-4119-b50e-641cb192eb3a --genome genome2 --size_deletion 1000 --nreads 8000
Loading required package: BiocGenerics
Loading required package: parallel

Attaching package: ‘BiocGenerics’

The following objects are masked from ‘package:parallel’:

    clusterApply, clusterApplyLB, clusterCall, clusterEvalQ,
    clusterExport, clusterMap, parApply, parCapply, parLapply,
    parLapplyLB, parRapply, parSapply, parSapplyLB

The following objects are masked from ‘package:stats’:

    IQR, mad, sd, var, xtabs

The following objects are masked from ‘package:base’:

    anyDuplicated, append, as.data.frame, basename, cbind, colnames,
    dirname, do.call, duplicated, eval, evalq, Filter, Find, get, grep,
    grepl, intersect, is.unsorted, lapply, Map, mapply, match, mget,
    order, paste, pmax, pmax.int, pmin, pmin.int, Position, rank,
    rbind, Reduce, rownames, sapply, setdiff, sort, table, tapply,
    union, unique, unsplit, which.max, which.min

Welcome to Bioconductor

    Vignettes contain introductory material; view with
    'browseVignettes()'. To cite Bioconductor, see
    'citation("Biobase")', and for packages 'citation("pkgname")'.

    aligned_sim_transloc_readsffac781d-60f0-4119-b50e-641cb192eb3a_nreads8000_sizedels1000 (1 of 1): extracting reads ... binning ...
            aligned_sim_transloc_readsffac781d-60f0-4119-b50e-641cb192eb3a_nreads8000_sizedels1000
1:1-200                                                                                         63
1:201-400                                                                                       41
1:401-600                                                                                       36
1:601-800                                                                                       34
1:801-1000                                                                                      25
1:1001-1200                                                                                     26
1:1201-1400                                                                                     23
1:1401-1600                                                                                     35
1:1601-1800                                                                                     19
1:1801-2000                                                                                     50
1:2001-2200                                                                                     29
1:2201-2400                                                                                     45
1:2401-2600                                                                                     43
1:2601-2800                                                                                     29
1:2801-3000                                                                                     39
1:3001-3200                                                                                     39
1:3201-3400                                                                                     38
1:3401-3600                                                                                     40
1:3601-3800                                                                                     40
1:3801-4000                                                                                     48
1:4001-4200                                                                                     43
1:4201-4400                                                                                     43
1:4401-4600                                                                                     37
1:4601-4800                                                                                     42
1:4801-5000                                                                                     32
1:5001-5200                                                                                     49
1:5201-5400                                                                                     47
1:5401-5600                                                                                     51
1:5601-5800                                                                                     40
1:5801-6000                                                                                     50
1:6001-6200                                                                                     30
1:6201-6400                                                                                     39
1:6401-6600                                                                                     32
1:6601-6800                                                                                     40
1:6801-7000                                                                                     30
2:1-200                                                                                         72
2:201-400                                                                                       47
2:401-600                                                                                       34
2:601-800                                                                                       32
2:801-1000                                                                                      38
2:1001-1200                                                                                     40
2:1201-1400                                                                                     43
2:1401-1600                                                                                     41
2:1601-1800                                                                                     35
2:1801-2000                                                                                     44
2:2001-2200                                                                                     42
2:2201-2400                                                                                     34
2:2401-2600                                                                                     42
2:2601-2800                                                                                     45
2:2801-3000                                                                                     47
2:3001-3200                                                                                     37
2:3201-3400                                                                                     39
2:3401-3600                                                                                     42
2:3601-3800                                                                                     46
2:3801-4000                                                                                     46
2:4001-4200                                                                                     47
2:4201-4400                                                                                     41
2:4401-4600                                                                                     53
2:4601-4800                                                                                     52
2:4801-5000                                                                                     40
2:5001-5200                                                                                     36
2:5201-5400                                                                                     44
2:5401-5600                                                                                     31
2:5601-5800                                                                                     38
2:5801-6000                                                                                     37
3:1-200                                                                                         52
3:201-400                                                                                       36
3:401-600                                                                                       29
3:601-800                                                                                       35
3:801-1000                                                                                      37
3:1001-1200                                                                                     36
3:1201-1400                                                                                     40
3:1401-1600                                                                                     44
3:1601-1800                                                                                     39
3:1801-2000                                                                                     43
3:2001-2200                                                                                     49
3:2201-2400                                                                                     36
3:2401-2600                                                                                     41
3:2601-2800                                                                                     51
3:2801-3000                                                                                     43
3:3001-3200                                                                                     42
3:3201-3400                                                                                     40
3:3401-3600                                                                                     49
3:3601-3800                                                                                     40
3:3801-4000                                                                                     42
3:4001-4200                                                                                     46
3:4201-4400                                                                                     40
3:4401-4500                                                                                     16
4:1-200                                                                                         76
4:201-400                                                                                       30
4:401-600                                                                                       40
4:601-800                                                                                       39
4:801-1000                                                                                      50
4:1001-1200                                                                                     37
4:1201-1400                                                                                     49
4:1401-1600                                                                                     48
4:1601-1800                                                                                     40
4:1801-2000                                                                                     41
[1] 3988
Calculating correction for GC content and mappability
    Calculating fit for sample aligned_sim_transloc_readsffac781d-60f0-4119-b50e-641cb192eb3a_nreads8000_sizedels1000 (1 of 1) ...
Done.
Applying median normalization ...
Smoothing outliers ...
Performing segmentation:
NA
[1] "chromosome" "start"      "end"        "bases"      "gc"        
[6] "6"          "7"         
[1] "chromosome"  "start"       "end"         "bases"       "gc"         
[6] "mappability" "use"        
[1] "chromosome"  "start"       "end"         "bases"       "gc"         
[6] "mappability" "use"        
[1] "chromosome"  "start"       "end"         "bases"       "gc"         
[6] "mappability" "use"        
EM algorithm started ... 

[1] "Total number of segments present in the data: 4"
[1] "Number of segments used for fitting the model: 4"
40974076926264218.952.9817098014786712436.4112.981709809194146436.470.2
Calling iteration1:

optim results
time: 0
minimum: 49.9660065765943
149.9457960698627-0.77253842571661-0.257208020177508-0.04387020753618620.2814401614262020.4811251337978680.9867977923807220.103310228496433-0.08058653253934050.0504292045419664-0.1117088435930230.2489427692761380.298373997589224
4098912692968521952.9817098014786712436.4112.981709809194146436.470.2
Calling iteration2:

optim results
time: 0
minimum: 49.9566943993847
149.9426694483147-0.662407835952829-0.158241779900251-0.04404523280303030.1000083511791840.170965405570257864.74473025057211.5344008621996-0.04300007842217660.0504332513871382-0.1227411108608739.57171412979499.76540706552529
4098912692968521952.9817098014786712436.4112.981709809194146436.470.2
Calling iteration3:

optim results
time: 0
minimum: 49.9706292194376
149.941640010463-29.0212769111206-0.137474379766563-0.04390337234997290.100000000000030.17095112913519741.091364717067222.79956646126468.72305230445007e-050.050393436625752-0.1360661638434791.87408180457412.26164664335612
4098912692968521952.9817098014786712436.4112.981709809194146436.470.2
Calling iteration4:

optim results
time: 0
minimum: 49.9767748019624
149.9414465565824-21.0771002894967-0.139931293268958-0.04386726751909250.100000000000020.1709511291351826.20599652553422.28932430504610.0001331775897207080.0503874077969904-0.1360465222661310.9728491899547181.20345922478389
EM algorithm done ...

Computing posterior probabilities for all segments ...

Total time:0minutes

Adjusting segmented data for cellularity ... 

Cellularity sample1: 1

Adjusting normalized data for cellularity ... 

Cellularity sample1: 1

1
41015176935348219.153817098014786712436.4112.981709809194146436.470.2
41015366935849219.153817098014786712436.4112.981709809194146436.470.2
41015336935843219.153817098014786712436.4112.981709809194146436.470.2
41015616936631219.153817098014786712436.4112.981709809194146436.470.2
41019886937586219.153817098014786712436.4112.981709809194146436.470.2
41019976937590219.153817098014786712436.4112.981709809194146436.470.2
41020066937594219.153817098014786712436.4112.981709809194146436.470.2
41020156937598219.153817098014786712436.4112.981709809194146436.470.2
41020246937602219.153817098014786712436.4112.981709809194146436.470.2
41020306937605219.153817098014786712436.4112.981709809194146436.470.2
41020496937837219.153817098014786712436.4112.981709809194146436.470.2
41024656938160219.153817098014786712436.4112.981709809194146436.470.2
FINISHED!

Total time:0minutes

There were 40 warnings (use warnings() to see them)
pdf 
  2 
[1] 1
            aligned_sim_transloc_readsffac781d-60f0-4119-b50e-641cb192eb3a_nreads8000_sizedels1000
1:1-200                                                                                         63
1:201-400                                                                                       41
1:401-600                                                                                       36
1:601-800                                                                                       34
1:801-1000                                                                                      25
1:1001-1200                                                                                     26
1:1201-1400                                                                                     23
1:1401-1600                                                                                     35
1:1601-1800                                                                                     19
1:1801-2000                                                                                     50
1:2001-2200                                                                                     29
1:2201-2400                                                                                     45
1:2401-2600                                                                                     43
1:2601-2800                                                                                     29
1:2801-3000                                                                                     39
1:3001-3200                                                                                     39
1:3201-3400                                                                                     38
1:3401-3600                                                                                     40
1:3601-3800                                                                                     40
1:3801-4000                                                                                     48
1:4001-4200                                                                                     43
1:4201-4400                                                                                     43
1:4401-4600                                                                                     37
1:4601-4800                                                                                     42
1:4801-5000                                                                                     32
1:5001-5200                                                                                     49
1:5201-5400                                                                                     47
1:5401-5600                                                                                     51
1:5601-5800                                                                                     40
1:5801-6000                                                                                     50
1:6001-6200                                                                                     30
1:6201-6400                                                                                     39
1:6401-6600                                                                                     32
1:6601-6800                                                                                     40
1:6801-7000                                                                                     30
2:1-200                                                                                         72
2:201-400                                                                                       47
2:401-600                                                                                       34
2:601-800                                                                                       32
2:801-1000                                                                                      38
2:1001-1200                                                                                     40
2:1201-1400                                                                                     43
2:1401-1600                                                                                     41
2:1601-1800                                                                                     35
2:1801-2000                                                                                     44
2:2001-2200                                                                                     42
2:2201-2400                                                                                     34
2:2401-2600                                                                                     42
2:2601-2800                                                                                     45
2:2801-3000                                                                                     47
2:3001-3200                                                                                     37
2:3201-3400                                                                                     39
2:3401-3600                                                                                     42
2:3601-3800                                                                                     46
2:3801-4000                                                                                     46
2:4001-4200                                                                                     47
2:4201-4400                                                                                     41
2:4401-4600                                                                                     53
2:4601-4800                                                                                     52
2:4801-5000                                                                                     40
2:5001-5200                                                                                     36
2:5201-5400                                                                                     44
2:5401-5600                                                                                     31
2:5601-5800                                                                                     38
2:5801-6000                                                                                     37
3:1-200                                                                                         52
3:201-400                                                                                       36
3:401-600                                                                                       29
3:601-800                                                                                       35
3:801-1000                                                                                      37
3:1001-1200                                                                                     36
3:1201-1400                                                                                     40
3:1401-1600                                                                                     44
3:1601-1800                                                                                     39
3:1801-2000                                                                                     43
3:2001-2200                                                                                     49
3:2201-2400                                                                                     36
3:2401-2600                                                                                     41
3:2601-2800                                                                                     51
3:2801-3000                                                                                     43
3:3001-3200                                                                                     42
3:3201-3400                                                                                     40
3:3401-3600                                                                                     49
3:3601-3800                                                                                     40
3:3801-4000                                                                                     42
3:4001-4200                                                                                     46
3:4201-4400                                                                                     40
3:4401-4500                                                                                     32
4:1-200                                                                                         76
4:201-400                                                                                       30
4:401-600                                                                                       40
4:601-800                                                                                       39
4:801-1000                                                                                      50
4:1001-1200                                                                                     37
4:1201-1400                                                                                     49
4:1401-1600                                                                                     48
4:1601-1800                                                                                     40
4:1801-2000                                                                                     41
Smoothing outliers ...
Performing segmentation:
NA
[Fri Oct 29 11:49:34 2021]
Finished job 0.
1 of 1 steps (100%) done
