Building DAG of jobs...
Using shell: /usr/bin/bash
Provided cores: 1 (use --cores to define parallelism)
Rules claiming more threads will be scaled down.
Select jobs to execute...

[Fri Oct 29 11:49:14 2021]
rule segment:
    input: output/output_genome2/alignments/aligned_sim_transloc_reads8ccddfff-8c08-44f6-bec2-754368c5dfa0_nreads8000_sizedels200.bam
    output: output/output_genome2/plots_segmented/plotCN_8ccddfff-8c08-44f6-bec2-754368c5dfa0_nreads8000_sizedels200_ACE08cellularity.pdf
    jobid: 0
    wildcards: genome=genome2, name=8ccddfff-8c08-44f6-bec2-754368c5dfa0, nreads=8000, size_deletion=200
    resources: mem_mb=1000, disk_mb=1000, tmpdir=/tmp

mkdir -p output/output_genome2/plots_segmented/; Rscript 4_segment.R --name 8ccddfff-8c08-44f6-bec2-754368c5dfa0 --genome genome2 --size_deletion 200 --nreads 8000
Loading required package: BiocGenerics
Loading required package: parallel

Attaching package: ‘BiocGenerics’

The following objects are masked from ‘package:parallel’:

    clusterApply, clusterApplyLB, clusterCall, clusterEvalQ,
    clusterExport, clusterMap, parApply, parCapply, parLapply,
    parLapplyLB, parRapply, parSapply, parSapplyLB

The following objects are masked from ‘package:stats’:

    IQR, mad, sd, var, xtabs

The following objects are masked from ‘package:base’:

    anyDuplicated, append, as.data.frame, basename, cbind, colnames,
    dirname, do.call, duplicated, eval, evalq, Filter, Find, get, grep,
    grepl, intersect, is.unsorted, lapply, Map, mapply, match, mget,
    order, paste, pmax, pmax.int, pmin, pmin.int, Position, rank,
    rbind, Reduce, rownames, sapply, setdiff, sort, table, tapply,
    union, unique, unsplit, which.max, which.min

Welcome to Bioconductor

    Vignettes contain introductory material; view with
    'browseVignettes()'. To cite Bioconductor, see
    'citation("Biobase")', and for packages 'citation("pkgname")'.

    aligned_sim_transloc_reads8ccddfff-8c08-44f6-bec2-754368c5dfa0_nreads8000_sizedels200 (1 of 1): extracting reads ... binning ...
            aligned_sim_transloc_reads8ccddfff-8c08-44f6-bec2-754368c5dfa0_nreads8000_sizedels200
1:1-200                                                                                        72
1:201-400                                                                                      42
1:401-600                                                                                      47
1:601-800                                                                                      39
1:801-1000                                                                                     53
1:1001-1200                                                                                    40
1:1201-1400                                                                                    49
1:1401-1600                                                                                    37
1:1601-1800                                                                                    37
1:1801-2000                                                                                    37
1:2001-2200                                                                                    35
1:2201-2400                                                                                    34
1:2401-2600                                                                                    32
1:2601-2800                                                                                    44
1:2801-3000                                                                                    34
1:3001-3200                                                                                    36
1:3201-3400                                                                                    39
1:3401-3600                                                                                    39
1:3601-3800                                                                                    35
1:3801-4000                                                                                    46
1:4001-4200                                                                                    34
1:4201-4400                                                                                    39
1:4401-4600                                                                                    40
1:4601-4800                                                                                    35
1:4801-5000                                                                                    34
1:5001-5200                                                                                    32
1:5201-5400                                                                                    41
1:5401-5600                                                                                    38
1:5601-5800                                                                                    41
1:5801-6000                                                                                    46
1:6001-6200                                                                                    30
1:6201-6400                                                                                    43
1:6401-6600                                                                                    44
1:6601-6800                                                                                    36
1:6801-7000                                                                                    23
2:1-200                                                                                        58
2:201-400                                                                                      23
2:401-600                                                                                      32
2:601-800                                                                                      43
2:801-1000                                                                                     40
2:1001-1200                                                                                    42
2:1201-1400                                                                                    41
2:1401-1600                                                                                    42
2:1601-1800                                                                                    35
2:1801-2000                                                                                    49
2:2001-2200                                                                                    30
2:2201-2400                                                                                    43
2:2401-2600                                                                                    47
2:2601-2800                                                                                    43
2:2801-3000                                                                                    42
2:3001-3200                                                                                    38
2:3201-3400                                                                                    44
2:3401-3600                                                                                    47
2:3601-3800                                                                                    38
2:3801-4000                                                                                    41
2:4001-4200                                                                                    37
2:4201-4400                                                                                    49
2:4401-4600                                                                                    33
2:4601-4800                                                                                    32
2:4801-5000                                                                                    41
2:5001-5200                                                                                    46
2:5201-5400                                                                                    35
2:5401-5600                                                                                    36
2:5601-5800                                                                                    35
2:5801-6000                                                                                    33
3:1-200                                                                                        69
3:201-400                                                                                      47
3:401-600                                                                                      41
3:601-800                                                                                      43
3:801-1000                                                                                     36
3:1001-1200                                                                                    42
3:1201-1400                                                                                    42
3:1401-1600                                                                                    49
3:1601-1800                                                                                    43
3:1801-2000                                                                                    40
3:2001-2200                                                                                    47
3:2201-2400                                                                                    46
3:2401-2600                                                                                    42
3:2601-2800                                                                                    38
3:2801-3000                                                                                    45
3:3001-3200                                                                                    43
3:3201-3400                                                                                    40
3:3401-3600                                                                                    39
3:3601-3800                                                                                    38
3:3801-4000                                                                                    43
3:4001-4200                                                                                    43
3:4201-4400                                                                                    39
3:4401-4500                                                                                    22
4:1-200                                                                                        62
4:201-400                                                                                      34
4:401-600                                                                                      23
4:601-800                                                                                      40
4:801-1000                                                                                     42
4:1001-1200                                                                                    42
4:1201-1400                                                                                    29
4:1401-1600                                                                                    45
4:1601-1800                                                                                    48
4:1801-2000                                                                                    32
[1] 3952
Calculating correction for GC content and mappability
    Calculating fit for sample aligned_sim_transloc_reads8ccddfff-8c08-44f6-bec2-754368c5dfa0_nreads8000_sizedels200 (1 of 1) ...
Done.
Applying median normalization ...
Smoothing outliers ...
Performing segmentation:
NA
[1] "chromosome" "start"      "end"        "bases"      "gc"        
[6] "6"          "7"         
[1] "chromosome"  "start"       "end"         "bases"       "gc"         
[6] "mappability" "use"        
[1] "chromosome"  "start"       "end"         "bases"       "gc"         
[6] "mappability" "use"        
[1] "chromosome"  "start"       "end"         "bases"       "gc"         
[6] "mappability" "use"        
EM algorithm started ... 

[1] "Total number of segments present in the data: 4"
[1] "Number of segments used for fitting the model: 4"
40974076926265218.952.9817098014786712436.4112.981709809194162436.470.2
Calling iteration1:

optim results
time: 0
minimum: 49.5595687772592
148.8464671415579-0.717336692959009-0.2322856185311540.01357691394431190.1473580889094710.2519103168627120.7515270778693210.203557981409149-1.48288745771556e-050.01118034673714878.87772480596486e-060.08451259235103260.0854310518265578
4098912692968621952.9817098014786712436.4112.981709809194162436.470.2
Calling iteration2:

optim results
time: 0
minimum: 49.5606819580551
148.8411881034713-0.685357962787467-0.2152026749376840.01320156229887020.1459804841274960.2495552859329070.7457926816361410.245335564609495-2.28003664348701e-050.01118037125007893.96375862833323e-050.1017770960474290.103364142084009
4098912692968621952.9817098014786712436.4112.981709809194162436.470.2
Calling iteration3:

optim results
time: 0
minimum: 49.5500459238911
148.8397397534682-0.674400053715831-0.2085647075683810.0127307905858040.1454294158688550.2486132285224540.7362846704480570.2941108374283559.32835813174455e-060.01118034631498265.5341267947781e-060.1147637610934380.13489435246757
EM algorithm done ...

Computing posterior probabilities for all segments ...

Total time:0minutes

Adjusting segmented data for cellularity ... 

Cellularity sample1: 1

Adjusting normalized data for cellularity ... 

Cellularity sample1: 1

1
41015176935348219.153817098014786712436.4112.981709809194162436.470.2
41015366935849219.153817098014786712436.4112.981709809194162436.470.2
41015336935843219.153817098014786712436.4112.981709809194162436.470.2
41015616936631219.153817098014786712436.4112.981709809194162436.470.2
41019886937586219.153817098014786712436.4112.981709809194162436.470.2
41019976937590219.153817098014786712436.4112.981709809194162436.470.2
41020066937594219.153817098014786712436.4112.981709809194162436.470.2
41020156937598219.153817098014786712436.4112.981709809194162436.470.2
41020246937602219.153817098014786712436.4112.981709809194162436.470.2
41020306937605219.153817098014786712436.4112.981709809194162436.470.2
41020496937837219.153817098014786712436.4112.981709809194162436.470.2
41024656938160219.153817098014786712436.4112.981709809194162436.470.2
FINISHED!

Total time:0minutes

There were 32 warnings (use warnings() to see them)
pdf 
  2 
[1] 1
            aligned_sim_transloc_reads8ccddfff-8c08-44f6-bec2-754368c5dfa0_nreads8000_sizedels200
1:1-200                                                                                        72
1:201-400                                                                                      42
1:401-600                                                                                      47
1:601-800                                                                                      39
1:801-1000                                                                                     53
1:1001-1200                                                                                    40
1:1201-1400                                                                                    49
1:1401-1600                                                                                    37
1:1601-1800                                                                                    37
1:1801-2000                                                                                    37
1:2001-2200                                                                                    35
1:2201-2400                                                                                    34
1:2401-2600                                                                                    32
1:2601-2800                                                                                    44
1:2801-3000                                                                                    34
1:3001-3200                                                                                    36
1:3201-3400                                                                                    39
1:3401-3600                                                                                    39
1:3601-3800                                                                                    35
1:3801-4000                                                                                    46
1:4001-4200                                                                                    34
1:4201-4400                                                                                    39
1:4401-4600                                                                                    40
1:4601-4800                                                                                    35
1:4801-5000                                                                                    34
1:5001-5200                                                                                    32
1:5201-5400                                                                                    41
1:5401-5600                                                                                    38
1:5601-5800                                                                                    41
1:5801-6000                                                                                    46
1:6001-6200                                                                                    30
1:6201-6400                                                                                    43
1:6401-6600                                                                                    44
1:6601-6800                                                                                    36
1:6801-7000                                                                                    23
2:1-200                                                                                        58
2:201-400                                                                                      23
2:401-600                                                                                      32
2:601-800                                                                                      43
2:801-1000                                                                                     40
2:1001-1200                                                                                    42
2:1201-1400                                                                                    41
2:1401-1600                                                                                    42
2:1601-1800                                                                                    35
2:1801-2000                                                                                    49
2:2001-2200                                                                                    30
2:2201-2400                                                                                    43
2:2401-2600                                                                                    47
2:2601-2800                                                                                    43
2:2801-3000                                                                                    42
2:3001-3200                                                                                    38
2:3201-3400                                                                                    44
2:3401-3600                                                                                    47
2:3601-3800                                                                                    38
2:3801-4000                                                                                    41
2:4001-4200                                                                                    37
2:4201-4400                                                                                    49
2:4401-4600                                                                                    33
2:4601-4800                                                                                    32
2:4801-5000                                                                                    41
2:5001-5200                                                                                    46
2:5201-5400                                                                                    35
2:5401-5600                                                                                    36
2:5601-5800                                                                                    35
2:5801-6000                                                                                    33
3:1-200                                                                                        69
3:201-400                                                                                      47
3:401-600                                                                                      41
3:601-800                                                                                      43
3:801-1000                                                                                     36
3:1001-1200                                                                                    42
3:1201-1400                                                                                    42
3:1401-1600                                                                                    49
3:1601-1800                                                                                    43
3:1801-2000                                                                                    40
3:2001-2200                                                                                    47
3:2201-2400                                                                                    46
3:2401-2600                                                                                    42
3:2601-2800                                                                                    38
3:2801-3000                                                                                    45
3:3001-3200                                                                                    43
3:3201-3400                                                                                    40
3:3401-3600                                                                                    39
3:3601-3800                                                                                    38
3:3801-4000                                                                                    43
3:4001-4200                                                                                    43
3:4201-4400                                                                                    39
3:4401-4500                                                                                    44
4:1-200                                                                                        62
4:201-400                                                                                      34
4:401-600                                                                                      23
4:601-800                                                                                      40
4:801-1000                                                                                     42
4:1001-1200                                                                                    42
4:1201-1400                                                                                    29
4:1401-1600                                                                                    45
4:1601-1800                                                                                    48
4:1801-2000                                                                                    32
Smoothing outliers ...
Performing segmentation:
NA
[Fri Oct 29 11:49:30 2021]
Finished job 0.
1 of 1 steps (100%) done
