Building DAG of jobs...
Using shell: /usr/bin/bash
Provided cores: 1 (use --cores to define parallelism)
Rules claiming more threads will be scaled down.
Select jobs to execute...

[Fri Oct 29 11:49:14 2021]
rule segment:
    input: output/output_genome2/alignments/aligned_sim_transloc_reads316dbcd5-2e0c-4976-9fe2-c05bce116c0f_nreads12000_sizedels200.bam
    output: output/output_genome2/plots_segmented/plotCN_316dbcd5-2e0c-4976-9fe2-c05bce116c0f_nreads12000_sizedels200_ACE08cellularity.pdf
    jobid: 0
    wildcards: genome=genome2, name=316dbcd5-2e0c-4976-9fe2-c05bce116c0f, nreads=12000, size_deletion=200
    resources: mem_mb=1000, disk_mb=1000, tmpdir=/tmp

mkdir -p output/output_genome2/plots_segmented/; Rscript 4_segment.R --name 316dbcd5-2e0c-4976-9fe2-c05bce116c0f --genome genome2 --size_deletion 200 --nreads 12000
Loading required package: BiocGenerics
Loading required package: parallel

Attaching package: ‘BiocGenerics’

The following objects are masked from ‘package:parallel’:

    clusterApply, clusterApplyLB, clusterCall, clusterEvalQ,
    clusterExport, clusterMap, parApply, parCapply, parLapply,
    parLapplyLB, parRapply, parSapply, parSapplyLB

The following objects are masked from ‘package:stats’:

    IQR, mad, sd, var, xtabs

The following objects are masked from ‘package:base’:

    anyDuplicated, append, as.data.frame, basename, cbind, colnames,
    dirname, do.call, duplicated, eval, evalq, Filter, Find, get, grep,
    grepl, intersect, is.unsorted, lapply, Map, mapply, match, mget,
    order, paste, pmax, pmax.int, pmin, pmin.int, Position, rank,
    rbind, Reduce, rownames, sapply, setdiff, sort, table, tapply,
    union, unique, unsplit, which.max, which.min

Welcome to Bioconductor

    Vignettes contain introductory material; view with
    'browseVignettes()'. To cite Bioconductor, see
    'citation("Biobase")', and for packages 'citation("pkgname")'.

    aligned_sim_transloc_reads316dbcd5-2e0c-4976-9fe2-c05bce116c0f_nreads12000_sizedels200 (1 of 1): extracting reads ... binning ...
            aligned_sim_transloc_reads316dbcd5-2e0c-4976-9fe2-c05bce116c0f_nreads12000_sizedels200
1:1-200                                                                                         90
1:201-400                                                                                       67
1:401-600                                                                                       70
1:601-800                                                                                       61
1:801-1000                                                                                      61
1:1001-1200                                                                                     52
1:1201-1400                                                                                     66
1:1401-1600                                                                                     59
1:1601-1800                                                                                     61
1:1801-2000                                                                                     66
1:2001-2200                                                                                     65
1:2201-2400                                                                                     52
1:2401-2600                                                                                     67
1:2601-2800                                                                                     54
1:2801-3000                                                                                     55
1:3001-3200                                                                                     53
1:3201-3400                                                                                     53
1:3401-3600                                                                                     64
1:3601-3800                                                                                     58
1:3801-4000                                                                                     61
1:4001-4200                                                                                     71
1:4201-4400                                                                                     64
1:4401-4600                                                                                     49
1:4601-4800                                                                                     62
1:4801-5000                                                                                     59
1:5001-5200                                                                                     56
1:5201-5400                                                                                     62
1:5401-5600                                                                                     65
1:5601-5800                                                                                     73
1:5801-6000                                                                                     62
1:6001-6200                                                                                     79
1:6201-6400                                                                                     62
1:6401-6600                                                                                     54
1:6601-6800                                                                                     58
1:6801-7000                                                                                     47
2:1-200                                                                                         99
2:201-400                                                                                       67
2:401-600                                                                                       59
2:601-800                                                                                       63
2:801-1000                                                                                      59
2:1001-1200                                                                                     54
2:1201-1400                                                                                     65
2:1401-1600                                                                                     47
2:1601-1800                                                                                     77
2:1801-2000                                                                                     68
2:2001-2200                                                                                     51
2:2201-2400                                                                                     58
2:2401-2600                                                                                     72
2:2601-2800                                                                                     53
2:2801-3000                                                                                     45
2:3001-3200                                                                                     47
2:3201-3400                                                                                     65
2:3401-3600                                                                                     71
2:3601-3800                                                                                     68
2:3801-4000                                                                                     58
2:4001-4200                                                                                     55
2:4201-4400                                                                                     63
2:4401-4600                                                                                     52
2:4601-4800                                                                                     60
2:4801-5000                                                                                     61
2:5001-5200                                                                                     69
2:5201-5400                                                                                     69
2:5401-5600                                                                                     74
2:5601-5800                                                                                     53
2:5801-6000                                                                                     49
3:1-200                                                                                         91
3:201-400                                                                                       68
3:401-600                                                                                       66
3:601-800                                                                                       45
3:801-1000                                                                                      47
3:1001-1200                                                                                     61
3:1201-1400                                                                                     58
3:1401-1600                                                                                     56
3:1601-1800                                                                                     48
3:1801-2000                                                                                     57
3:2001-2200                                                                                     62
3:2201-2400                                                                                     61
3:2401-2600                                                                                     71
3:2601-2800                                                                                     63
3:2801-3000                                                                                     63
3:3001-3200                                                                                     67
3:3201-3400                                                                                     52
3:3401-3600                                                                                     68
3:3601-3800                                                                                     50
3:3801-4000                                                                                     53
3:4001-4200                                                                                     66
3:4201-4400                                                                                     49
3:4401-4500                                                                                     26
4:1-200                                                                                        100
4:201-400                                                                                       54
4:401-600                                                                                       69
4:601-800                                                                                       52
4:801-1000                                                                                      57
4:1001-1200                                                                                     67
4:1201-1400                                                                                     54
4:1401-1600                                                                                     61
4:1601-1800                                                                                     53
4:1801-2000                                                                                     49
[1] 5973
Calculating correction for GC content and mappability
    Calculating fit for sample aligned_sim_transloc_reads316dbcd5-2e0c-4976-9fe2-c05bce116c0f_nreads12000_sizedels200 (1 of 1) ...
Done.
Applying median normalization ...
Smoothing outliers ...
Performing segmentation:
NA
[1] "chromosome" "start"      "end"        "bases"      "gc"        
[6] "6"          "7"         
[1] "chromosome"  "start"       "end"         "bases"       "gc"         
[6] "mappability" "use"        
[1] "chromosome"  "start"       "end"         "bases"       "gc"         
[6] "mappability" "use"        
[1] "chromosome"  "start"       "end"         "bases"       "gc"         
[6] "mappability" "use"        
EM algorithm started ... 

[1] "Total number of segments present in the data: 4"
[1] "Number of segments used for fitting the model: 4"
40974076926264218.952.9817098014786712436.4112.981709809194174436.470.2
Calling iteration1:

optim results
time: 0
minimum: 47.2096118905441
147.2094970901462-0.802699783149563-0.279171192286317-0.01443214478394040.2945158314717180.5034781393826631.006266125319220.09255165640808891.34049662133703e-050.0111803484942157-2.27546688364801e-050.01071286420746410.0876355551874781
4098912692968521952.9817098014786712436.4112.981709809194174436.470.2
Calling iteration2:

optim results
time: 0
minimum: 47.2094970908328
147.2094970361212-0.774395850570798-0.250867259707552-0.01443214478394040.2945158314717180.5034781393826631.006266125319220.09255165640808891.34049662133703e-050.0111803484942157-2.27546688364801e-050.01071286420746410.0876355551874781
4098912692968521952.9817098014786712436.4112.981709809194174436.470.2
Calling iteration3:

optim results
time: 0
minimum: 47.2094970361271
147.2094970360178-0.748397553064768-0.224868962201522-0.01443214478394040.2945158314717180.5034781393826631.006266125319220.09255165640808891.34049662133703e-050.0111803484942157-2.27546688364801e-050.01071286420746410.0876355551874781
4098912692968521952.9817098014786712436.4112.981709809194174436.470.2
Calling iteration4:

optim results
time: 0
minimum: 47.2094970360179
147.2094970360172-0.748397553064768-0.224868962201522-0.01443214478394040.2945158314717180.5034781393826631.006266125319220.09255165640808891.34049662133703e-050.0111803484942157-2.27546688364801e-050.01071286420746410.0876355551874781
EM algorithm done ...

Computing posterior probabilities for all segments ...

Total time:0minutes

Adjusting segmented data for cellularity ... 

Cellularity sample1: 1

Adjusting normalized data for cellularity ... 

Cellularity sample1: 1

1
41015176935348219.153817098014786712436.4112.981709809194174436.470.2
41015366935849219.153817098014786712436.4112.981709809194174436.470.2
41015336935843219.153817098014786712436.4112.981709809194174436.470.2
41015616936631219.153817098014786712436.4112.981709809194174436.470.2
41019886937586219.153817098014786712436.4112.981709809194174436.470.2
41019976937590219.153817098014786712436.4112.981709809194174436.470.2
41020066937594219.153817098014786712436.4112.981709809194174436.470.2
41020156937598219.153817098014786712436.4112.981709809194174436.470.2
41020246937602219.153817098014786712436.4112.981709809194174436.470.2
41020306937605219.153817098014786712436.4112.981709809194174436.470.2
41020496937837219.153817098014786712436.4112.981709809194174436.470.2
41024656938160219.153817098014786712436.4112.981709809194174436.470.2
FINISHED!

Total time:0minutes

There were 40 warnings (use warnings() to see them)
pdf 
  2 
[1] 1
            aligned_sim_transloc_reads316dbcd5-2e0c-4976-9fe2-c05bce116c0f_nreads12000_sizedels200
1:1-200                                                                                         90
1:201-400                                                                                       67
1:401-600                                                                                       70
1:601-800                                                                                       61
1:801-1000                                                                                      61
1:1001-1200                                                                                     52
1:1201-1400                                                                                     66
1:1401-1600                                                                                     59
1:1601-1800                                                                                     61
1:1801-2000                                                                                     66
1:2001-2200                                                                                     65
1:2201-2400                                                                                     52
1:2401-2600                                                                                     67
1:2601-2800                                                                                     54
1:2801-3000                                                                                     55
1:3001-3200                                                                                     53
1:3201-3400                                                                                     53
1:3401-3600                                                                                     64
1:3601-3800                                                                                     58
1:3801-4000                                                                                     61
1:4001-4200                                                                                     71
1:4201-4400                                                                                     64
1:4401-4600                                                                                     49
1:4601-4800                                                                                     62
1:4801-5000                                                                                     59
1:5001-5200                                                                                     56
1:5201-5400                                                                                     62
1:5401-5600                                                                                     65
1:5601-5800                                                                                     73
1:5801-6000                                                                                     62
1:6001-6200                                                                                     79
1:6201-6400                                                                                     62
1:6401-6600                                                                                     54
1:6601-6800                                                                                     58
1:6801-7000                                                                                     47
2:1-200                                                                                         99
2:201-400                                                                                       67
2:401-600                                                                                       59
2:601-800                                                                                       63
2:801-1000                                                                                      59
2:1001-1200                                                                                     54
2:1201-1400                                                                                     65
2:1401-1600                                                                                     47
2:1601-1800                                                                                     77
2:1801-2000                                                                                     68
2:2001-2200                                                                                     51
2:2201-2400                                                                                     58
2:2401-2600                                                                                     72
2:2601-2800                                                                                     53
2:2801-3000                                                                                     45
2:3001-3200                                                                                     47
2:3201-3400                                                                                     65
2:3401-3600                                                                                     71
2:3601-3800                                                                                     68
2:3801-4000                                                                                     58
2:4001-4200                                                                                     55
2:4201-4400                                                                                     63
2:4401-4600                                                                                     52
2:4601-4800                                                                                     60
2:4801-5000                                                                                     61
2:5001-5200                                                                                     69
2:5201-5400                                                                                     69
2:5401-5600                                                                                     74
2:5601-5800                                                                                     53
2:5801-6000                                                                                     49
3:1-200                                                                                         91
3:201-400                                                                                       68
3:401-600                                                                                       66
3:601-800                                                                                       45
3:801-1000                                                                                      47
3:1001-1200                                                                                     61
3:1201-1400                                                                                     58
3:1401-1600                                                                                     56
3:1601-1800                                                                                     48
3:1801-2000                                                                                     57
3:2001-2200                                                                                     62
3:2201-2400                                                                                     61
3:2401-2600                                                                                     71
3:2601-2800                                                                                     63
3:2801-3000                                                                                     63
3:3001-3200                                                                                     67
3:3201-3400                                                                                     52
3:3401-3600                                                                                     68
3:3601-3800                                                                                     50
3:3801-4000                                                                                     53
3:4001-4200                                                                                     66
3:4201-4400                                                                                     49
3:4401-4500                                                                                     52
4:1-200                                                                                        100
4:201-400                                                                                       54
4:401-600                                                                                       69
4:601-800                                                                                       52
4:801-1000                                                                                      57
4:1001-1200                                                                                     67
4:1201-1400                                                                                     54
4:1401-1600                                                                                     61
4:1601-1800                                                                                     53
4:1801-2000                                                                                     49
Smoothing outliers ...
Performing segmentation:
NA
[Fri Oct 29 11:49:30 2021]
Finished job 0.
1 of 1 steps (100%) done
