Building DAG of jobs...
Using shell: /usr/bin/bash
Provided cores: 1 (use --cores to define parallelism)
Rules claiming more threads will be scaled down.
Select jobs to execute...

[Fri Oct 29 12:00:17 2021]
rule segment:
    input: output/output_genome2/alignments/aligned_sim_transloc_reads332c10de-130b-4df7-83cf-9c80004546b2_nreads12000_sizedels200.bam
    output: output/output_genome2/plots_segmented/plotCN_332c10de-130b-4df7-83cf-9c80004546b2_nreads12000_sizedels200_ACE08cellularity.pdf
    jobid: 0
    wildcards: genome=genome2, name=332c10de-130b-4df7-83cf-9c80004546b2, nreads=12000, size_deletion=200
    resources: mem_mb=1000, disk_mb=1000, tmpdir=/tmp

mkdir -p output/output_genome2/plots_segmented/; Rscript 4_segment.R --name 332c10de-130b-4df7-83cf-9c80004546b2 --genome genome2 --size_deletion 200 --nreads 12000
Loading required package: BiocGenerics
Loading required package: parallel

Attaching package: ‘BiocGenerics’

The following objects are masked from ‘package:parallel’:

    clusterApply, clusterApplyLB, clusterCall, clusterEvalQ,
    clusterExport, clusterMap, parApply, parCapply, parLapply,
    parLapplyLB, parRapply, parSapply, parSapplyLB

The following objects are masked from ‘package:stats’:

    IQR, mad, sd, var, xtabs

The following objects are masked from ‘package:base’:

    anyDuplicated, append, as.data.frame, basename, cbind, colnames,
    dirname, do.call, duplicated, eval, evalq, Filter, Find, get, grep,
    grepl, intersect, is.unsorted, lapply, Map, mapply, match, mget,
    order, paste, pmax, pmax.int, pmin, pmin.int, Position, rank,
    rbind, Reduce, rownames, sapply, setdiff, sort, table, tapply,
    union, unique, unsplit, which.max, which.min

Welcome to Bioconductor

    Vignettes contain introductory material; view with
    'browseVignettes()'. To cite Bioconductor, see
    'citation("Biobase")', and for packages 'citation("pkgname")'.

    aligned_sim_transloc_reads332c10de-130b-4df7-83cf-9c80004546b2_nreads12000_sizedels200 (1 of 1): extracting reads ... binning ...
            aligned_sim_transloc_reads332c10de-130b-4df7-83cf-9c80004546b2_nreads12000_sizedels200
1:1-200                                                                                         99
1:201-400                                                                                       53
1:401-600                                                                                       73
1:601-800                                                                                       58
1:801-1000                                                                                      65
1:1001-1200                                                                                     62
1:1201-1400                                                                                     68
1:1401-1600                                                                                     59
1:1601-1800                                                                                     56
1:1801-2000                                                                                     47
1:2001-2200                                                                                     77
1:2201-2400                                                                                     62
1:2401-2600                                                                                     64
1:2601-2800                                                                                     59
1:2801-3000                                                                                     55
1:3001-3200                                                                                     37
1:3201-3400                                                                                     69
1:3401-3600                                                                                     56
1:3601-3800                                                                                     62
1:3801-4000                                                                                     66
1:4001-4200                                                                                     65
1:4201-4400                                                                                     58
1:4401-4600                                                                                     57
1:4601-4800                                                                                     67
1:4801-5000                                                                                     64
1:5001-5200                                                                                     70
1:5201-5400                                                                                     53
1:5401-5600                                                                                     62
1:5601-5800                                                                                     65
1:5801-6000                                                                                     55
1:6001-6200                                                                                     58
1:6201-6400                                                                                     67
1:6401-6600                                                                                     64
1:6601-6800                                                                                     74
1:6801-7000                                                                                     41
2:1-200                                                                                         93
2:201-400                                                                                       59
2:401-600                                                                                       57
2:601-800                                                                                       72
2:801-1000                                                                                      72
2:1001-1200                                                                                     54
2:1201-1400                                                                                     56
2:1401-1600                                                                                     68
2:1601-1800                                                                                     50
2:1801-2000                                                                                     61
2:2001-2200                                                                                     58
2:2201-2400                                                                                     58
2:2401-2600                                                                                     58
2:2601-2800                                                                                     59
2:2801-3000                                                                                     65
2:3001-3200                                                                                     59
2:3201-3400                                                                                     57
2:3401-3600                                                                                     52
2:3601-3800                                                                                     45
2:3801-4000                                                                                     50
2:4001-4200                                                                                     55
2:4201-4400                                                                                     52
2:4401-4600                                                                                     68
2:4601-4800                                                                                     68
2:4801-5000                                                                                     67
2:5001-5200                                                                                     63
2:5201-5400                                                                                     58
2:5401-5600                                                                                     70
2:5601-5800                                                                                     66
2:5801-6000                                                                                     48
3:1-200                                                                                         90
3:201-400                                                                                       72
3:401-600                                                                                       59
3:601-800                                                                                       54
3:801-1000                                                                                      60
3:1001-1200                                                                                     49
3:1201-1400                                                                                     56
3:1401-1600                                                                                     52
3:1601-1800                                                                                     57
3:1801-2000                                                                                     57
3:2001-2200                                                                                     62
3:2201-2400                                                                                     67
3:2401-2600                                                                                     56
3:2601-2800                                                                                     54
3:2801-3000                                                                                     59
3:3001-3200                                                                                     52
3:3201-3400                                                                                     73
3:3401-3600                                                                                     56
3:3601-3800                                                                                     53
3:3801-4000                                                                                     57
3:4001-4200                                                                                     48
3:4201-4400                                                                                     62
3:4401-4500                                                                                     14
4:1-200                                                                                        101
4:201-400                                                                                       54
4:401-600                                                                                       46
4:601-800                                                                                       82
4:801-1000                                                                                      55
4:1001-1200                                                                                     63
4:1201-1400                                                                                     46
4:1401-1600                                                                                     65
4:1601-1800                                                                                     61
4:1801-2000                                                                                     43
[1] 5920
Calculating correction for GC content and mappability
    Calculating fit for sample aligned_sim_transloc_reads332c10de-130b-4df7-83cf-9c80004546b2_nreads12000_sizedels200 (1 of 1) ...
Done.
Applying median normalization ...
Smoothing outliers ...
Performing segmentation:
NA
[1] "chromosome" "start"      "end"        "bases"      "gc"        
[6] "6"          "7"         
[1] "chromosome"  "start"       "end"         "bases"       "gc"         
[6] "mappability" "use"        
[1] "chromosome"  "start"       "end"         "bases"       "gc"         
[6] "mappability" "use"        
[1] "chromosome"  "start"       "end"         "bases"       "gc"         
[6] "mappability" "use"        
EM algorithm started ... 

[1] "Total number of segments present in the data: 4"
[1] "Number of segments used for fitting the model: 4"
40974076926264218.952.9817098014786712436.4112.981709809194164436.470.2
Calling iteration1:

optim results
time: 0
minimum: 47.6804747585642
147.6797479854648-0.785687414755524-0.285227086663587-0.008933405595683250.2890304165474990.4941007606319640.9993263528123750.0240374843271741-5.71539263781662e-050.0111803997600151-8.24478508256427e-050.0203735944511140.0643955140397763
EM algorithm done ...

Computing posterior probabilities for all segments ...

Total time:0minutes

Adjusting segmented data for cellularity ... 

Cellularity sample1: 1

Adjusting normalized data for cellularity ... 

Cellularity sample1: 1

1
41015176935348219.153817098014786712436.4112.981709809194164436.470.2
41015366935849219.153817098014786712436.4112.981709809194164436.470.2
41015336935843219.153817098014786712436.4112.981709809194164436.470.2
41015616936631219.153817098014786712436.4112.981709809194164436.470.2
41019886937586219.153817098014786712436.4112.981709809194164436.470.2
41019976937590219.153817098014786712436.4112.981709809194164436.470.2
41020066937594219.153817098014786712436.4112.981709809194164436.470.2
41020156937598219.153817098014786712436.4112.981709809194164436.470.2
41020246937602219.153817098014786712436.4112.981709809194164436.470.2
41020306937605219.153817098014786712436.4112.981709809194164436.470.2
41020496937837219.153817098014786712436.4112.981709809194164436.470.2
41024656938160219.153817098014786712436.4112.981709809194164436.470.2
FINISHED!

Total time:0minutes

There were 16 warnings (use warnings() to see them)
pdf 
  2 
[1] 1
            aligned_sim_transloc_reads332c10de-130b-4df7-83cf-9c80004546b2_nreads12000_sizedels200
1:1-200                                                                                         99
1:201-400                                                                                       53
1:401-600                                                                                       73
1:601-800                                                                                       58
1:801-1000                                                                                      65
1:1001-1200                                                                                     62
1:1201-1400                                                                                     68
1:1401-1600                                                                                     59
1:1601-1800                                                                                     56
1:1801-2000                                                                                     47
1:2001-2200                                                                                     77
1:2201-2400                                                                                     62
1:2401-2600                                                                                     64
1:2601-2800                                                                                     59
1:2801-3000                                                                                     55
1:3001-3200                                                                                     37
1:3201-3400                                                                                     69
1:3401-3600                                                                                     56
1:3601-3800                                                                                     62
1:3801-4000                                                                                     66
1:4001-4200                                                                                     65
1:4201-4400                                                                                     58
1:4401-4600                                                                                     57
1:4601-4800                                                                                     67
1:4801-5000                                                                                     64
1:5001-5200                                                                                     70
1:5201-5400                                                                                     53
1:5401-5600                                                                                     62
1:5601-5800                                                                                     65
1:5801-6000                                                                                     55
1:6001-6200                                                                                     58
1:6201-6400                                                                                     67
1:6401-6600                                                                                     64
1:6601-6800                                                                                     74
1:6801-7000                                                                                     41
2:1-200                                                                                         93
2:201-400                                                                                       59
2:401-600                                                                                       57
2:601-800                                                                                       72
2:801-1000                                                                                      72
2:1001-1200                                                                                     54
2:1201-1400                                                                                     56
2:1401-1600                                                                                     68
2:1601-1800                                                                                     50
2:1801-2000                                                                                     61
2:2001-2200                                                                                     58
2:2201-2400                                                                                     58
2:2401-2600                                                                                     58
2:2601-2800                                                                                     59
2:2801-3000                                                                                     65
2:3001-3200                                                                                     59
2:3201-3400                                                                                     57
2:3401-3600                                                                                     52
2:3601-3800                                                                                     45
2:3801-4000                                                                                     50
2:4001-4200                                                                                     55
2:4201-4400                                                                                     52
2:4401-4600                                                                                     68
2:4601-4800                                                                                     68
2:4801-5000                                                                                     67
2:5001-5200                                                                                     63
2:5201-5400                                                                                     58
2:5401-5600                                                                                     70
2:5601-5800                                                                                     66
2:5801-6000                                                                                     48
3:1-200                                                                                         90
3:201-400                                                                                       72
3:401-600                                                                                       59
3:601-800                                                                                       54
3:801-1000                                                                                      60
3:1001-1200                                                                                     49
3:1201-1400                                                                                     56
3:1401-1600                                                                                     52
3:1601-1800                                                                                     57
3:1801-2000                                                                                     57
3:2001-2200                                                                                     62
3:2201-2400                                                                                     67
3:2401-2600                                                                                     56
3:2601-2800                                                                                     54
3:2801-3000                                                                                     59
3:3001-3200                                                                                     52
3:3201-3400                                                                                     73
3:3401-3600                                                                                     56
3:3601-3800                                                                                     53
3:3801-4000                                                                                     57
3:4001-4200                                                                                     48
3:4201-4400                                                                                     62
3:4401-4500                                                                                     28
4:1-200                                                                                        101
4:201-400                                                                                       54
4:401-600                                                                                       46
4:601-800                                                                                       82
4:801-1000                                                                                      55
4:1001-1200                                                                                     63
4:1201-1400                                                                                     46
4:1401-1600                                                                                     65
4:1601-1800                                                                                     61
4:1801-2000                                                                                     43
Smoothing outliers ...
Performing segmentation:
NA
[Fri Oct 29 12:00:35 2021]
Finished job 0.
1 of 1 steps (100%) done
