Building DAG of jobs...
Using shell: /usr/bin/bash
Provided cores: 1 (use --cores to define parallelism)
Rules claiming more threads will be scaled down.
Select jobs to execute...

[Fri Oct 29 12:00:18 2021]
rule segment:
    input: output/output_genome2/alignments/aligned_sim_transloc_readsd727e4ce-de2c-4b2c-9f88-9dbc3027542d_nreads8000_sizedels1000.bam
    output: output/output_genome2/plots_segmented/plotCN_d727e4ce-de2c-4b2c-9f88-9dbc3027542d_nreads8000_sizedels1000_ACE08cellularity.pdf
    jobid: 0
    wildcards: genome=genome2, name=d727e4ce-de2c-4b2c-9f88-9dbc3027542d, nreads=8000, size_deletion=1000
    resources: mem_mb=1000, disk_mb=1000, tmpdir=/tmp

mkdir -p output/output_genome2/plots_segmented/; Rscript 4_segment.R --name d727e4ce-de2c-4b2c-9f88-9dbc3027542d --genome genome2 --size_deletion 1000 --nreads 8000
Loading required package: BiocGenerics
Loading required package: parallel

Attaching package: ‘BiocGenerics’

The following objects are masked from ‘package:parallel’:

    clusterApply, clusterApplyLB, clusterCall, clusterEvalQ,
    clusterExport, clusterMap, parApply, parCapply, parLapply,
    parLapplyLB, parRapply, parSapply, parSapplyLB

The following objects are masked from ‘package:stats’:

    IQR, mad, sd, var, xtabs

The following objects are masked from ‘package:base’:

    anyDuplicated, append, as.data.frame, basename, cbind, colnames,
    dirname, do.call, duplicated, eval, evalq, Filter, Find, get, grep,
    grepl, intersect, is.unsorted, lapply, Map, mapply, match, mget,
    order, paste, pmax, pmax.int, pmin, pmin.int, Position, rank,
    rbind, Reduce, rownames, sapply, setdiff, sort, table, tapply,
    union, unique, unsplit, which.max, which.min

Welcome to Bioconductor

    Vignettes contain introductory material; view with
    'browseVignettes()'. To cite Bioconductor, see
    'citation("Biobase")', and for packages 'citation("pkgname")'.

    aligned_sim_transloc_readsd727e4ce-de2c-4b2c-9f88-9dbc3027542d_nreads8000_sizedels1000 (1 of 1): extracting reads ... binning ...
            aligned_sim_transloc_readsd727e4ce-de2c-4b2c-9f88-9dbc3027542d_nreads8000_sizedels1000
1:1-200                                                                                         80
1:201-400                                                                                       37
1:401-600                                                                                       32
1:601-800                                                                                       39
1:801-1000                                                                                      39
1:1001-1200                                                                                     47
1:1201-1400                                                                                     41
1:1401-1600                                                                                     48
1:1601-1800                                                                                     35
1:1801-2000                                                                                     42
1:2001-2200                                                                                     32
1:2201-2400                                                                                     42
1:2401-2600                                                                                     35
1:2601-2800                                                                                     41
1:2801-3000                                                                                     41
1:3001-3200                                                                                     39
1:3201-3400                                                                                     58
1:3401-3600                                                                                     35
1:3601-3800                                                                                     27
1:3801-4000                                                                                     24
1:4001-4200                                                                                     23
1:4201-4400                                                                                     20
1:4401-4600                                                                                     23
1:4601-4800                                                                                     52
1:4801-5000                                                                                     42
1:5001-5200                                                                                     32
1:5201-5400                                                                                     25
1:5401-5600                                                                                     39
1:5601-5800                                                                                     50
1:5801-6000                                                                                     45
1:6001-6200                                                                                     47
1:6201-6400                                                                                     32
1:6401-6600                                                                                     36
1:6601-6800                                                                                     36
1:6801-7000                                                                                     43
2:1-200                                                                                         54
2:201-400                                                                                       40
2:401-600                                                                                       39
2:601-800                                                                                       43
2:801-1000                                                                                      38
2:1001-1200                                                                                     46
2:1201-1400                                                                                     27
2:1401-1600                                                                                     45
2:1601-1800                                                                                     40
2:1801-2000                                                                                     39
2:2001-2200                                                                                     38
2:2201-2400                                                                                     41
2:2401-2600                                                                                     38
2:2601-2800                                                                                     44
2:2801-3000                                                                                     43
2:3001-3200                                                                                     39
2:3201-3400                                                                                     33
2:3401-3600                                                                                     45
2:3601-3800                                                                                     37
2:3801-4000                                                                                     38
2:4001-4200                                                                                     52
2:4201-4400                                                                                     42
2:4401-4600                                                                                     38
2:4601-4800                                                                                     44
2:4801-5000                                                                                     37
2:5001-5200                                                                                     46
2:5201-5400                                                                                     36
2:5401-5600                                                                                     42
2:5601-5800                                                                                     38
2:5801-6000                                                                                     32
3:1-200                                                                                         71
3:201-400                                                                                       58
3:401-600                                                                                       37
3:601-800                                                                                       36
3:801-1000                                                                                      33
3:1001-1200                                                                                     37
3:1201-1400                                                                                     34
3:1401-1600                                                                                     49
3:1601-1800                                                                                     32
3:1801-2000                                                                                     44
3:2001-2200                                                                                     52
3:2201-2400                                                                                     46
3:2401-2600                                                                                     39
3:2601-2800                                                                                     51
3:2801-3000                                                                                     50
3:3001-3200                                                                                     39
3:3201-3400                                                                                     37
3:3401-3600                                                                                     48
3:3601-3800                                                                                     40
3:3801-4000                                                                                     41
3:4001-4200                                                                                     45
3:4201-4400                                                                                     42
3:4401-4500                                                                                     17
4:1-200                                                                                         76
4:201-400                                                                                       45
4:401-600                                                                                       35
4:601-800                                                                                       42
4:801-1000                                                                                      33
4:1001-1200                                                                                     36
4:1201-1400                                                                                     24
4:1401-1600                                                                                     38
4:1601-1800                                                                                     40
4:1801-2000                                                                                     38
[1] 3958
Calculating correction for GC content and mappability
    Calculating fit for sample aligned_sim_transloc_readsd727e4ce-de2c-4b2c-9f88-9dbc3027542d_nreads8000_sizedels1000 (1 of 1) ...
Done.
Applying median normalization ...
Smoothing outliers ...
Performing segmentation:
NA
[1] "chromosome" "start"      "end"        "bases"      "gc"        
[6] "6"          "7"         
[1] "chromosome"  "start"       "end"         "bases"       "gc"         
[6] "mappability" "use"        
[1] "chromosome"  "start"       "end"         "bases"       "gc"         
[6] "mappability" "use"        
[1] "chromosome"  "start"       "end"         "bases"       "gc"         
[6] "mappability" "use"        
EM algorithm started ... 

[1] "Total number of segments present in the data: 4"
[1] "Number of segments used for fitting the model: 4"
40973986926264218.952.9817098014786712436.4112.981709809194139436.470.2
Calling iteration1:

optim results
time: 0
minimum: 49.0716557254745
149.0620678949675-0.723781930035678-0.214508107189694-0.0224487625196790.2495234497936330.4265631548791830.8287824483468740.1086862924136920.02887264522577840.0338448322664463-0.02137108299982240.8781099728676340.980571248357249
4098903692968521952.9817098014786712436.4112.981709809194139436.470.2
Calling iteration2:

optim results
time: 0
minimum: 49.0648626659531
149.0607309303045-1.02575157355771-0.10000000387937-0.02235666903034380.1000001416229730.17095137124121866873.567942663712.2630581828960.002127419194335450.0339084354701405-0.026028092618737918.447093945256622.3171383837046
4098903692968521952.9817098014786712436.4112.981709809194139436.470.2
Calling iteration3:

optim results
time: 0
minimum: 49.0744849158711
149.0607268826923-0.954354126211898-0.100000003436739-0.02231650758175780.1000000476383930.17095121057351759243.43383969712.14190851133740.002299536219318430.033926790247601-0.02636133708806418.325944815438222.2858174342211
EM algorithm done ...

Computing posterior probabilities for all segments ...

Total time:0minutes

Adjusting segmented data for cellularity ... 

Cellularity sample1: 1

Adjusting normalized data for cellularity ... 

Cellularity sample1: 1

1
41015086935348219.153817098014786712436.4112.981709809194139436.470.2
41015276935849219.153817098014786712436.4112.981709809194139436.470.2
41015246935843219.153817098014786712436.4112.981709809194139436.470.2
41015526936631219.153817098014786712436.4112.981709809194139436.470.2
41019796937586219.153817098014786712436.4112.981709809194139436.470.2
41019886937590219.153817098014786712436.4112.981709809194139436.470.2
41019976937594219.153817098014786712436.4112.981709809194139436.470.2
41020066937598219.153817098014786712436.4112.981709809194139436.470.2
41020156937602219.153817098014786712436.4112.981709809194139436.470.2
41020216937605219.153817098014786712436.4112.981709809194139436.470.2
41020406937837219.153817098014786712436.4112.981709809194139436.470.2
41024566938160219.153817098014786712436.4112.981709809194139436.470.2
FINISHED!

Total time:0minutes

There were 32 warnings (use warnings() to see them)
pdf 
  2 
[1] 1
            aligned_sim_transloc_readsd727e4ce-de2c-4b2c-9f88-9dbc3027542d_nreads8000_sizedels1000
1:1-200                                                                                         80
1:201-400                                                                                       37
1:401-600                                                                                       32
1:601-800                                                                                       39
1:801-1000                                                                                      39
1:1001-1200                                                                                     47
1:1201-1400                                                                                     41
1:1401-1600                                                                                     48
1:1601-1800                                                                                     35
1:1801-2000                                                                                     42
1:2001-2200                                                                                     32
1:2201-2400                                                                                     42
1:2401-2600                                                                                     35
1:2601-2800                                                                                     41
1:2801-3000                                                                                     41
1:3001-3200                                                                                     39
1:3201-3400                                                                                     58
1:3401-3600                                                                                     35
1:3601-3800                                                                                     27
1:3801-4000                                                                                     24
1:4001-4200                                                                                     23
1:4201-4400                                                                                     20
1:4401-4600                                                                                     23
1:4601-4800                                                                                     52
1:4801-5000                                                                                     42
1:5001-5200                                                                                     32
1:5201-5400                                                                                     25
1:5401-5600                                                                                     39
1:5601-5800                                                                                     50
1:5801-6000                                                                                     45
1:6001-6200                                                                                     47
1:6201-6400                                                                                     32
1:6401-6600                                                                                     36
1:6601-6800                                                                                     36
1:6801-7000                                                                                     43
2:1-200                                                                                         54
2:201-400                                                                                       40
2:401-600                                                                                       39
2:601-800                                                                                       43
2:801-1000                                                                                      38
2:1001-1200                                                                                     46
2:1201-1400                                                                                     27
2:1401-1600                                                                                     45
2:1601-1800                                                                                     40
2:1801-2000                                                                                     39
2:2001-2200                                                                                     38
2:2201-2400                                                                                     41
2:2401-2600                                                                                     38
2:2601-2800                                                                                     44
2:2801-3000                                                                                     43
2:3001-3200                                                                                     39
2:3201-3400                                                                                     33
2:3401-3600                                                                                     45
2:3601-3800                                                                                     37
2:3801-4000                                                                                     38
2:4001-4200                                                                                     52
2:4201-4400                                                                                     42
2:4401-4600                                                                                     38
2:4601-4800                                                                                     44
2:4801-5000                                                                                     37
2:5001-5200                                                                                     46
2:5201-5400                                                                                     36
2:5401-5600                                                                                     42
2:5601-5800                                                                                     38
2:5801-6000                                                                                     32
3:1-200                                                                                         71
3:201-400                                                                                       58
3:401-600                                                                                       37
3:601-800                                                                                       36
3:801-1000                                                                                      33
3:1001-1200                                                                                     37
3:1201-1400                                                                                     34
3:1401-1600                                                                                     49
3:1601-1800                                                                                     32
3:1801-2000                                                                                     44
3:2001-2200                                                                                     52
3:2201-2400                                                                                     46
3:2401-2600                                                                                     39
3:2601-2800                                                                                     51
3:2801-3000                                                                                     50
3:3001-3200                                                                                     39
3:3201-3400                                                                                     37
3:3401-3600                                                                                     48
3:3601-3800                                                                                     40
3:3801-4000                                                                                     41
3:4001-4200                                                                                     45
3:4201-4400                                                                                     42
3:4401-4500                                                                                     34
4:1-200                                                                                         76
4:201-400                                                                                       45
4:401-600                                                                                       35
4:601-800                                                                                       42
4:801-1000                                                                                      33
4:1001-1200                                                                                     36
4:1201-1400                                                                                     24
4:1401-1600                                                                                     38
4:1601-1800                                                                                     40
4:1801-2000                                                                                     38
Smoothing outliers ...
Performing segmentation:
NA
[Fri Oct 29 12:00:39 2021]
Finished job 0.
1 of 1 steps (100%) done
