Building DAG of jobs...
Using shell: /usr/bin/bash
Provided cores: 1 (use --cores to define parallelism)
Rules claiming more threads will be scaled down.
Select jobs to execute...

[Fri Oct 29 11:49:15 2021]
rule segment:
    input: output/output_genome2/alignments/aligned_sim_transloc_readsffac781d-60f0-4119-b50e-641cb192eb3a_nreads12000_sizedels500.bam
    output: output/output_genome2/plots_segmented/plotCN_ffac781d-60f0-4119-b50e-641cb192eb3a_nreads12000_sizedels500_ACE08cellularity.pdf
    jobid: 0
    wildcards: genome=genome2, name=ffac781d-60f0-4119-b50e-641cb192eb3a, nreads=12000, size_deletion=500
    resources: mem_mb=1000, disk_mb=1000, tmpdir=/tmp

mkdir -p output/output_genome2/plots_segmented/; Rscript 4_segment.R --name ffac781d-60f0-4119-b50e-641cb192eb3a --genome genome2 --size_deletion 500 --nreads 12000
Loading required package: BiocGenerics
Loading required package: parallel

Attaching package: ‘BiocGenerics’

The following objects are masked from ‘package:parallel’:

    clusterApply, clusterApplyLB, clusterCall, clusterEvalQ,
    clusterExport, clusterMap, parApply, parCapply, parLapply,
    parLapplyLB, parRapply, parSapply, parSapplyLB

The following objects are masked from ‘package:stats’:

    IQR, mad, sd, var, xtabs

The following objects are masked from ‘package:base’:

    anyDuplicated, append, as.data.frame, basename, cbind, colnames,
    dirname, do.call, duplicated, eval, evalq, Filter, Find, get, grep,
    grepl, intersect, is.unsorted, lapply, Map, mapply, match, mget,
    order, paste, pmax, pmax.int, pmin, pmin.int, Position, rank,
    rbind, Reduce, rownames, sapply, setdiff, sort, table, tapply,
    union, unique, unsplit, which.max, which.min

Welcome to Bioconductor

    Vignettes contain introductory material; view with
    'browseVignettes()'. To cite Bioconductor, see
    'citation("Biobase")', and for packages 'citation("pkgname")'.

    aligned_sim_transloc_readsffac781d-60f0-4119-b50e-641cb192eb3a_nreads12000_sizedels500 (1 of 1): extracting reads ... binning ...
            aligned_sim_transloc_readsffac781d-60f0-4119-b50e-641cb192eb3a_nreads12000_sizedels500
1:1-200                                                                                        103
1:201-400                                                                                       58
1:401-600                                                                                       73
1:601-800                                                                                       47
1:801-1000                                                                                      62
1:1001-1200                                                                                     58
1:1201-1400                                                                                     63
1:1401-1600                                                                                     48
1:1601-1800                                                                                     54
1:1801-2000                                                                                     56
1:2001-2200                                                                                     50
1:2201-2400                                                                                     68
1:2401-2600                                                                                     53
1:2601-2800                                                                                     66
1:2801-3000                                                                                     66
1:3001-3200                                                                                     63
1:3201-3400                                                                                     51
1:3401-3600                                                                                     56
1:3601-3800                                                                                     50
1:3801-4000                                                                                     64
1:4001-4200                                                                                     59
1:4201-4400                                                                                     44
1:4401-4600                                                                                     52
1:4601-4800                                                                                     60
1:4801-5000                                                                                     63
1:5001-5200                                                                                     67
1:5201-5400                                                                                     57
1:5401-5600                                                                                     61
1:5601-5800                                                                                     69
1:5801-6000                                                                                     59
1:6001-6200                                                                                     54
1:6201-6400                                                                                     62
1:6401-6600                                                                                     45
1:6601-6800                                                                                     44
1:6801-7000                                                                                     59
2:1-200                                                                                         96
2:201-400                                                                                       62
2:401-600                                                                                       54
2:601-800                                                                                       54
2:801-1000                                                                                      57
2:1001-1200                                                                                     59
2:1201-1400                                                                                     63
2:1401-1600                                                                                     77
2:1601-1800                                                                                     56
2:1801-2000                                                                                     70
2:2001-2200                                                                                     62
2:2201-2400                                                                                     69
2:2401-2600                                                                                     65
2:2601-2800                                                                                     63
2:2801-3000                                                                                     53
2:3001-3200                                                                                     61
2:3201-3400                                                                                     57
2:3401-3600                                                                                     47
2:3601-3800                                                                                     68
2:3801-4000                                                                                     65
2:4001-4200                                                                                     51
2:4201-4400                                                                                     65
2:4401-4600                                                                                     54
2:4601-4800                                                                                     59
2:4801-5000                                                                                     56
2:5001-5200                                                                                     65
2:5201-5400                                                                                     67
2:5401-5600                                                                                     61
2:5601-5800                                                                                     73
2:5801-6000                                                                                     44
3:1-200                                                                                         92
3:201-400                                                                                       53
3:401-600                                                                                       58
3:601-800                                                                                       56
3:801-1000                                                                                      73
3:1001-1200                                                                                     52
3:1201-1400                                                                                     54
3:1401-1600                                                                                     64
3:1601-1800                                                                                     66
3:1801-2000                                                                                     54
3:2001-2200                                                                                     59
3:2201-2400                                                                                     56
3:2401-2600                                                                                     57
3:2601-2800                                                                                     53
3:2801-3000                                                                                     57
3:3001-3200                                                                                     49
3:3201-3400                                                                                     62
3:3401-3600                                                                                     54
3:3601-3800                                                                                     61
3:3801-4000                                                                                     51
3:4001-4200                                                                                     51
3:4201-4400                                                                                     66
3:4401-4500                                                                                     19
4:1-200                                                                                         92
4:201-400                                                                                       44
4:401-600                                                                                       73
4:601-800                                                                                       51
4:801-1000                                                                                      58
4:1001-1200                                                                                     68
4:1201-1400                                                                                     59
4:1401-1600                                                                                     62
4:1601-1800                                                                                     62
4:1801-2000                                                                                     54
[1] 5857
Calculating correction for GC content and mappability
    Calculating fit for sample aligned_sim_transloc_readsffac781d-60f0-4119-b50e-641cb192eb3a_nreads12000_sizedels500 (1 of 1) ...
Done.
Applying median normalization ...
Smoothing outliers ...
Performing segmentation:
NA
[1] "chromosome" "start"      "end"        "bases"      "gc"        
[6] "6"          "7"         
[1] "chromosome"  "start"       "end"         "bases"       "gc"         
[6] "mappability" "use"        
[1] "chromosome"  "start"       "end"         "bases"       "gc"         
[6] "mappability" "use"        
[1] "chromosome"  "start"       "end"         "bases"       "gc"         
[6] "mappability" "use"        
EM algorithm started ... 

[1] "Total number of segments present in the data: 4"
[1] "Number of segments used for fitting the model: 4"
40974076926264218.952.9817098014786712436.4112.981709809194152436.470.2
Calling iteration1:

optim results
time: 0
minimum: 48.2244838284696
148.2242821249437-0.645838362139453-0.171079743914434-0.04567844935590210.5709551343610020.9760542490452191.435187771584540.3915620602292373.04048970479255e-050.01118036943573925.32264612800979e-050.03711974306528420.628264386238453
4098912692968521952.9817098014786712436.4112.981709809194152436.470.2
Calling iteration2:

optim results
time: 0
minimum: 48.2243252396478
148.2242684285632-0.625793902079265-0.121035100701811-0.04569040965917810.6683684056608181.142583336259741.567364613882430.697236909437716-1.60686893654711e-050.01118034412662252.16803579925963e-050.198324581609810.792090552477431
4098912692968521952.9817098014786712436.4112.981709809194152436.470.2
Calling iteration3:

optim results
time: 0
minimum: 48.2243606931531
148.2242657428206-0.619055608395975-0.114296807018522-0.04569040965917810.6683684056608181.142583336259741.567364613882430.697236909437716-1.60686893654711e-050.01118034412662252.16803579925963e-050.198324581609810.792090552477431
EM algorithm done ...

Computing posterior probabilities for all segments ...

Total time:0minutes

Adjusting segmented data for cellularity ... 

Cellularity sample1: 1

Adjusting normalized data for cellularity ... 

Cellularity sample1: 1

1
41015176935348219.153817098014786712436.4112.981709809194152436.470.2
41015366935849219.153817098014786712436.4112.981709809194152436.470.2
41015336935843219.153817098014786712436.4112.981709809194152436.470.2
41015616936631219.153817098014786712436.4112.981709809194152436.470.2
41019886937586219.153817098014786712436.4112.981709809194152436.470.2
41019976937590219.153817098014786712436.4112.981709809194152436.470.2
41020066937594219.153817098014786712436.4112.981709809194152436.470.2
41020156937598219.153817098014786712436.4112.981709809194152436.470.2
41020246937602219.153817098014786712436.4112.981709809194152436.470.2
41020306937605219.153817098014786712436.4112.981709809194152436.470.2
41020496937837219.153817098014786712436.4112.981709809194152436.470.2
41024656938160219.153817098014786712436.4112.981709809194152436.470.2
FINISHED!

Total time:0minutes

There were 32 warnings (use warnings() to see them)
pdf 
  2 
[1] 1
            aligned_sim_transloc_readsffac781d-60f0-4119-b50e-641cb192eb3a_nreads12000_sizedels500
1:1-200                                                                                        103
1:201-400                                                                                       58
1:401-600                                                                                       73
1:601-800                                                                                       47
1:801-1000                                                                                      62
1:1001-1200                                                                                     58
1:1201-1400                                                                                     63
1:1401-1600                                                                                     48
1:1601-1800                                                                                     54
1:1801-2000                                                                                     56
1:2001-2200                                                                                     50
1:2201-2400                                                                                     68
1:2401-2600                                                                                     53
1:2601-2800                                                                                     66
1:2801-3000                                                                                     66
1:3001-3200                                                                                     63
1:3201-3400                                                                                     51
1:3401-3600                                                                                     56
1:3601-3800                                                                                     50
1:3801-4000                                                                                     64
1:4001-4200                                                                                     59
1:4201-4400                                                                                     44
1:4401-4600                                                                                     52
1:4601-4800                                                                                     60
1:4801-5000                                                                                     63
1:5001-5200                                                                                     67
1:5201-5400                                                                                     57
1:5401-5600                                                                                     61
1:5601-5800                                                                                     69
1:5801-6000                                                                                     59
1:6001-6200                                                                                     54
1:6201-6400                                                                                     62
1:6401-6600                                                                                     45
1:6601-6800                                                                                     44
1:6801-7000                                                                                     59
2:1-200                                                                                         96
2:201-400                                                                                       62
2:401-600                                                                                       54
2:601-800                                                                                       54
2:801-1000                                                                                      57
2:1001-1200                                                                                     59
2:1201-1400                                                                                     63
2:1401-1600                                                                                     77
2:1601-1800                                                                                     56
2:1801-2000                                                                                     70
2:2001-2200                                                                                     62
2:2201-2400                                                                                     69
2:2401-2600                                                                                     65
2:2601-2800                                                                                     63
2:2801-3000                                                                                     53
2:3001-3200                                                                                     61
2:3201-3400                                                                                     57
2:3401-3600                                                                                     47
2:3601-3800                                                                                     68
2:3801-4000                                                                                     65
2:4001-4200                                                                                     51
2:4201-4400                                                                                     65
2:4401-4600                                                                                     54
2:4601-4800                                                                                     59
2:4801-5000                                                                                     56
2:5001-5200                                                                                     65
2:5201-5400                                                                                     67
2:5401-5600                                                                                     61
2:5601-5800                                                                                     73
2:5801-6000                                                                                     44
3:1-200                                                                                         92
3:201-400                                                                                       53
3:401-600                                                                                       58
3:601-800                                                                                       56
3:801-1000                                                                                      73
3:1001-1200                                                                                     52
3:1201-1400                                                                                     54
3:1401-1600                                                                                     64
3:1601-1800                                                                                     66
3:1801-2000                                                                                     54
3:2001-2200                                                                                     59
3:2201-2400                                                                                     56
3:2401-2600                                                                                     57
3:2601-2800                                                                                     53
3:2801-3000                                                                                     57
3:3001-3200                                                                                     49
3:3201-3400                                                                                     62
3:3401-3600                                                                                     54
3:3601-3800                                                                                     61
3:3801-4000                                                                                     51
3:4001-4200                                                                                     51
3:4201-4400                                                                                     66
3:4401-4500                                                                                     38
4:1-200                                                                                         92
4:201-400                                                                                       44
4:401-600                                                                                       73
4:601-800                                                                                       51
4:801-1000                                                                                      58
4:1001-1200                                                                                     68
4:1201-1400                                                                                     59
4:1401-1600                                                                                     62
4:1601-1800                                                                                     62
4:1801-2000                                                                                     54
Smoothing outliers ...
Performing segmentation:
NA
[Fri Oct 29 11:49:40 2021]
Finished job 0.
1 of 1 steps (100%) done
