Building DAG of jobs...
Using shell: /usr/bin/bash
Provided cores: 1 (use --cores to define parallelism)
Rules claiming more threads will be scaled down.
Select jobs to execute...

[Fri Oct 29 11:49:14 2021]
rule segment:
    input: output/output_genome2/alignments/aligned_sim_transloc_readsffac781d-60f0-4119-b50e-641cb192eb3a_nreads8000_sizedels500.bam
    output: output/output_genome2/plots_segmented/plotCN_ffac781d-60f0-4119-b50e-641cb192eb3a_nreads8000_sizedels500_ACE08cellularity.pdf
    jobid: 0
    wildcards: genome=genome2, name=ffac781d-60f0-4119-b50e-641cb192eb3a, nreads=8000, size_deletion=500
    resources: mem_mb=1000, disk_mb=1000, tmpdir=/tmp

mkdir -p output/output_genome2/plots_segmented/; Rscript 4_segment.R --name ffac781d-60f0-4119-b50e-641cb192eb3a --genome genome2 --size_deletion 500 --nreads 8000
Loading required package: BiocGenerics
Loading required package: parallel

Attaching package: ‘BiocGenerics’

The following objects are masked from ‘package:parallel’:

    clusterApply, clusterApplyLB, clusterCall, clusterEvalQ,
    clusterExport, clusterMap, parApply, parCapply, parLapply,
    parLapplyLB, parRapply, parSapply, parSapplyLB

The following objects are masked from ‘package:stats’:

    IQR, mad, sd, var, xtabs

The following objects are masked from ‘package:base’:

    anyDuplicated, append, as.data.frame, basename, cbind, colnames,
    dirname, do.call, duplicated, eval, evalq, Filter, Find, get, grep,
    grepl, intersect, is.unsorted, lapply, Map, mapply, match, mget,
    order, paste, pmax, pmax.int, pmin, pmin.int, Position, rank,
    rbind, Reduce, rownames, sapply, setdiff, sort, table, tapply,
    union, unique, unsplit, which.max, which.min

Welcome to Bioconductor

    Vignettes contain introductory material; view with
    'browseVignettes()'. To cite Bioconductor, see
    'citation("Biobase")', and for packages 'citation("pkgname")'.

    aligned_sim_transloc_readsffac781d-60f0-4119-b50e-641cb192eb3a_nreads8000_sizedels500 (1 of 1): extracting reads ... binning ...
            aligned_sim_transloc_readsffac781d-60f0-4119-b50e-641cb192eb3a_nreads8000_sizedels500
1:1-200                                                                                        56
1:201-400                                                                                      35
1:401-600                                                                                      43
1:601-800                                                                                      43
1:801-1000                                                                                     35
1:1001-1200                                                                                    41
1:1201-1400                                                                                    37
1:1401-1600                                                                                    43
1:1601-1800                                                                                    38
1:1801-2000                                                                                    40
1:2001-2200                                                                                    52
1:2201-2400                                                                                    39
1:2401-2600                                                                                    44
1:2601-2800                                                                                    38
1:2801-3000                                                                                    38
1:3001-3200                                                                                    43
1:3201-3400                                                                                    46
1:3401-3600                                                                                    53
1:3601-3800                                                                                    48
1:3801-4000                                                                                    40
1:4001-4200                                                                                    30
1:4201-4400                                                                                    41
1:4401-4600                                                                                    39
1:4601-4800                                                                                    49
1:4801-5000                                                                                    39
1:5001-5200                                                                                    48
1:5201-5400                                                                                    40
1:5401-5600                                                                                    40
1:5601-5800                                                                                    35
1:5801-6000                                                                                    40
1:6001-6200                                                                                    42
1:6201-6400                                                                                    39
1:6401-6600                                                                                    43
1:6601-6800                                                                                    38
1:6801-7000                                                                                    29
2:1-200                                                                                        64
2:201-400                                                                                      43
2:401-600                                                                                      45
2:601-800                                                                                      40
2:801-1000                                                                                     30
2:1001-1200                                                                                    29
2:1201-1400                                                                                    44
2:1401-1600                                                                                    44
2:1601-1800                                                                                    44
2:1801-2000                                                                                    35
2:2001-2200                                                                                    44
2:2201-2400                                                                                    43
2:2401-2600                                                                                    48
2:2601-2800                                                                                    38
2:2801-3000                                                                                    46
2:3001-3200                                                                                    39
2:3201-3400                                                                                    43
2:3401-3600                                                                                    41
2:3601-3800                                                                                    33
2:3801-4000                                                                                    32
2:4001-4200                                                                                    38
2:4201-4400                                                                                    44
2:4401-4600                                                                                    35
2:4601-4800                                                                                    37
2:4801-5000                                                                                    34
2:5001-5200                                                                                    33
2:5201-5400                                                                                    38
2:5401-5600                                                                                    38
2:5601-5800                                                                                    44
2:5801-6000                                                                                    37
3:1-200                                                                                        64
3:201-400                                                                                      31
3:401-600                                                                                      32
3:601-800                                                                                      45
3:801-1000                                                                                     39
3:1001-1200                                                                                    41
3:1201-1400                                                                                    29
3:1401-1600                                                                                    41
3:1601-1800                                                                                    45
3:1801-2000                                                                                    49
3:2001-2200                                                                                    34
3:2201-2400                                                                                    30
3:2401-2600                                                                                    19
3:2601-2800                                                                                    51
3:2801-3000                                                                                    44
3:3001-3200                                                                                    43
3:3201-3400                                                                                    51
3:3401-3600                                                                                    46
3:3601-3800                                                                                    45
3:3801-4000                                                                                    43
3:4001-4200                                                                                    40
3:4201-4400                                                                                    63
3:4401-4500                                                                                    12
4:1-200                                                                                        54
4:201-400                                                                                      40
4:401-600                                                                                      25
4:601-800                                                                                      45
4:801-1000                                                                                     36
4:1001-1200                                                                                    54
4:1201-1400                                                                                    39
4:1401-1600                                                                                    48
4:1601-1800                                                                                    40
4:1801-2000                                                                                    34
[1] 3999
Calculating correction for GC content and mappability
    Calculating fit for sample aligned_sim_transloc_readsffac781d-60f0-4119-b50e-641cb192eb3a_nreads8000_sizedels500 (1 of 1) ...
Done.
Applying median normalization ...
Smoothing outliers ...
Performing segmentation:
NA
[1] "chromosome" "start"      "end"        "bases"      "gc"        
[6] "6"          "7"         
[1] "chromosome"  "start"       "end"         "bases"       "gc"         
[6] "mappability" "use"        
[1] "chromosome"  "start"       "end"         "bases"       "gc"         
[6] "mappability" "use"        
[1] "chromosome"  "start"       "end"         "bases"       "gc"         
[6] "mappability" "use"        
EM algorithm started ... 

[1] "Total number of segments present in the data: 4"
[1] "Number of segments used for fitting the model: 4"
40974076926264218.952.9817098014786712436.4112.981709809194168436.470.2
Calling iteration1:

optim results
time: 0
minimum: 47.0280184346307
147.0268332542515-0.794885329980915-0.251789995239903-0.02151527722607210.2812192019128190.4807474010148091.010197828551530.3600077578749329.09304422095766e-050.0111803910463292-1.90793191631189e-050.07616917926538640.143409412762211
4098912692968521952.9817098014786712436.4112.981709809194168436.470.2
Calling iteration2:

optim results
time: 0
minimum: 47.0268339994302
147.0268262784353-0.785712832376547-0.248264178345737-0.02154818462733440.2770097958670410.4735513738496680.9976720680762040.3365151676646414.73789206104144e-050.01118035280414516.54876726505214e-060.05296027896917660.11140094722703
EM algorithm done ...

Computing posterior probabilities for all segments ...

Total time:0minutes

Adjusting segmented data for cellularity ... 

Cellularity sample1: 1

Adjusting normalized data for cellularity ... 

Cellularity sample1: 1

1
41015176935348219.153817098014786712436.4112.981709809194168436.470.2
41015366935849219.153817098014786712436.4112.981709809194168436.470.2
41015336935843219.153817098014786712436.4112.981709809194168436.470.2
41015616936631219.153817098014786712436.4112.981709809194168436.470.2
41019886937586219.153817098014786712436.4112.981709809194168436.470.2
41019976937590219.153817098014786712436.4112.981709809194168436.470.2
41020066937594219.153817098014786712436.4112.981709809194168436.470.2
41020156937598219.153817098014786712436.4112.981709809194168436.470.2
41020246937602219.153817098014786712436.4112.981709809194168436.470.2
41020306937605219.153817098014786712436.4112.981709809194168436.470.2
41020496937837219.153817098014786712436.4112.981709809194168436.470.2
41024656938160219.153817098014786712436.4112.981709809194168436.470.2
FINISHED!

Total time:0minutes

There were 24 warnings (use warnings() to see them)
pdf 
  2 
[1] 1
            aligned_sim_transloc_readsffac781d-60f0-4119-b50e-641cb192eb3a_nreads8000_sizedels500
1:1-200                                                                                        56
1:201-400                                                                                      35
1:401-600                                                                                      43
1:601-800                                                                                      43
1:801-1000                                                                                     35
1:1001-1200                                                                                    41
1:1201-1400                                                                                    37
1:1401-1600                                                                                    43
1:1601-1800                                                                                    38
1:1801-2000                                                                                    40
1:2001-2200                                                                                    52
1:2201-2400                                                                                    39
1:2401-2600                                                                                    44
1:2601-2800                                                                                    38
1:2801-3000                                                                                    38
1:3001-3200                                                                                    43
1:3201-3400                                                                                    46
1:3401-3600                                                                                    53
1:3601-3800                                                                                    48
1:3801-4000                                                                                    40
1:4001-4200                                                                                    30
1:4201-4400                                                                                    41
1:4401-4600                                                                                    39
1:4601-4800                                                                                    49
1:4801-5000                                                                                    39
1:5001-5200                                                                                    48
1:5201-5400                                                                                    40
1:5401-5600                                                                                    40
1:5601-5800                                                                                    35
1:5801-6000                                                                                    40
1:6001-6200                                                                                    42
1:6201-6400                                                                                    39
1:6401-6600                                                                                    43
1:6601-6800                                                                                    38
1:6801-7000                                                                                    29
2:1-200                                                                                        64
2:201-400                                                                                      43
2:401-600                                                                                      45
2:601-800                                                                                      40
2:801-1000                                                                                     30
2:1001-1200                                                                                    29
2:1201-1400                                                                                    44
2:1401-1600                                                                                    44
2:1601-1800                                                                                    44
2:1801-2000                                                                                    35
2:2001-2200                                                                                    44
2:2201-2400                                                                                    43
2:2401-2600                                                                                    48
2:2601-2800                                                                                    38
2:2801-3000                                                                                    46
2:3001-3200                                                                                    39
2:3201-3400                                                                                    43
2:3401-3600                                                                                    41
2:3601-3800                                                                                    33
2:3801-4000                                                                                    32
2:4001-4200                                                                                    38
2:4201-4400                                                                                    44
2:4401-4600                                                                                    35
2:4601-4800                                                                                    37
2:4801-5000                                                                                    34
2:5001-5200                                                                                    33
2:5201-5400                                                                                    38
2:5401-5600                                                                                    38
2:5601-5800                                                                                    44
2:5801-6000                                                                                    37
3:1-200                                                                                        64
3:201-400                                                                                      31
3:401-600                                                                                      32
3:601-800                                                                                      45
3:801-1000                                                                                     39
3:1001-1200                                                                                    41
3:1201-1400                                                                                    29
3:1401-1600                                                                                    41
3:1601-1800                                                                                    45
3:1801-2000                                                                                    49
3:2001-2200                                                                                    34
3:2201-2400                                                                                    30
3:2401-2600                                                                                    19
3:2601-2800                                                                                    51
3:2801-3000                                                                                    44
3:3001-3200                                                                                    43
3:3201-3400                                                                                    51
3:3401-3600                                                                                    46
3:3601-3800                                                                                    45
3:3801-4000                                                                                    43
3:4001-4200                                                                                    40
3:4201-4400                                                                                    63
3:4401-4500                                                                                    24
4:1-200                                                                                        54
4:201-400                                                                                      40
4:401-600                                                                                      25
4:601-800                                                                                      45
4:801-1000                                                                                     36
4:1001-1200                                                                                    54
4:1201-1400                                                                                    39
4:1401-1600                                                                                    48
4:1601-1800                                                                                    40
4:1801-2000                                                                                    34
Smoothing outliers ...
Performing segmentation:
NA
[Fri Oct 29 11:49:30 2021]
Finished job 0.
1 of 1 steps (100%) done
