Building DAG of jobs...
Using shell: /usr/bin/bash
Provided cores: 1 (use --cores to define parallelism)
Rules claiming more threads will be scaled down.
Select jobs to execute...

[Fri Oct 29 12:00:17 2021]
rule segment:
    input: output/output_genome2/alignments/aligned_sim_transloc_readscbbd7d10-e1b9-4d8c-b87b-5cf3e718f133_nreads8000_sizedels500.bam
    output: output/output_genome2/plots_segmented/plotCN_cbbd7d10-e1b9-4d8c-b87b-5cf3e718f133_nreads8000_sizedels500_ACE08cellularity.pdf
    jobid: 0
    wildcards: genome=genome2, name=cbbd7d10-e1b9-4d8c-b87b-5cf3e718f133, nreads=8000, size_deletion=500
    resources: mem_mb=1000, disk_mb=1000, tmpdir=/tmp

mkdir -p output/output_genome2/plots_segmented/; Rscript 4_segment.R --name cbbd7d10-e1b9-4d8c-b87b-5cf3e718f133 --genome genome2 --size_deletion 500 --nreads 8000
Loading required package: BiocGenerics
Loading required package: parallel

Attaching package: ‘BiocGenerics’

The following objects are masked from ‘package:parallel’:

    clusterApply, clusterApplyLB, clusterCall, clusterEvalQ,
    clusterExport, clusterMap, parApply, parCapply, parLapply,
    parLapplyLB, parRapply, parSapply, parSapplyLB

The following objects are masked from ‘package:stats’:

    IQR, mad, sd, var, xtabs

The following objects are masked from ‘package:base’:

    anyDuplicated, append, as.data.frame, basename, cbind, colnames,
    dirname, do.call, duplicated, eval, evalq, Filter, Find, get, grep,
    grepl, intersect, is.unsorted, lapply, Map, mapply, match, mget,
    order, paste, pmax, pmax.int, pmin, pmin.int, Position, rank,
    rbind, Reduce, rownames, sapply, setdiff, sort, table, tapply,
    union, unique, unsplit, which.max, which.min

Welcome to Bioconductor

    Vignettes contain introductory material; view with
    'browseVignettes()'. To cite Bioconductor, see
    'citation("Biobase")', and for packages 'citation("pkgname")'.

    aligned_sim_transloc_readscbbd7d10-e1b9-4d8c-b87b-5cf3e718f133_nreads8000_sizedels500 (1 of 1): extracting reads ... binning ...
            aligned_sim_transloc_readscbbd7d10-e1b9-4d8c-b87b-5cf3e718f133_nreads8000_sizedels500
1:1-200                                                                                        73
1:201-400                                                                                      35
1:401-600                                                                                      49
1:601-800                                                                                      39
1:801-1000                                                                                     46
1:1001-1200                                                                                    38
1:1201-1400                                                                                    47
1:1401-1600                                                                                    49
1:1601-1800                                                                                    50
1:1801-2000                                                                                    43
1:2001-2200                                                                                    46
1:2201-2400                                                                                    46
1:2401-2600                                                                                    47
1:2601-2800                                                                                    36
1:2801-3000                                                                                    45
1:3001-3200                                                                                    39
1:3201-3400                                                                                    29
1:3401-3600                                                                                    55
1:3601-3800                                                                                    55
1:3801-4000                                                                                    35
1:4001-4200                                                                                    33
1:4201-4400                                                                                    34
1:4401-4600                                                                                    41
1:4601-4800                                                                                    49
1:4801-5000                                                                                    42
1:5001-5200                                                                                    40
1:5201-5400                                                                                    35
1:5401-5600                                                                                    43
1:5601-5800                                                                                    45
1:5801-6000                                                                                    31
1:6001-6200                                                                                    32
1:6201-6400                                                                                    39
1:6401-6600                                                                                    44
1:6601-6800                                                                                    41
1:6801-7000                                                                                    43
2:1-200                                                                                        58
2:201-400                                                                                      41
2:401-600                                                                                      35
2:601-800                                                                                      43
2:801-1000                                                                                     46
2:1001-1200                                                                                    40
2:1201-1400                                                                                    43
2:1401-1600                                                                                    37
2:1601-1800                                                                                    41
2:1801-2000                                                                                    46
2:2001-2200                                                                                    39
2:2201-2400                                                                                    43
2:2401-2600                                                                                    33
2:2601-2800                                                                                    45
2:2801-3000                                                                                    31
2:3001-3200                                                                                    41
2:3201-3400                                                                                    31
2:3401-3600                                                                                    23
2:3601-3800                                                                                    26
2:3801-4000                                                                                    37
2:4001-4200                                                                                    54
2:4201-4400                                                                                    46
2:4401-4600                                                                                    40
2:4601-4800                                                                                    40
2:4801-5000                                                                                    45
2:5001-5200                                                                                    44
2:5201-5400                                                                                    32
2:5401-5600                                                                                    50
2:5601-5800                                                                                    42
2:5801-6000                                                                                    38
3:1-200                                                                                        71
3:201-400                                                                                      47
3:401-600                                                                                      41
3:601-800                                                                                      50
3:801-1000                                                                                     39
3:1001-1200                                                                                    45
3:1201-1400                                                                                    34
3:1401-1600                                                                                    38
3:1601-1800                                                                                    35
3:1801-2000                                                                                    41
3:2001-2200                                                                                    45
3:2201-2400                                                                                    38
3:2401-2600                                                                                    38
3:2601-2800                                                                                    40
3:2801-3000                                                                                    38
3:3001-3200                                                                                    48
3:3201-3400                                                                                    45
3:3401-3600                                                                                    51
3:3601-3800                                                                                    39
3:3801-4000                                                                                    31
3:4001-4200                                                                                    52
3:4201-4400                                                                                    42
3:4401-4500                                                                                    11
4:1-200                                                                                        59
4:201-400                                                                                      40
4:401-600                                                                                      37
4:601-800                                                                                      35
4:801-1000                                                                                     51
4:1001-1200                                                                                    29
4:1201-1400                                                                                    30
4:1401-1600                                                                                    31
4:1601-1800                                                                                    48
4:1801-2000                                                                                    31
[1] 4054
Calculating correction for GC content and mappability
    Calculating fit for sample aligned_sim_transloc_readscbbd7d10-e1b9-4d8c-b87b-5cf3e718f133_nreads8000_sizedels500 (1 of 1) ...
Done.
Applying median normalization ...
Smoothing outliers ...
Performing segmentation:
NA
[1] "chromosome" "start"      "end"        "bases"      "gc"        
[6] "6"          "7"         
[1] "chromosome"  "start"       "end"         "bases"       "gc"         
[6] "mappability" "use"        
[1] "chromosome"  "start"       "end"         "bases"       "gc"         
[6] "mappability" "use"        
[1] "chromosome"  "start"       "end"         "bases"       "gc"         
[6] "mappability" "use"        
EM algorithm started ... 

[1] "Total number of segments present in the data: 4"
[1] "Number of segments used for fitting the model: 4"
40974076926264218.952.9817098014786712436.4112.981709809194151436.470.2
Calling iteration1:

optim results
time: 0
minimum: 48.2021448642366
148.1097237295988-0.64286535061837-0.148227648929955-0.04484462520766250.156904873346990.2682306526547490.9741498287316451.34852516197002-0.0001904584596836370.01118664679053190.001036922633160073.526557772600443.69852005567256
4098912692968521952.9817098014786712436.4112.981709809194151436.470.2
Calling iteration2:

optim results
time: 0
minimum: 48.2451427601424
148.0988555944441-0.47391474086194-0.102319808365743-0.0445757137110990.202046250620110.3454003468103042.021847786957692.402708826283480.0001887509069216670.0111805693547464-5.04838225992122e-064.749302255545414.94342922585204
4098912692968521952.9817098014786712436.4112.981709809194151436.470.2
Calling iteration3:

optim results
time: 0
minimum: 48.2692996065176
148.0977672974621-0.539701845463034-0.100012574566046-0.04462026316531120.3346504050182680.5720886460340670.9500450631425011.40986334544526-1.2083625921711e-050.0111804257889155-2.37214259476156e-055.115787869751485.73126395942005
4098912692968521952.9817098014786712436.4112.981709809194151436.470.2
Calling iteration4:

optim results
time: 0
minimum: 48.2503821577718
148.097155010238-0.725680344386935-0.100004618450743-0.04465289162650040.3444466390989540.5888354188077220.958012037890240.990467212102655-7.56795903566054e-050.0111803727714199-1.21266549174062e-054.626513060654145.58839552974851
EM algorithm done ...

Computing posterior probabilities for all segments ...

Total time:0minutes

Adjusting segmented data for cellularity ... 

Cellularity sample1: 1

Adjusting normalized data for cellularity ... 

Cellularity sample1: 1

1
41015176935348219.153817098014786712436.4112.981709809194151436.470.2
41015366935849219.153817098014786712436.4112.981709809194151436.470.2
41015336935843219.153817098014786712436.4112.981709809194151436.470.2
41015616936631219.153817098014786712436.4112.981709809194151436.470.2
41019886937586219.153817098014786712436.4112.981709809194151436.470.2
41019976937590219.153817098014786712436.4112.981709809194151436.470.2
41020066937594219.153817098014786712436.4112.981709809194151436.470.2
41020156937598219.153817098014786712436.4112.981709809194151436.470.2
41020246937602219.153817098014786712436.4112.981709809194151436.470.2
41020306937605219.153817098014786712436.4112.981709809194151436.470.2
41020496937837219.153817098014786712436.4112.981709809194151436.470.2
41024656938160219.153817098014786712436.4112.981709809194151436.470.2
FINISHED!

Total time:0minutes

There were 40 warnings (use warnings() to see them)
pdf 
  2 
[1] 1
            aligned_sim_transloc_readscbbd7d10-e1b9-4d8c-b87b-5cf3e718f133_nreads8000_sizedels500
1:1-200                                                                                        73
1:201-400                                                                                      35
1:401-600                                                                                      49
1:601-800                                                                                      39
1:801-1000                                                                                     46
1:1001-1200                                                                                    38
1:1201-1400                                                                                    47
1:1401-1600                                                                                    49
1:1601-1800                                                                                    50
1:1801-2000                                                                                    43
1:2001-2200                                                                                    46
1:2201-2400                                                                                    46
1:2401-2600                                                                                    47
1:2601-2800                                                                                    36
1:2801-3000                                                                                    45
1:3001-3200                                                                                    39
1:3201-3400                                                                                    29
1:3401-3600                                                                                    55
1:3601-3800                                                                                    55
1:3801-4000                                                                                    35
1:4001-4200                                                                                    33
1:4201-4400                                                                                    34
1:4401-4600                                                                                    41
1:4601-4800                                                                                    49
1:4801-5000                                                                                    42
1:5001-5200                                                                                    40
1:5201-5400                                                                                    35
1:5401-5600                                                                                    43
1:5601-5800                                                                                    45
1:5801-6000                                                                                    31
1:6001-6200                                                                                    32
1:6201-6400                                                                                    39
1:6401-6600                                                                                    44
1:6601-6800                                                                                    41
1:6801-7000                                                                                    43
2:1-200                                                                                        58
2:201-400                                                                                      41
2:401-600                                                                                      35
2:601-800                                                                                      43
2:801-1000                                                                                     46
2:1001-1200                                                                                    40
2:1201-1400                                                                                    43
2:1401-1600                                                                                    37
2:1601-1800                                                                                    41
2:1801-2000                                                                                    46
2:2001-2200                                                                                    39
2:2201-2400                                                                                    43
2:2401-2600                                                                                    33
2:2601-2800                                                                                    45
2:2801-3000                                                                                    31
2:3001-3200                                                                                    41
2:3201-3400                                                                                    31
2:3401-3600                                                                                    23
2:3601-3800                                                                                    26
2:3801-4000                                                                                    37
2:4001-4200                                                                                    54
2:4201-4400                                                                                    46
2:4401-4600                                                                                    40
2:4601-4800                                                                                    40
2:4801-5000                                                                                    45
2:5001-5200                                                                                    44
2:5201-5400                                                                                    32
2:5401-5600                                                                                    50
2:5601-5800                                                                                    42
2:5801-6000                                                                                    38
3:1-200                                                                                        71
3:201-400                                                                                      47
3:401-600                                                                                      41
3:601-800                                                                                      50
3:801-1000                                                                                     39
3:1001-1200                                                                                    45
3:1201-1400                                                                                    34
3:1401-1600                                                                                    38
3:1601-1800                                                                                    35
3:1801-2000                                                                                    41
3:2001-2200                                                                                    45
3:2201-2400                                                                                    38
3:2401-2600                                                                                    38
3:2601-2800                                                                                    40
3:2801-3000                                                                                    38
3:3001-3200                                                                                    48
3:3201-3400                                                                                    45
3:3401-3600                                                                                    51
3:3601-3800                                                                                    39
3:3801-4000                                                                                    31
3:4001-4200                                                                                    52
3:4201-4400                                                                                    42
3:4401-4500                                                                                    22
4:1-200                                                                                        59
4:201-400                                                                                      40
4:401-600                                                                                      37
4:601-800                                                                                      35
4:801-1000                                                                                     51
4:1001-1200                                                                                    29
4:1201-1400                                                                                    30
4:1401-1600                                                                                    31
4:1601-1800                                                                                    48
4:1801-2000                                                                                    31
Smoothing outliers ...
Performing segmentation:
NA
[Fri Oct 29 12:00:36 2021]
Finished job 0.
1 of 1 steps (100%) done
