Building DAG of jobs...
Using shell: /usr/bin/bash
Provided cores: 1 (use --cores to define parallelism)
Rules claiming more threads will be scaled down.
Select jobs to execute...

[Fri Oct 29 11:49:14 2021]
rule segment:
    input: output/output_genome2/alignments/aligned_sim_transloc_reads61f41cee-25ec-46cd-bbfc-7e14c6fcce44_nreads8000_sizedels1000.bam
    output: output/output_genome2/plots_segmented/plotCN_61f41cee-25ec-46cd-bbfc-7e14c6fcce44_nreads8000_sizedels1000_ACE08cellularity.pdf
    jobid: 0
    wildcards: genome=genome2, name=61f41cee-25ec-46cd-bbfc-7e14c6fcce44, nreads=8000, size_deletion=1000
    resources: mem_mb=1000, disk_mb=1000, tmpdir=/tmp

mkdir -p output/output_genome2/plots_segmented/; Rscript 4_segment.R --name 61f41cee-25ec-46cd-bbfc-7e14c6fcce44 --genome genome2 --size_deletion 1000 --nreads 8000
Loading required package: BiocGenerics
Loading required package: parallel

Attaching package: ‘BiocGenerics’

The following objects are masked from ‘package:parallel’:

    clusterApply, clusterApplyLB, clusterCall, clusterEvalQ,
    clusterExport, clusterMap, parApply, parCapply, parLapply,
    parLapplyLB, parRapply, parSapply, parSapplyLB

The following objects are masked from ‘package:stats’:

    IQR, mad, sd, var, xtabs

The following objects are masked from ‘package:base’:

    anyDuplicated, append, as.data.frame, basename, cbind, colnames,
    dirname, do.call, duplicated, eval, evalq, Filter, Find, get, grep,
    grepl, intersect, is.unsorted, lapply, Map, mapply, match, mget,
    order, paste, pmax, pmax.int, pmin, pmin.int, Position, rank,
    rbind, Reduce, rownames, sapply, setdiff, sort, table, tapply,
    union, unique, unsplit, which.max, which.min

Welcome to Bioconductor

    Vignettes contain introductory material; view with
    'browseVignettes()'. To cite Bioconductor, see
    'citation("Biobase")', and for packages 'citation("pkgname")'.

    aligned_sim_transloc_reads61f41cee-25ec-46cd-bbfc-7e14c6fcce44_nreads8000_sizedels1000 (1 of 1): extracting reads ... binning ...
            aligned_sim_transloc_reads61f41cee-25ec-46cd-bbfc-7e14c6fcce44_nreads8000_sizedels1000
1:1-200                                                                                         55
1:201-400                                                                                       44
1:401-600                                                                                       34
1:601-800                                                                                       37
1:801-1000                                                                                      38
1:1001-1200                                                                                     38
1:1201-1400                                                                                     39
1:1401-1600                                                                                     39
1:1601-1800                                                                                     41
1:1801-2000                                                                                     36
1:2001-2200                                                                                     45
1:2201-2400                                                                                     39
1:2401-2600                                                                                     32
1:2601-2800                                                                                     47
1:2801-3000                                                                                     45
1:3001-3200                                                                                     43
1:3201-3400                                                                                     37
1:3401-3600                                                                                     43
1:3601-3800                                                                                     41
1:3801-4000                                                                                     43
1:4001-4200                                                                                     39
1:4201-4400                                                                                     42
1:4401-4600                                                                                     51
1:4601-4800                                                                                     40
1:4801-5000                                                                                     43
1:5001-5200                                                                                     45
1:5201-5400                                                                                     36
1:5401-5600                                                                                     33
1:5601-5800                                                                                     42
1:5801-6000                                                                                     41
1:6001-6200                                                                                     43
1:6201-6400                                                                                     36
1:6401-6600                                                                                     37
1:6601-6800                                                                                     34
1:6801-7000                                                                                     41
2:1-200                                                                                         68
2:201-400                                                                                       42
2:401-600                                                                                       46
2:601-800                                                                                       35
2:801-1000                                                                                      37
2:1001-1200                                                                                     37
2:1201-1400                                                                                     41
2:1401-1600                                                                                     39
2:1601-1800                                                                                     38
2:1801-2000                                                                                     39
2:2001-2200                                                                                     19
2:2201-2400                                                                                     19
2:2401-2600                                                                                     22
2:2601-2800                                                                                     25
2:2801-3000                                                                                     42
2:3001-3200                                                                                     39
2:3201-3400                                                                                     42
2:3401-3600                                                                                     37
2:3601-3800                                                                                     33
2:3801-4000                                                                                     41
2:4001-4200                                                                                     42
2:4201-4400                                                                                     42
2:4401-4600                                                                                     38
2:4601-4800                                                                                     49
2:4801-5000                                                                                     53
2:5001-5200                                                                                     39
2:5201-5400                                                                                     35
2:5401-5600                                                                                     51
2:5601-5800                                                                                     36
2:5801-6000                                                                                     27
3:1-200                                                                                         59
3:201-400                                                                                       43
3:401-600                                                                                       42
3:601-800                                                                                       35
3:801-1000                                                                                      35
3:1001-1200                                                                                     44
3:1201-1400                                                                                     50
3:1401-1600                                                                                     62
3:1601-1800                                                                                     39
3:1801-2000                                                                                     44
3:2001-2200                                                                                     41
3:2201-2400                                                                                     40
3:2401-2600                                                                                     51
3:2601-2800                                                                                     34
3:2801-3000                                                                                     46
3:3001-3200                                                                                     33
3:3201-3400                                                                                     39
3:3401-3600                                                                                     39
3:3601-3800                                                                                     48
3:3801-4000                                                                                     42
3:4001-4200                                                                                     45
3:4201-4400                                                                                     36
3:4401-4500                                                                                     13
4:1-200                                                                                         62
4:201-400                                                                                       34
4:401-600                                                                                       51
4:601-800                                                                                       40
4:801-1000                                                                                      46
4:1001-1200                                                                                     32
4:1201-1400                                                                                     41
4:1401-1600                                                                                     43
4:1601-1800                                                                                     34
4:1801-2000                                                                                     34
[1] 3949
Calculating correction for GC content and mappability
    Calculating fit for sample aligned_sim_transloc_reads61f41cee-25ec-46cd-bbfc-7e14c6fcce44_nreads8000_sizedels1000 (1 of 1) ...
Done.
Applying median normalization ...
Smoothing outliers ...
Performing segmentation:
NA
[1] "chromosome" "start"      "end"        "bases"      "gc"        
[6] "6"          "7"         
[1] "chromosome"  "start"       "end"         "bases"       "gc"         
[6] "mappability" "use"        
[1] "chromosome"  "start"       "end"         "bases"       "gc"         
[6] "mappability" "use"        
[1] "chromosome"  "start"       "end"         "bases"       "gc"         
[6] "mappability" "use"        
EM algorithm started ... 

[1] "Total number of segments present in the data: 4"
[1] "Number of segments used for fitting the model: 4"
40974076926264218.952.9817098014786712436.4112.981709809194157436.470.2
Calling iteration1:

optim results
time: 0
minimum: 49.2539956289187
149.2484217292846-0.944877857128262-0.204900236724742-0.02492326787708630.3292313118972570.5628246451548131.113405294099950.1288276225127560.02319134349481190.0324874464530152-0.07174646463887250.1584616043360260.245329150781483
4098912692968521952.9817098014786712436.4112.981709809194157436.470.2
Calling iteration2:

optim results
time: 0
minimum: 49.2529150040139
149.2471475304314-2.48848912680097-0.118128175594634-0.02493777130794590.3974267111545660.6794054502034031.226517541437521.199052449779720.002350585544139150.0324021687684271-0.08017057334532270.4622564913776170.462442151155401
4098912692968521952.9817098014786712436.4112.981709809194157436.470.2
Calling iteration3:

optim results
time: 0
minimum: 49.2623601812436
149.2471167110151-2.28924595583957-0.111596289162567-0.02493157691707560.3850994825587030.6583319137277061.237709741160811.230404255820060.00197611357462230.0323831307338363-0.08038122519007110.4966996407215820.497239880690912
EM algorithm done ...

Computing posterior probabilities for all segments ...

Total time:0minutes

Adjusting segmented data for cellularity ... 

Cellularity sample1: 1

Adjusting normalized data for cellularity ... 

Cellularity sample1: 1

1
41015176935348219.153817098014786712436.4112.981709809194157436.470.2
41015366935849219.153817098014786712436.4112.981709809194157436.470.2
41015336935843219.153817098014786712436.4112.981709809194157436.470.2
41015616936631219.153817098014786712436.4112.981709809194157436.470.2
41019886937586219.153817098014786712436.4112.981709809194157436.470.2
41019976937590219.153817098014786712436.4112.981709809194157436.470.2
41020066937594219.153817098014786712436.4112.981709809194157436.470.2
41020156937598219.153817098014786712436.4112.981709809194157436.470.2
41020246937602219.153817098014786712436.4112.981709809194157436.470.2
41020306937605219.153817098014786712436.4112.981709809194157436.470.2
41020496937837219.153817098014786712436.4112.981709809194157436.470.2
41024656938160219.153817098014786712436.4112.981709809194157436.470.2
FINISHED!

Total time:0minutes

There were 32 warnings (use warnings() to see them)
pdf 
  2 
[1] 1
            aligned_sim_transloc_reads61f41cee-25ec-46cd-bbfc-7e14c6fcce44_nreads8000_sizedels1000
1:1-200                                                                                         55
1:201-400                                                                                       44
1:401-600                                                                                       34
1:601-800                                                                                       37
1:801-1000                                                                                      38
1:1001-1200                                                                                     38
1:1201-1400                                                                                     39
1:1401-1600                                                                                     39
1:1601-1800                                                                                     41
1:1801-2000                                                                                     36
1:2001-2200                                                                                     45
1:2201-2400                                                                                     39
1:2401-2600                                                                                     32
1:2601-2800                                                                                     47
1:2801-3000                                                                                     45
1:3001-3200                                                                                     43
1:3201-3400                                                                                     37
1:3401-3600                                                                                     43
1:3601-3800                                                                                     41
1:3801-4000                                                                                     43
1:4001-4200                                                                                     39
1:4201-4400                                                                                     42
1:4401-4600                                                                                     51
1:4601-4800                                                                                     40
1:4801-5000                                                                                     43
1:5001-5200                                                                                     45
1:5201-5400                                                                                     36
1:5401-5600                                                                                     33
1:5601-5800                                                                                     42
1:5801-6000                                                                                     41
1:6001-6200                                                                                     43
1:6201-6400                                                                                     36
1:6401-6600                                                                                     37
1:6601-6800                                                                                     34
1:6801-7000                                                                                     41
2:1-200                                                                                         68
2:201-400                                                                                       42
2:401-600                                                                                       46
2:601-800                                                                                       35
2:801-1000                                                                                      37
2:1001-1200                                                                                     37
2:1201-1400                                                                                     41
2:1401-1600                                                                                     39
2:1601-1800                                                                                     38
2:1801-2000                                                                                     39
2:2001-2200                                                                                     19
2:2201-2400                                                                                     19
2:2401-2600                                                                                     22
2:2601-2800                                                                                     25
2:2801-3000                                                                                     42
2:3001-3200                                                                                     39
2:3201-3400                                                                                     42
2:3401-3600                                                                                     37
2:3601-3800                                                                                     33
2:3801-4000                                                                                     41
2:4001-4200                                                                                     42
2:4201-4400                                                                                     42
2:4401-4600                                                                                     38
2:4601-4800                                                                                     49
2:4801-5000                                                                                     53
2:5001-5200                                                                                     39
2:5201-5400                                                                                     35
2:5401-5600                                                                                     51
2:5601-5800                                                                                     36
2:5801-6000                                                                                     27
3:1-200                                                                                         59
3:201-400                                                                                       43
3:401-600                                                                                       42
3:601-800                                                                                       35
3:801-1000                                                                                      35
3:1001-1200                                                                                     44
3:1201-1400                                                                                     50
3:1401-1600                                                                                     62
3:1601-1800                                                                                     39
3:1801-2000                                                                                     44
3:2001-2200                                                                                     41
3:2201-2400                                                                                     40
3:2401-2600                                                                                     51
3:2601-2800                                                                                     34
3:2801-3000                                                                                     46
3:3001-3200                                                                                     33
3:3201-3400                                                                                     39
3:3401-3600                                                                                     39
3:3601-3800                                                                                     48
3:3801-4000                                                                                     42
3:4001-4200                                                                                     45
3:4201-4400                                                                                     36
3:4401-4500                                                                                     26
4:1-200                                                                                         62
4:201-400                                                                                       34
4:401-600                                                                                       51
4:601-800                                                                                       40
4:801-1000                                                                                      46
4:1001-1200                                                                                     32
4:1201-1400                                                                                     41
4:1401-1600                                                                                     43
4:1601-1800                                                                                     34
4:1801-2000                                                                                     34
Smoothing outliers ...
Performing segmentation:
NA
[Fri Oct 29 11:49:30 2021]
Finished job 0.
1 of 1 steps (100%) done
