Building DAG of jobs...
Using shell: /usr/bin/bash
Provided cores: 1 (use --cores to define parallelism)
Rules claiming more threads will be scaled down.
Select jobs to execute...

[Fri Oct 29 11:49:14 2021]
rule segment:
    input: output/output_genome2/alignments/aligned_sim_transloc_reads8ccddfff-8c08-44f6-bec2-754368c5dfa0_nreads12000_sizedels500.bam
    output: output/output_genome2/plots_segmented/plotCN_8ccddfff-8c08-44f6-bec2-754368c5dfa0_nreads12000_sizedels500_ACE08cellularity.pdf
    jobid: 0
    wildcards: genome=genome2, name=8ccddfff-8c08-44f6-bec2-754368c5dfa0, nreads=12000, size_deletion=500
    resources: mem_mb=1000, disk_mb=1000, tmpdir=/tmp

mkdir -p output/output_genome2/plots_segmented/; Rscript 4_segment.R --name 8ccddfff-8c08-44f6-bec2-754368c5dfa0 --genome genome2 --size_deletion 500 --nreads 12000
Loading required package: BiocGenerics
Loading required package: parallel

Attaching package: ‘BiocGenerics’

The following objects are masked from ‘package:parallel’:

    clusterApply, clusterApplyLB, clusterCall, clusterEvalQ,
    clusterExport, clusterMap, parApply, parCapply, parLapply,
    parLapplyLB, parRapply, parSapply, parSapplyLB

The following objects are masked from ‘package:stats’:

    IQR, mad, sd, var, xtabs

The following objects are masked from ‘package:base’:

    anyDuplicated, append, as.data.frame, basename, cbind, colnames,
    dirname, do.call, duplicated, eval, evalq, Filter, Find, get, grep,
    grepl, intersect, is.unsorted, lapply, Map, mapply, match, mget,
    order, paste, pmax, pmax.int, pmin, pmin.int, Position, rank,
    rbind, Reduce, rownames, sapply, setdiff, sort, table, tapply,
    union, unique, unsplit, which.max, which.min

Welcome to Bioconductor

    Vignettes contain introductory material; view with
    'browseVignettes()'. To cite Bioconductor, see
    'citation("Biobase")', and for packages 'citation("pkgname")'.

    aligned_sim_transloc_reads8ccddfff-8c08-44f6-bec2-754368c5dfa0_nreads12000_sizedels500 (1 of 1): extracting reads ... binning ...
            aligned_sim_transloc_reads8ccddfff-8c08-44f6-bec2-754368c5dfa0_nreads12000_sizedels500
1:1-200                                                                                         77
1:201-400                                                                                       57
1:401-600                                                                                       58
1:601-800                                                                                       76
1:801-1000                                                                                      60
1:1001-1200                                                                                     63
1:1201-1400                                                                                     58
1:1401-1600                                                                                     68
1:1601-1800                                                                                     63
1:1801-2000                                                                                     54
1:2001-2200                                                                                     54
1:2201-2400                                                                                     28
1:2401-2600                                                                                     38
1:2601-2800                                                                                     71
1:2801-3000                                                                                     53
1:3001-3200                                                                                     55
1:3201-3400                                                                                     63
1:3401-3600                                                                                     62
1:3601-3800                                                                                     65
1:3801-4000                                                                                     68
1:4001-4200                                                                                     52
1:4201-4400                                                                                     51
1:4401-4600                                                                                     61
1:4601-4800                                                                                     50
1:4801-5000                                                                                     58
1:5001-5200                                                                                     50
1:5201-5400                                                                                     62
1:5401-5600                                                                                     64
1:5601-5800                                                                                     52
1:5801-6000                                                                                     67
1:6001-6200                                                                                     54
1:6201-6400                                                                                     62
1:6401-6600                                                                                     67
1:6601-6800                                                                                     59
1:6801-7000                                                                                     48
2:1-200                                                                                        101
2:201-400                                                                                       57
2:401-600                                                                                       49
2:601-800                                                                                       63
2:801-1000                                                                                      68
2:1001-1200                                                                                     62
2:1201-1400                                                                                     75
2:1401-1600                                                                                     64
2:1601-1800                                                                                     69
2:1801-2000                                                                                     64
2:2001-2200                                                                                     53
2:2201-2400                                                                                     49
2:2401-2600                                                                                     72
2:2601-2800                                                                                     49
2:2801-3000                                                                                     62
2:3001-3200                                                                                     69
2:3201-3400                                                                                     56
2:3401-3600                                                                                     59
2:3601-3800                                                                                     68
2:3801-4000                                                                                     63
2:4001-4200                                                                                     51
2:4201-4400                                                                                     51
2:4401-4600                                                                                     67
2:4601-4800                                                                                     55
2:4801-5000                                                                                     63
2:5001-5200                                                                                     66
2:5201-5400                                                                                     70
2:5401-5600                                                                                     62
2:5601-5800                                                                                     61
2:5801-6000                                                                                     54
3:1-200                                                                                         97
3:201-400                                                                                       47
3:401-600                                                                                       56
3:601-800                                                                                       63
3:801-1000                                                                                      55
3:1001-1200                                                                                     59
3:1201-1400                                                                                     80
3:1401-1600                                                                                     60
3:1601-1800                                                                                     63
3:1801-2000                                                                                     70
3:2001-2200                                                                                     70
3:2201-2400                                                                                     61
3:2401-2600                                                                                     67
3:2601-2800                                                                                     60
3:2801-3000                                                                                     53
3:3001-3200                                                                                     54
3:3201-3400                                                                                     61
3:3401-3600                                                                                     65
3:3601-3800                                                                                     54
3:3801-4000                                                                                     56
3:4001-4200                                                                                     58
3:4201-4400                                                                                     52
3:4401-4500                                                                                     20
4:1-200                                                                                         77
4:201-400                                                                                       59
4:401-600                                                                                       45
4:601-800                                                                                       53
4:801-1000                                                                                      47
4:1001-1200                                                                                     58
4:1201-1400                                                                                     51
4:1401-1600                                                                                     58
4:1601-1800                                                                                     51
4:1801-2000                                                                                     54
[1] 5854
Calculating correction for GC content and mappability
    Calculating fit for sample aligned_sim_transloc_reads8ccddfff-8c08-44f6-bec2-754368c5dfa0_nreads12000_sizedels500 (1 of 1) ...
Done.
Applying median normalization ...
Smoothing outliers ...
Performing segmentation:
NA
[1] "chromosome" "start"      "end"        "bases"      "gc"        
[6] "6"          "7"         
[1] "chromosome"  "start"       "end"         "bases"       "gc"         
[6] "mappability" "use"        
[1] "chromosome"  "start"       "end"         "bases"       "gc"         
[6] "mappability" "use"        
[1] "chromosome"  "start"       "end"         "bases"       "gc"         
[6] "mappability" "use"        
EM algorithm started ... 

[1] "Total number of segments present in the data: 4"
[1] "Number of segments used for fitting the model: 4"
40974076926264218.952.9817098014786712436.4112.981709809194145436.470.2
Calling iteration1:

optim results
time: 0
minimum: 49.4847158724752
149.4812543789743-0.768568627732552-0.273896448638460.03680088361557110.2746029382563080.4694368235874450.9586166716646250.0795819031447322-0.01893730240726740.0145741365178706-0.01845132598460150.1125740205752480.17565654326428
4098912692968521952.9817098014786712436.4112.981709809194145436.470.2
Calling iteration2:

optim results
time: 0
minimum: 49.4812923972123
149.4811651370692-0.740661061561012-0.245988882466920.03680088361557110.2746029382563080.4694368235874450.9586166716646250.0795819031447322-0.01893730240726740.0145741365178706-0.01845132598460150.1125740205752480.17565654326428
4098912692968521952.9817098014786712436.4112.981709809194145436.470.2
Calling iteration3:

optim results
time: 0
minimum: 49.481171570381
149.4811597838542-0.715106914408526-0.2204347353144340.03680088361557110.2746029382563080.4694368235874450.9586166716646250.0795819031447322-0.01893730240726740.0145741365178706-0.01845132598460150.1125740205752480.17565654326428
4098912692968521952.9817098014786712436.4112.981709809194145436.470.2
Calling iteration4:

optim results
time: 0
minimum: 49.4811614127315
149.4811592118778-0.692132298414264-0.1974601193201720.03680088361557110.2746029382563080.4694368235874450.9586166716646250.0795819031447322-0.01893730240726740.0145741365178706-0.01845132598460150.1125740205752480.17565654326428
4098912692968521952.9817098014786712436.4112.981709809194145436.470.2
Calling iteration5:

optim results
time: 0
minimum: 49.4811597673573
149.4811591175506-0.671888593787134-0.1772164146930420.03680088361557110.2746029382563080.4694368235874450.9586166716646250.0795819031447322-0.01893730240726740.0145741365178706-0.01845132598460150.1125740205752480.17565654326428
4098912692968521952.9817098014786712436.4112.981709809194145436.470.2
Calling iteration6:

optim results
time: 0
minimum: 49.4811593515372
149.4811590960412-0.654441813018962-0.159769633924870.03680088361557110.2746029382563080.4694368235874450.9586166716646250.0795819031447322-0.01893730240726740.0145741365178706-0.01845132598460150.1125740205752480.17565654326428
4098912692968521952.9817098014786712436.4112.981709809194145436.470.2
Calling iteration7:

optim results
time: 0
minimum: 49.4811592100454
149.4811590897896-0.639767206528994-0.1450950274349020.03680088361557110.2746029382563080.4694368235874450.9586166716646250.0795819031447322-0.01893730240726740.0145741365178706-0.01845132598460150.1125740205752480.17565654326428
EM algorithm done ...

Computing posterior probabilities for all segments ...

Total time:0minutes

Adjusting segmented data for cellularity ... 

Cellularity sample1: 1

Adjusting normalized data for cellularity ... 

Cellularity sample1: 1

1
41015176935348219.153817098014786712436.4112.981709809194145436.470.2
41015366935849219.153817098014786712436.4112.981709809194145436.470.2
41015336935843219.153817098014786712436.4112.981709809194145436.470.2
41015616936631219.153817098014786712436.4112.981709809194145436.470.2
41019886937586219.153817098014786712436.4112.981709809194145436.470.2
41019976937590219.153817098014786712436.4112.981709809194145436.470.2
41020066937594219.153817098014786712436.4112.981709809194145436.470.2
41020156937598219.153817098014786712436.4112.981709809194145436.470.2
41020246937602219.153817098014786712436.4112.981709809194145436.470.2
41020306937605219.153817098014786712436.4112.981709809194145436.470.2
41020496937837219.153817098014786712436.4112.981709809194145436.470.2
41024656938160219.153817098014786712436.4112.981709809194145436.470.2
FINISHED!

Total time:0minutes

There were 50 or more warnings (use warnings() to see the first 50)
pdf 
  2 
[1] 1
            aligned_sim_transloc_reads8ccddfff-8c08-44f6-bec2-754368c5dfa0_nreads12000_sizedels500
1:1-200                                                                                         77
1:201-400                                                                                       57
1:401-600                                                                                       58
1:601-800                                                                                       76
1:801-1000                                                                                      60
1:1001-1200                                                                                     63
1:1201-1400                                                                                     58
1:1401-1600                                                                                     68
1:1601-1800                                                                                     63
1:1801-2000                                                                                     54
1:2001-2200                                                                                     54
1:2201-2400                                                                                     28
1:2401-2600                                                                                     38
1:2601-2800                                                                                     71
1:2801-3000                                                                                     53
1:3001-3200                                                                                     55
1:3201-3400                                                                                     63
1:3401-3600                                                                                     62
1:3601-3800                                                                                     65
1:3801-4000                                                                                     68
1:4001-4200                                                                                     52
1:4201-4400                                                                                     51
1:4401-4600                                                                                     61
1:4601-4800                                                                                     50
1:4801-5000                                                                                     58
1:5001-5200                                                                                     50
1:5201-5400                                                                                     62
1:5401-5600                                                                                     64
1:5601-5800                                                                                     52
1:5801-6000                                                                                     67
1:6001-6200                                                                                     54
1:6201-6400                                                                                     62
1:6401-6600                                                                                     67
1:6601-6800                                                                                     59
1:6801-7000                                                                                     48
2:1-200                                                                                        101
2:201-400                                                                                       57
2:401-600                                                                                       49
2:601-800                                                                                       63
2:801-1000                                                                                      68
2:1001-1200                                                                                     62
2:1201-1400                                                                                     75
2:1401-1600                                                                                     64
2:1601-1800                                                                                     69
2:1801-2000                                                                                     64
2:2001-2200                                                                                     53
2:2201-2400                                                                                     49
2:2401-2600                                                                                     72
2:2601-2800                                                                                     49
2:2801-3000                                                                                     62
2:3001-3200                                                                                     69
2:3201-3400                                                                                     56
2:3401-3600                                                                                     59
2:3601-3800                                                                                     68
2:3801-4000                                                                                     63
2:4001-4200                                                                                     51
2:4201-4400                                                                                     51
2:4401-4600                                                                                     67
2:4601-4800                                                                                     55
2:4801-5000                                                                                     63
2:5001-5200                                                                                     66
2:5201-5400                                                                                     70
2:5401-5600                                                                                     62
2:5601-5800                                                                                     61
2:5801-6000                                                                                     54
3:1-200                                                                                         97
3:201-400                                                                                       47
3:401-600                                                                                       56
3:601-800                                                                                       63
3:801-1000                                                                                      55
3:1001-1200                                                                                     59
3:1201-1400                                                                                     80
3:1401-1600                                                                                     60
3:1601-1800                                                                                     63
3:1801-2000                                                                                     70
3:2001-2200                                                                                     70
3:2201-2400                                                                                     61
3:2401-2600                                                                                     67
3:2601-2800                                                                                     60
3:2801-3000                                                                                     53
3:3001-3200                                                                                     54
3:3201-3400                                                                                     61
3:3401-3600                                                                                     65
3:3601-3800                                                                                     54
3:3801-4000                                                                                     56
3:4001-4200                                                                                     58
3:4201-4400                                                                                     52
3:4401-4500                                                                                     40
4:1-200                                                                                         77
4:201-400                                                                                       59
4:401-600                                                                                       45
4:601-800                                                                                       53
4:801-1000                                                                                      47
4:1001-1200                                                                                     58
4:1201-1400                                                                                     51
4:1401-1600                                                                                     58
4:1601-1800                                                                                     51
4:1801-2000                                                                                     54
Smoothing outliers ...
Performing segmentation:
NA
[Fri Oct 29 11:49:31 2021]
Finished job 0.
1 of 1 steps (100%) done
