Building DAG of jobs...
Using shell: /usr/bin/bash
Provided cores: 1 (use --cores to define parallelism)
Rules claiming more threads will be scaled down.
Select jobs to execute...

[Fri Oct 29 11:49:14 2021]
rule segment:
    input: output/output_genome2/alignments/aligned_sim_transloc_reads332c10de-130b-4df7-83cf-9c80004546b2_nreads12000_sizedels1000.bam
    output: output/output_genome2/plots_segmented/plotCN_332c10de-130b-4df7-83cf-9c80004546b2_nreads12000_sizedels1000_ACE08cellularity.pdf
    jobid: 0
    wildcards: genome=genome2, name=332c10de-130b-4df7-83cf-9c80004546b2, nreads=12000, size_deletion=1000
    resources: mem_mb=1000, disk_mb=1000, tmpdir=/tmp

mkdir -p output/output_genome2/plots_segmented/; Rscript 4_segment.R --name 332c10de-130b-4df7-83cf-9c80004546b2 --genome genome2 --size_deletion 1000 --nreads 12000
Loading required package: BiocGenerics
Loading required package: parallel

Attaching package: ‘BiocGenerics’

The following objects are masked from ‘package:parallel’:

    clusterApply, clusterApplyLB, clusterCall, clusterEvalQ,
    clusterExport, clusterMap, parApply, parCapply, parLapply,
    parLapplyLB, parRapply, parSapply, parSapplyLB

The following objects are masked from ‘package:stats’:

    IQR, mad, sd, var, xtabs

The following objects are masked from ‘package:base’:

    anyDuplicated, append, as.data.frame, basename, cbind, colnames,
    dirname, do.call, duplicated, eval, evalq, Filter, Find, get, grep,
    grepl, intersect, is.unsorted, lapply, Map, mapply, match, mget,
    order, paste, pmax, pmax.int, pmin, pmin.int, Position, rank,
    rbind, Reduce, rownames, sapply, setdiff, sort, table, tapply,
    union, unique, unsplit, which.max, which.min

Welcome to Bioconductor

    Vignettes contain introductory material; view with
    'browseVignettes()'. To cite Bioconductor, see
    'citation("Biobase")', and for packages 'citation("pkgname")'.

    aligned_sim_transloc_reads332c10de-130b-4df7-83cf-9c80004546b2_nreads12000_sizedels1000 (1 of 1): extracting reads ... binning ...
            aligned_sim_transloc_reads332c10de-130b-4df7-83cf-9c80004546b2_nreads12000_sizedels1000
1:1-200                                                                                         102
1:201-400                                                                                        58
1:401-600                                                                                        70
1:601-800                                                                                        56
1:801-1000                                                                                       50
1:1001-1200                                                                                      77
1:1201-1400                                                                                      61
1:1401-1600                                                                                      64
1:1601-1800                                                                                      69
1:1801-2000                                                                                      69
1:2001-2200                                                                                      54
1:2201-2400                                                                                      63
1:2401-2600                                                                                      47
1:2601-2800                                                                                      68
1:2801-3000                                                                                      60
1:3001-3200                                                                                      73
1:3201-3400                                                                                      65
1:3401-3600                                                                                      58
1:3601-3800                                                                                      62
1:3801-4000                                                                                      67
1:4001-4200                                                                                      46
1:4201-4400                                                                                      67
1:4401-4600                                                                                      61
1:4601-4800                                                                                      70
1:4801-5000                                                                                      56
1:5001-5200                                                                                      81
1:5201-5400                                                                                      55
1:5401-5600                                                                                      52
1:5601-5800                                                                                      56
1:5801-6000                                                                                      70
1:6001-6200                                                                                      59
1:6201-6400                                                                                      63
1:6401-6600                                                                                      58
1:6601-6800                                                                                      71
1:6801-7000                                                                                      53
2:1-200                                                                                         128
2:201-400                                                                                        64
2:401-600                                                                                        68
2:601-800                                                                                        65
2:801-1000                                                                                       68
2:1001-1200                                                                                      73
2:1201-1400                                                                                      68
2:1401-1600                                                                                      50
2:1601-1800                                                                                      65
2:1801-2000                                                                                      45
2:2001-2200                                                                                      69
2:2201-2400                                                                                      56
2:2401-2600                                                                                      67
2:2601-2800                                                                                      60
2:2801-3000                                                                                      67
2:3001-3200                                                                                      64
2:3201-3400                                                                                      51
2:3401-3600                                                                                      56
2:3601-3800                                                                                      60
2:3801-4000                                                                                      61
2:4001-4200                                                                                      66
2:4201-4400                                                                                      65
2:4401-4600                                                                                      55
2:4601-4800                                                                                      71
2:4801-5000                                                                                      49
2:5001-5200                                                                                      74
2:5201-5400                                                                                      51
2:5401-5600                                                                                      70
2:5601-5800                                                                                      55
2:5801-6000                                                                                      52
3:1-200                                                                                         109
3:201-400                                                                                        65
3:401-600                                                                                        65
3:601-800                                                                                        55
3:801-1000                                                                                       54
3:1001-1200                                                                                      67
3:1201-1400                                                                                      69
3:1401-1600                                                                                      52
3:1601-1800                                                                                      39
3:1801-2000                                                                                      28
3:2001-2200                                                                                      30
3:2201-2400                                                                                      43
3:2401-2600                                                                                      67
3:2601-2800                                                                                      59
3:2801-3000                                                                                      34
3:3001-3200                                                                                      74
3:3201-3400                                                                                      58
3:3401-3600                                                                                      55
3:3601-3800                                                                                      74
3:3801-4000                                                                                      60
3:4001-4200                                                                                      47
3:4201-4400                                                                                      38
3:4401-4500                                                                                      19
4:1-200                                                                                          80
4:201-400                                                                                        57
4:401-600                                                                                        49
4:601-800                                                                                        59
4:801-1000                                                                                       52
4:1001-1200                                                                                      57
4:1201-1400                                                                                      55
4:1401-1600                                                                                      45
4:1601-1800                                                                                      54
4:1801-2000                                                                                      58
[1] 5951
Calculating correction for GC content and mappability
    Calculating fit for sample aligned_sim_transloc_reads332c10de-130b-4df7-83cf-9c80004546b2_nreads12000_sizedels1000 (1 of 1) ...
Done.
Applying median normalization ...
Smoothing outliers ...
Performing segmentation:
NA
[1] "chromosome" "start"      "end"        "bases"      "gc"        
[6] "6"          "7"         
[1] "chromosome"  "start"       "end"         "bases"       "gc"         
[6] "mappability" "use"        
[1] "chromosome"  "start"       "end"         "bases"       "gc"         
[6] "mappability" "use"        
[1] "chromosome"  "start"       "end"         "bases"       "gc"         
[6] "mappability" "use"        
EM algorithm started ... 

[1] "Total number of segments present in the data: 4"
[1] "Number of segments used for fitting the model: 4"
40974076926264218.952.9817098014786712436.4112.981709809194143436.470.2
Calling iteration1:

optim results
time: 0
minimum: 50.8378112256011
149.7010416834312-0.69489255400791-0.214027051545097-0.01167692052250640.2406090052436740.4113238112649020.9155824064575130.0108815932096392-2.8372167256497e-050.0111803493035957-2.59292745595888e-050.1542704581064630.160312747004248
4098912692968521952.9817098014786712436.4112.981709809194143436.470.2
Calling iteration2:

optim results
time: 0
minimum: 50.4070743564861
149.6865096208948-0.656626286293642-0.22083650526839-0.00912564881943910.2346082990091820.4010655362009550.9389357200665050.011259556298683-9.21059227109829e-060.0111803481730817-2.32550221976633e-050.1759479060685340.259582390632874
EM algorithm done ...

Computing posterior probabilities for all segments ...

Total time:0minutes

Adjusting segmented data for cellularity ... 

Cellularity sample1: 1

Adjusting normalized data for cellularity ... 

Cellularity sample1: 1

1
41015176935348219.153817098014786712436.4112.981709809194143436.470.2
41015366935849219.153817098014786712436.4112.981709809194143436.470.2
41015336935843219.153817098014786712436.4112.981709809194143436.470.2
41015616936631219.153817098014786712436.4112.981709809194143436.470.2
41019886937586219.153817098014786712436.4112.981709809194143436.470.2
41019976937590219.153817098014786712436.4112.981709809194143436.470.2
41020066937594219.153817098014786712436.4112.981709809194143436.470.2
41020156937598219.153817098014786712436.4112.981709809194143436.470.2
41020246937602219.153817098014786712436.4112.981709809194143436.470.2
41020306937605219.153817098014786712436.4112.981709809194143436.470.2
41020496937837219.153817098014786712436.4112.981709809194143436.470.2
41024656938160219.153817098014786712436.4112.981709809194143436.470.2
FINISHED!

Total time:0minutes

There were 24 warnings (use warnings() to see them)
pdf 
  2 
[1] 1
            aligned_sim_transloc_reads332c10de-130b-4df7-83cf-9c80004546b2_nreads12000_sizedels1000
1:1-200                                                                                         102
1:201-400                                                                                        58
1:401-600                                                                                        70
1:601-800                                                                                        56
1:801-1000                                                                                       50
1:1001-1200                                                                                      77
1:1201-1400                                                                                      61
1:1401-1600                                                                                      64
1:1601-1800                                                                                      69
1:1801-2000                                                                                      69
1:2001-2200                                                                                      54
1:2201-2400                                                                                      63
1:2401-2600                                                                                      47
1:2601-2800                                                                                      68
1:2801-3000                                                                                      60
1:3001-3200                                                                                      73
1:3201-3400                                                                                      65
1:3401-3600                                                                                      58
1:3601-3800                                                                                      62
1:3801-4000                                                                                      67
1:4001-4200                                                                                      46
1:4201-4400                                                                                      67
1:4401-4600                                                                                      61
1:4601-4800                                                                                      70
1:4801-5000                                                                                      56
1:5001-5200                                                                                      81
1:5201-5400                                                                                      55
1:5401-5600                                                                                      52
1:5601-5800                                                                                      56
1:5801-6000                                                                                      70
1:6001-6200                                                                                      59
1:6201-6400                                                                                      63
1:6401-6600                                                                                      58
1:6601-6800                                                                                      71
1:6801-7000                                                                                      53
2:1-200                                                                                         128
2:201-400                                                                                        64
2:401-600                                                                                        68
2:601-800                                                                                        65
2:801-1000                                                                                       68
2:1001-1200                                                                                      73
2:1201-1400                                                                                      68
2:1401-1600                                                                                      50
2:1601-1800                                                                                      65
2:1801-2000                                                                                      45
2:2001-2200                                                                                      69
2:2201-2400                                                                                      56
2:2401-2600                                                                                      67
2:2601-2800                                                                                      60
2:2801-3000                                                                                      67
2:3001-3200                                                                                      64
2:3201-3400                                                                                      51
2:3401-3600                                                                                      56
2:3601-3800                                                                                      60
2:3801-4000                                                                                      61
2:4001-4200                                                                                      66
2:4201-4400                                                                                      65
2:4401-4600                                                                                      55
2:4601-4800                                                                                      71
2:4801-5000                                                                                      49
2:5001-5200                                                                                      74
2:5201-5400                                                                                      51
2:5401-5600                                                                                      70
2:5601-5800                                                                                      55
2:5801-6000                                                                                      52
3:1-200                                                                                         109
3:201-400                                                                                        65
3:401-600                                                                                        65
3:601-800                                                                                        55
3:801-1000                                                                                       54
3:1001-1200                                                                                      67
3:1201-1400                                                                                      69
3:1401-1600                                                                                      52
3:1601-1800                                                                                      39
3:1801-2000                                                                                      28
3:2001-2200                                                                                      30
3:2201-2400                                                                                      43
3:2401-2600                                                                                      67
3:2601-2800                                                                                      59
3:2801-3000                                                                                      34
3:3001-3200                                                                                      74
3:3201-3400                                                                                      58
3:3401-3600                                                                                      55
3:3601-3800                                                                                      74
3:3801-4000                                                                                      60
3:4001-4200                                                                                      47
3:4201-4400                                                                                      38
3:4401-4500                                                                                      38
4:1-200                                                                                          80
4:201-400                                                                                        57
4:401-600                                                                                        49
4:601-800                                                                                        59
4:801-1000                                                                                       52
4:1001-1200                                                                                      57
4:1201-1400                                                                                      55
4:1401-1600                                                                                      45
4:1601-1800                                                                                      54
4:1801-2000                                                                                      58
Smoothing outliers ...
Performing segmentation:
NA
[Fri Oct 29 11:49:30 2021]
Finished job 0.
1 of 1 steps (100%) done
