Building DAG of jobs...
Using shell: /usr/bin/bash
Provided cores: 1 (use --cores to define parallelism)
Rules claiming more threads will be scaled down.
Select jobs to execute...

[Fri Oct 29 12:13:20 2021]
rule align_bwa:
    input: output/output_genome2/reads/sim_transloc_reads61f41cee-25ec-46cd-bbfc-7e14c6fcce44_nreads12000_sizedels500.fa
    output: output/output_genome2/alignments/aligned_sim_transloc_reads61f41cee-25ec-46cd-bbfc-7e14c6fcce44_nreads12000_sizedels500.bam
    jobid: 0
    wildcards: genome=genome2, name=61f41cee-25ec-46cd-bbfc-7e14c6fcce44, nreads=12000, size_deletion=500
    resources: mem_mb=1000, disk_mb=1000, tmpdir=/tmp

mkdir -p output/output_genome2/alignments/; /home/lm687/software/bwa/bwa mem -k 5 -a output/genome2/genome2.fa         output/output_genome2/reads/sim_transloc_reads61f41cee-25ec-46cd-bbfc-7e14c6fcce44_nreads12000_sizedels500.fa | /home/lm687/software/samtools-1.13/samtools sort -o output/output_genome2/alignments/aligned_sim_transloc_reads61f41cee-25ec-46cd-bbfc-7e14c6fcce44_nreads12000_sizedels500.bam -;         /home/lm687/software/samtools-1.13/samtools index output/output_genome2/alignments/aligned_sim_transloc_reads61f41cee-25ec-46cd-bbfc-7e14c6fcce44_nreads12000_sizedels500.bam
[M::bwa_idx_load_from_disk] read 0 ALT contigs
[M::process] read 12000 sequences (1742634 bp)...
[M::mem_process_seqs] Processed 12000 reads in 19.337 CPU sec, 19.385 real sec
[main] Version: 0.7.17-r1198-dirty
[main] CMD: /home/lm687/software/bwa/bwa mem -k 5 -a output/genome2/genome2.fa output/output_genome2/reads/sim_transloc_reads61f41cee-25ec-46cd-bbfc-7e14c6fcce44_nreads12000_sizedels500.fa
[main] Real time: 19.605 sec; CPU: 19.369 sec
[Fri Oct 29 12:13:40 2021]
Finished job 0.
1 of 1 steps (100%) done
