Building DAG of jobs...
Using shell: /usr/bin/bash
Provided cores: 1 (use --cores to define parallelism)
Rules claiming more threads will be scaled down.
Select jobs to execute...

[Fri Oct 29 12:00:18 2021]
rule align_bwa:
    input: output/output_genome2/reads/sim_transloc_reads4f469e5b-9b6a-4ddd-bb99-d65d8b40e28f_nreads8000_sizedels500.fa
    output: output/output_genome2/alignments/aligned_sim_transloc_reads4f469e5b-9b6a-4ddd-bb99-d65d8b40e28f_nreads8000_sizedels500.bam
    jobid: 0
    wildcards: genome=genome2, name=4f469e5b-9b6a-4ddd-bb99-d65d8b40e28f, nreads=8000, size_deletion=500
    resources: mem_mb=1000, disk_mb=1000, tmpdir=/tmp

mkdir -p output/output_genome2/alignments/; /home/lm687/software/bwa/bwa mem -k 5 -a output/genome2/genome2.fa         output/output_genome2/reads/sim_transloc_reads4f469e5b-9b6a-4ddd-bb99-d65d8b40e28f_nreads8000_sizedels500.fa | /home/lm687/software/samtools-1.13/samtools sort -o output/output_genome2/alignments/aligned_sim_transloc_reads4f469e5b-9b6a-4ddd-bb99-d65d8b40e28f_nreads8000_sizedels500.bam -;         /home/lm687/software/samtools-1.13/samtools index output/output_genome2/alignments/aligned_sim_transloc_reads4f469e5b-9b6a-4ddd-bb99-d65d8b40e28f_nreads8000_sizedels500.bam
[M::bwa_idx_load_from_disk] read 0 ALT contigs
[M::process] read 8000 sequences (1163586 bp)...
[M::mem_process_seqs] Processed 8000 reads in 14.840 CPU sec, 14.883 real sec
[main] Version: 0.7.17-r1198-dirty
[main] CMD: /home/lm687/software/bwa/bwa mem -k 5 -a output/genome2/genome2.fa output/output_genome2/reads/sim_transloc_reads4f469e5b-9b6a-4ddd-bb99-d65d8b40e28f_nreads8000_sizedels500.fa
[main] Real time: 15.115 sec; CPU: 14.861 sec
[Fri Oct 29 12:00:34 2021]
Finished job 0.
1 of 1 steps (100%) done
