Building DAG of jobs...
Using shell: /usr/bin/bash
Provided cores: 1 (use --cores to define parallelism)
Rules claiming more threads will be scaled down.
Select jobs to execute...

[Fri Oct 29 11:49:15 2021]
rule segment:
    input: output/output_genome2/alignments/aligned_sim_transloc_reads332c10de-130b-4df7-83cf-9c80004546b2_nreads12000_sizedels500.bam
    output: output/output_genome2/plots_segmented/plotCN_332c10de-130b-4df7-83cf-9c80004546b2_nreads12000_sizedels500_ACE08cellularity.pdf
    jobid: 0
    wildcards: genome=genome2, name=332c10de-130b-4df7-83cf-9c80004546b2, nreads=12000, size_deletion=500
    resources: mem_mb=1000, disk_mb=1000, tmpdir=/tmp

mkdir -p output/output_genome2/plots_segmented/; Rscript 4_segment.R --name 332c10de-130b-4df7-83cf-9c80004546b2 --genome genome2 --size_deletion 500 --nreads 12000
Loading required package: BiocGenerics
Loading required package: parallel

Attaching package: ‘BiocGenerics’

The following objects are masked from ‘package:parallel’:

    clusterApply, clusterApplyLB, clusterCall, clusterEvalQ,
    clusterExport, clusterMap, parApply, parCapply, parLapply,
    parLapplyLB, parRapply, parSapply, parSapplyLB

The following objects are masked from ‘package:stats’:

    IQR, mad, sd, var, xtabs

The following objects are masked from ‘package:base’:

    anyDuplicated, append, as.data.frame, basename, cbind, colnames,
    dirname, do.call, duplicated, eval, evalq, Filter, Find, get, grep,
    grepl, intersect, is.unsorted, lapply, Map, mapply, match, mget,
    order, paste, pmax, pmax.int, pmin, pmin.int, Position, rank,
    rbind, Reduce, rownames, sapply, setdiff, sort, table, tapply,
    union, unique, unsplit, which.max, which.min

Welcome to Bioconductor

    Vignettes contain introductory material; view with
    'browseVignettes()'. To cite Bioconductor, see
    'citation("Biobase")', and for packages 'citation("pkgname")'.

    aligned_sim_transloc_reads332c10de-130b-4df7-83cf-9c80004546b2_nreads12000_sizedels500 (1 of 1): extracting reads ... binning ...
            aligned_sim_transloc_reads332c10de-130b-4df7-83cf-9c80004546b2_nreads12000_sizedels500
1:1-200                                                                                        103
1:201-400                                                                                       63
1:401-600                                                                                       46
1:601-800                                                                                       70
1:801-1000                                                                                      65
1:1001-1200                                                                                     68
1:1201-1400                                                                                     58
1:1401-1600                                                                                     62
1:1601-1800                                                                                     70
1:1801-2000                                                                                     58
1:2001-2200                                                                                     53
1:2201-2400                                                                                     66
1:2401-2600                                                                                     80
1:2601-2800                                                                                     73
1:2801-3000                                                                                     71
1:3001-3200                                                                                     61
1:3201-3400                                                                                     63
1:3401-3600                                                                                     56
1:3601-3800                                                                                     50
1:3801-4000                                                                                     63
1:4001-4200                                                                                     67
1:4201-4400                                                                                     63
1:4401-4600                                                                                     55
1:4601-4800                                                                                     46
1:4801-5000                                                                                     66
1:5001-5200                                                                                     55
1:5201-5400                                                                                     59
1:5401-5600                                                                                     76
1:5601-5800                                                                                     56
1:5801-6000                                                                                     62
1:6001-6200                                                                                     67
1:6201-6400                                                                                     67
1:6401-6600                                                                                     45
1:6601-6800                                                                                     56
1:6801-7000                                                                                     49
2:1-200                                                                                         87
2:201-400                                                                                       65
2:401-600                                                                                       56
2:601-800                                                                                       54
2:801-1000                                                                                      66
2:1001-1200                                                                                     52
2:1201-1400                                                                                     58
2:1401-1600                                                                                     58
2:1601-1800                                                                                     63
2:1801-2000                                                                                     64
2:2001-2200                                                                                     54
2:2201-2400                                                                                     68
2:2401-2600                                                                                     52
2:2601-2800                                                                                     64
2:2801-3000                                                                                     63
2:3001-3200                                                                                     67
2:3201-3400                                                                                     52
2:3401-3600                                                                                     66
2:3601-3800                                                                                     65
2:3801-4000                                                                                     80
2:4001-4200                                                                                     53
2:4201-4400                                                                                     59
2:4401-4600                                                                                     58
2:4601-4800                                                                                     47
2:4801-5000                                                                                     45
2:5001-5200                                                                                     68
2:5201-5400                                                                                     70
2:5401-5600                                                                                     57
2:5601-5800                                                                                     72
2:5801-6000                                                                                     41
3:1-200                                                                                         93
3:201-400                                                                                       65
3:401-600                                                                                       70
3:601-800                                                                                       64
3:801-1000                                                                                      52
3:1001-1200                                                                                     62
3:1201-1400                                                                                     37
3:1401-1600                                                                                     39
3:1601-1800                                                                                     34
3:1801-2000                                                                                     58
3:2001-2200                                                                                     66
3:2201-2400                                                                                     60
3:2401-2600                                                                                     52
3:2601-2800                                                                                     68
3:2801-3000                                                                                     57
3:3001-3200                                                                                     61
3:3201-3400                                                                                     52
3:3401-3600                                                                                     77
3:3601-3800                                                                                     70
3:3801-4000                                                                                     74
3:4001-4200                                                                                     70
3:4201-4400                                                                                     58
3:4401-4500                                                                                     16
4:1-200                                                                                         76
4:201-400                                                                                       56
4:401-600                                                                                       54
4:601-800                                                                                       56
4:801-1000                                                                                      46
4:1001-1200                                                                                     54
4:1201-1400                                                                                     61
4:1401-1600                                                                                     67
4:1601-1800                                                                                     70
4:1801-2000                                                                                     51
[1] 5958
Calculating correction for GC content and mappability
    Calculating fit for sample aligned_sim_transloc_reads332c10de-130b-4df7-83cf-9c80004546b2_nreads12000_sizedels500 (1 of 1) ...
Done.
Applying median normalization ...
Smoothing outliers ...
Performing segmentation:
NA
[1] "chromosome" "start"      "end"        "bases"      "gc"        
[6] "6"          "7"         
[1] "chromosome"  "start"       "end"         "bases"       "gc"         
[6] "mappability" "use"        
[1] "chromosome"  "start"       "end"         "bases"       "gc"         
[6] "mappability" "use"        
[1] "chromosome"  "start"       "end"         "bases"       "gc"         
[6] "mappability" "use"        
EM algorithm started ... 

[1] "Total number of segments present in the data: 4"
[1] "Number of segments used for fitting the model: 4"
40973936926264218.952.9817098014786712436.4112.981709809194151436.470.2
Calling iteration1:

optim results
time: 0
minimum: 47.9280446064986
147.9193456422768-0.8838719821248-0.289141277451548-0.04052017723761140.351955971311560.601672707015681.128483155499470.237783483056539-0.0001527703374429670.0111810292743133-0.0002853621356512060.4774374930818430.577181841077442
4098898692968521952.9817098014786712436.4112.981709809194151436.470.2
Calling iteration2:

optim results
time: 0
minimum: 47.9193545364801
147.9192105513602-0.877302868305953-0.273692050821794-0.0403536746608760.3446496199623310.5891824168855921.139245431068510.226438740160989-1.74547438288181e-050.0111803559304873-4.85270630197092e-050.6348871646707410.666534020542099
4098898692968521952.9817098014786712436.4112.981709809194151436.470.2
Calling iteration3:

optim results
time: 0
minimum: 47.919211869508
147.9192077192664-0.849410956246191-0.245800138762031-0.0403536746608760.3446496199623310.5891824168855921.139245431068510.226438740160989-1.74547438288181e-050.0111803559304873-4.85270630197092e-050.6348871646707410.666534020542099
4098898692968521952.9817098014786712436.4112.981709809194151436.470.2
Calling iteration4:

optim results
time: 0
minimum: 47.9192077732067
147.9192074375458-0.838783211673419-0.242352232982474-0.04038364474328860.3388641053133270.579292014266841.123441496959490.2503498929787169.68227138838351e-060.01118034125967621.77020980567737e-070.6588165729467250.682703553550342
EM algorithm done ...

Computing posterior probabilities for all segments ...

Total time:0minutes

Adjusting segmented data for cellularity ... 

Cellularity sample1: 1

Adjusting normalized data for cellularity ... 

Cellularity sample1: 1

1
41015036935348219.153817098014786712436.4112.981709809194151436.470.2
41015226935849219.153817098014786712436.4112.981709809194151436.470.2
41015196935843219.153817098014786712436.4112.981709809194151436.470.2
41015476936631219.153817098014786712436.4112.981709809194151436.470.2
41019746937586219.153817098014786712436.4112.981709809194151436.470.2
41019836937590219.153817098014786712436.4112.981709809194151436.470.2
41019926937594219.153817098014786712436.4112.981709809194151436.470.2
41020016937598219.153817098014786712436.4112.981709809194151436.470.2
41020106937602219.153817098014786712436.4112.981709809194151436.470.2
41020166937605219.153817098014786712436.4112.981709809194151436.470.2
41020356937837219.153817098014786712436.4112.981709809194151436.470.2
41024516938160219.153817098014786712436.4112.981709809194151436.470.2
FINISHED!

Total time:0minutes

There were 40 warnings (use warnings() to see them)
pdf 
  2 
[1] 1
            aligned_sim_transloc_reads332c10de-130b-4df7-83cf-9c80004546b2_nreads12000_sizedels500
1:1-200                                                                                        103
1:201-400                                                                                       63
1:401-600                                                                                       46
1:601-800                                                                                       70
1:801-1000                                                                                      65
1:1001-1200                                                                                     68
1:1201-1400                                                                                     58
1:1401-1600                                                                                     62
1:1601-1800                                                                                     70
1:1801-2000                                                                                     58
1:2001-2200                                                                                     53
1:2201-2400                                                                                     66
1:2401-2600                                                                                     80
1:2601-2800                                                                                     73
1:2801-3000                                                                                     71
1:3001-3200                                                                                     61
1:3201-3400                                                                                     63
1:3401-3600                                                                                     56
1:3601-3800                                                                                     50
1:3801-4000                                                                                     63
1:4001-4200                                                                                     67
1:4201-4400                                                                                     63
1:4401-4600                                                                                     55
1:4601-4800                                                                                     46
1:4801-5000                                                                                     66
1:5001-5200                                                                                     55
1:5201-5400                                                                                     59
1:5401-5600                                                                                     76
1:5601-5800                                                                                     56
1:5801-6000                                                                                     62
1:6001-6200                                                                                     67
1:6201-6400                                                                                     67
1:6401-6600                                                                                     45
1:6601-6800                                                                                     56
1:6801-7000                                                                                     49
2:1-200                                                                                         87
2:201-400                                                                                       65
2:401-600                                                                                       56
2:601-800                                                                                       54
2:801-1000                                                                                      66
2:1001-1200                                                                                     52
2:1201-1400                                                                                     58
2:1401-1600                                                                                     58
2:1601-1800                                                                                     63
2:1801-2000                                                                                     64
2:2001-2200                                                                                     54
2:2201-2400                                                                                     68
2:2401-2600                                                                                     52
2:2601-2800                                                                                     64
2:2801-3000                                                                                     63
2:3001-3200                                                                                     67
2:3201-3400                                                                                     52
2:3401-3600                                                                                     66
2:3601-3800                                                                                     65
2:3801-4000                                                                                     80
2:4001-4200                                                                                     53
2:4201-4400                                                                                     59
2:4401-4600                                                                                     58
2:4601-4800                                                                                     47
2:4801-5000                                                                                     45
2:5001-5200                                                                                     68
2:5201-5400                                                                                     70
2:5401-5600                                                                                     57
2:5601-5800                                                                                     72
2:5801-6000                                                                                     41
3:1-200                                                                                         93
3:201-400                                                                                       65
3:401-600                                                                                       70
3:601-800                                                                                       64
3:801-1000                                                                                      52
3:1001-1200                                                                                     62
3:1201-1400                                                                                     37
3:1401-1600                                                                                     39
3:1601-1800                                                                                     34
3:1801-2000                                                                                     58
3:2001-2200                                                                                     66
3:2201-2400                                                                                     60
3:2401-2600                                                                                     52
3:2601-2800                                                                                     68
3:2801-3000                                                                                     57
3:3001-3200                                                                                     61
3:3201-3400                                                                                     52
3:3401-3600                                                                                     77
3:3601-3800                                                                                     70
3:3801-4000                                                                                     74
3:4001-4200                                                                                     70
3:4201-4400                                                                                     58
3:4401-4500                                                                                     32
4:1-200                                                                                         76
4:201-400                                                                                       56
4:401-600                                                                                       54
4:601-800                                                                                       56
4:801-1000                                                                                      46
4:1001-1200                                                                                     54
4:1201-1400                                                                                     61
4:1401-1600                                                                                     67
4:1601-1800                                                                                     70
4:1801-2000                                                                                     51
Smoothing outliers ...
Performing segmentation:
NA
[Fri Oct 29 11:49:37 2021]
Finished job 0.
1 of 1 steps (100%) done
