Building DAG of jobs...
Using shell: /usr/bin/bash
Provided cores: 1 (use --cores to define parallelism)
Rules claiming more threads will be scaled down.
Select jobs to execute...

[Fri Oct 29 11:49:14 2021]
rule segment:
    input: output/output_genome2/alignments/aligned_sim_transloc_readscbbd7d10-e1b9-4d8c-b87b-5cf3e718f133_nreads12000_sizedels500.bam
    output: output/output_genome2/plots_segmented/plotCN_cbbd7d10-e1b9-4d8c-b87b-5cf3e718f133_nreads12000_sizedels500_ACE08cellularity.pdf
    jobid: 0
    wildcards: genome=genome2, name=cbbd7d10-e1b9-4d8c-b87b-5cf3e718f133, nreads=12000, size_deletion=500
    resources: mem_mb=1000, disk_mb=1000, tmpdir=/tmp

mkdir -p output/output_genome2/plots_segmented/; Rscript 4_segment.R --name cbbd7d10-e1b9-4d8c-b87b-5cf3e718f133 --genome genome2 --size_deletion 500 --nreads 12000
Loading required package: BiocGenerics
Loading required package: parallel

Attaching package: ‘BiocGenerics’

The following objects are masked from ‘package:parallel’:

    clusterApply, clusterApplyLB, clusterCall, clusterEvalQ,
    clusterExport, clusterMap, parApply, parCapply, parLapply,
    parLapplyLB, parRapply, parSapply, parSapplyLB

The following objects are masked from ‘package:stats’:

    IQR, mad, sd, var, xtabs

The following objects are masked from ‘package:base’:

    anyDuplicated, append, as.data.frame, basename, cbind, colnames,
    dirname, do.call, duplicated, eval, evalq, Filter, Find, get, grep,
    grepl, intersect, is.unsorted, lapply, Map, mapply, match, mget,
    order, paste, pmax, pmax.int, pmin, pmin.int, Position, rank,
    rbind, Reduce, rownames, sapply, setdiff, sort, table, tapply,
    union, unique, unsplit, which.max, which.min

Welcome to Bioconductor

    Vignettes contain introductory material; view with
    'browseVignettes()'. To cite Bioconductor, see
    'citation("Biobase")', and for packages 'citation("pkgname")'.

    aligned_sim_transloc_readscbbd7d10-e1b9-4d8c-b87b-5cf3e718f133_nreads12000_sizedels500 (1 of 1): extracting reads ... binning ...
            aligned_sim_transloc_readscbbd7d10-e1b9-4d8c-b87b-5cf3e718f133_nreads12000_sizedels500
1:1-200                                                                                         89
1:201-400                                                                                       49
1:401-600                                                                                       62
1:601-800                                                                                       55
1:801-1000                                                                                      61
1:1001-1200                                                                                     63
1:1201-1400                                                                                     59
1:1401-1600                                                                                     68
1:1601-1800                                                                                     67
1:1801-2000                                                                                     63
1:2001-2200                                                                                     68
1:2201-2400                                                                                     57
1:2401-2600                                                                                     58
1:2601-2800                                                                                     60
1:2801-3000                                                                                     70
1:3001-3200                                                                                     66
1:3201-3400                                                                                     71
1:3401-3600                                                                                     59
1:3601-3800                                                                                     75
1:3801-4000                                                                                     48
1:4001-4200                                                                                     55
1:4201-4400                                                                                     62
1:4401-4600                                                                                     73
1:4601-4800                                                                                     63
1:4801-5000                                                                                     59
1:5001-5200                                                                                     61
1:5201-5400                                                                                     57
1:5401-5600                                                                                     58
1:5601-5800                                                                                     71
1:5801-6000                                                                                     53
1:6001-6200                                                                                     76
1:6201-6400                                                                                     71
1:6401-6600                                                                                     57
1:6601-6800                                                                                     53
1:6801-7000                                                                                     50
2:1-200                                                                                        103
2:201-400                                                                                       64
2:401-600                                                                                       59
2:601-800                                                                                       59
2:801-1000                                                                                      57
2:1001-1200                                                                                     62
2:1201-1400                                                                                     50
2:1401-1600                                                                                     42
2:1601-1800                                                                                     38
2:1801-2000                                                                                     64
2:2001-2200                                                                                     53
2:2201-2400                                                                                     52
2:2401-2600                                                                                     68
2:2601-2800                                                                                     68
2:2801-3000                                                                                     54
2:3001-3200                                                                                     58
2:3201-3400                                                                                     76
2:3401-3600                                                                                     47
2:3601-3800                                                                                     63
2:3801-4000                                                                                     60
2:4001-4200                                                                                     68
2:4201-4400                                                                                     73
2:4401-4600                                                                                     74
2:4601-4800                                                                                     61
2:4801-5000                                                                                     69
2:5001-5200                                                                                     66
2:5201-5400                                                                                     64
2:5401-5600                                                                                     61
2:5601-5800                                                                                     64
2:5801-6000                                                                                     49
3:1-200                                                                                        117
3:201-400                                                                                       55
3:401-600                                                                                       55
3:601-800                                                                                       62
3:801-1000                                                                                      50
3:1001-1200                                                                                     64
3:1201-1400                                                                                     61
3:1401-1600                                                                                     72
3:1601-1800                                                                                     57
3:1801-2000                                                                                     65
3:2001-2200                                                                                     50
3:2201-2400                                                                                     58
3:2401-2600                                                                                     59
3:2601-2800                                                                                     50
3:2801-3000                                                                                     61
3:3001-3200                                                                                     55
3:3201-3400                                                                                     71
3:3401-3600                                                                                     70
3:3601-3800                                                                                     67
3:3801-4000                                                                                     77
3:4001-4200                                                                                     65
3:4201-4400                                                                                     58
3:4401-4500                                                                                     16
4:1-200                                                                                         98
4:201-400                                                                                       58
4:401-600                                                                                       55
4:601-800                                                                                       62
4:801-1000                                                                                      61
4:1001-1200                                                                                     57
4:1201-1400                                                                                     53
4:1401-1600                                                                                     45
4:1601-1800                                                                                     57
4:1801-2000                                                                                     50
[1] 6044
Calculating correction for GC content and mappability
    Calculating fit for sample aligned_sim_transloc_readscbbd7d10-e1b9-4d8c-b87b-5cf3e718f133_nreads12000_sizedels500 (1 of 1) ...
Done.
Applying median normalization ...
Smoothing outliers ...
Performing segmentation:
NA
[1] "chromosome" "start"      "end"        "bases"      "gc"        
[6] "6"          "7"         
[1] "chromosome"  "start"       "end"         "bases"       "gc"         
[6] "mappability" "use"        
[1] "chromosome"  "start"       "end"         "bases"       "gc"         
[6] "mappability" "use"        
[1] "chromosome"  "start"       "end"         "bases"       "gc"         
[6] "mappability" "use"        
EM algorithm started ... 

[1] "Total number of segments present in the data: 4"
[1] "Number of segments used for fitting the model: 4"
40974076926264218.952.9817098014786712436.4112.981709809194170436.470.2
Calling iteration1:

optim results
time: 0
minimum: 47.3273151787315
147.3252904312735-0.787369871713911-0.2819419741623360.008494158962163680.2801957668163360.4789978271614050.9870824155876420.18040079715949-3.10767428171852e-060.01118035334052434.53534786376654e-050.02672717861598540.0580293255374337
4098912692968521952.9817098014786712436.4112.981709809194170436.470.2
Calling iteration2:

optim results
time: 0
minimum: 47.3252922636966
147.3252760283034-0.758715616339428-0.2532877187878540.008494158962163680.2801957668163360.4789978271614050.9870824155876420.18040079715949-3.10767428171852e-060.01118035334052434.53534786376654e-050.02672717861598540.0580293255374337
4098912692968521952.9817098014786712436.4112.981709809194170436.470.2
Calling iteration3:

optim results
time: 0
minimum: 47.3252761243067
147.3252757725945-0.732502306171188-0.2270744086196140.008494158962163680.2801957668163360.4789978271614050.9870824155876420.18040079715949-3.10767428171852e-060.01118035334052434.53534786376654e-050.02672717861598540.0580293255374337
4098912692968521952.9817098014786712436.4112.981709809194170436.470.2
Calling iteration4:

optim results
time: 0
minimum: 47.3252757806149
147.3252757636626-0.708814415123649-0.2033865175720750.008494158962163680.2801957668163360.4789978271614050.9870824155876420.18040079715949-3.10767428171852e-060.01118035334052434.53534786376654e-050.02672717861598540.0580293255374337
4098912692968521952.9817098014786712436.4112.981709809194170436.470.2
Calling iteration5:

optim results
time: 0
minimum: 47.3252757646303
147.3252757631327-0.687824688466303-0.1823967909147280.008494158962163680.2801957668163360.4789978271614050.9870824155876420.18040079715949-3.10767428171852e-060.01118035334052434.53534786376654e-050.02672717861598540.0580293255374337
4098912692968521952.9817098014786712436.4112.981709809194170436.470.2
Calling iteration6:

optim results
time: 0
minimum: 47.3252757632873
147.3252757630853-0.669622915917825-0.1641950183662510.008494158962163680.2801957668163360.4789978271614050.9870824155876420.18040079715949-3.10767428171852e-060.01118035334052434.53534786376654e-050.02672717861598540.0580293255374337
4098912692968521952.9817098014786712436.4112.981709809194170436.470.2
Calling iteration7:

optim results
time: 0
minimum: 47.3252757176836
147.3252757176467-0.66052580822219-0.162029071181780.008486223763690090.2741159412516370.4686042967091060.9696680875734170.2146789026791931.56643282167793e-070.0111803490958666-4.05857717930366e-050.01381838233380080.0869355553844334
EM algorithm done ...

Computing posterior probabilities for all segments ...

Total time:0minutes

Adjusting segmented data for cellularity ... 

Cellularity sample1: 1

Adjusting normalized data for cellularity ... 

Cellularity sample1: 1

1
41015176935348219.153817098014786712436.4112.981709809194170436.470.2
41015366935849219.153817098014786712436.4112.981709809194170436.470.2
41015336935843219.153817098014786712436.4112.981709809194170436.470.2
41015616936631219.153817098014786712436.4112.981709809194170436.470.2
41019886937586219.153817098014786712436.4112.981709809194170436.470.2
41019976937590219.153817098014786712436.4112.981709809194170436.470.2
41020066937594219.153817098014786712436.4112.981709809194170436.470.2
41020156937598219.153817098014786712436.4112.981709809194170436.470.2
41020246937602219.153817098014786712436.4112.981709809194170436.470.2
41020306937605219.153817098014786712436.4112.981709809194170436.470.2
41020496937837219.153817098014786712436.4112.981709809194170436.470.2
41024656938160219.153817098014786712436.4112.981709809194170436.470.2
FINISHED!

Total time:0minutes

There were 50 or more warnings (use warnings() to see the first 50)
pdf 
  2 
[1] 1
            aligned_sim_transloc_readscbbd7d10-e1b9-4d8c-b87b-5cf3e718f133_nreads12000_sizedels500
1:1-200                                                                                         89
1:201-400                                                                                       49
1:401-600                                                                                       62
1:601-800                                                                                       55
1:801-1000                                                                                      61
1:1001-1200                                                                                     63
1:1201-1400                                                                                     59
1:1401-1600                                                                                     68
1:1601-1800                                                                                     67
1:1801-2000                                                                                     63
1:2001-2200                                                                                     68
1:2201-2400                                                                                     57
1:2401-2600                                                                                     58
1:2601-2800                                                                                     60
1:2801-3000                                                                                     70
1:3001-3200                                                                                     66
1:3201-3400                                                                                     71
1:3401-3600                                                                                     59
1:3601-3800                                                                                     75
1:3801-4000                                                                                     48
1:4001-4200                                                                                     55
1:4201-4400                                                                                     62
1:4401-4600                                                                                     73
1:4601-4800                                                                                     63
1:4801-5000                                                                                     59
1:5001-5200                                                                                     61
1:5201-5400                                                                                     57
1:5401-5600                                                                                     58
1:5601-5800                                                                                     71
1:5801-6000                                                                                     53
1:6001-6200                                                                                     76
1:6201-6400                                                                                     71
1:6401-6600                                                                                     57
1:6601-6800                                                                                     53
1:6801-7000                                                                                     50
2:1-200                                                                                        103
2:201-400                                                                                       64
2:401-600                                                                                       59
2:601-800                                                                                       59
2:801-1000                                                                                      57
2:1001-1200                                                                                     62
2:1201-1400                                                                                     50
2:1401-1600                                                                                     42
2:1601-1800                                                                                     38
2:1801-2000                                                                                     64
2:2001-2200                                                                                     53
2:2201-2400                                                                                     52
2:2401-2600                                                                                     68
2:2601-2800                                                                                     68
2:2801-3000                                                                                     54
2:3001-3200                                                                                     58
2:3201-3400                                                                                     76
2:3401-3600                                                                                     47
2:3601-3800                                                                                     63
2:3801-4000                                                                                     60
2:4001-4200                                                                                     68
2:4201-4400                                                                                     73
2:4401-4600                                                                                     74
2:4601-4800                                                                                     61
2:4801-5000                                                                                     69
2:5001-5200                                                                                     66
2:5201-5400                                                                                     64
2:5401-5600                                                                                     61
2:5601-5800                                                                                     64
2:5801-6000                                                                                     49
3:1-200                                                                                        117
3:201-400                                                                                       55
3:401-600                                                                                       55
3:601-800                                                                                       62
3:801-1000                                                                                      50
3:1001-1200                                                                                     64
3:1201-1400                                                                                     61
3:1401-1600                                                                                     72
3:1601-1800                                                                                     57
3:1801-2000                                                                                     65
3:2001-2200                                                                                     50
3:2201-2400                                                                                     58
3:2401-2600                                                                                     59
3:2601-2800                                                                                     50
3:2801-3000                                                                                     61
3:3001-3200                                                                                     55
3:3201-3400                                                                                     71
3:3401-3600                                                                                     70
3:3601-3800                                                                                     67
3:3801-4000                                                                                     77
3:4001-4200                                                                                     65
3:4201-4400                                                                                     58
3:4401-4500                                                                                     32
4:1-200                                                                                         98
4:201-400                                                                                       58
4:401-600                                                                                       55
4:601-800                                                                                       62
4:801-1000                                                                                      61
4:1001-1200                                                                                     57
4:1201-1400                                                                                     53
4:1401-1600                                                                                     45
4:1601-1800                                                                                     57
4:1801-2000                                                                                     50
Smoothing outliers ...
Performing segmentation:
NA
[Fri Oct 29 11:49:31 2021]
Finished job 0.
1 of 1 steps (100%) done
