Building DAG of jobs...
Using shell: /usr/bin/bash
Provided cores: 1 (use --cores to define parallelism)
Rules claiming more threads will be scaled down.
Select jobs to execute...

[Fri Oct 29 11:49:15 2021]
rule segment:
    input: output/output_genome2/alignments/aligned_sim_transloc_reads4f469e5b-9b6a-4ddd-bb99-d65d8b40e28f_nreads8000_sizedels1000.bam
    output: output/output_genome2/plots_segmented/plotCN_4f469e5b-9b6a-4ddd-bb99-d65d8b40e28f_nreads8000_sizedels1000_ACE08cellularity.pdf
    jobid: 0
    wildcards: genome=genome2, name=4f469e5b-9b6a-4ddd-bb99-d65d8b40e28f, nreads=8000, size_deletion=1000
    resources: mem_mb=1000, disk_mb=1000, tmpdir=/tmp

mkdir -p output/output_genome2/plots_segmented/; Rscript 4_segment.R --name 4f469e5b-9b6a-4ddd-bb99-d65d8b40e28f --genome genome2 --size_deletion 1000 --nreads 8000
Loading required package: BiocGenerics
Loading required package: parallel

Attaching package: ‘BiocGenerics’

The following objects are masked from ‘package:parallel’:

    clusterApply, clusterApplyLB, clusterCall, clusterEvalQ,
    clusterExport, clusterMap, parApply, parCapply, parLapply,
    parLapplyLB, parRapply, parSapply, parSapplyLB

The following objects are masked from ‘package:stats’:

    IQR, mad, sd, var, xtabs

The following objects are masked from ‘package:base’:

    anyDuplicated, append, as.data.frame, basename, cbind, colnames,
    dirname, do.call, duplicated, eval, evalq, Filter, Find, get, grep,
    grepl, intersect, is.unsorted, lapply, Map, mapply, match, mget,
    order, paste, pmax, pmax.int, pmin, pmin.int, Position, rank,
    rbind, Reduce, rownames, sapply, setdiff, sort, table, tapply,
    union, unique, unsplit, which.max, which.min

Welcome to Bioconductor

    Vignettes contain introductory material; view with
    'browseVignettes()'. To cite Bioconductor, see
    'citation("Biobase")', and for packages 'citation("pkgname")'.

    aligned_sim_transloc_reads4f469e5b-9b6a-4ddd-bb99-d65d8b40e28f_nreads8000_sizedels1000 (1 of 1): extracting reads ... binning ...
            aligned_sim_transloc_reads4f469e5b-9b6a-4ddd-bb99-d65d8b40e28f_nreads8000_sizedels1000
1:1-200                                                                                         67
1:201-400                                                                                       43
1:401-600                                                                                       39
1:601-800                                                                                       38
1:801-1000                                                                                      47
1:1001-1200                                                                                     46
1:1201-1400                                                                                     41
1:1401-1600                                                                                     38
1:1601-1800                                                                                     38
1:1801-2000                                                                                     46
1:2001-2200                                                                                     39
1:2201-2400                                                                                     48
1:2401-2600                                                                                     45
1:2601-2800                                                                                     43
1:2801-3000                                                                                     41
1:3001-3200                                                                                     34
1:3201-3400                                                                                     45
1:3401-3600                                                                                     43
1:3601-3800                                                                                     37
1:3801-4000                                                                                     37
1:4001-4200                                                                                     39
1:4201-4400                                                                                     37
1:4401-4600                                                                                     34
1:4601-4800                                                                                     45
1:4801-5000                                                                                     41
1:5001-5200                                                                                     42
1:5201-5400                                                                                     48
1:5401-5600                                                                                     35
1:5601-5800                                                                                     44
1:5801-6000                                                                                     41
1:6001-6200                                                                                     36
1:6201-6400                                                                                     43
1:6401-6600                                                                                     41
1:6601-6800                                                                                     39
1:6801-7000                                                                                     31
2:1-200                                                                                         64
2:201-400                                                                                       46
2:401-600                                                                                       46
2:601-800                                                                                       42
2:801-1000                                                                                      46
2:1001-1200                                                                                     53
2:1201-1400                                                                                     51
2:1401-1600                                                                                     40
2:1601-1800                                                                                     42
2:1801-2000                                                                                     42
2:2001-2200                                                                                     32
2:2201-2400                                                                                     38
2:2401-2600                                                                                     39
2:2601-2800                                                                                     35
2:2801-3000                                                                                     38
2:3001-3200                                                                                     32
2:3201-3400                                                                                     43
2:3401-3600                                                                                     36
2:3601-3800                                                                                     48
2:3801-4000                                                                                     41
2:4001-4200                                                                                     35
2:4201-4400                                                                                     40
2:4401-4600                                                                                     35
2:4601-4800                                                                                     26
2:4801-5000                                                                                     24
2:5001-5200                                                                                     28
2:5201-5400                                                                                     30
2:5401-5600                                                                                     34
2:5601-5800                                                                                     41
2:5801-6000                                                                                     36
3:1-200                                                                                         72
3:201-400                                                                                       48
3:401-600                                                                                       29
3:601-800                                                                                       33
3:801-1000                                                                                      43
3:1001-1200                                                                                     42
3:1201-1400                                                                                     31
3:1401-1600                                                                                     43
3:1601-1800                                                                                     38
3:1801-2000                                                                                     40
3:2001-2200                                                                                     30
3:2201-2400                                                                                     32
3:2401-2600                                                                                     33
3:2601-2800                                                                                     33
3:2801-3000                                                                                     39
3:3001-3200                                                                                     45
3:3201-3400                                                                                     40
3:3401-3600                                                                                     38
3:3601-3800                                                                                     32
3:3801-4000                                                                                     40
3:4001-4200                                                                                     44
3:4201-4400                                                                                     49
3:4401-4500                                                                                     24
4:1-200                                                                                         65
4:201-400                                                                                       30
4:401-600                                                                                       42
4:601-800                                                                                       32
4:801-1000                                                                                      40
4:1001-1200                                                                                     42
4:1201-1400                                                                                     33
4:1401-1600                                                                                     34
4:1601-1800                                                                                     36
4:1801-2000                                                                                     42
[1] 3928
Calculating correction for GC content and mappability
    Calculating fit for sample aligned_sim_transloc_reads4f469e5b-9b6a-4ddd-bb99-d65d8b40e28f_nreads8000_sizedels1000 (1 of 1) ...
Done.
Applying median normalization ...
Smoothing outliers ...
Performing segmentation:
NA
[1] "chromosome" "start"      "end"        "bases"      "gc"        
[6] "6"          "7"         
[1] "chromosome"  "start"       "end"         "bases"       "gc"         
[6] "mappability" "use"        
[1] "chromosome"  "start"       "end"         "bases"       "gc"         
[6] "mappability" "use"        
[1] "chromosome"  "start"       "end"         "bases"       "gc"         
[6] "mappability" "use"        
EM algorithm started ... 

[1] "Total number of segments present in the data: 4"
[1] "Number of segments used for fitting the model: 4"
40974076926264218.952.9817098014786712436.4112.981709809194173436.470.2
Calling iteration1:

optim results
time: 0
minimum: 47.8851822469618
147.884594858404-0.794501839148686-0.3010798882221760.03623621071326280.268989308169770.4598402595690380.9518353066189090.178971693504246-4.69122317062419e-070.0111803681813054.77564000184462e-050.1515878466383140.1794963831882
4098912692968521952.9817098014786712436.4112.981709809194173436.470.2
Calling iteration2:

optim results
time: 0
minimum: 47.884594900178
147.8845939362881-0.794501839148686-0.3010798882221760.03623621071326280.2414637449079080.4127849983720750.9047800454219460.178971693504246-4.69122317062419e-070.0111803681813054.77564000184462e-050.1515878466383140.1794963831882
4098912692968521952.9817098014786712436.4112.981709809194173436.470.2
Calling iteration3:

optim results
time: 0
minimum: 47.884593937519
147.8845939301637-0.794501839148686-0.3010798882221760.03623621071326280.21633480490590.3698267916989490.861821838748820.178971693504246-4.69122317062419e-070.0111803681813054.77564000184462e-050.1515878466383140.1794963831882
4098912692968521952.9817098014786712436.4112.981709809194173436.470.2
Calling iteration4:

optim results
time: 0
minimum: 47.8845939302639
147.8845939300248-0.794501839148686-0.3010798882221760.03623621071326280.1938168036618610.3313320143135990.8233270613634690.178971693504246-4.69122317062419e-070.0111803681813054.77564000184462e-050.1515878466383140.1794963831882
4098912692968521952.9817098014786712436.4112.981709809194173436.470.2
Calling iteration5:

optim results
time: 0
minimum: 47.8845939300423
147.884593930017-0.794501839148686-0.3010798882221760.03623621071326280.1740472093465980.297535669606220.789530716656090.178971693504246-4.69122317062419e-070.0111803681813054.77564000184462e-050.1515878466383140.1794963831882
4098912692968521952.9817098014786712436.4112.981709809194173436.470.2
Calling iteration6:

optim results
time: 0
minimum: 47.8845939014253
147.8845939014191-0.781863435616362-0.2946380202322310.03624307332931610.1716750061797280.2934803615070750.7793245858229880.211489410694793.36313366041514e-050.0111803675336317-2.5153277440593e-050.1840902020255460.224609232962658
EM algorithm done ...

Computing posterior probabilities for all segments ...

Total time:0minutes

Adjusting segmented data for cellularity ... 

Cellularity sample1: 1

Adjusting normalized data for cellularity ... 

Cellularity sample1: 1

1
41015176935348219.153817098014786712436.4112.981709809194173436.470.2
41015366935849219.153817098014786712436.4112.981709809194173436.470.2
41015336935843219.153817098014786712436.4112.981709809194173436.470.2
41015616936631219.153817098014786712436.4112.981709809194173436.470.2
41019886937586219.153817098014786712436.4112.981709809194173436.470.2
41019976937590219.153817098014786712436.4112.981709809194173436.470.2
41020066937594219.153817098014786712436.4112.981709809194173436.470.2
41020156937598219.153817098014786712436.4112.981709809194173436.470.2
41020246937602219.153817098014786712436.4112.981709809194173436.470.2
41020306937605219.153817098014786712436.4112.981709809194173436.470.2
41020496937837219.153817098014786712436.4112.981709809194173436.470.2
41024656938160219.153817098014786712436.4112.981709809194173436.470.2
FINISHED!

Total time:0minutes

There were 50 or more warnings (use warnings() to see the first 50)
pdf 
  2 
[1] 1
            aligned_sim_transloc_reads4f469e5b-9b6a-4ddd-bb99-d65d8b40e28f_nreads8000_sizedels1000
1:1-200                                                                                         67
1:201-400                                                                                       43
1:401-600                                                                                       39
1:601-800                                                                                       38
1:801-1000                                                                                      47
1:1001-1200                                                                                     46
1:1201-1400                                                                                     41
1:1401-1600                                                                                     38
1:1601-1800                                                                                     38
1:1801-2000                                                                                     46
1:2001-2200                                                                                     39
1:2201-2400                                                                                     48
1:2401-2600                                                                                     45
1:2601-2800                                                                                     43
1:2801-3000                                                                                     41
1:3001-3200                                                                                     34
1:3201-3400                                                                                     45
1:3401-3600                                                                                     43
1:3601-3800                                                                                     37
1:3801-4000                                                                                     37
1:4001-4200                                                                                     39
1:4201-4400                                                                                     37
1:4401-4600                                                                                     34
1:4601-4800                                                                                     45
1:4801-5000                                                                                     41
1:5001-5200                                                                                     42
1:5201-5400                                                                                     48
1:5401-5600                                                                                     35
1:5601-5800                                                                                     44
1:5801-6000                                                                                     41
1:6001-6200                                                                                     36
1:6201-6400                                                                                     43
1:6401-6600                                                                                     41
1:6601-6800                                                                                     39
1:6801-7000                                                                                     31
2:1-200                                                                                         64
2:201-400                                                                                       46
2:401-600                                                                                       46
2:601-800                                                                                       42
2:801-1000                                                                                      46
2:1001-1200                                                                                     53
2:1201-1400                                                                                     51
2:1401-1600                                                                                     40
2:1601-1800                                                                                     42
2:1801-2000                                                                                     42
2:2001-2200                                                                                     32
2:2201-2400                                                                                     38
2:2401-2600                                                                                     39
2:2601-2800                                                                                     35
2:2801-3000                                                                                     38
2:3001-3200                                                                                     32
2:3201-3400                                                                                     43
2:3401-3600                                                                                     36
2:3601-3800                                                                                     48
2:3801-4000                                                                                     41
2:4001-4200                                                                                     35
2:4201-4400                                                                                     40
2:4401-4600                                                                                     35
2:4601-4800                                                                                     26
2:4801-5000                                                                                     24
2:5001-5200                                                                                     28
2:5201-5400                                                                                     30
2:5401-5600                                                                                     34
2:5601-5800                                                                                     41
2:5801-6000                                                                                     36
3:1-200                                                                                         72
3:201-400                                                                                       48
3:401-600                                                                                       29
3:601-800                                                                                       33
3:801-1000                                                                                      43
3:1001-1200                                                                                     42
3:1201-1400                                                                                     31
3:1401-1600                                                                                     43
3:1601-1800                                                                                     38
3:1801-2000                                                                                     40
3:2001-2200                                                                                     30
3:2201-2400                                                                                     32
3:2401-2600                                                                                     33
3:2601-2800                                                                                     33
3:2801-3000                                                                                     39
3:3001-3200                                                                                     45
3:3201-3400                                                                                     40
3:3401-3600                                                                                     38
3:3601-3800                                                                                     32
3:3801-4000                                                                                     40
3:4001-4200                                                                                     44
3:4201-4400                                                                                     49
3:4401-4500                                                                                     48
4:1-200                                                                                         65
4:201-400                                                                                       30
4:401-600                                                                                       42
4:601-800                                                                                       32
4:801-1000                                                                                      40
4:1001-1200                                                                                     42
4:1201-1400                                                                                     33
4:1401-1600                                                                                     34
4:1601-1800                                                                                     36
4:1801-2000                                                                                     42
Smoothing outliers ...
Performing segmentation:
NA
[Fri Oct 29 11:49:41 2021]
Finished job 0.
1 of 1 steps (100%) done
