Building DAG of jobs...
Using shell: /usr/bin/bash
Provided cores: 1 (use --cores to define parallelism)
Rules claiming more threads will be scaled down.
Select jobs to execute...

[Fri Oct 29 11:49:15 2021]
rule segment:
    input: output/output_genome2/alignments/aligned_sim_transloc_readscbbd7d10-e1b9-4d8c-b87b-5cf3e718f133_nreads12000_sizedels200.bam
    output: output/output_genome2/plots_segmented/plotCN_cbbd7d10-e1b9-4d8c-b87b-5cf3e718f133_nreads12000_sizedels200_ACE08cellularity.pdf
    jobid: 0
    wildcards: genome=genome2, name=cbbd7d10-e1b9-4d8c-b87b-5cf3e718f133, nreads=12000, size_deletion=200
    resources: mem_mb=1000, disk_mb=1000, tmpdir=/tmp

mkdir -p output/output_genome2/plots_segmented/; Rscript 4_segment.R --name cbbd7d10-e1b9-4d8c-b87b-5cf3e718f133 --genome genome2 --size_deletion 200 --nreads 12000
Loading required package: BiocGenerics
Loading required package: parallel

Attaching package: ‘BiocGenerics’

The following objects are masked from ‘package:parallel’:

    clusterApply, clusterApplyLB, clusterCall, clusterEvalQ,
    clusterExport, clusterMap, parApply, parCapply, parLapply,
    parLapplyLB, parRapply, parSapply, parSapplyLB

The following objects are masked from ‘package:stats’:

    IQR, mad, sd, var, xtabs

The following objects are masked from ‘package:base’:

    anyDuplicated, append, as.data.frame, basename, cbind, colnames,
    dirname, do.call, duplicated, eval, evalq, Filter, Find, get, grep,
    grepl, intersect, is.unsorted, lapply, Map, mapply, match, mget,
    order, paste, pmax, pmax.int, pmin, pmin.int, Position, rank,
    rbind, Reduce, rownames, sapply, setdiff, sort, table, tapply,
    union, unique, unsplit, which.max, which.min

Welcome to Bioconductor

    Vignettes contain introductory material; view with
    'browseVignettes()'. To cite Bioconductor, see
    'citation("Biobase")', and for packages 'citation("pkgname")'.

    aligned_sim_transloc_readscbbd7d10-e1b9-4d8c-b87b-5cf3e718f133_nreads12000_sizedels200 (1 of 1): extracting reads ... binning ...
            aligned_sim_transloc_readscbbd7d10-e1b9-4d8c-b87b-5cf3e718f133_nreads12000_sizedels200
1:1-200                                                                                         98
1:201-400                                                                                       65
1:401-600                                                                                       59
1:601-800                                                                                       62
1:801-1000                                                                                      65
1:1001-1200                                                                                     62
1:1201-1400                                                                                     62
1:1401-1600                                                                                     56
1:1601-1800                                                                                     67
1:1801-2000                                                                                     55
1:2001-2200                                                                                     59
1:2201-2400                                                                                     67
1:2401-2600                                                                                     61
1:2601-2800                                                                                     71
1:2801-3000                                                                                     48
1:3001-3200                                                                                     55
1:3201-3400                                                                                     43
1:3401-3600                                                                                     64
1:3601-3800                                                                                     65
1:3801-4000                                                                                     57
1:4001-4200                                                                                     67
1:4201-4400                                                                                     55
1:4401-4600                                                                                     62
1:4601-4800                                                                                     71
1:4801-5000                                                                                     60
1:5001-5200                                                                                     59
1:5201-5400                                                                                     61
1:5401-5600                                                                                     61
1:5601-5800                                                                                     49
1:5801-6000                                                                                     58
1:6001-6200                                                                                     58
1:6201-6400                                                                                     71
1:6401-6600                                                                                     50
1:6601-6800                                                                                     58
1:6801-7000                                                                                     53
2:1-200                                                                                        100
2:201-400                                                                                       53
2:401-600                                                                                       57
2:601-800                                                                                       60
2:801-1000                                                                                      58
2:1001-1200                                                                                     63
2:1201-1400                                                                                     55
2:1401-1600                                                                                     72
2:1601-1800                                                                                     50
2:1801-2000                                                                                     60
2:2001-2200                                                                                     62
2:2201-2400                                                                                     58
2:2401-2600                                                                                     57
2:2601-2800                                                                                     67
2:2801-3000                                                                                     58
2:3001-3200                                                                                     53
2:3201-3400                                                                                     54
2:3401-3600                                                                                     62
2:3601-3800                                                                                     65
2:3801-4000                                                                                     59
2:4001-4200                                                                                     45
2:4201-4400                                                                                     64
2:4401-4600                                                                                     74
2:4601-4800                                                                                     63
2:4801-5000                                                                                     60
2:5001-5200                                                                                     54
2:5201-5400                                                                                     68
2:5401-5600                                                                                     63
2:5601-5800                                                                                     66
2:5801-6000                                                                                     52
3:1-200                                                                                        111
3:201-400                                                                                       63
3:401-600                                                                                       57
3:601-800                                                                                       52
3:801-1000                                                                                      48
3:1001-1200                                                                                     49
3:1201-1400                                                                                     58
3:1401-1600                                                                                     58
3:1601-1800                                                                                     69
3:1801-2000                                                                                     62
3:2001-2200                                                                                     56
3:2201-2400                                                                                     59
3:2401-2600                                                                                     41
3:2601-2800                                                                                     70
3:2801-3000                                                                                     62
3:3001-3200                                                                                     51
3:3201-3400                                                                                     69
3:3401-3600                                                                                     62
3:3601-3800                                                                                     57
3:3801-4000                                                                                     54
3:4001-4200                                                                                     70
3:4201-4400                                                                                     69
3:4401-4500                                                                                     19
4:1-200                                                                                        100
4:201-400                                                                                       51
4:401-600                                                                                       51
4:601-800                                                                                       62
4:801-1000                                                                                      65
4:1001-1200                                                                                     55
4:1201-1400                                                                                     55
4:1401-1600                                                                                     55
4:1601-1800                                                                                     70
4:1801-2000                                                                                     49
[1] 5945
Calculating correction for GC content and mappability
    Calculating fit for sample aligned_sim_transloc_readscbbd7d10-e1b9-4d8c-b87b-5cf3e718f133_nreads12000_sizedels200 (1 of 1) ...
Done.
Applying median normalization ...
Smoothing outliers ...
Performing segmentation:
NA
[1] "chromosome" "start"      "end"        "bases"      "gc"        
[6] "6"          "7"         
[1] "chromosome"  "start"       "end"         "bases"       "gc"         
[6] "mappability" "use"        
[1] "chromosome"  "start"       "end"         "bases"       "gc"         
[6] "mappability" "use"        
[1] "chromosome"  "start"       "end"         "bases"       "gc"         
[6] "mappability" "use"        
EM algorithm started ... 

[1] "Total number of segments present in the data: 4"
[1] "Number of segments used for fitting the model: 4"
40974076926264218.952.9817098014786712436.4112.981709809194173436.470.2
Calling iteration1:

optim results
time: 0
minimum: 46.9975729952702
146.9974081105116-0.783820242479145-0.286934366860317-0.008314845291622750.2831056072121640.4839722321741050.9911115985857720.0139513201238575-1.20265771964754e-050.0111803508337195-2.33164911898678e-050.02958488173091340.0357421198957375
4098912692968521952.9817098014786712436.4112.981709809194173436.470.2
Calling iteration2:

optim results
time: 0
minimum: 46.9974081111388
146.9974080478303-0.754632224390449-0.257746348771621-0.008314845291622750.2831056072121640.4839722321741050.9911115985857720.0139513201238575-1.20265771964754e-050.0111803508337195-2.33164911898678e-050.02958488173091340.0357421198957375
4098912692968521952.9817098014786712436.4112.981709809194173436.470.2
Calling iteration3:

optim results
time: 0
minimum: 46.9974080478342
146.9974080477443-0.728031935516023-0.231146059897195-0.008314845291622750.2831056072121640.4839722321741050.9911115985857720.0139513201238575-1.20265771964754e-050.0111803508337195-2.33164911898678e-050.02958488173091340.0357421198957375
4098912692968521952.9817098014786712436.4112.981709809194173436.470.2
Calling iteration4:

optim results
time: 0
minimum: 46.9974080477443
146.9974080477439-0.728031935516023-0.231146059897195-0.008314845291622750.2831056072121640.4839722321741050.9911115985857720.0139513201238575-1.20265771964754e-050.0111803508337195-2.33164911898678e-050.02958488173091340.0357421198957375
EM algorithm done ...

Computing posterior probabilities for all segments ...

Total time:0minutes

Adjusting segmented data for cellularity ... 

Cellularity sample1: 1

Adjusting normalized data for cellularity ... 

Cellularity sample1: 1

1
41015176935348219.153817098014786712436.4112.981709809194173436.470.2
41015366935849219.153817098014786712436.4112.981709809194173436.470.2
41015336935843219.153817098014786712436.4112.981709809194173436.470.2
41015616936631219.153817098014786712436.4112.981709809194173436.470.2
41019886937586219.153817098014786712436.4112.981709809194173436.470.2
41019976937590219.153817098014786712436.4112.981709809194173436.470.2
41020066937594219.153817098014786712436.4112.981709809194173436.470.2
41020156937598219.153817098014786712436.4112.981709809194173436.470.2
41020246937602219.153817098014786712436.4112.981709809194173436.470.2
41020306937605219.153817098014786712436.4112.981709809194173436.470.2
41020496937837219.153817098014786712436.4112.981709809194173436.470.2
41024656938160219.153817098014786712436.4112.981709809194173436.470.2
FINISHED!

Total time:0minutes

There were 40 warnings (use warnings() to see them)
pdf 
  2 
[1] 1
            aligned_sim_transloc_readscbbd7d10-e1b9-4d8c-b87b-5cf3e718f133_nreads12000_sizedels200
1:1-200                                                                                         98
1:201-400                                                                                       65
1:401-600                                                                                       59
1:601-800                                                                                       62
1:801-1000                                                                                      65
1:1001-1200                                                                                     62
1:1201-1400                                                                                     62
1:1401-1600                                                                                     56
1:1601-1800                                                                                     67
1:1801-2000                                                                                     55
1:2001-2200                                                                                     59
1:2201-2400                                                                                     67
1:2401-2600                                                                                     61
1:2601-2800                                                                                     71
1:2801-3000                                                                                     48
1:3001-3200                                                                                     55
1:3201-3400                                                                                     43
1:3401-3600                                                                                     64
1:3601-3800                                                                                     65
1:3801-4000                                                                                     57
1:4001-4200                                                                                     67
1:4201-4400                                                                                     55
1:4401-4600                                                                                     62
1:4601-4800                                                                                     71
1:4801-5000                                                                                     60
1:5001-5200                                                                                     59
1:5201-5400                                                                                     61
1:5401-5600                                                                                     61
1:5601-5800                                                                                     49
1:5801-6000                                                                                     58
1:6001-6200                                                                                     58
1:6201-6400                                                                                     71
1:6401-6600                                                                                     50
1:6601-6800                                                                                     58
1:6801-7000                                                                                     53
2:1-200                                                                                        100
2:201-400                                                                                       53
2:401-600                                                                                       57
2:601-800                                                                                       60
2:801-1000                                                                                      58
2:1001-1200                                                                                     63
2:1201-1400                                                                                     55
2:1401-1600                                                                                     72
2:1601-1800                                                                                     50
2:1801-2000                                                                                     60
2:2001-2200                                                                                     62
2:2201-2400                                                                                     58
2:2401-2600                                                                                     57
2:2601-2800                                                                                     67
2:2801-3000                                                                                     58
2:3001-3200                                                                                     53
2:3201-3400                                                                                     54
2:3401-3600                                                                                     62
2:3601-3800                                                                                     65
2:3801-4000                                                                                     59
2:4001-4200                                                                                     45
2:4201-4400                                                                                     64
2:4401-4600                                                                                     74
2:4601-4800                                                                                     63
2:4801-5000                                                                                     60
2:5001-5200                                                                                     54
2:5201-5400                                                                                     68
2:5401-5600                                                                                     63
2:5601-5800                                                                                     66
2:5801-6000                                                                                     52
3:1-200                                                                                        111
3:201-400                                                                                       63
3:401-600                                                                                       57
3:601-800                                                                                       52
3:801-1000                                                                                      48
3:1001-1200                                                                                     49
3:1201-1400                                                                                     58
3:1401-1600                                                                                     58
3:1601-1800                                                                                     69
3:1801-2000                                                                                     62
3:2001-2200                                                                                     56
3:2201-2400                                                                                     59
3:2401-2600                                                                                     41
3:2601-2800                                                                                     70
3:2801-3000                                                                                     62
3:3001-3200                                                                                     51
3:3201-3400                                                                                     69
3:3401-3600                                                                                     62
3:3601-3800                                                                                     57
3:3801-4000                                                                                     54
3:4001-4200                                                                                     70
3:4201-4400                                                                                     69
3:4401-4500                                                                                     38
4:1-200                                                                                        100
4:201-400                                                                                       51
4:401-600                                                                                       51
4:601-800                                                                                       62
4:801-1000                                                                                      65
4:1001-1200                                                                                     55
4:1201-1400                                                                                     55
4:1401-1600                                                                                     55
4:1601-1800                                                                                     70
4:1801-2000                                                                                     49
Smoothing outliers ...
Performing segmentation:
NA
[Fri Oct 29 11:49:36 2021]
Finished job 0.
1 of 1 steps (100%) done
