Building DAG of jobs...
Using shell: /usr/bin/bash
Provided cores: 1 (use --cores to define parallelism)
Rules claiming more threads will be scaled down.
Select jobs to execute...

[Fri Oct 29 12:00:18 2021]
rule segment:
    input: output/output_genome2/alignments/aligned_sim_transloc_readsd727e4ce-de2c-4b2c-9f88-9dbc3027542d_nreads8000_sizedels200.bam
    output: output/output_genome2/plots_segmented/plotCN_d727e4ce-de2c-4b2c-9f88-9dbc3027542d_nreads8000_sizedels200_ACE08cellularity.pdf
    jobid: 0
    wildcards: genome=genome2, name=d727e4ce-de2c-4b2c-9f88-9dbc3027542d, nreads=8000, size_deletion=200
    resources: mem_mb=1000, disk_mb=1000, tmpdir=/tmp

mkdir -p output/output_genome2/plots_segmented/; Rscript 4_segment.R --name d727e4ce-de2c-4b2c-9f88-9dbc3027542d --genome genome2 --size_deletion 200 --nreads 8000
Loading required package: BiocGenerics
Loading required package: parallel

Attaching package: ‘BiocGenerics’

The following objects are masked from ‘package:parallel’:

    clusterApply, clusterApplyLB, clusterCall, clusterEvalQ,
    clusterExport, clusterMap, parApply, parCapply, parLapply,
    parLapplyLB, parRapply, parSapply, parSapplyLB

The following objects are masked from ‘package:stats’:

    IQR, mad, sd, var, xtabs

The following objects are masked from ‘package:base’:

    anyDuplicated, append, as.data.frame, basename, cbind, colnames,
    dirname, do.call, duplicated, eval, evalq, Filter, Find, get, grep,
    grepl, intersect, is.unsorted, lapply, Map, mapply, match, mget,
    order, paste, pmax, pmax.int, pmin, pmin.int, Position, rank,
    rbind, Reduce, rownames, sapply, setdiff, sort, table, tapply,
    union, unique, unsplit, which.max, which.min

Welcome to Bioconductor

    Vignettes contain introductory material; view with
    'browseVignettes()'. To cite Bioconductor, see
    'citation("Biobase")', and for packages 'citation("pkgname")'.

    aligned_sim_transloc_readsd727e4ce-de2c-4b2c-9f88-9dbc3027542d_nreads8000_sizedels200 (1 of 1): extracting reads ... binning ...
            aligned_sim_transloc_readsd727e4ce-de2c-4b2c-9f88-9dbc3027542d_nreads8000_sizedels200
1:1-200                                                                                        72
1:201-400                                                                                      40
1:401-600                                                                                      49
1:601-800                                                                                      39
1:801-1000                                                                                     42
1:1001-1200                                                                                    41
1:1201-1400                                                                                    36
1:1401-1600                                                                                    48
1:1601-1800                                                                                    38
1:1801-2000                                                                                    34
1:2001-2200                                                                                    34
1:2201-2400                                                                                    41
1:2401-2600                                                                                    35
1:2601-2800                                                                                    48
1:2801-3000                                                                                    37
1:3001-3200                                                                                    30
1:3201-3400                                                                                    38
1:3401-3600                                                                                    57
1:3601-3800                                                                                    38
1:3801-4000                                                                                    50
1:4001-4200                                                                                    50
1:4201-4400                                                                                    37
1:4401-4600                                                                                    38
1:4601-4800                                                                                    49
1:4801-5000                                                                                    54
1:5001-5200                                                                                    51
1:5201-5400                                                                                    34
1:5401-5600                                                                                    41
1:5601-5800                                                                                    36
1:5801-6000                                                                                    54
1:6001-6200                                                                                    39
1:6201-6400                                                                                    30
1:6401-6600                                                                                    40
1:6601-6800                                                                                    33
1:6801-7000                                                                                    35
2:1-200                                                                                        62
2:201-400                                                                                      42
2:401-600                                                                                      43
2:601-800                                                                                      50
2:801-1000                                                                                     38
2:1001-1200                                                                                    39
2:1201-1400                                                                                    42
2:1401-1600                                                                                    46
2:1601-1800                                                                                    35
2:1801-2000                                                                                    31
2:2001-2200                                                                                    44
2:2201-2400                                                                                    33
2:2401-2600                                                                                    38
2:2601-2800                                                                                    36
2:2801-3000                                                                                    34
2:3001-3200                                                                                    44
2:3201-3400                                                                                    51
2:3401-3600                                                                                    39
2:3601-3800                                                                                    43
2:3801-4000                                                                                    38
2:4001-4200                                                                                    42
2:4201-4400                                                                                    39
2:4401-4600                                                                                    42
2:4601-4800                                                                                    31
2:4801-5000                                                                                    35
2:5001-5200                                                                                    41
2:5201-5400                                                                                    44
2:5401-5600                                                                                    40
2:5601-5800                                                                                    35
2:5801-6000                                                                                    40
3:1-200                                                                                        78
3:201-400                                                                                      25
3:401-600                                                                                      45
3:601-800                                                                                      46
3:801-1000                                                                                     41
3:1001-1200                                                                                    41
3:1201-1400                                                                                    41
3:1401-1600                                                                                    30
3:1601-1800                                                                                    42
3:1801-2000                                                                                    52
3:2001-2200                                                                                    39
3:2201-2400                                                                                    41
3:2401-2600                                                                                    46
3:2601-2800                                                                                    34
3:2801-3000                                                                                    41
3:3001-3200                                                                                    42
3:3201-3400                                                                                    42
3:3401-3600                                                                                    39
3:3601-3800                                                                                    34
3:3801-4000                                                                                    37
3:4001-4200                                                                                    36
3:4201-4400                                                                                    43
3:4401-4500                                                                                    14
4:1-200                                                                                        65
4:201-400                                                                                      40
4:401-600                                                                                      34
4:601-800                                                                                      33
4:801-1000                                                                                     40
4:1001-1200                                                                                    31
4:1201-1400                                                                                    40
4:1401-1600                                                                                    46
4:1601-1800                                                                                    40
4:1801-2000                                                                                    41
[1] 4024
Calculating correction for GC content and mappability
    Calculating fit for sample aligned_sim_transloc_readsd727e4ce-de2c-4b2c-9f88-9dbc3027542d_nreads8000_sizedels200 (1 of 1) ...
Done.
Applying median normalization ...
Smoothing outliers ...
Performing segmentation:
NA
[1] "chromosome" "start"      "end"        "bases"      "gc"        
[6] "6"          "7"         
[1] "chromosome"  "start"       "end"         "bases"       "gc"         
[6] "mappability" "use"        
[1] "chromosome"  "start"       "end"         "bases"       "gc"         
[6] "mappability" "use"        
[1] "chromosome"  "start"       "end"         "bases"       "gc"         
[6] "mappability" "use"        
EM algorithm started ... 

[1] "Total number of segments present in the data: 4"
[1] "Number of segments used for fitting the model: 4"
40974076926264218.952.9817098014786712436.4112.981709809194163436.470.2
Calling iteration1:

optim results
time: 0
minimum: 47.1843444799439
147.1836938649693-0.784373292168458-0.2813992568346030.008581564262745710.2945669323016140.5035654968283681.008854352547440.0410905730786125-4.50929434575781e-060.011180341807055-3.97732698808672e-060.09217178015617420.116558013914444
4098912692968521952.9817098014786712436.4112.981709809194163436.470.2
Calling iteration2:

optim results
time: 0
minimum: 47.1836938871357
147.1836930838158-0.755906276794216-0.2529322414603610.008581564262745710.2945669323016140.5035654968283681.008854352547440.0410905730786125-4.50929434575781e-060.011180341807055-3.97732698808672e-060.09217178015617420.116558013914444
4098912692968521952.9817098014786712436.4112.981709809194163436.470.2
Calling iteration3:

optim results
time: 0
minimum: 47.1836930840645
147.1836930813581-0.729724324623208-0.2267502892893530.008581564262745710.2945669323016140.5035654968283681.008854352547440.0410905730786125-4.50929434575781e-060.011180341807055-3.97732698808672e-060.09217178015617420.116558013914444
4098912692968521952.9817098014786712436.4112.981709809194163436.470.2
Calling iteration4:

optim results
time: 0
minimum: 47.1836930813643
147.1836930813367-0.706070519518056-0.2030964841842010.008581564262745710.2945669323016140.5035654968283681.008854352547440.0410905730786125-4.50929434575781e-060.011180341807055-3.97732698808672e-060.09217178015617420.116558013914444
4098912692968521952.9817098014786712436.4112.981709809194163436.470.2
Calling iteration5:

optim results
time: 0
minimum: 47.183693081337
147.1836930813363-0.685116596657533-0.1821425613236790.008581564262745710.2945669323016140.5035654968283681.008854352547440.0410905730786125-4.50929434575781e-060.011180341807055-3.97732698808672e-060.09217178015617420.116558013914444
4098912692968521952.9817098014786712436.4112.981709809194163436.470.2
Calling iteration6:

optim results
time: 0
minimum: 47.1836930813363
147.1836930813363-0.685116596657533-0.1821425613236790.008581564262745710.2945669323016140.5035654968283681.008854352547440.0410905730786125-4.50929434575781e-060.011180341807055-3.97732698808672e-060.09217178015617420.116558013914444
EM algorithm done ...

Computing posterior probabilities for all segments ...

Total time:0minutes

Adjusting segmented data for cellularity ... 

Cellularity sample1: 1

Adjusting normalized data for cellularity ... 

Cellularity sample1: 1

1
41015176935348219.153817098014786712436.4112.981709809194163436.470.2
41015366935849219.153817098014786712436.4112.981709809194163436.470.2
41015336935843219.153817098014786712436.4112.981709809194163436.470.2
41015616936631219.153817098014786712436.4112.981709809194163436.470.2
41019886937586219.153817098014786712436.4112.981709809194163436.470.2
41019976937590219.153817098014786712436.4112.981709809194163436.470.2
41020066937594219.153817098014786712436.4112.981709809194163436.470.2
41020156937598219.153817098014786712436.4112.981709809194163436.470.2
41020246937602219.153817098014786712436.4112.981709809194163436.470.2
41020306937605219.153817098014786712436.4112.981709809194163436.470.2
41020496937837219.153817098014786712436.4112.981709809194163436.470.2
41024656938160219.153817098014786712436.4112.981709809194163436.470.2
FINISHED!

Total time:0minutes

There were 50 or more warnings (use warnings() to see the first 50)
pdf 
  2 
[1] 1
            aligned_sim_transloc_readsd727e4ce-de2c-4b2c-9f88-9dbc3027542d_nreads8000_sizedels200
1:1-200                                                                                        72
1:201-400                                                                                      40
1:401-600                                                                                      49
1:601-800                                                                                      39
1:801-1000                                                                                     42
1:1001-1200                                                                                    41
1:1201-1400                                                                                    36
1:1401-1600                                                                                    48
1:1601-1800                                                                                    38
1:1801-2000                                                                                    34
1:2001-2200                                                                                    34
1:2201-2400                                                                                    41
1:2401-2600                                                                                    35
1:2601-2800                                                                                    48
1:2801-3000                                                                                    37
1:3001-3200                                                                                    30
1:3201-3400                                                                                    38
1:3401-3600                                                                                    57
1:3601-3800                                                                                    38
1:3801-4000                                                                                    50
1:4001-4200                                                                                    50
1:4201-4400                                                                                    37
1:4401-4600                                                                                    38
1:4601-4800                                                                                    49
1:4801-5000                                                                                    54
1:5001-5200                                                                                    51
1:5201-5400                                                                                    34
1:5401-5600                                                                                    41
1:5601-5800                                                                                    36
1:5801-6000                                                                                    54
1:6001-6200                                                                                    39
1:6201-6400                                                                                    30
1:6401-6600                                                                                    40
1:6601-6800                                                                                    33
1:6801-7000                                                                                    35
2:1-200                                                                                        62
2:201-400                                                                                      42
2:401-600                                                                                      43
2:601-800                                                                                      50
2:801-1000                                                                                     38
2:1001-1200                                                                                    39
2:1201-1400                                                                                    42
2:1401-1600                                                                                    46
2:1601-1800                                                                                    35
2:1801-2000                                                                                    31
2:2001-2200                                                                                    44
2:2201-2400                                                                                    33
2:2401-2600                                                                                    38
2:2601-2800                                                                                    36
2:2801-3000                                                                                    34
2:3001-3200                                                                                    44
2:3201-3400                                                                                    51
2:3401-3600                                                                                    39
2:3601-3800                                                                                    43
2:3801-4000                                                                                    38
2:4001-4200                                                                                    42
2:4201-4400                                                                                    39
2:4401-4600                                                                                    42
2:4601-4800                                                                                    31
2:4801-5000                                                                                    35
2:5001-5200                                                                                    41
2:5201-5400                                                                                    44
2:5401-5600                                                                                    40
2:5601-5800                                                                                    35
2:5801-6000                                                                                    40
3:1-200                                                                                        78
3:201-400                                                                                      25
3:401-600                                                                                      45
3:601-800                                                                                      46
3:801-1000                                                                                     41
3:1001-1200                                                                                    41
3:1201-1400                                                                                    41
3:1401-1600                                                                                    30
3:1601-1800                                                                                    42
3:1801-2000                                                                                    52
3:2001-2200                                                                                    39
3:2201-2400                                                                                    41
3:2401-2600                                                                                    46
3:2601-2800                                                                                    34
3:2801-3000                                                                                    41
3:3001-3200                                                                                    42
3:3201-3400                                                                                    42
3:3401-3600                                                                                    39
3:3601-3800                                                                                    34
3:3801-4000                                                                                    37
3:4001-4200                                                                                    36
3:4201-4400                                                                                    43
3:4401-4500                                                                                    28
4:1-200                                                                                        65
4:201-400                                                                                      40
4:401-600                                                                                      34
4:601-800                                                                                      33
4:801-1000                                                                                     40
4:1001-1200                                                                                    31
4:1201-1400                                                                                    40
4:1401-1600                                                                                    46
4:1601-1800                                                                                    40
4:1801-2000                                                                                    41
Smoothing outliers ...
Performing segmentation:
NA
[Fri Oct 29 12:00:36 2021]
Finished job 0.
1 of 1 steps (100%) done
