Building DAG of jobs...
Using shell: /usr/bin/bash
Provided cores: 1 (use --cores to define parallelism)
Rules claiming more threads will be scaled down.
Select jobs to execute...

[Mon Nov  8 09:50:51 2021]
rule create_genome:
    input: exposures/3dcf8c00-b865-42a9-805e-c0c542e19d6c
    output: output/output_genome2/reads/sim_transloc_reads3dcf8c00-b865-42a9-805e-c0c542e19d6c_nreads8000_sizedels10.fa
    jobid: 0
    wildcards: genome=genome2, name=3dcf8c00-b865-42a9-805e-c0c542e19d6c, nreads=8000, size_deletion=10
    resources: mem_mb=1000, disk_mb=1000, tmpdir=/tmp

mkdir -p output/output_genome2/reads/; mkdir -p output/output_genome2/characteristics_sim/; mkdir -p output/output_genome2/reads/; Rscript 2_create_derivative_genome.R --name 3dcf8c00-b865-42a9-805e-c0c542e19d6c --genome genome2 --size_deletion 10 --nreads 8000
Loading required package: BiocGenerics
Loading required package: parallel

Attaching package: ‘BiocGenerics’

The following objects are masked from ‘package:parallel’:

    clusterApply, clusterApplyLB, clusterCall, clusterEvalQ,
    clusterExport, clusterMap, parApply, parCapply, parLapply,
    parLapplyLB, parRapply, parSapply, parSapplyLB

The following objects are masked from ‘package:stats’:

    IQR, mad, sd, var, xtabs

The following objects are masked from ‘package:base’:

    anyDuplicated, append, as.data.frame, basename, cbind, colnames,
    dirname, do.call, duplicated, eval, evalq, Filter, Find, get, grep,
    grepl, intersect, is.unsorted, lapply, Map, mapply, match, mget,
    order, paste, pmax, pmax.int, pmin, pmin.int, Position, rank,
    rbind, Reduce, rownames, sapply, setdiff, sort, table, tapply,
    union, unique, unsplit, which.max, which.min

Loading required package: S4Vectors
Loading required package: stats4

Attaching package: ‘S4Vectors’

The following objects are masked from ‘package:base’:

    expand.grid, I, unname

Loading required package: IRanges
Loading required package: GenomeInfoDb
Loading required package: GenomicRanges
Loading required package: Biostrings
Loading required package: XVector

Attaching package: ‘Biostrings’

The following object is masked from ‘package:base’:

    strsplit

Loading required package: rtracklayer
Reading exposures - still to be implementedDNAStringSet object of length 8:
    width seq                                               names               
[1]  7000 ATCCAGGAACATGATAAGGGATG...CTGGCTTTCTAACTCTAGCAGTA 1a
[2]  6000 ACTGGGACGCTAGACTCCTTTGC...ATGTCATGAACGCAACTAGTATA 2a
[3]  4500 TCTAACCATGAGAAAACATCCTT...TCGCGCCATCACAAATCTAAGAC 3a
[4]  2000 AATTAAAATACAACGCTGTGACT...TATTTATGCCGGATCTTTATCAA 4a
[5]  7000 ATCCAGGAACATGATAAGGGATG...CTGGCTTTCTAACTCTAGCAGTA 1b
[6]  5990 ACTGGGACGCTAGACTCCTTTGC...ATGTCATGAACGCAACTAGTATA 2b
[7]  4500 TCTAACCATGAGAAAACATCCTT...TCGCGCCATCACAAATCTAAGAC 3b
[8]  2000 AATTAAAATACAACGCTGTGACT...TATTTATGCCGGATCTTTATCAA 4b
[Mon Nov  8 09:56:25 2021]
Finished job 0.
1 of 1 steps (100%) done
