Building DAG of jobs...
Using shell: /usr/bin/bash
Provided cores: 1 (use --cores to define parallelism)
Rules claiming more threads will be scaled down.
Select jobs to execute...

[Fri Oct 29 11:49:15 2021]
rule segment:
    input: output/output_genome2/alignments/aligned_sim_transloc_readscbbd7d10-e1b9-4d8c-b87b-5cf3e718f133_nreads12000_sizedels1000.bam
    output: output/output_genome2/plots_segmented/plotCN_cbbd7d10-e1b9-4d8c-b87b-5cf3e718f133_nreads12000_sizedels1000_ACE08cellularity.pdf
    jobid: 0
    wildcards: genome=genome2, name=cbbd7d10-e1b9-4d8c-b87b-5cf3e718f133, nreads=12000, size_deletion=1000
    resources: mem_mb=1000, disk_mb=1000, tmpdir=/tmp

mkdir -p output/output_genome2/plots_segmented/; Rscript 4_segment.R --name cbbd7d10-e1b9-4d8c-b87b-5cf3e718f133 --genome genome2 --size_deletion 1000 --nreads 12000
Loading required package: BiocGenerics
Loading required package: parallel

Attaching package: ‘BiocGenerics’

The following objects are masked from ‘package:parallel’:

    clusterApply, clusterApplyLB, clusterCall, clusterEvalQ,
    clusterExport, clusterMap, parApply, parCapply, parLapply,
    parLapplyLB, parRapply, parSapply, parSapplyLB

The following objects are masked from ‘package:stats’:

    IQR, mad, sd, var, xtabs

The following objects are masked from ‘package:base’:

    anyDuplicated, append, as.data.frame, basename, cbind, colnames,
    dirname, do.call, duplicated, eval, evalq, Filter, Find, get, grep,
    grepl, intersect, is.unsorted, lapply, Map, mapply, match, mget,
    order, paste, pmax, pmax.int, pmin, pmin.int, Position, rank,
    rbind, Reduce, rownames, sapply, setdiff, sort, table, tapply,
    union, unique, unsplit, which.max, which.min

Welcome to Bioconductor

    Vignettes contain introductory material; view with
    'browseVignettes()'. To cite Bioconductor, see
    'citation("Biobase")', and for packages 'citation("pkgname")'.

    aligned_sim_transloc_readscbbd7d10-e1b9-4d8c-b87b-5cf3e718f133_nreads12000_sizedels1000 (1 of 1): extracting reads ... binning ...
            aligned_sim_transloc_readscbbd7d10-e1b9-4d8c-b87b-5cf3e718f133_nreads12000_sizedels1000
1:1-200                                                                                          85
1:201-400                                                                                        35
1:401-600                                                                                        50
1:601-800                                                                                        31
1:801-1000                                                                                       33
1:1001-1200                                                                                      45
1:1201-1400                                                                                      82
1:1401-1600                                                                                      64
1:1601-1800                                                                                      76
1:1801-2000                                                                                      53
1:2001-2200                                                                                      61
1:2201-2400                                                                                      57
1:2401-2600                                                                                      56
1:2601-2800                                                                                      58
1:2801-3000                                                                                      76
1:3001-3200                                                                                      75
1:3201-3400                                                                                      72
1:3401-3600                                                                                      63
1:3601-3800                                                                                      70
1:3801-4000                                                                                      65
1:4001-4200                                                                                      52
1:4201-4400                                                                                      60
1:4401-4600                                                                                      51
1:4601-4800                                                                                      60
1:4801-5000                                                                                      54
1:5001-5200                                                                                      60
1:5201-5400                                                                                      62
1:5401-5600                                                                                      70
1:5601-5800                                                                                      65
1:5801-6000                                                                                      53
1:6001-6200                                                                                      48
1:6201-6400                                                                                      52
1:6401-6600                                                                                      68
1:6601-6800                                                                                      64
1:6801-7000                                                                                      61
2:1-200                                                                                         121
2:201-400                                                                                        60
2:401-600                                                                                        64
2:601-800                                                                                        61
2:801-1000                                                                                       60
2:1001-1200                                                                                      56
2:1201-1400                                                                                      65
2:1401-1600                                                                                      66
2:1601-1800                                                                                      74
2:1801-2000                                                                                      61
2:2001-2200                                                                                      59
2:2201-2400                                                                                      60
2:2401-2600                                                                                      58
2:2601-2800                                                                                      53
2:2801-3000                                                                                      68
2:3001-3200                                                                                      61
2:3201-3400                                                                                      55
2:3401-3600                                                                                      68
2:3601-3800                                                                                      64
2:3801-4000                                                                                      63
2:4001-4200                                                                                      66
2:4201-4400                                                                                      64
2:4401-4600                                                                                      63
2:4601-4800                                                                                      67
2:4801-5000                                                                                      59
2:5001-5200                                                                                      66
2:5201-5400                                                                                      60
2:5401-5600                                                                                      61
2:5601-5800                                                                                      73
2:5801-6000                                                                                      54
3:1-200                                                                                         103
3:201-400                                                                                        53
3:401-600                                                                                        50
3:601-800                                                                                        58
3:801-1000                                                                                       61
3:1001-1200                                                                                      58
3:1201-1400                                                                                      63
3:1401-1600                                                                                      50
3:1601-1800                                                                                      63
3:1801-2000                                                                                      66
3:2001-2200                                                                                      70
3:2201-2400                                                                                      59
3:2401-2600                                                                                      53
3:2601-2800                                                                                      53
3:2801-3000                                                                                      60
3:3001-3200                                                                                      66
3:3201-3400                                                                                      74
3:3401-3600                                                                                      62
3:3601-3800                                                                                      62
3:3801-4000                                                                                      74
3:4001-4200                                                                                      57
3:4201-4400                                                                                      60
3:4401-4500                                                                                      15
4:1-200                                                                                         115
4:201-400                                                                                        71
4:401-600                                                                                        63
4:601-800                                                                                        71
4:801-1000                                                                                       49
4:1001-1200                                                                                      69
4:1201-1400                                                                                      53
4:1401-1600                                                                                      54
4:1601-1800                                                                                      59
4:1801-2000                                                                                      39
[1] 6050
Calculating correction for GC content and mappability
    Calculating fit for sample aligned_sim_transloc_readscbbd7d10-e1b9-4d8c-b87b-5cf3e718f133_nreads12000_sizedels1000 (1 of 1) ...
Done.
Applying median normalization ...
Smoothing outliers ...
Performing segmentation:
NA
[1] "chromosome" "start"      "end"        "bases"      "gc"        
[6] "6"          "7"         
[1] "chromosome"  "start"       "end"         "bases"       "gc"         
[6] "mappability" "use"        
[1] "chromosome"  "start"       "end"         "bases"       "gc"         
[6] "mappability" "use"        
[1] "chromosome"  "start"       "end"         "bases"       "gc"         
[6] "mappability" "use"        
EM algorithm started ... 

[1] "Total number of segments present in the data: 4"
[1] "Number of segments used for fitting the model: 4"
40974076926264218.952.9817098014786712436.4112.981709809194145436.470.2
Calling iteration1:

optim results
time: 0
minimum: 48.2338244280978
148.2285333008576-0.815809265675947-0.3174767107766260.01513099763303360.2794666405002810.4777513774912880.9836663984298320.3136441638396162.54531707553181e-050.0111821221318966-0.00046890526483610.03979859506530540.151914694053072
4098912692968521952.9817098014786712436.4112.981709809194145436.470.2
Calling iteration2:

optim results
time: 0
minimum: 48.2285470474091
148.2284596622046-0.811256260418376-0.3066113234104020.01519584498066050.2643317181337150.4518780568119160.9546988517037010.33959802867999-0.0001844315399691910.01118059031253599.12139236893733e-050.01044841022065660.190770462307336
4098912692968521952.9817098014786712436.4112.981709809194145436.470.2
Calling iteration3:

optim results
time: 0
minimum: 48.2284604446825
148.2284579970683-0.811256260418376-0.3066113234104020.01519584498066050.2371808645396860.4054633660230940.9082841609148790.33959802867999-0.0001844315399691910.01118059031253599.12139236893733e-050.01044841022065660.190770462307336
4098912692968521952.9817098014786712436.4112.981709809194145436.470.2
Calling iteration4:

optim results
time: 0
minimum: 48.2284580985739
148.2284579157443-0.811256260418376-0.3066113234104020.01519584498066050.2124664246797860.3632137520231680.8660345469149530.33959802867999-0.0001844315399691910.01118059031253599.12139236893733e-050.01044841022065660.190770462307336
4098912692968521952.9817098014786712436.4112.981709809194145436.470.2
Calling iteration5:

optim results
time: 0
minimum: 48.2284578313061
148.2284577997564-0.800196640758761-0.3010550732709770.01517667775592870.2094419457814710.3580433711960440.85540985191330.3668475426436928.7761874401409e-050.01118041050830882.58884170167638e-050.02621597269212740.219317111402367
EM algorithm done ...

Computing posterior probabilities for all segments ...

Total time:0minutes

Adjusting segmented data for cellularity ... 

Cellularity sample1: 1

Adjusting normalized data for cellularity ... 

Cellularity sample1: 1

1
41015176935348219.153817098014786712436.4112.981709809194145436.470.2
41015366935849219.153817098014786712436.4112.981709809194145436.470.2
41015336935843219.153817098014786712436.4112.981709809194145436.470.2
41015616936631219.153817098014786712436.4112.981709809194145436.470.2
41019886937586219.153817098014786712436.4112.981709809194145436.470.2
41019976937590219.153817098014786712436.4112.981709809194145436.470.2
41020066937594219.153817098014786712436.4112.981709809194145436.470.2
41020156937598219.153817098014786712436.4112.981709809194145436.470.2
41020246937602219.153817098014786712436.4112.981709809194145436.470.2
41020306937605219.153817098014786712436.4112.981709809194145436.470.2
41020496937837219.153817098014786712436.4112.981709809194145436.470.2
41024656938160219.153817098014786712436.4112.981709809194145436.470.2
FINISHED!

Total time:0minutes

There were 48 warnings (use warnings() to see them)
pdf 
  2 
[1] 1
            aligned_sim_transloc_readscbbd7d10-e1b9-4d8c-b87b-5cf3e718f133_nreads12000_sizedels1000
1:1-200                                                                                          85
1:201-400                                                                                        35
1:401-600                                                                                        50
1:601-800                                                                                        31
1:801-1000                                                                                       33
1:1001-1200                                                                                      45
1:1201-1400                                                                                      82
1:1401-1600                                                                                      64
1:1601-1800                                                                                      76
1:1801-2000                                                                                      53
1:2001-2200                                                                                      61
1:2201-2400                                                                                      57
1:2401-2600                                                                                      56
1:2601-2800                                                                                      58
1:2801-3000                                                                                      76
1:3001-3200                                                                                      75
1:3201-3400                                                                                      72
1:3401-3600                                                                                      63
1:3601-3800                                                                                      70
1:3801-4000                                                                                      65
1:4001-4200                                                                                      52
1:4201-4400                                                                                      60
1:4401-4600                                                                                      51
1:4601-4800                                                                                      60
1:4801-5000                                                                                      54
1:5001-5200                                                                                      60
1:5201-5400                                                                                      62
1:5401-5600                                                                                      70
1:5601-5800                                                                                      65
1:5801-6000                                                                                      53
1:6001-6200                                                                                      48
1:6201-6400                                                                                      52
1:6401-6600                                                                                      68
1:6601-6800                                                                                      64
1:6801-7000                                                                                      61
2:1-200                                                                                         121
2:201-400                                                                                        60
2:401-600                                                                                        64
2:601-800                                                                                        61
2:801-1000                                                                                       60
2:1001-1200                                                                                      56
2:1201-1400                                                                                      65
2:1401-1600                                                                                      66
2:1601-1800                                                                                      74
2:1801-2000                                                                                      61
2:2001-2200                                                                                      59
2:2201-2400                                                                                      60
2:2401-2600                                                                                      58
2:2601-2800                                                                                      53
2:2801-3000                                                                                      68
2:3001-3200                                                                                      61
2:3201-3400                                                                                      55
2:3401-3600                                                                                      68
2:3601-3800                                                                                      64
2:3801-4000                                                                                      63
2:4001-4200                                                                                      66
2:4201-4400                                                                                      64
2:4401-4600                                                                                      63
2:4601-4800                                                                                      67
2:4801-5000                                                                                      59
2:5001-5200                                                                                      66
2:5201-5400                                                                                      60
2:5401-5600                                                                                      61
2:5601-5800                                                                                      73
2:5801-6000                                                                                      54
3:1-200                                                                                         103
3:201-400                                                                                        53
3:401-600                                                                                        50
3:601-800                                                                                        58
3:801-1000                                                                                       61
3:1001-1200                                                                                      58
3:1201-1400                                                                                      63
3:1401-1600                                                                                      50
3:1601-1800                                                                                      63
3:1801-2000                                                                                      66
3:2001-2200                                                                                      70
3:2201-2400                                                                                      59
3:2401-2600                                                                                      53
3:2601-2800                                                                                      53
3:2801-3000                                                                                      60
3:3001-3200                                                                                      66
3:3201-3400                                                                                      74
3:3401-3600                                                                                      62
3:3601-3800                                                                                      62
3:3801-4000                                                                                      74
3:4001-4200                                                                                      57
3:4201-4400                                                                                      60
3:4401-4500                                                                                      30
4:1-200                                                                                         115
4:201-400                                                                                        71
4:401-600                                                                                        63
4:601-800                                                                                        71
4:801-1000                                                                                       49
4:1001-1200                                                                                      69
4:1201-1400                                                                                      53
4:1401-1600                                                                                      54
4:1601-1800                                                                                      59
4:1801-2000                                                                                      39
Smoothing outliers ...
Performing segmentation:
NA
[Fri Oct 29 11:49:34 2021]
Finished job 0.
1 of 1 steps (100%) done
