Building DAG of jobs...
Using shell: /usr/bin/bash
Provided cores: 1 (use --cores to define parallelism)
Rules claiming more threads will be scaled down.
Select jobs to execute...

[Fri Oct 29 12:00:18 2021]
rule segment:
    input: output/output_genome2/alignments/aligned_sim_transloc_reads4f469e5b-9b6a-4ddd-bb99-d65d8b40e28f_nreads12000_sizedels500.bam
    output: output/output_genome2/plots_segmented/plotCN_4f469e5b-9b6a-4ddd-bb99-d65d8b40e28f_nreads12000_sizedels500_ACE08cellularity.pdf
    jobid: 0
    wildcards: genome=genome2, name=4f469e5b-9b6a-4ddd-bb99-d65d8b40e28f, nreads=12000, size_deletion=500
    resources: mem_mb=1000, disk_mb=1000, tmpdir=/tmp

mkdir -p output/output_genome2/plots_segmented/; Rscript 4_segment.R --name 4f469e5b-9b6a-4ddd-bb99-d65d8b40e28f --genome genome2 --size_deletion 500 --nreads 12000
Loading required package: BiocGenerics
Loading required package: parallel

Attaching package: ‘BiocGenerics’

The following objects are masked from ‘package:parallel’:

    clusterApply, clusterApplyLB, clusterCall, clusterEvalQ,
    clusterExport, clusterMap, parApply, parCapply, parLapply,
    parLapplyLB, parRapply, parSapply, parSapplyLB

The following objects are masked from ‘package:stats’:

    IQR, mad, sd, var, xtabs

The following objects are masked from ‘package:base’:

    anyDuplicated, append, as.data.frame, basename, cbind, colnames,
    dirname, do.call, duplicated, eval, evalq, Filter, Find, get, grep,
    grepl, intersect, is.unsorted, lapply, Map, mapply, match, mget,
    order, paste, pmax, pmax.int, pmin, pmin.int, Position, rank,
    rbind, Reduce, rownames, sapply, setdiff, sort, table, tapply,
    union, unique, unsplit, which.max, which.min

Welcome to Bioconductor

    Vignettes contain introductory material; view with
    'browseVignettes()'. To cite Bioconductor, see
    'citation("Biobase")', and for packages 'citation("pkgname")'.

    aligned_sim_transloc_reads4f469e5b-9b6a-4ddd-bb99-d65d8b40e28f_nreads12000_sizedels500 (1 of 1): extracting reads ... binning ...
            aligned_sim_transloc_reads4f469e5b-9b6a-4ddd-bb99-d65d8b40e28f_nreads12000_sizedels500
1:1-200                                                                                         83
1:201-400                                                                                       69
1:401-600                                                                                       69
1:601-800                                                                                       68
1:801-1000                                                                                      67
1:1001-1200                                                                                     62
1:1201-1400                                                                                     61
1:1401-1600                                                                                     55
1:1601-1800                                                                                     76
1:1801-2000                                                                                     70
1:2001-2200                                                                                     53
1:2201-2400                                                                                     64
1:2401-2600                                                                                     76
1:2601-2800                                                                                     56
1:2801-3000                                                                                     60
1:3001-3200                                                                                     55
1:3201-3400                                                                                     54
1:3401-3600                                                                                     53
1:3601-3800                                                                                     65
1:3801-4000                                                                                     46
1:4001-4200                                                                                     61
1:4201-4400                                                                                     68
1:4401-4600                                                                                     68
1:4601-4800                                                                                     60
1:4801-5000                                                                                     55
1:5001-5200                                                                                     58
1:5201-5400                                                                                     56
1:5401-5600                                                                                     63
1:5601-5800                                                                                     60
1:5801-6000                                                                                     61
1:6001-6200                                                                                     68
1:6201-6400                                                                                     60
1:6401-6600                                                                                     56
1:6601-6800                                                                                     72
1:6801-7000                                                                                     49
2:1-200                                                                                        103
2:201-400                                                                                       65
2:401-600                                                                                       56
2:601-800                                                                                       66
2:801-1000                                                                                      43
2:1001-1200                                                                                     60
2:1201-1400                                                                                     64
2:1401-1600                                                                                     78
2:1601-1800                                                                                     71
2:1801-2000                                                                                     54
2:2001-2200                                                                                     55
2:2201-2400                                                                                     48
2:2401-2600                                                                                     63
2:2601-2800                                                                                     52
2:2801-3000                                                                                     51
2:3001-3200                                                                                     61
2:3201-3400                                                                                     64
2:3401-3600                                                                                     64
2:3601-3800                                                                                     61
2:3801-4000                                                                                     63
2:4001-4200                                                                                     45
2:4201-4400                                                                                     56
2:4401-4600                                                                                     54
2:4601-4800                                                                                     66
2:4801-5000                                                                                     55
2:5001-5200                                                                                     68
2:5201-5400                                                                                     71
2:5401-5600                                                                                     71
2:5601-5800                                                                                     63
2:5801-6000                                                                                     49
3:1-200                                                                                        104
3:201-400                                                                                       63
3:401-600                                                                                       56
3:601-800                                                                                       56
3:801-1000                                                                                      64
3:1001-1200                                                                                     48
3:1201-1400                                                                                     55
3:1401-1600                                                                                     73
3:1601-1800                                                                                     69
3:1801-2000                                                                                     57
3:2001-2200                                                                                     74
3:2201-2400                                                                                     41
3:2401-2600                                                                                     53
3:2601-2800                                                                                     51
3:2801-3000                                                                                     53
3:3001-3200                                                                                     54
3:3201-3400                                                                                     47
3:3401-3600                                                                                     54
3:3601-3800                                                                                     65
3:3801-4000                                                                                     64
3:4001-4200                                                                                     48
3:4201-4400                                                                                     56
3:4401-4500                                                                                     23
4:1-200                                                                                        113
4:201-400                                                                                       62
4:401-600                                                                                       63
4:601-800                                                                                       56
4:801-1000                                                                                      52
4:1001-1200                                                                                     50
4:1201-1400                                                                                     38
4:1401-1600                                                                                     37
4:1601-1800                                                                                     47
4:1801-2000                                                                                     58
[1] 5921
Calculating correction for GC content and mappability
    Calculating fit for sample aligned_sim_transloc_reads4f469e5b-9b6a-4ddd-bb99-d65d8b40e28f_nreads12000_sizedels500 (1 of 1) ...
Done.
Applying median normalization ...
Smoothing outliers ...
Performing segmentation:
NA
[1] "chromosome" "start"      "end"        "bases"      "gc"        
[6] "6"          "7"         
[1] "chromosome"  "start"       "end"         "bases"       "gc"         
[6] "mappability" "use"        
[1] "chromosome"  "start"       "end"         "bases"       "gc"         
[6] "mappability" "use"        
[1] "chromosome"  "start"       "end"         "bases"       "gc"         
[6] "mappability" "use"        
EM algorithm started ... 

[1] "Total number of segments present in the data: 4"
[1] "Number of segments used for fitting the model: 4"
40974076926265218.952.9817098014786712436.4112.981709809194148436.470.2
Calling iteration1:

optim results
time: 0
minimum: 49.6959563136774
148.4615607619663-0.617881145972168-0.131358850787707-0.04039507252077870.507908174355390.8682747590302421.39071735262880.455351952960883-6.44912364499411e-060.01118034291853822.06458231812435e-050.4670102102315990.476129293308494
4098912692968621952.9817098014786712436.4112.981709809194148436.470.2
Calling iteration2:

optim results
time: 0
minimum: 49.574325093362
148.4432558888355-0.57968404959496-0.118755954477175-0.04293770215232920.3970264341363550.6787211721211041.042484164343840.998844777983017.2013774316184e-070.01118036688443522.56930364777929e-050.1721492613415761.41148339789962
4098912692968621952.9817098014786712436.4112.981709809194148436.470.2
Calling iteration3:

optim results
time: 0
minimum: 49.5790667973045
148.4370724130827-0.577537052560643-0.11093386321258-0.04352182254866260.2956137068856360.5053549697992530.8997168088870240.8800021273889982.89849907312717e-050.0111803503480882-7.86924806340503e-060.2588652201674571.48492843990704
4098912692968621952.9817098014786712436.4112.981709809194148436.470.2
Calling iteration4:

optim results
time: 0
minimum: 49.583119922215
148.4338049341496-0.589760011941925-0.105409951014281-0.0439264492142950.3376906169797860.5772859227103830.9844652168749070.6962354585673895.62575051730053e-050.0111805850598622-2.06277477835948e-050.3419287341742641.47519382878501
4098912692968621952.9817098014786712436.4112.981709809194148436.470.2
Calling iteration5:

optim results
time: 0
minimum: 49.5822302920688
148.4318143260012-0.511919691391835-0.101270578062408-0.04425020127005770.6313219756094451.079252045782651.462608333502490.9157112468715662.86187228859565e-050.01118039521222077.07437407611155e-050.4757074968879021.97286354590372
4098912692968621952.9817098014786712436.4112.981709809194148436.470.2
Calling iteration6:

optim results
time: 0
minimum: 49.5784828779163
148.4310008835002-0.403527651550996-0.100004164469588-0.0445251232787572.10263882638083.5944848153319526.86146216949793.3085400004975-6.08260620485311e-050.0111803705158829-3.81632063242272e-050.3015579644225326.55985731051013
4098912692968621952.9817098014786712436.4112.981709809194148436.470.2
Calling iteration7:

optim results
time: 0
minimum: 49.5623173688168
148.4306305288106-0.405180806416247-0.10000226422256-0.04470137036998431.703949028384942.912920103911423.35585308074393.35141636041140.0001267660186726160.01118066205215080.0001498522203259280.5268541583081096.10893892861887
4098912692968621952.9817098014786712436.4112.981709809194148436.470.2
Calling iteration8:

optim results
time: 0
minimum: 49.5408191188337
148.4302912075071-0.404939527902687-0.100000839252936-0.04480659429138066.0040730534288610.264030678935625.9674399029543.857425179837059.43530463881937e-060.01118034043305622.35653256621077e-061.673250694338895.97837385858787
4098912692968621952.9817098014786712436.4112.981709809194148436.470.2
Calling iteration9:

optim results
time: 0
minimum: 49.5202343168521
148.429966877771-0.404907623279767-0.100000603056659-0.04493439570886355.197028420634288.8843787665487222.05392560090814.065961035905420.0001820211907852580.01118059030663864.73233565684107e-051.952924941541665.77143236996764
4098912692968621952.9817098014786712436.4112.981709809194148436.470.2
Calling iteration10:

optim results
time: 0
minimum: 49.499857878205
148.4296692233501-0.406127862204636-0.100000232523799-0.04500446742228085.281203162990439.0282764390531618.23199801687334.52398397494107-5.89110556221573e-050.0111805984460563-0.0001332092281143252.489817766632725.42923856718519
EM algorithm done ...

Computing posterior probabilities for all segments ...

Total time:0minutes

Adjusting segmented data for cellularity ... 

Cellularity sample1: 1

Adjusting normalized data for cellularity ... 

Cellularity sample1: 1

1
41015176935348219.153817098014786712436.4112.981709809194148436.470.2
41015366935849219.153817098014786712436.4112.981709809194148436.470.2
41015336935843219.153817098014786712436.4112.981709809194148436.470.2
41015616936631219.153817098014786712436.4112.981709809194148436.470.2
41019886937586219.153817098014786712436.4112.981709809194148436.470.2
41019976937590219.153817098014786712436.4112.981709809194148436.470.2
41020066937594219.153817098014786712436.4112.981709809194148436.470.2
41020156937598219.153817098014786712436.4112.981709809194148436.470.2
41020246937602219.153817098014786712436.4112.981709809194148436.470.2
41020306937605219.153817098014786712436.4112.981709809194148436.470.2
41020496937837219.153817098014786712436.4112.981709809194148436.470.2
41024656938160219.153817098014786712436.4112.981709809194148436.470.2
FINISHED!

Total time:0minutes

There were 50 or more warnings (use warnings() to see the first 50)
pdf 
  2 
[1] 1
            aligned_sim_transloc_reads4f469e5b-9b6a-4ddd-bb99-d65d8b40e28f_nreads12000_sizedels500
1:1-200                                                                                         83
1:201-400                                                                                       69
1:401-600                                                                                       69
1:601-800                                                                                       68
1:801-1000                                                                                      67
1:1001-1200                                                                                     62
1:1201-1400                                                                                     61
1:1401-1600                                                                                     55
1:1601-1800                                                                                     76
1:1801-2000                                                                                     70
1:2001-2200                                                                                     53
1:2201-2400                                                                                     64
1:2401-2600                                                                                     76
1:2601-2800                                                                                     56
1:2801-3000                                                                                     60
1:3001-3200                                                                                     55
1:3201-3400                                                                                     54
1:3401-3600                                                                                     53
1:3601-3800                                                                                     65
1:3801-4000                                                                                     46
1:4001-4200                                                                                     61
1:4201-4400                                                                                     68
1:4401-4600                                                                                     68
1:4601-4800                                                                                     60
1:4801-5000                                                                                     55
1:5001-5200                                                                                     58
1:5201-5400                                                                                     56
1:5401-5600                                                                                     63
1:5601-5800                                                                                     60
1:5801-6000                                                                                     61
1:6001-6200                                                                                     68
1:6201-6400                                                                                     60
1:6401-6600                                                                                     56
1:6601-6800                                                                                     72
1:6801-7000                                                                                     49
2:1-200                                                                                        103
2:201-400                                                                                       65
2:401-600                                                                                       56
2:601-800                                                                                       66
2:801-1000                                                                                      43
2:1001-1200                                                                                     60
2:1201-1400                                                                                     64
2:1401-1600                                                                                     78
2:1601-1800                                                                                     71
2:1801-2000                                                                                     54
2:2001-2200                                                                                     55
2:2201-2400                                                                                     48
2:2401-2600                                                                                     63
2:2601-2800                                                                                     52
2:2801-3000                                                                                     51
2:3001-3200                                                                                     61
2:3201-3400                                                                                     64
2:3401-3600                                                                                     64
2:3601-3800                                                                                     61
2:3801-4000                                                                                     63
2:4001-4200                                                                                     45
2:4201-4400                                                                                     56
2:4401-4600                                                                                     54
2:4601-4800                                                                                     66
2:4801-5000                                                                                     55
2:5001-5200                                                                                     68
2:5201-5400                                                                                     71
2:5401-5600                                                                                     71
2:5601-5800                                                                                     63
2:5801-6000                                                                                     49
3:1-200                                                                                        104
3:201-400                                                                                       63
3:401-600                                                                                       56
3:601-800                                                                                       56
3:801-1000                                                                                      64
3:1001-1200                                                                                     48
3:1201-1400                                                                                     55
3:1401-1600                                                                                     73
3:1601-1800                                                                                     69
3:1801-2000                                                                                     57
3:2001-2200                                                                                     74
3:2201-2400                                                                                     41
3:2401-2600                                                                                     53
3:2601-2800                                                                                     51
3:2801-3000                                                                                     53
3:3001-3200                                                                                     54
3:3201-3400                                                                                     47
3:3401-3600                                                                                     54
3:3601-3800                                                                                     65
3:3801-4000                                                                                     64
3:4001-4200                                                                                     48
3:4201-4400                                                                                     56
3:4401-4500                                                                                     46
4:1-200                                                                                        113
4:201-400                                                                                       62
4:401-600                                                                                       63
4:601-800                                                                                       56
4:801-1000                                                                                      52
4:1001-1200                                                                                     50
4:1201-1400                                                                                     38
4:1401-1600                                                                                     37
4:1601-1800                                                                                     47
4:1801-2000                                                                                     58
Smoothing outliers ...
Performing segmentation:
NA
[Fri Oct 29 12:00:41 2021]
Finished job 0.
1 of 1 steps (100%) done
