Building DAG of jobs...
Using shell: /usr/bin/bash
Provided cores: 1 (use --cores to define parallelism)
Rules claiming more threads will be scaled down.
Select jobs to execute...

[Fri Oct 29 11:49:15 2021]
rule segment:
    input: output/output_genome2/alignments/aligned_sim_transloc_reads316dbcd5-2e0c-4976-9fe2-c05bce116c0f_nreads12000_sizedels1000.bam
    output: output/output_genome2/plots_segmented/plotCN_316dbcd5-2e0c-4976-9fe2-c05bce116c0f_nreads12000_sizedels1000_ACE08cellularity.pdf
    jobid: 0
    wildcards: genome=genome2, name=316dbcd5-2e0c-4976-9fe2-c05bce116c0f, nreads=12000, size_deletion=1000
    resources: mem_mb=1000, disk_mb=1000, tmpdir=/tmp

mkdir -p output/output_genome2/plots_segmented/; Rscript 4_segment.R --name 316dbcd5-2e0c-4976-9fe2-c05bce116c0f --genome genome2 --size_deletion 1000 --nreads 12000
Loading required package: BiocGenerics
Loading required package: parallel

Attaching package: ‘BiocGenerics’

The following objects are masked from ‘package:parallel’:

    clusterApply, clusterApplyLB, clusterCall, clusterEvalQ,
    clusterExport, clusterMap, parApply, parCapply, parLapply,
    parLapplyLB, parRapply, parSapply, parSapplyLB

The following objects are masked from ‘package:stats’:

    IQR, mad, sd, var, xtabs

The following objects are masked from ‘package:base’:

    anyDuplicated, append, as.data.frame, basename, cbind, colnames,
    dirname, do.call, duplicated, eval, evalq, Filter, Find, get, grep,
    grepl, intersect, is.unsorted, lapply, Map, mapply, match, mget,
    order, paste, pmax, pmax.int, pmin, pmin.int, Position, rank,
    rbind, Reduce, rownames, sapply, setdiff, sort, table, tapply,
    union, unique, unsplit, which.max, which.min

Welcome to Bioconductor

    Vignettes contain introductory material; view with
    'browseVignettes()'. To cite Bioconductor, see
    'citation("Biobase")', and for packages 'citation("pkgname")'.

    aligned_sim_transloc_reads316dbcd5-2e0c-4976-9fe2-c05bce116c0f_nreads12000_sizedels1000 (1 of 1): extracting reads ... binning ...
            aligned_sim_transloc_reads316dbcd5-2e0c-4976-9fe2-c05bce116c0f_nreads12000_sizedels1000
1:1-200                                                                                          94
1:201-400                                                                                        55
1:401-600                                                                                        36
1:601-800                                                                                        30
1:801-1000                                                                                       46
1:1001-1200                                                                                      43
1:1201-1400                                                                                      65
1:1401-1600                                                                                      65
1:1601-1800                                                                                      66
1:1801-2000                                                                                      85
1:2001-2200                                                                                      54
1:2201-2400                                                                                      66
1:2401-2600                                                                                      72
1:2601-2800                                                                                      74
1:2801-3000                                                                                      62
1:3001-3200                                                                                      58
1:3201-3400                                                                                      59
1:3401-3600                                                                                      66
1:3601-3800                                                                                      59
1:3801-4000                                                                                      65
1:4001-4200                                                                                      57
1:4201-4400                                                                                      61
1:4401-4600                                                                                      66
1:4601-4800                                                                                      82
1:4801-5000                                                                                      70
1:5001-5200                                                                                      60
1:5201-5400                                                                                      53
1:5401-5600                                                                                      57
1:5601-5800                                                                                      58
1:5801-6000                                                                                      53
1:6001-6200                                                                                      62
1:6201-6400                                                                                      60
1:6401-6600                                                                                      66
1:6601-6800                                                                                      60
1:6801-7000                                                                                      57
2:1-200                                                                                         110
2:201-400                                                                                        63
2:401-600                                                                                        53
2:601-800                                                                                        50
2:801-1000                                                                                       60
2:1001-1200                                                                                      47
2:1201-1400                                                                                      70
2:1401-1600                                                                                      58
2:1601-1800                                                                                      58
2:1801-2000                                                                                      65
2:2001-2200                                                                                      67
2:2201-2400                                                                                      55
2:2401-2600                                                                                      76
2:2601-2800                                                                                      49
2:2801-3000                                                                                      60
2:3001-3200                                                                                      53
2:3201-3400                                                                                      70
2:3401-3600                                                                                      69
2:3601-3800                                                                                      67
2:3801-4000                                                                                      47
2:4001-4200                                                                                      48
2:4201-4400                                                                                      67
2:4401-4600                                                                                      61
2:4601-4800                                                                                      49
2:4801-5000                                                                                      66
2:5001-5200                                                                                      57
2:5201-5400                                                                                      67
2:5401-5600                                                                                      69
2:5601-5800                                                                                      69
2:5801-6000                                                                                      39
3:1-200                                                                                          88
3:201-400                                                                                        62
3:401-600                                                                                        54
3:601-800                                                                                        70
3:801-1000                                                                                       63
3:1001-1200                                                                                      54
3:1201-1400                                                                                      61
3:1401-1600                                                                                      70
3:1601-1800                                                                                      51
3:1801-2000                                                                                      52
3:2001-2200                                                                                      57
3:2201-2400                                                                                      74
3:2401-2600                                                                                      60
3:2601-2800                                                                                      66
3:2801-3000                                                                                      54
3:3001-3200                                                                                      66
3:3201-3400                                                                                      61
3:3401-3600                                                                                      50
3:3601-3800                                                                                      56
3:3801-4000                                                                                      63
3:4001-4200                                                                                      53
3:4201-4400                                                                                      55
3:4401-4500                                                                                      18
4:1-200                                                                                          96
4:201-400                                                                                        44
4:401-600                                                                                        59
4:601-800                                                                                        74
4:801-1000                                                                                       50
4:1001-1200                                                                                      66
4:1201-1400                                                                                      54
4:1401-1600                                                                                      55
4:1601-1800                                                                                      59
4:1801-2000                                                                                      57
[1] 5953
Calculating correction for GC content and mappability
    Calculating fit for sample aligned_sim_transloc_reads316dbcd5-2e0c-4976-9fe2-c05bce116c0f_nreads12000_sizedels1000 (1 of 1) ...
Done.
Applying median normalization ...
Smoothing outliers ...
Performing segmentation:
NA
[1] "chromosome" "start"      "end"        "bases"      "gc"        
[6] "6"          "7"         
[1] "chromosome"  "start"       "end"         "bases"       "gc"         
[6] "mappability" "use"        
[1] "chromosome"  "start"       "end"         "bases"       "gc"         
[6] "mappability" "use"        
[1] "chromosome"  "start"       "end"         "bases"       "gc"         
[6] "mappability" "use"        
EM algorithm started ... 

[1] "Total number of segments present in the data: 4"
[1] "Number of segments used for fitting the model: 4"
40974076926264218.952.9817098014786712436.4112.981709809194179436.470.2
Calling iteration1:

optim results
time: 0
minimum: 47.1220304050519
147.1209109923564-0.784916757356517-0.283742565159998-0.006707217493140740.2836211893996160.4848536257451730.9971852362847490.0324729260682244.50818245214294e-050.01118036474001464.67891947969323e-050.0161632014613990.0604870025201663
4098912692968521952.9817098014786712436.4112.981709809194179436.470.2
Calling iteration2:

optim results
time: 0
minimum: 47.1209106507517
147.1209081727382-0.776830037776156-0.279882315973577-0.006684343411737970.2797634901976260.4782588454007330.9861295792451190.0530781678125647-2.834998046478e-050.0111803529717951.63587226324483e-050.01314680838598810.0805997333160545
EM algorithm done ...

Computing posterior probabilities for all segments ...

Total time:0minutes

Adjusting segmented data for cellularity ... 

Cellularity sample1: 1

Adjusting normalized data for cellularity ... 

Cellularity sample1: 1

1
41015176935348219.153817098014786712436.4112.981709809194179436.470.2
41015366935849219.153817098014786712436.4112.981709809194179436.470.2
41015336935843219.153817098014786712436.4112.981709809194179436.470.2
41015616936631219.153817098014786712436.4112.981709809194179436.470.2
41019886937586219.153817098014786712436.4112.981709809194179436.470.2
41019976937590219.153817098014786712436.4112.981709809194179436.470.2
41020066937594219.153817098014786712436.4112.981709809194179436.470.2
41020156937598219.153817098014786712436.4112.981709809194179436.470.2
41020246937602219.153817098014786712436.4112.981709809194179436.470.2
41020306937605219.153817098014786712436.4112.981709809194179436.470.2
41020496937837219.153817098014786712436.4112.981709809194179436.470.2
41024656938160219.153817098014786712436.4112.981709809194179436.470.2
FINISHED!

Total time:0minutes

There were 24 warnings (use warnings() to see them)
pdf 
  2 
[1] 1
            aligned_sim_transloc_reads316dbcd5-2e0c-4976-9fe2-c05bce116c0f_nreads12000_sizedels1000
1:1-200                                                                                          94
1:201-400                                                                                        55
1:401-600                                                                                        36
1:601-800                                                                                        30
1:801-1000                                                                                       46
1:1001-1200                                                                                      43
1:1201-1400                                                                                      65
1:1401-1600                                                                                      65
1:1601-1800                                                                                      66
1:1801-2000                                                                                      85
1:2001-2200                                                                                      54
1:2201-2400                                                                                      66
1:2401-2600                                                                                      72
1:2601-2800                                                                                      74
1:2801-3000                                                                                      62
1:3001-3200                                                                                      58
1:3201-3400                                                                                      59
1:3401-3600                                                                                      66
1:3601-3800                                                                                      59
1:3801-4000                                                                                      65
1:4001-4200                                                                                      57
1:4201-4400                                                                                      61
1:4401-4600                                                                                      66
1:4601-4800                                                                                      82
1:4801-5000                                                                                      70
1:5001-5200                                                                                      60
1:5201-5400                                                                                      53
1:5401-5600                                                                                      57
1:5601-5800                                                                                      58
1:5801-6000                                                                                      53
1:6001-6200                                                                                      62
1:6201-6400                                                                                      60
1:6401-6600                                                                                      66
1:6601-6800                                                                                      60
1:6801-7000                                                                                      57
2:1-200                                                                                         110
2:201-400                                                                                        63
2:401-600                                                                                        53
2:601-800                                                                                        50
2:801-1000                                                                                       60
2:1001-1200                                                                                      47
2:1201-1400                                                                                      70
2:1401-1600                                                                                      58
2:1601-1800                                                                                      58
2:1801-2000                                                                                      65
2:2001-2200                                                                                      67
2:2201-2400                                                                                      55
2:2401-2600                                                                                      76
2:2601-2800                                                                                      49
2:2801-3000                                                                                      60
2:3001-3200                                                                                      53
2:3201-3400                                                                                      70
2:3401-3600                                                                                      69
2:3601-3800                                                                                      67
2:3801-4000                                                                                      47
2:4001-4200                                                                                      48
2:4201-4400                                                                                      67
2:4401-4600                                                                                      61
2:4601-4800                                                                                      49
2:4801-5000                                                                                      66
2:5001-5200                                                                                      57
2:5201-5400                                                                                      67
2:5401-5600                                                                                      69
2:5601-5800                                                                                      69
2:5801-6000                                                                                      39
3:1-200                                                                                          88
3:201-400                                                                                        62
3:401-600                                                                                        54
3:601-800                                                                                        70
3:801-1000                                                                                       63
3:1001-1200                                                                                      54
3:1201-1400                                                                                      61
3:1401-1600                                                                                      70
3:1601-1800                                                                                      51
3:1801-2000                                                                                      52
3:2001-2200                                                                                      57
3:2201-2400                                                                                      74
3:2401-2600                                                                                      60
3:2601-2800                                                                                      66
3:2801-3000                                                                                      54
3:3001-3200                                                                                      66
3:3201-3400                                                                                      61
3:3401-3600                                                                                      50
3:3601-3800                                                                                      56
3:3801-4000                                                                                      63
3:4001-4200                                                                                      53
3:4201-4400                                                                                      55
3:4401-4500                                                                                      36
4:1-200                                                                                          96
4:201-400                                                                                        44
4:401-600                                                                                        59
4:601-800                                                                                        74
4:801-1000                                                                                       50
4:1001-1200                                                                                      66
4:1201-1400                                                                                      54
4:1401-1600                                                                                      55
4:1601-1800                                                                                      59
4:1801-2000                                                                                      57
Smoothing outliers ...
Performing segmentation:
NA
[Fri Oct 29 11:49:35 2021]
Finished job 0.
1 of 1 steps (100%) done
