Building DAG of jobs...
Using shell: /usr/bin/bash
Provided cores: 1 (use --cores to define parallelism)
Rules claiming more threads will be scaled down.
Select jobs to execute...

[Fri Oct 29 11:49:15 2021]
rule segment:
    input: output/output_genome2/alignments/aligned_sim_transloc_reads61f41cee-25ec-46cd-bbfc-7e14c6fcce44_nreads12000_sizedels1000.bam
    output: output/output_genome2/plots_segmented/plotCN_61f41cee-25ec-46cd-bbfc-7e14c6fcce44_nreads12000_sizedels1000_ACE08cellularity.pdf
    jobid: 0
    wildcards: genome=genome2, name=61f41cee-25ec-46cd-bbfc-7e14c6fcce44, nreads=12000, size_deletion=1000
    resources: mem_mb=1000, disk_mb=1000, tmpdir=/tmp

mkdir -p output/output_genome2/plots_segmented/; Rscript 4_segment.R --name 61f41cee-25ec-46cd-bbfc-7e14c6fcce44 --genome genome2 --size_deletion 1000 --nreads 12000
Loading required package: BiocGenerics
Loading required package: parallel

Attaching package: ‘BiocGenerics’

The following objects are masked from ‘package:parallel’:

    clusterApply, clusterApplyLB, clusterCall, clusterEvalQ,
    clusterExport, clusterMap, parApply, parCapply, parLapply,
    parLapplyLB, parRapply, parSapply, parSapplyLB

The following objects are masked from ‘package:stats’:

    IQR, mad, sd, var, xtabs

The following objects are masked from ‘package:base’:

    anyDuplicated, append, as.data.frame, basename, cbind, colnames,
    dirname, do.call, duplicated, eval, evalq, Filter, Find, get, grep,
    grepl, intersect, is.unsorted, lapply, Map, mapply, match, mget,
    order, paste, pmax, pmax.int, pmin, pmin.int, Position, rank,
    rbind, Reduce, rownames, sapply, setdiff, sort, table, tapply,
    union, unique, unsplit, which.max, which.min

Welcome to Bioconductor

    Vignettes contain introductory material; view with
    'browseVignettes()'. To cite Bioconductor, see
    'citation("Biobase")', and for packages 'citation("pkgname")'.

    aligned_sim_transloc_reads61f41cee-25ec-46cd-bbfc-7e14c6fcce44_nreads12000_sizedels1000 (1 of 1): extracting reads ... binning ...
            aligned_sim_transloc_reads61f41cee-25ec-46cd-bbfc-7e14c6fcce44_nreads12000_sizedels1000
1:1-200                                                                                         117
1:201-400                                                                                        52
1:401-600                                                                                        67
1:601-800                                                                                        47
1:801-1000                                                                                       63
1:1001-1200                                                                                      54
1:1201-1400                                                                                      64
1:1401-1600                                                                                      68
1:1601-1800                                                                                      60
1:1801-2000                                                                                      58
1:2001-2200                                                                                      67
1:2201-2400                                                                                      75
1:2401-2600                                                                                      72
1:2601-2800                                                                                      64
1:2801-3000                                                                                      53
1:3001-3200                                                                                      71
1:3201-3400                                                                                      69
1:3401-3600                                                                                      55
1:3601-3800                                                                                      46
1:3801-4000                                                                                      59
1:4001-4200                                                                                      62
1:4201-4400                                                                                      75
1:4401-4600                                                                                      64
1:4601-4800                                                                                      53
1:4801-5000                                                                                      58
1:5001-5200                                                                                      82
1:5201-5400                                                                                      64
1:5401-5600                                                                                      64
1:5601-5800                                                                                      46
1:5801-6000                                                                                      65
1:6001-6200                                                                                      62
1:6201-6400                                                                                      66
1:6401-6600                                                                                      59
1:6601-6800                                                                                      48
1:6801-7000                                                                                      49
2:1-200                                                                                          83
2:201-400                                                                                        74
2:401-600                                                                                        47
2:601-800                                                                                        56
2:801-1000                                                                                       60
2:1001-1200                                                                                      57
2:1201-1400                                                                                      77
2:1401-1600                                                                                      62
2:1601-1800                                                                                      63
2:1801-2000                                                                                      49
2:2001-2200                                                                                      37
2:2201-2400                                                                                      55
2:2401-2600                                                                                      56
2:2601-2800                                                                                      55
2:2801-3000                                                                                      54
2:3001-3200                                                                                      56
2:3201-3400                                                                                      54
2:3401-3600                                                                                      72
2:3601-3800                                                                                      66
2:3801-4000                                                                                      75
2:4001-4200                                                                                      65
2:4201-4400                                                                                      67
2:4401-4600                                                                                      75
2:4601-4800                                                                                      61
2:4801-5000                                                                                      73
2:5001-5200                                                                                      57
2:5201-5400                                                                                      65
2:5401-5600                                                                                      59
2:5601-5800                                                                                      57
2:5801-6000                                                                                      45
3:1-200                                                                                         101
3:201-400                                                                                        67
3:401-600                                                                                        71
3:601-800                                                                                        56
3:801-1000                                                                                       62
3:1001-1200                                                                                      41
3:1201-1400                                                                                      53
3:1401-1600                                                                                      60
3:1601-1800                                                                                      56
3:1801-2000                                                                                      51
3:2001-2200                                                                                      54
3:2201-2400                                                                                      70
3:2401-2600                                                                                      47
3:2601-2800                                                                                      63
3:2801-3000                                                                                      57
3:3001-3200                                                                                      77
3:3201-3400                                                                                      58
3:3401-3600                                                                                      78
3:3601-3800                                                                                      52
3:3801-4000                                                                                      63
3:4001-4200                                                                                      54
3:4201-4400                                                                                      50
3:4401-4500                                                                                      17
4:1-200                                                                                          97
4:201-400                                                                                        58
4:401-600                                                                                        57
4:601-800                                                                                        44
4:801-1000                                                                                       25
4:1001-1200                                                                                      38
4:1201-1400                                                                                      22
4:1401-1600                                                                                      26
4:1601-1800                                                                                      68
4:1801-2000                                                                                      50
[1] 5873
Calculating correction for GC content and mappability
    Calculating fit for sample aligned_sim_transloc_reads61f41cee-25ec-46cd-bbfc-7e14c6fcce44_nreads12000_sizedels1000 (1 of 1) ...
Done.
Applying median normalization ...
Smoothing outliers ...
Performing segmentation:
NA
[1] "chromosome" "start"      "end"        "bases"      "gc"        
[6] "6"          "7"         
[1] "chromosome"  "start"       "end"         "bases"       "gc"         
[6] "mappability" "use"        
[1] "chromosome"  "start"       "end"         "bases"       "gc"         
[6] "mappability" "use"        
[1] "chromosome"  "start"       "end"         "bases"       "gc"         
[6] "mappability" "use"        
EM algorithm started ... 

[1] "Total number of segments present in the data: 4"
[1] "Number of segments used for fitting the model: 4"
40973986926265218.952.9817098014786712436.4112.981709809194150436.470.2
Calling iteration1:

optim results
time: 0
minimum: 48.643078084372
148.6365636566911-0.98796267837959-0.492442676410395-0.03186642136083850.4317817435276340.7381357659599081.267703376005650.130860325644269-3.23466749470953e-050.01118035533997373.73565844815682e-051.01943966371671.19711373373639
4098903692968621952.9817098014786712436.4112.981709809194150436.470.2
Calling iteration2:

optim results
time: 0
minimum: 48.6402525145609
148.6365630958674-0.983426758528207-0.49244135888983-0.03181585617831030.424086887490550.7249813226791891.249224680427930.107478194709633-3.93564989640809e-060.01118035004189911.29525296198696e-051.042904262136421.20522695378403
EM algorithm done ...

Computing posterior probabilities for all segments ...

Total time:0minutes

Adjusting segmented data for cellularity ... 

Cellularity sample1: 1

Adjusting normalized data for cellularity ... 

Cellularity sample1: 1

1
41015086935348219.153817098014786712436.4112.981709809194150436.470.2
41015276935849219.153817098014786712436.4112.981709809194150436.470.2
41015246935843219.153817098014786712436.4112.981709809194150436.470.2
41015526936631219.153817098014786712436.4112.981709809194150436.470.2
41019796937586219.153817098014786712436.4112.981709809194150436.470.2
41019886937590219.153817098014786712436.4112.981709809194150436.470.2
41019976937594219.153817098014786712436.4112.981709809194150436.470.2
41020066937598219.153817098014786712436.4112.981709809194150436.470.2
41020156937602219.153817098014786712436.4112.981709809194150436.470.2
41020216937605219.153817098014786712436.4112.981709809194150436.470.2
41020406937837219.153817098014786712436.4112.981709809194150436.470.2
41024566938160219.153817098014786712436.4112.981709809194150436.470.2
FINISHED!

Total time:0minutes

There were 24 warnings (use warnings() to see them)
pdf 
  2 
[1] 1
            aligned_sim_transloc_reads61f41cee-25ec-46cd-bbfc-7e14c6fcce44_nreads12000_sizedels1000
1:1-200                                                                                         117
1:201-400                                                                                        52
1:401-600                                                                                        67
1:601-800                                                                                        47
1:801-1000                                                                                       63
1:1001-1200                                                                                      54
1:1201-1400                                                                                      64
1:1401-1600                                                                                      68
1:1601-1800                                                                                      60
1:1801-2000                                                                                      58
1:2001-2200                                                                                      67
1:2201-2400                                                                                      75
1:2401-2600                                                                                      72
1:2601-2800                                                                                      64
1:2801-3000                                                                                      53
1:3001-3200                                                                                      71
1:3201-3400                                                                                      69
1:3401-3600                                                                                      55
1:3601-3800                                                                                      46
1:3801-4000                                                                                      59
1:4001-4200                                                                                      62
1:4201-4400                                                                                      75
1:4401-4600                                                                                      64
1:4601-4800                                                                                      53
1:4801-5000                                                                                      58
1:5001-5200                                                                                      82
1:5201-5400                                                                                      64
1:5401-5600                                                                                      64
1:5601-5800                                                                                      46
1:5801-6000                                                                                      65
1:6001-6200                                                                                      62
1:6201-6400                                                                                      66
1:6401-6600                                                                                      59
1:6601-6800                                                                                      48
1:6801-7000                                                                                      49
2:1-200                                                                                          83
2:201-400                                                                                        74
2:401-600                                                                                        47
2:601-800                                                                                        56
2:801-1000                                                                                       60
2:1001-1200                                                                                      57
2:1201-1400                                                                                      77
2:1401-1600                                                                                      62
2:1601-1800                                                                                      63
2:1801-2000                                                                                      49
2:2001-2200                                                                                      37
2:2201-2400                                                                                      55
2:2401-2600                                                                                      56
2:2601-2800                                                                                      55
2:2801-3000                                                                                      54
2:3001-3200                                                                                      56
2:3201-3400                                                                                      54
2:3401-3600                                                                                      72
2:3601-3800                                                                                      66
2:3801-4000                                                                                      75
2:4001-4200                                                                                      65
2:4201-4400                                                                                      67
2:4401-4600                                                                                      75
2:4601-4800                                                                                      61
2:4801-5000                                                                                      73
2:5001-5200                                                                                      57
2:5201-5400                                                                                      65
2:5401-5600                                                                                      59
2:5601-5800                                                                                      57
2:5801-6000                                                                                      45
3:1-200                                                                                         101
3:201-400                                                                                        67
3:401-600                                                                                        71
3:601-800                                                                                        56
3:801-1000                                                                                       62
3:1001-1200                                                                                      41
3:1201-1400                                                                                      53
3:1401-1600                                                                                      60
3:1601-1800                                                                                      56
3:1801-2000                                                                                      51
3:2001-2200                                                                                      54
3:2201-2400                                                                                      70
3:2401-2600                                                                                      47
3:2601-2800                                                                                      63
3:2801-3000                                                                                      57
3:3001-3200                                                                                      77
3:3201-3400                                                                                      58
3:3401-3600                                                                                      78
3:3601-3800                                                                                      52
3:3801-4000                                                                                      63
3:4001-4200                                                                                      54
3:4201-4400                                                                                      50
3:4401-4500                                                                                      34
4:1-200                                                                                          97
4:201-400                                                                                        58
4:401-600                                                                                        57
4:601-800                                                                                        44
4:801-1000                                                                                       25
4:1001-1200                                                                                      38
4:1201-1400                                                                                      22
4:1401-1600                                                                                      26
4:1601-1800                                                                                      68
4:1801-2000                                                                                      50
Smoothing outliers ...
Performing segmentation:
NA
[Fri Oct 29 11:49:39 2021]
Finished job 0.
1 of 1 steps (100%) done
