Building DAG of jobs...
Using shell: /usr/bin/bash
Provided cores: 1 (use --cores to define parallelism)
Rules claiming more threads will be scaled down.
Select jobs to execute...

[Fri Oct 29 12:00:18 2021]
rule segment:
    input: output/output_genome2/alignments/aligned_sim_transloc_reads8ccddfff-8c08-44f6-bec2-754368c5dfa0_nreads8000_sizedels500.bam
    output: output/output_genome2/plots_segmented/plotCN_8ccddfff-8c08-44f6-bec2-754368c5dfa0_nreads8000_sizedels500_ACE08cellularity.pdf
    jobid: 0
    wildcards: genome=genome2, name=8ccddfff-8c08-44f6-bec2-754368c5dfa0, nreads=8000, size_deletion=500
    resources: mem_mb=1000, disk_mb=1000, tmpdir=/tmp

mkdir -p output/output_genome2/plots_segmented/; Rscript 4_segment.R --name 8ccddfff-8c08-44f6-bec2-754368c5dfa0 --genome genome2 --size_deletion 500 --nreads 8000
Loading required package: BiocGenerics
Loading required package: parallel

Attaching package: ‘BiocGenerics’

The following objects are masked from ‘package:parallel’:

    clusterApply, clusterApplyLB, clusterCall, clusterEvalQ,
    clusterExport, clusterMap, parApply, parCapply, parLapply,
    parLapplyLB, parRapply, parSapply, parSapplyLB

The following objects are masked from ‘package:stats’:

    IQR, mad, sd, var, xtabs

The following objects are masked from ‘package:base’:

    anyDuplicated, append, as.data.frame, basename, cbind, colnames,
    dirname, do.call, duplicated, eval, evalq, Filter, Find, get, grep,
    grepl, intersect, is.unsorted, lapply, Map, mapply, match, mget,
    order, paste, pmax, pmax.int, pmin, pmin.int, Position, rank,
    rbind, Reduce, rownames, sapply, setdiff, sort, table, tapply,
    union, unique, unsplit, which.max, which.min

Welcome to Bioconductor

    Vignettes contain introductory material; view with
    'browseVignettes()'. To cite Bioconductor, see
    'citation("Biobase")', and for packages 'citation("pkgname")'.

    aligned_sim_transloc_reads8ccddfff-8c08-44f6-bec2-754368c5dfa0_nreads8000_sizedels500 (1 of 1): extracting reads ... binning ...
            aligned_sim_transloc_reads8ccddfff-8c08-44f6-bec2-754368c5dfa0_nreads8000_sizedels500
1:1-200                                                                                        65
1:201-400                                                                                      31
1:401-600                                                                                      39
1:601-800                                                                                      50
1:801-1000                                                                                     52
1:1001-1200                                                                                    32
1:1201-1400                                                                                    26
1:1401-1600                                                                                    58
1:1601-1800                                                                                    38
1:1801-2000                                                                                    39
1:2001-2200                                                                                    49
1:2201-2400                                                                                    41
1:2401-2600                                                                                    39
1:2601-2800                                                                                    45
1:2801-3000                                                                                    43
1:3001-3200                                                                                    43
1:3201-3400                                                                                    47
1:3401-3600                                                                                    38
1:3601-3800                                                                                    52
1:3801-4000                                                                                    52
1:4001-4200                                                                                    33
1:4201-4400                                                                                    42
1:4401-4600                                                                                    36
1:4601-4800                                                                                    34
1:4801-5000                                                                                    43
1:5001-5200                                                                                    53
1:5201-5400                                                                                    39
1:5401-5600                                                                                    39
1:5601-5800                                                                                    32
1:5801-6000                                                                                    38
1:6001-6200                                                                                    41
1:6201-6400                                                                                    32
1:6401-6600                                                                                    40
1:6601-6800                                                                                    39
1:6801-7000                                                                                    37
2:1-200                                                                                        78
2:201-400                                                                                      32
2:401-600                                                                                      37
2:601-800                                                                                      53
2:801-1000                                                                                     51
2:1001-1200                                                                                    39
2:1201-1400                                                                                    36
2:1401-1600                                                                                    43
2:1601-1800                                                                                    40
2:1801-2000                                                                                    42
2:2001-2200                                                                                    42
2:2201-2400                                                                                    32
2:2401-2600                                                                                    52
2:2601-2800                                                                                    46
2:2801-3000                                                                                    37
2:3001-3200                                                                                    44
2:3201-3400                                                                                    41
2:3401-3600                                                                                    32
2:3601-3800                                                                                    50
2:3801-4000                                                                                    38
2:4001-4200                                                                                    48
2:4201-4400                                                                                    44
2:4401-4600                                                                                    43
2:4601-4800                                                                                    41
2:4801-5000                                                                                    43
2:5001-5200                                                                                    36
2:5201-5400                                                                                    39
2:5401-5600                                                                                    42
2:5601-5800                                                                                    48
2:5801-6000                                                                                    35
3:1-200                                                                                        65
3:201-400                                                                                      34
3:401-600                                                                                      32
3:601-800                                                                                      30
3:801-1000                                                                                     28
3:1001-1200                                                                                    17
3:1201-1400                                                                                    49
3:1401-1600                                                                                    38
3:1601-1800                                                                                    43
3:1801-2000                                                                                    46
3:2001-2200                                                                                    57
3:2201-2400                                                                                    42
3:2401-2600                                                                                    45
3:2601-2800                                                                                    34
3:2801-3000                                                                                    35
3:3001-3200                                                                                    46
3:3201-3400                                                                                    40
3:3401-3600                                                                                    42
3:3601-3800                                                                                    41
3:3801-4000                                                                                    28
3:4001-4200                                                                                    31
3:4201-4400                                                                                    37
3:4401-4500                                                                                    17
4:1-200                                                                                        65
4:201-400                                                                                      36
4:401-600                                                                                      45
4:601-800                                                                                      35
4:801-1000                                                                                     30
4:1001-1200                                                                                    41
4:1201-1400                                                                                    42
4:1401-1600                                                                                    33
4:1601-1800                                                                                    39
4:1801-2000                                                                                    48
[1] 4032
Calculating correction for GC content and mappability
    Calculating fit for sample aligned_sim_transloc_reads8ccddfff-8c08-44f6-bec2-754368c5dfa0_nreads8000_sizedels500 (1 of 1) ...
Done.
Applying median normalization ...
Smoothing outliers ...
Performing segmentation:
NA
[1] "chromosome" "start"      "end"        "bases"      "gc"        
[6] "6"          "7"         
[1] "chromosome"  "start"       "end"         "bases"       "gc"         
[6] "mappability" "use"        
[1] "chromosome"  "start"       "end"         "bases"       "gc"         
[6] "mappability" "use"        
[1] "chromosome"  "start"       "end"         "bases"       "gc"         
[6] "mappability" "use"        
EM algorithm started ... 

[1] "Total number of segments present in the data: 4"
[1] "Number of segments used for fitting the model: 4"
40974076926264218.952.9817098014786712436.4112.981709809194145436.470.2
Calling iteration1:

optim results
time: 0
minimum: 48.8233620031068
148.8028633052269-0.652499331963242-0.129989084144974-0.02057865460810940.7215676958697821.233528123563841.639954554222260.720700678298192-0.0002820485078209180.01118124308202840.0002863035323197091.039523801364073.04281124453654
4098912692968521952.9817098014786712436.4112.981709809194145436.470.2
Calling iteration2:

optim results
time: 0
minimum: 48.898538903765
148.8020998100921-0.638683343468185-0.11425574865543-0.02020798078848330.5832955689622630.997150361336261.398800593163980.74062107692425-0.0002555823343328730.0111811566704163-0.0002554565761963750.9995010985373813.3097223404655
4098912692968521952.9817098014786712436.4112.981709809194145436.470.2
Calling iteration3:

optim results
time: 0
minimum: 48.909292810777
148.8019310504888-0.638581303254233-0.109456683943254-0.0201866121966350.5494752491228340.9393341426936381.3380009270690.761594106069372-0.0001245191948733590.01118066022692720.0001875862020100640.9317131268461843.26879843072232
4098912692968521952.9817098014786712436.4112.981709809194145436.470.2
Calling iteration4:

optim results
time: 0
minimum: 48.9167614516496
148.8018086670977-0.642802320705251-0.107363914967375-0.02016234304491630.4881476442626380.8344939097135931.224982768114880.8745938022332940.0001017030117555440.0111804544162705-4.77989968915368e-050.5383585084801372.80662874075892
4098912692968521952.9817098014786712436.4112.981709809194145436.470.2
Calling iteration5:

optim results
time: 0
minimum: 48.9240532932378
148.80168894129-0.639238176904785-0.106071945180083-0.02014433268311230.4555915642969210.7788389234100591.164242619928650.943640674296908-0.000113365650723960.01118043371732471.24720390317633e-050.6335893845665342.74958750843873
4098912692968521952.9817098014786712436.4112.981709809194145436.470.2
Calling iteration6:

optim results
time: 0
minimum: 48.9315611463268
148.8015641471949-0.623810425235279-0.105838818514631-0.02010476615102840.4324189100316320.7392250092929641.119063246641241.01102396597907-1.17690947577124e-050.01118046700523173.24333378314311e-050.700968628473812.70075814321008
4098912692968521952.9817098014786712436.4112.981709809194145436.470.2
Calling iteration7:

optim results
time: 0
minimum: 48.9392823678782
148.8014334718011-0.623810425235279-0.105838818514631-0.02010476615102840.4324189100316320.7392250092929641.119063246641241.01102396597907-1.17690947577124e-050.01118046700523173.24333378314311e-050.700968628473812.70075814321008
EM algorithm done ...

Computing posterior probabilities for all segments ...

Total time:0minutes

Adjusting segmented data for cellularity ... 

Cellularity sample1: 1

Adjusting normalized data for cellularity ... 

Cellularity sample1: 1

1
41015176935348219.153817098014786712436.4112.981709809194145436.470.2
41015366935849219.153817098014786712436.4112.981709809194145436.470.2
41015336935843219.153817098014786712436.4112.981709809194145436.470.2
41015616936631219.153817098014786712436.4112.981709809194145436.470.2
41019886937586219.153817098014786712436.4112.981709809194145436.470.2
41019976937590219.153817098014786712436.4112.981709809194145436.470.2
41020066937594219.153817098014786712436.4112.981709809194145436.470.2
41020156937598219.153817098014786712436.4112.981709809194145436.470.2
41020246937602219.153817098014786712436.4112.981709809194145436.470.2
41020306937605219.153817098014786712436.4112.981709809194145436.470.2
41020496937837219.153817098014786712436.4112.981709809194145436.470.2
41024656938160219.153817098014786712436.4112.981709809194145436.470.2
FINISHED!

Total time:0minutes

There were 50 or more warnings (use warnings() to see the first 50)
pdf 
  2 
[1] 1
            aligned_sim_transloc_reads8ccddfff-8c08-44f6-bec2-754368c5dfa0_nreads8000_sizedels500
1:1-200                                                                                        65
1:201-400                                                                                      31
1:401-600                                                                                      39
1:601-800                                                                                      50
1:801-1000                                                                                     52
1:1001-1200                                                                                    32
1:1201-1400                                                                                    26
1:1401-1600                                                                                    58
1:1601-1800                                                                                    38
1:1801-2000                                                                                    39
1:2001-2200                                                                                    49
1:2201-2400                                                                                    41
1:2401-2600                                                                                    39
1:2601-2800                                                                                    45
1:2801-3000                                                                                    43
1:3001-3200                                                                                    43
1:3201-3400                                                                                    47
1:3401-3600                                                                                    38
1:3601-3800                                                                                    52
1:3801-4000                                                                                    52
1:4001-4200                                                                                    33
1:4201-4400                                                                                    42
1:4401-4600                                                                                    36
1:4601-4800                                                                                    34
1:4801-5000                                                                                    43
1:5001-5200                                                                                    53
1:5201-5400                                                                                    39
1:5401-5600                                                                                    39
1:5601-5800                                                                                    32
1:5801-6000                                                                                    38
1:6001-6200                                                                                    41
1:6201-6400                                                                                    32
1:6401-6600                                                                                    40
1:6601-6800                                                                                    39
1:6801-7000                                                                                    37
2:1-200                                                                                        78
2:201-400                                                                                      32
2:401-600                                                                                      37
2:601-800                                                                                      53
2:801-1000                                                                                     51
2:1001-1200                                                                                    39
2:1201-1400                                                                                    36
2:1401-1600                                                                                    43
2:1601-1800                                                                                    40
2:1801-2000                                                                                    42
2:2001-2200                                                                                    42
2:2201-2400                                                                                    32
2:2401-2600                                                                                    52
2:2601-2800                                                                                    46
2:2801-3000                                                                                    37
2:3001-3200                                                                                    44
2:3201-3400                                                                                    41
2:3401-3600                                                                                    32
2:3601-3800                                                                                    50
2:3801-4000                                                                                    38
2:4001-4200                                                                                    48
2:4201-4400                                                                                    44
2:4401-4600                                                                                    43
2:4601-4800                                                                                    41
2:4801-5000                                                                                    43
2:5001-5200                                                                                    36
2:5201-5400                                                                                    39
2:5401-5600                                                                                    42
2:5601-5800                                                                                    48
2:5801-6000                                                                                    35
3:1-200                                                                                        65
3:201-400                                                                                      34
3:401-600                                                                                      32
3:601-800                                                                                      30
3:801-1000                                                                                     28
3:1001-1200                                                                                    17
3:1201-1400                                                                                    49
3:1401-1600                                                                                    38
3:1601-1800                                                                                    43
3:1801-2000                                                                                    46
3:2001-2200                                                                                    57
3:2201-2400                                                                                    42
3:2401-2600                                                                                    45
3:2601-2800                                                                                    34
3:2801-3000                                                                                    35
3:3001-3200                                                                                    46
3:3201-3400                                                                                    40
3:3401-3600                                                                                    42
3:3601-3800                                                                                    41
3:3801-4000                                                                                    28
3:4001-4200                                                                                    31
3:4201-4400                                                                                    37
3:4401-4500                                                                                    34
4:1-200                                                                                        65
4:201-400                                                                                      36
4:401-600                                                                                      45
4:601-800                                                                                      35
4:801-1000                                                                                     30
4:1001-1200                                                                                    41
4:1201-1400                                                                                    42
4:1401-1600                                                                                    33
4:1601-1800                                                                                    39
4:1801-2000                                                                                    48
Smoothing outliers ...
Performing segmentation:
NA
[Fri Oct 29 12:00:39 2021]
Finished job 0.
1 of 1 steps (100%) done
