Building DAG of jobs...
Using shell: /usr/bin/bash
Provided cores: 1 (use --cores to define parallelism)
Rules claiming more threads will be scaled down.
Select jobs to execute...

[Fri Oct 29 11:49:15 2021]
rule segment:
    input: output/output_genome2/alignments/aligned_sim_transloc_readscbbd7d10-e1b9-4d8c-b87b-5cf3e718f133_nreads8000_sizedels200.bam
    output: output/output_genome2/plots_segmented/plotCN_cbbd7d10-e1b9-4d8c-b87b-5cf3e718f133_nreads8000_sizedels200_ACE08cellularity.pdf
    jobid: 0
    wildcards: genome=genome2, name=cbbd7d10-e1b9-4d8c-b87b-5cf3e718f133, nreads=8000, size_deletion=200
    resources: mem_mb=1000, disk_mb=1000, tmpdir=/tmp

mkdir -p output/output_genome2/plots_segmented/; Rscript 4_segment.R --name cbbd7d10-e1b9-4d8c-b87b-5cf3e718f133 --genome genome2 --size_deletion 200 --nreads 8000
Loading required package: BiocGenerics
Loading required package: parallel

Attaching package: ‘BiocGenerics’

The following objects are masked from ‘package:parallel’:

    clusterApply, clusterApplyLB, clusterCall, clusterEvalQ,
    clusterExport, clusterMap, parApply, parCapply, parLapply,
    parLapplyLB, parRapply, parSapply, parSapplyLB

The following objects are masked from ‘package:stats’:

    IQR, mad, sd, var, xtabs

The following objects are masked from ‘package:base’:

    anyDuplicated, append, as.data.frame, basename, cbind, colnames,
    dirname, do.call, duplicated, eval, evalq, Filter, Find, get, grep,
    grepl, intersect, is.unsorted, lapply, Map, mapply, match, mget,
    order, paste, pmax, pmax.int, pmin, pmin.int, Position, rank,
    rbind, Reduce, rownames, sapply, setdiff, sort, table, tapply,
    union, unique, unsplit, which.max, which.min

Welcome to Bioconductor

    Vignettes contain introductory material; view with
    'browseVignettes()'. To cite Bioconductor, see
    'citation("Biobase")', and for packages 'citation("pkgname")'.

    aligned_sim_transloc_readscbbd7d10-e1b9-4d8c-b87b-5cf3e718f133_nreads8000_sizedels200 (1 of 1): extracting reads ... binning ...
            aligned_sim_transloc_readscbbd7d10-e1b9-4d8c-b87b-5cf3e718f133_nreads8000_sizedels200
1:1-200                                                                                        65
1:201-400                                                                                      43
1:401-600                                                                                      35
1:601-800                                                                                      45
1:801-1000                                                                                     40
1:1001-1200                                                                                    38
1:1201-1400                                                                                    35
1:1401-1600                                                                                    34
1:1601-1800                                                                                    40
1:1801-2000                                                                                    42
1:2001-2200                                                                                    52
1:2201-2400                                                                                    42
1:2401-2600                                                                                    45
1:2601-2800                                                                                    41
1:2801-3000                                                                                    35
1:3001-3200                                                                                    35
1:3201-3400                                                                                    29
1:3401-3600                                                                                    40
1:3601-3800                                                                                    46
1:3801-4000                                                                                    35
1:4001-4200                                                                                    48
1:4201-4400                                                                                    36
1:4401-4600                                                                                    42
1:4601-4800                                                                                    42
1:4801-5000                                                                                    33
1:5001-5200                                                                                    46
1:5201-5400                                                                                    29
1:5401-5600                                                                                    34
1:5601-5800                                                                                    40
1:5801-6000                                                                                    42
1:6001-6200                                                                                    36
1:6201-6400                                                                                    38
1:6401-6600                                                                                    35
1:6601-6800                                                                                    44
1:6801-7000                                                                                    30
2:1-200                                                                                        58
2:201-400                                                                                      35
2:401-600                                                                                      45
2:601-800                                                                                      51
2:801-1000                                                                                     51
2:1001-1200                                                                                    38
2:1201-1400                                                                                    43
2:1401-1600                                                                                    48
2:1601-1800                                                                                    53
2:1801-2000                                                                                    48
2:2001-2200                                                                                    38
2:2201-2400                                                                                    44
2:2401-2600                                                                                    32
2:2601-2800                                                                                    33
2:2801-3000                                                                                    33
2:3001-3200                                                                                    43
2:3201-3400                                                                                    37
2:3401-3600                                                                                    35
2:3601-3800                                                                                    42
2:3801-4000                                                                                    41
2:4001-4200                                                                                    45
2:4201-4400                                                                                    43
2:4401-4600                                                                                    49
2:4601-4800                                                                                    49
2:4801-5000                                                                                    36
2:5001-5200                                                                                    41
2:5201-5400                                                                                    40
2:5401-5600                                                                                    41
2:5601-5800                                                                                    44
2:5801-6000                                                                                    39
3:1-200                                                                                        46
3:201-400                                                                                      38
3:401-600                                                                                      46
3:601-800                                                                                      32
3:801-1000                                                                                     36
3:1001-1200                                                                                    36
3:1201-1400                                                                                    34
3:1401-1600                                                                                    45
3:1601-1800                                                                                    33
3:1801-2000                                                                                    32
3:2001-2200                                                                                    47
3:2201-2400                                                                                    36
3:2401-2600                                                                                    43
3:2601-2800                                                                                    37
3:2801-3000                                                                                    35
3:3001-3200                                                                                    50
3:3201-3400                                                                                    52
3:3401-3600                                                                                    32
3:3601-3800                                                                                    35
3:3801-4000                                                                                    44
3:4001-4200                                                                                    45
3:4201-4400                                                                                    56
3:4401-4500                                                                                    23
4:1-200                                                                                        42
4:201-400                                                                                      26
4:401-600                                                                                      39
4:601-800                                                                                      47
4:801-1000                                                                                     38
4:1001-1200                                                                                    37
4:1201-1400                                                                                    38
4:1401-1600                                                                                    40
4:1601-1800                                                                                    38
4:1801-2000                                                                                    35
[1] 3960
Calculating correction for GC content and mappability
    Calculating fit for sample aligned_sim_transloc_readscbbd7d10-e1b9-4d8c-b87b-5cf3e718f133_nreads8000_sizedels200 (1 of 1) ...
Done.
Applying median normalization ...
Smoothing outliers ...
Performing segmentation:
NA
[1] "chromosome" "start"      "end"        "bases"      "gc"        
[6] "6"          "7"         
[1] "chromosome"  "start"       "end"         "bases"       "gc"         
[6] "mappability" "use"        
[1] "chromosome"  "start"       "end"         "bases"       "gc"         
[6] "mappability" "use"        
[1] "chromosome"  "start"       "end"         "bases"       "gc"         
[6] "mappability" "use"        
EM algorithm started ... 

[1] "Total number of segments present in the data: 4"
[1] "Number of segments used for fitting the model: 4"
40974076926264218.952.9817098014786712436.4112.981709809194157436.470.2
Calling iteration1:

optim results
time: 0
minimum: 49.3845887849508
149.3835629614426-0.774708730239642-0.2830676703098090.0331855063331210.2751561717902830.4703825825605290.9582320405702240.02983770057603710.01605716599554040.0185898757739784-0.01708699611439070.1752256943510270.210341905573458
4098912692968521952.9817098014786712436.4112.981709809194157436.470.2
Calling iteration2:

optim results
time: 0
minimum: 49.3835636548792
149.3835567599895-0.745440303428204-0.2537992434983710.0331855063331210.2751561717902830.4703825825605290.9582320405702240.02983770057603710.01605716599554040.0185898757739784-0.01708699611439070.1752256943510270.210341905573458
4098912692968521952.9817098014786712436.4112.981709809194157436.470.2
Calling iteration3:

optim results
time: 0
minimum: 49.3835568046503
149.3835566483779-0.719182001608347-0.2275409416785140.0331855063331210.2751561717902830.4703825825605290.9582320405702240.02983770057603710.01605716599554040.0185898757739784-0.01708699611439070.1752256943510270.210341905573458
4098912692968521952.9817098014786712436.4112.981709809194157436.470.2
Calling iteration4:

optim results
time: 0
minimum: 49.3835566533214
149.3835566438846-0.695445177555411-0.2038041176255780.0331855063331210.2751561717902830.4703825825605290.9582320405702240.02983770057603710.01605716599554040.0185898757739784-0.01708699611439070.1752256943510270.210341905573458
4098912692968521952.9817098014786712436.4112.981709809194157436.470.2
Calling iteration5:

optim results
time: 0
minimum: 49.3835566130088
149.3835566118158-0.680358289818214-0.1913938298345130.03315592488342660.2727098119123410.4662005027264790.9514263170902140.02088470564824330.01596853621242130.0185923566983389-0.016747774586330.1891771574121920.229779792541601
EM algorithm done ...

Computing posterior probabilities for all segments ...

Total time:0minutes

Adjusting segmented data for cellularity ... 

Cellularity sample1: 1

Adjusting normalized data for cellularity ... 

Cellularity sample1: 1

1
41015176935348219.153817098014786712436.4112.981709809194157436.470.2
41015366935849219.153817098014786712436.4112.981709809194157436.470.2
41015336935843219.153817098014786712436.4112.981709809194157436.470.2
41015616936631219.153817098014786712436.4112.981709809194157436.470.2
41019886937586219.153817098014786712436.4112.981709809194157436.470.2
41019976937590219.153817098014786712436.4112.981709809194157436.470.2
41020066937594219.153817098014786712436.4112.981709809194157436.470.2
41020156937598219.153817098014786712436.4112.981709809194157436.470.2
41020246937602219.153817098014786712436.4112.981709809194157436.470.2
41020306937605219.153817098014786712436.4112.981709809194157436.470.2
41020496937837219.153817098014786712436.4112.981709809194157436.470.2
41024656938160219.153817098014786712436.4112.981709809194157436.470.2
FINISHED!

Total time:0minutes

There were 48 warnings (use warnings() to see them)
pdf 
  2 
[1] 1
            aligned_sim_transloc_readscbbd7d10-e1b9-4d8c-b87b-5cf3e718f133_nreads8000_sizedels200
1:1-200                                                                                        65
1:201-400                                                                                      43
1:401-600                                                                                      35
1:601-800                                                                                      45
1:801-1000                                                                                     40
1:1001-1200                                                                                    38
1:1201-1400                                                                                    35
1:1401-1600                                                                                    34
1:1601-1800                                                                                    40
1:1801-2000                                                                                    42
1:2001-2200                                                                                    52
1:2201-2400                                                                                    42
1:2401-2600                                                                                    45
1:2601-2800                                                                                    41
1:2801-3000                                                                                    35
1:3001-3200                                                                                    35
1:3201-3400                                                                                    29
1:3401-3600                                                                                    40
1:3601-3800                                                                                    46
1:3801-4000                                                                                    35
1:4001-4200                                                                                    48
1:4201-4400                                                                                    36
1:4401-4600                                                                                    42
1:4601-4800                                                                                    42
1:4801-5000                                                                                    33
1:5001-5200                                                                                    46
1:5201-5400                                                                                    29
1:5401-5600                                                                                    34
1:5601-5800                                                                                    40
1:5801-6000                                                                                    42
1:6001-6200                                                                                    36
1:6201-6400                                                                                    38
1:6401-6600                                                                                    35
1:6601-6800                                                                                    44
1:6801-7000                                                                                    30
2:1-200                                                                                        58
2:201-400                                                                                      35
2:401-600                                                                                      45
2:601-800                                                                                      51
2:801-1000                                                                                     51
2:1001-1200                                                                                    38
2:1201-1400                                                                                    43
2:1401-1600                                                                                    48
2:1601-1800                                                                                    53
2:1801-2000                                                                                    48
2:2001-2200                                                                                    38
2:2201-2400                                                                                    44
2:2401-2600                                                                                    32
2:2601-2800                                                                                    33
2:2801-3000                                                                                    33
2:3001-3200                                                                                    43
2:3201-3400                                                                                    37
2:3401-3600                                                                                    35
2:3601-3800                                                                                    42
2:3801-4000                                                                                    41
2:4001-4200                                                                                    45
2:4201-4400                                                                                    43
2:4401-4600                                                                                    49
2:4601-4800                                                                                    49
2:4801-5000                                                                                    36
2:5001-5200                                                                                    41
2:5201-5400                                                                                    40
2:5401-5600                                                                                    41
2:5601-5800                                                                                    44
2:5801-6000                                                                                    39
3:1-200                                                                                        46
3:201-400                                                                                      38
3:401-600                                                                                      46
3:601-800                                                                                      32
3:801-1000                                                                                     36
3:1001-1200                                                                                    36
3:1201-1400                                                                                    34
3:1401-1600                                                                                    45
3:1601-1800                                                                                    33
3:1801-2000                                                                                    32
3:2001-2200                                                                                    47
3:2201-2400                                                                                    36
3:2401-2600                                                                                    43
3:2601-2800                                                                                    37
3:2801-3000                                                                                    35
3:3001-3200                                                                                    50
3:3201-3400                                                                                    52
3:3401-3600                                                                                    32
3:3601-3800                                                                                    35
3:3801-4000                                                                                    44
3:4001-4200                                                                                    45
3:4201-4400                                                                                    56
3:4401-4500                                                                                    46
4:1-200                                                                                        42
4:201-400                                                                                      26
4:401-600                                                                                      39
4:601-800                                                                                      47
4:801-1000                                                                                     38
4:1001-1200                                                                                    37
4:1201-1400                                                                                    38
4:1401-1600                                                                                    40
4:1601-1800                                                                                    38
4:1801-2000                                                                                    35
Smoothing outliers ...
Performing segmentation:
NA
[Fri Oct 29 11:49:41 2021]
Finished job 0.
1 of 1 steps (100%) done
