Building DAG of jobs...
Using shell: /usr/bin/bash
Provided cores: 1 (use --cores to define parallelism)
Rules claiming more threads will be scaled down.
Select jobs to execute...

[Tue Nov  9 12:47:10 2021]
rule align_bwa:
    input: output/output_genome2/reads/sim_transloc_readsbc52a759-f446-4392-8418-316c83ddafd7_nreads12000_sizedels1000.fa
    output: output/output_genome2/alignments/aligned_sim_transloc_readsbc52a759-f446-4392-8418-316c83ddafd7_nreads12000_sizedels1000.bam
    jobid: 0
    wildcards: genome=genome2, name=bc52a759-f446-4392-8418-316c83ddafd7, nreads=12000, size_deletion=1000
    resources: mem_mb=1000, disk_mb=1000, tmpdir=/tmp

mkdir -p output/output_genome2/alignments/; /home/lm687/software/bwa/bwa mem -k 5 -a output/genome2/genome2.fa         output/output_genome2/reads/sim_transloc_readsbc52a759-f446-4392-8418-316c83ddafd7_nreads12000_sizedels1000.fa | /home/lm687/software/samtools-1.13/samtools sort -o output/output_genome2/alignments/aligned_sim_transloc_readsbc52a759-f446-4392-8418-316c83ddafd7_nreads12000_sizedels1000.bam -;         /home/lm687/software/samtools-1.13/samtools index output/output_genome2/alignments/aligned_sim_transloc_readsbc52a759-f446-4392-8418-316c83ddafd7_nreads12000_sizedels1000.bam
[M::bwa_idx_load_from_disk] read 0 ALT contigs
[M::process] read 12000 sequences (1746131 bp)...
[M::mem_process_seqs] Processed 12000 reads in 21.991 CPU sec, 22.051 real sec
[main] Version: 0.7.17-r1198-dirty
[main] CMD: /home/lm687/software/bwa/bwa mem -k 5 -a output/genome2/genome2.fa output/output_genome2/reads/sim_transloc_readsbc52a759-f446-4392-8418-316c83ddafd7_nreads12000_sizedels1000.fa
[main] Real time: 22.143 sec; CPU: 22.023 sec
[Tue Nov  9 12:47:32 2021]
Finished job 0.
1 of 1 steps (100%) done
